<?xml version="1.0" encoding="UTF-8"?>
<!-- Generated by org.testng.reporters.JUnitXMLReporter -->
<testsuite ignored="35" hostname="Admins-MacBook-Pro.local" failures="58" tests="68" name="F1_Greater24_US_Res_SpouseDependent_FutureGrad_InstateSchool_OOS" time="208.414" errors="0" timestamp="29 Jan 2024 11:46:39 GMT">
  <testcase classname="com.ugapp.testcases.TC_01_LandingPageTest" name="verifyLandingPage" time="11.501"/>
  <testcase classname="com.ugapp.testcases.TC_02_FooterLinksPageTest" name="verifyFooter" time="4.853"/>
  <testcase classname="com.ugapp.testcases.TC_04_CreateAccountTest" name="verifyCreateAcc" time="6.454"/>
  <testcase classname="com.ugapp.testcases.TC_04_CreateAccountTest" name="checkLinksInCreateAccount" time="6.651"/>
  <testcase classname="com.ugapp.testcases.TC_04_CreateAccountTest" name="createAccountTest" time="7.205"/>
  <testcase classname="com.ugapp.testcases.TC_04_CreateAccountTest" name="createAccountTest" time="7.23"/>
  <testcase classname="com.ugapp.testcases.TC_04_CreateAccountTest" name="createAccountTest" time="7.71"/>
  <testcase classname="com.ugapp.testcases.TC_04_CreateAccountTest" name="createAccountTest" time="6.898"/>
  <testcase classname="com.ugapp.testcases.TC_04_CreateAccountTest" name="writeValidDetails" time="7.618"/>
  <testcase classname="com.ugapp.testcases.TC_05_VerifyEmailTest" name="verifyEmailTest" time="79.006">
    <failure type="org.openqa.selenium.NoSuchSessionException" message="Session ID is null. Using WebDriver after calling quit()?
Build info: version: &amp;apos;4.17.0&amp;apos;, revision: &amp;apos;e52b1be057*&amp;apos;
System info: os.name: &amp;apos;Mac OS X&amp;apos;, os.arch: &amp;apos;x86_64&amp;apos;, os.version: &amp;apos;12.7.2&amp;apos;, java.version: &amp;apos;20.0.2&amp;apos;
Driver info: org.openqa.selenium.chrome.ChromeDriver
Command: [null, findElement {value=//h1[text()=&amp;apos;Step 1: Check your email&amp;apos;]/following-sibling::p/strong, using=xpath}]
Capabilities {acceptInsecureCerts: false, browserName: chrome, browserVersion: 121.0.6167.85, chrome: {chromedriverVersion: 121.0.6167.85 (3f98d690ad7e..., userDataDir: /var/folders/5m/4nc0x2kn289...}, fedcm:accounts: true, goog:chromeOptions: {debuggerAddress: localhost:51562}, networkConnectionEnabled: false, pageLoadStrategy: normal, platformName: mac, proxy: Proxy(), se:cdp: ws://localhost:51562/devtoo..., se:cdpVersion: 121.0.6167.85, setWindowRect: true, strictFileInteractability: false, timeouts: {implicit: 0, pageLoad: 300000, script: 30000}, unhandledPromptBehavior: dismiss and notify, webauthn:extension:credBlob: true, webauthn:extension:largeBlob: true, webauthn:extension:minPinLength: true, webauthn:extension:prf: true, webauthn:virtualAuthenticators: true}">
      <![CDATA[org.openqa.selenium.NoSuchSessionException: Session ID is null. Using WebDriver after calling quit()?
Build info: version: '4.17.0', revision: 'e52b1be057*'
System info: os.name: 'Mac OS X', os.arch: 'x86_64', os.version: '12.7.2', java.version: '20.0.2'
Driver info: org.openqa.selenium.chrome.ChromeDriver
Command: [null, findElement {value=//h1[text()='Step 1: Check your email']/following-sibling::p/strong, using=xpath}]
Capabilities {acceptInsecureCerts: false, browserName: chrome, browserVersion: 121.0.6167.85, chrome: {chromedriverVersion: 121.0.6167.85 (3f98d690ad7e..., userDataDir: /var/folders/5m/4nc0x2kn289...}, fedcm:accounts: true, goog:chromeOptions: {debuggerAddress: localhost:51562}, networkConnectionEnabled: false, pageLoadStrategy: normal, platformName: mac, proxy: Proxy(), se:cdp: ws://localhost:51562/devtoo..., se:cdpVersion: 121.0.6167.85, setWindowRect: true, strictFileInteractability: false, timeouts: {implicit: 0, pageLoad: 300000, script: 30000}, unhandledPromptBehavior: dismiss and notify, webauthn:extension:credBlob: true, webauthn:extension:largeBlob: true, webauthn:extension:minPinLength: true, webauthn:extension:prf: true, webauthn:virtualAuthenticators: true}
	at org.openqa.selenium.remote.HttpCommandExecutor.execute(HttpCommandExecutor.java:151)
	at org.openqa.selenium.remote.service.DriverCommandExecutor.invokeExecute(DriverCommandExecutor.java:216)
	at org.openqa.selenium.remote.service.DriverCommandExecutor.execute(DriverCommandExecutor.java:174)
	at org.openqa.selenium.remote.RemoteWebDriver.execute(RemoteWebDriver.java:519)
	at org.openqa.selenium.remote.ElementLocation$ElementFinder$2.findElement(ElementLocation.java:165)
	at org.openqa.selenium.remote.ElementLocation.findElement(ElementLocation.java:59)
	at org.openqa.selenium.remote.RemoteWebDriver.findElement(RemoteWebDriver.java:356)
	at org.openqa.selenium.remote.RemoteWebDriver.findElement(RemoteWebDriver.java:350)
	at org.openqa.selenium.support.ui.ExpectedConditions$7.apply(ExpectedConditions.java:194)
	at org.openqa.selenium.support.ui.ExpectedConditions$7.apply(ExpectedConditions.java:190)
	at org.openqa.selenium.support.ui.FluentWait.until(FluentWait.java:203)
	at com.ugapp.pages.VerifyEmailPage.verifyEmail(VerifyEmailPage.java:19)
	at com.ugapp.testcases.TC_05_VerifyEmailTest.verifyEmailTest(TC_05_VerifyEmailTest.java:26)
	at java.base/java.util.concurrent.FutureTask.run(FutureTask.java:317)
	at java.base/java.util.concurrent.ThreadPoolExecutor.runWorker(ThreadPoolExecutor.java:1144)
	at java.base/java.util.concurrent.ThreadPoolExecutor$Worker.run(ThreadPoolExecutor.java:642)
	at java.base/java.lang.Thread.run(Thread.java:1623)
... Removed 14 stack frames]]>
    </failure>
  </testcase> <!-- verifyEmailTest -->
  <testcase classname="com.ugapp.testcases.TC_06_ResetPasswordTest" name="ResetPassword" time="0.009">
    <failure type="org.openqa.selenium.NoSuchElementException" message="Unable to locate element: //a[text()=&amp;apos; Reset password &amp;apos;]
For documentation on this error, please visit: https://www.selenium.dev/documentation/webdriver/troubleshooting/errors#no-such-element-exception
Build info: version: &amp;apos;4.17.0&amp;apos;, revision: &amp;apos;e52b1be057*&amp;apos;
System info: os.name: &amp;apos;Mac OS X&amp;apos;, os.arch: &amp;apos;x86_64&amp;apos;, os.version: &amp;apos;12.7.2&amp;apos;, java.version: &amp;apos;20.0.2&amp;apos;
Driver info: org.openqa.selenium.firefox.FirefoxDriver
Command: [0ceccd4d-2b63-48f3-8626-661ceb055ab0, findElement {value=//a[text()=&amp;apos; Reset password &amp;apos;], using=xpath}]
Capabilities {acceptInsecureCerts: true, browserName: firefox, browserVersion: 122.0, moz:accessibilityChecks: false, moz:buildID: 20240118164516, moz:debuggerAddress: 127.0.0.1:16326, moz:geckodriverVersion: 0.34.0, moz:headless: false, moz:platformVersion: 21.6.0, moz:processID: 7753, moz:profile: /var/folders/5m/4nc0x2kn289..., moz:shutdownTimeout: 60000, moz:webdriverClick: true, moz:windowless: false, pageLoadStrategy: normal, platformName: mac, proxy: Proxy(), se:cdp: ws://127.0.0.1:16326/devtoo..., se:cdpVersion: 85.0, setWindowRect: true, strictFileInteractability: false, timeouts: {implicit: 0, pageLoad: 300000, script: 30000}, unhandledPromptBehavior: dismiss and notify}
Session ID: 0ceccd4d-2b63-48f3-8626-661ceb055ab0">
      <![CDATA[org.openqa.selenium.NoSuchElementException: Unable to locate element: //a[text()=' Reset password ']
For documentation on this error, please visit: https://www.selenium.dev/documentation/webdriver/troubleshooting/errors#no-such-element-exception
Build info: version: '4.17.0', revision: 'e52b1be057*'
System info: os.name: 'Mac OS X', os.arch: 'x86_64', os.version: '12.7.2', java.version: '20.0.2'
Driver info: org.openqa.selenium.firefox.FirefoxDriver
Command: [0ceccd4d-2b63-48f3-8626-661ceb055ab0, findElement {value=//a[text()=' Reset password '], using=xpath}]
Capabilities {acceptInsecureCerts: true, browserName: firefox, browserVersion: 122.0, moz:accessibilityChecks: false, moz:buildID: 20240118164516, moz:debuggerAddress: 127.0.0.1:16326, moz:geckodriverVersion: 0.34.0, moz:headless: false, moz:platformVersion: 21.6.0, moz:processID: 7753, moz:profile: /var/folders/5m/4nc0x2kn289..., moz:shutdownTimeout: 60000, moz:webdriverClick: true, moz:windowless: false, pageLoadStrategy: normal, platformName: mac, proxy: Proxy(), se:cdp: ws://127.0.0.1:16326/devtoo..., se:cdpVersion: 85.0, setWindowRect: true, strictFileInteractability: false, timeouts: {implicit: 0, pageLoad: 300000, script: 30000}, unhandledPromptBehavior: dismiss and notify}
Session ID: 0ceccd4d-2b63-48f3-8626-661ceb055ab0
	at org.openqa.selenium.remote.codec.w3c.W3CHttpResponseCodec.createException(W3CHttpResponseCodec.java:185)
	at org.openqa.selenium.remote.codec.w3c.W3CHttpResponseCodec.decode(W3CHttpResponseCodec.java:134)
	at org.openqa.selenium.remote.codec.w3c.W3CHttpResponseCodec.decode(W3CHttpResponseCodec.java:51)
	at org.openqa.selenium.remote.HttpCommandExecutor.execute(HttpCommandExecutor.java:190)
	at org.openqa.selenium.remote.service.DriverCommandExecutor.invokeExecute(DriverCommandExecutor.java:216)
	at org.openqa.selenium.remote.service.DriverCommandExecutor.execute(DriverCommandExecutor.java:174)
	at org.openqa.selenium.remote.RemoteWebDriver.execute(RemoteWebDriver.java:519)
	at org.openqa.selenium.remote.ElementLocation$ElementFinder$2.findElement(ElementLocation.java:165)
	at org.openqa.selenium.remote.ElementLocation.findElement(ElementLocation.java:59)
	at org.openqa.selenium.remote.RemoteWebDriver.findElement(RemoteWebDriver.java:356)
	at org.openqa.selenium.remote.RemoteWebDriver.findElement(RemoteWebDriver.java:350)
	at com.ugapp.base.Page.click(Page.java:173)
	at com.ugapp.pages.ResetPasswordPage.verifyResetPasswordClick(ResetPasswordPage.java:13)
	at com.ugapp.testcases.TC_06_ResetPasswordTest.ResetPassword(TC_06_ResetPasswordTest.java:16)
	at java.base/java.util.concurrent.FutureTask.run(FutureTask.java:317)
	at java.base/java.util.concurrent.ThreadPoolExecutor.runWorker(ThreadPoolExecutor.java:1144)
	at java.base/java.util.concurrent.ThreadPoolExecutor$Worker.run(ThreadPoolExecutor.java:642)
	at java.base/java.lang.Thread.run(Thread.java:1623)
... Removed 17 stack frames]]>
    </failure>
  </testcase> <!-- ResetPassword -->
  <testcase classname="com.ugapp.testcases.TC_06_ResetPasswordTest" name="setNewPasswordPage" time="3.018">
    <failure type="org.openqa.selenium.NoSuchElementException" message="Unable to locate element: //a[contains(text(),&amp;apos;Return to login screen.&amp;apos;)]
For documentation on this error, please visit: https://www.selenium.dev/documentation/webdriver/troubleshooting/errors#no-such-element-exception
Build info: version: &amp;apos;4.17.0&amp;apos;, revision: &amp;apos;e52b1be057*&amp;apos;
System info: os.name: &amp;apos;Mac OS X&amp;apos;, os.arch: &amp;apos;x86_64&amp;apos;, os.version: &amp;apos;12.7.2&amp;apos;, java.version: &amp;apos;20.0.2&amp;apos;
Driver info: org.openqa.selenium.firefox.FirefoxDriver
Command: [0ceccd4d-2b63-48f3-8626-661ceb055ab0, findElement {value=//a[contains(text(),&amp;apos;Return to login screen.&amp;apos;)], using=xpath}]
Capabilities {acceptInsecureCerts: true, browserName: firefox, browserVersion: 122.0, moz:accessibilityChecks: false, moz:buildID: 20240118164516, moz:debuggerAddress: 127.0.0.1:16326, moz:geckodriverVersion: 0.34.0, moz:headless: false, moz:platformVersion: 21.6.0, moz:processID: 7753, moz:profile: /var/folders/5m/4nc0x2kn289..., moz:shutdownTimeout: 60000, moz:webdriverClick: true, moz:windowless: false, pageLoadStrategy: normal, platformName: mac, proxy: Proxy(), se:cdp: ws://127.0.0.1:16326/devtoo..., se:cdpVersion: 85.0, setWindowRect: true, strictFileInteractability: false, timeouts: {implicit: 0, pageLoad: 300000, script: 30000}, unhandledPromptBehavior: dismiss and notify}
Session ID: 0ceccd4d-2b63-48f3-8626-661ceb055ab0">
      <![CDATA[org.openqa.selenium.NoSuchElementException: Unable to locate element: //a[contains(text(),'Return to login screen.')]
For documentation on this error, please visit: https://www.selenium.dev/documentation/webdriver/troubleshooting/errors#no-such-element-exception
Build info: version: '4.17.0', revision: 'e52b1be057*'
System info: os.name: 'Mac OS X', os.arch: 'x86_64', os.version: '12.7.2', java.version: '20.0.2'
Driver info: org.openqa.selenium.firefox.FirefoxDriver
Command: [0ceccd4d-2b63-48f3-8626-661ceb055ab0, findElement {value=//a[contains(text(),'Return to login screen.')], using=xpath}]
Capabilities {acceptInsecureCerts: true, browserName: firefox, browserVersion: 122.0, moz:accessibilityChecks: false, moz:buildID: 20240118164516, moz:debuggerAddress: 127.0.0.1:16326, moz:geckodriverVersion: 0.34.0, moz:headless: false, moz:platformVersion: 21.6.0, moz:processID: 7753, moz:profile: /var/folders/5m/4nc0x2kn289..., moz:shutdownTimeout: 60000, moz:webdriverClick: true, moz:windowless: false, pageLoadStrategy: normal, platformName: mac, proxy: Proxy(), se:cdp: ws://127.0.0.1:16326/devtoo..., se:cdpVersion: 85.0, setWindowRect: true, strictFileInteractability: false, timeouts: {implicit: 0, pageLoad: 300000, script: 30000}, unhandledPromptBehavior: dismiss and notify}
Session ID: 0ceccd4d-2b63-48f3-8626-661ceb055ab0
	at org.openqa.selenium.remote.codec.w3c.W3CHttpResponseCodec.createException(W3CHttpResponseCodec.java:185)
	at org.openqa.selenium.remote.codec.w3c.W3CHttpResponseCodec.decode(W3CHttpResponseCodec.java:134)
	at org.openqa.selenium.remote.codec.w3c.W3CHttpResponseCodec.decode(W3CHttpResponseCodec.java:51)
	at org.openqa.selenium.remote.HttpCommandExecutor.execute(HttpCommandExecutor.java:190)
	at org.openqa.selenium.remote.service.DriverCommandExecutor.invokeExecute(DriverCommandExecutor.java:216)
	at org.openqa.selenium.remote.service.DriverCommandExecutor.execute(DriverCommandExecutor.java:174)
	at org.openqa.selenium.remote.RemoteWebDriver.execute(RemoteWebDriver.java:519)
	at org.openqa.selenium.remote.ElementLocation$ElementFinder$2.findElement(ElementLocation.java:165)
	at org.openqa.selenium.remote.ElementLocation.findElement(ElementLocation.java:59)
	at org.openqa.selenium.remote.RemoteWebDriver.findElement(RemoteWebDriver.java:356)
	at org.openqa.selenium.remote.RemoteWebDriver.findElement(RemoteWebDriver.java:350)
	at com.ugapp.base.Page.click(Page.java:173)
	at com.ugapp.pages.ResetPasswordPage.backToLogin(ResetPasswordPage.java:64)
	at com.ugapp.testcases.TC_06_ResetPasswordTest.setNewPasswordPage(TC_06_ResetPasswordTest.java:33)
	at java.base/java.util.concurrent.FutureTask.run(FutureTask.java:317)
	at java.base/java.util.concurrent.ThreadPoolExecutor.runWorker(ThreadPoolExecutor.java:1144)
	at java.base/java.util.concurrent.ThreadPoolExecutor$Worker.run(ThreadPoolExecutor.java:642)
	at java.base/java.lang.Thread.run(Thread.java:1623)
... Removed 17 stack frames]]>
    </failure>
  </testcase> <!-- setNewPasswordPage -->
  <testcase classname="com.ugapp.testcases.TC_07_LogInTest" name="LogInUsingAsurite" time="0.012">
    <failure type="org.openqa.selenium.NoSuchElementException" message="Unable to locate element: //a[text()=&amp;apos; Log in with ASURITE &amp;apos;]
For documentation on this error, please visit: https://www.selenium.dev/documentation/webdriver/troubleshooting/errors#no-such-element-exception
Build info: version: &amp;apos;4.17.0&amp;apos;, revision: &amp;apos;e52b1be057*&amp;apos;
System info: os.name: &amp;apos;Mac OS X&amp;apos;, os.arch: &amp;apos;x86_64&amp;apos;, os.version: &amp;apos;12.7.2&amp;apos;, java.version: &amp;apos;20.0.2&amp;apos;
Driver info: org.openqa.selenium.firefox.FirefoxDriver
Command: [0ceccd4d-2b63-48f3-8626-661ceb055ab0, findElement {value=//a[text()=&amp;apos; Log in with ASURITE &amp;apos;], using=xpath}]
Capabilities {acceptInsecureCerts: true, browserName: firefox, browserVersion: 122.0, moz:accessibilityChecks: false, moz:buildID: 20240118164516, moz:debuggerAddress: 127.0.0.1:16326, moz:geckodriverVersion: 0.34.0, moz:headless: false, moz:platformVersion: 21.6.0, moz:processID: 7753, moz:profile: /var/folders/5m/4nc0x2kn289..., moz:shutdownTimeout: 60000, moz:webdriverClick: true, moz:windowless: false, pageLoadStrategy: normal, platformName: mac, proxy: Proxy(), se:cdp: ws://127.0.0.1:16326/devtoo..., se:cdpVersion: 85.0, setWindowRect: true, strictFileInteractability: false, timeouts: {implicit: 0, pageLoad: 300000, script: 30000}, unhandledPromptBehavior: dismiss and notify}
Session ID: 0ceccd4d-2b63-48f3-8626-661ceb055ab0">
      <![CDATA[org.openqa.selenium.NoSuchElementException: Unable to locate element: //a[text()=' Log in with ASURITE ']
For documentation on this error, please visit: https://www.selenium.dev/documentation/webdriver/troubleshooting/errors#no-such-element-exception
Build info: version: '4.17.0', revision: 'e52b1be057*'
System info: os.name: 'Mac OS X', os.arch: 'x86_64', os.version: '12.7.2', java.version: '20.0.2'
Driver info: org.openqa.selenium.firefox.FirefoxDriver
Command: [0ceccd4d-2b63-48f3-8626-661ceb055ab0, findElement {value=//a[text()=' Log in with ASURITE '], using=xpath}]
Capabilities {acceptInsecureCerts: true, browserName: firefox, browserVersion: 122.0, moz:accessibilityChecks: false, moz:buildID: 20240118164516, moz:debuggerAddress: 127.0.0.1:16326, moz:geckodriverVersion: 0.34.0, moz:headless: false, moz:platformVersion: 21.6.0, moz:processID: 7753, moz:profile: /var/folders/5m/4nc0x2kn289..., moz:shutdownTimeout: 60000, moz:webdriverClick: true, moz:windowless: false, pageLoadStrategy: normal, platformName: mac, proxy: Proxy(), se:cdp: ws://127.0.0.1:16326/devtoo..., se:cdpVersion: 85.0, setWindowRect: true, strictFileInteractability: false, timeouts: {implicit: 0, pageLoad: 300000, script: 30000}, unhandledPromptBehavior: dismiss and notify}
Session ID: 0ceccd4d-2b63-48f3-8626-661ceb055ab0
	at org.openqa.selenium.remote.codec.w3c.W3CHttpResponseCodec.createException(W3CHttpResponseCodec.java:185)
	at org.openqa.selenium.remote.codec.w3c.W3CHttpResponseCodec.decode(W3CHttpResponseCodec.java:134)
	at org.openqa.selenium.remote.codec.w3c.W3CHttpResponseCodec.decode(W3CHttpResponseCodec.java:51)
	at org.openqa.selenium.remote.HttpCommandExecutor.execute(HttpCommandExecutor.java:190)
	at org.openqa.selenium.remote.service.DriverCommandExecutor.invokeExecute(DriverCommandExecutor.java:216)
	at org.openqa.selenium.remote.service.DriverCommandExecutor.execute(DriverCommandExecutor.java:174)
	at org.openqa.selenium.remote.RemoteWebDriver.execute(RemoteWebDriver.java:519)
	at org.openqa.selenium.remote.ElementLocation$ElementFinder$2.findElement(ElementLocation.java:165)
	at org.openqa.selenium.remote.ElementLocation.findElement(ElementLocation.java:59)
	at org.openqa.selenium.remote.RemoteWebDriver.findElement(RemoteWebDriver.java:356)
	at org.openqa.selenium.remote.RemoteWebDriver.findElement(RemoteWebDriver.java:350)
	at com.ugapp.base.Page.click(Page.java:173)
	at com.ugapp.pages.LogInPage.logInWithAsurite(LogInPage.java:21)
	at com.ugapp.testcases.TC_07_LogInTest.LogInUsingAsurite(TC_07_LogInTest.java:22)
	at java.base/java.util.concurrent.FutureTask.run(FutureTask.java:317)
	at java.base/java.util.concurrent.ThreadPoolExecutor.runWorker(ThreadPoolExecutor.java:1144)
	at java.base/java.util.concurrent.ThreadPoolExecutor$Worker.run(ThreadPoolExecutor.java:642)
	at java.base/java.lang.Thread.run(Thread.java:1623)
... Removed 17 stack frames]]>
    </failure>
  </testcase> <!-- LogInUsingAsurite -->
  <testcase classname="com.ugapp.testcases.TC_07_LogInTest" name="loginTest" time="0.017">
    <failure type="java.lang.NullPointerException" message="Cannot invoke &amp;quot;org.openqa.selenium.WebElement.clear()&amp;quot; because the return value of &amp;quot;com.ugapp.pages.LogInPage.findElement(String)&amp;quot; is null">
      <![CDATA[java.lang.NullPointerException: Cannot invoke "org.openqa.selenium.WebElement.clear()" because the return value of "com.ugapp.pages.LogInPage.findElement(String)" is null
	at com.ugapp.pages.LogInPage.logIn(LogInPage.java:48)
	at com.ugapp.testcases.TC_07_LogInTest.loginTest(TC_07_LogInTest.java:33)
	at java.base/java.util.concurrent.FutureTask.run(FutureTask.java:317)
	at java.base/java.util.concurrent.ThreadPoolExecutor.runWorker(ThreadPoolExecutor.java:1144)
	at java.base/java.util.concurrent.ThreadPoolExecutor$Worker.run(ThreadPoolExecutor.java:642)
	at java.base/java.lang.Thread.run(Thread.java:1623)
... Removed 14 stack frames]]>
    </failure>
  </testcase> <!-- loginTest -->
  <testcase classname="com.ugapp.testcases.TC_07_LogInTest" name="loginTest" time="0.008">
    <failure type="java.lang.NullPointerException" message="Cannot invoke &amp;quot;org.openqa.selenium.WebElement.clear()&amp;quot; because the return value of &amp;quot;com.ugapp.pages.LogInPage.findElement(String)&amp;quot; is null">
      <![CDATA[java.lang.NullPointerException: Cannot invoke "org.openqa.selenium.WebElement.clear()" because the return value of "com.ugapp.pages.LogInPage.findElement(String)" is null
	at com.ugapp.pages.LogInPage.logIn(LogInPage.java:48)
	at com.ugapp.testcases.TC_07_LogInTest.loginTest(TC_07_LogInTest.java:33)
	at java.base/java.util.concurrent.FutureTask.run(FutureTask.java:317)
	at java.base/java.util.concurrent.ThreadPoolExecutor.runWorker(ThreadPoolExecutor.java:1144)
	at java.base/java.util.concurrent.ThreadPoolExecutor$Worker.run(ThreadPoolExecutor.java:642)
	at java.base/java.lang.Thread.run(Thread.java:1623)
... Removed 14 stack frames]]>
    </failure>
  </testcase> <!-- loginTest -->
  <testcase classname="com.ugapp.testcases.TC_07_LogInTest" name="loginTest" time="0.005">
    <failure type="java.lang.NullPointerException" message="Cannot invoke &amp;quot;org.openqa.selenium.WebElement.clear()&amp;quot; because the return value of &amp;quot;com.ugapp.pages.LogInPage.findElement(String)&amp;quot; is null">
      <![CDATA[java.lang.NullPointerException: Cannot invoke "org.openqa.selenium.WebElement.clear()" because the return value of "com.ugapp.pages.LogInPage.findElement(String)" is null
	at com.ugapp.pages.LogInPage.logIn(LogInPage.java:48)
	at com.ugapp.testcases.TC_07_LogInTest.loginTest(TC_07_LogInTest.java:33)
	at java.base/java.util.concurrent.FutureTask.run(FutureTask.java:317)
	at java.base/java.util.concurrent.ThreadPoolExecutor.runWorker(ThreadPoolExecutor.java:1144)
	at java.base/java.util.concurrent.ThreadPoolExecutor$Worker.run(ThreadPoolExecutor.java:642)
	at java.base/java.lang.Thread.run(Thread.java:1623)
... Removed 14 stack frames]]>
    </failure>
  </testcase> <!-- loginTest -->
  <testcase classname="com.ugapp.testcases.TC_07_LogInTest" name="login" time="1.01">
    <failure type="org.openqa.selenium.NoSuchElementException" message="Unable to locate element: //div[@id=&amp;quot;password&amp;quot;]//input
For documentation on this error, please visit: https://www.selenium.dev/documentation/webdriver/troubleshooting/errors#no-such-element-exception
Build info: version: &amp;apos;4.17.0&amp;apos;, revision: &amp;apos;e52b1be057*&amp;apos;
System info: os.name: &amp;apos;Mac OS X&amp;apos;, os.arch: &amp;apos;x86_64&amp;apos;, os.version: &amp;apos;12.7.2&amp;apos;, java.version: &amp;apos;20.0.2&amp;apos;
Driver info: org.openqa.selenium.firefox.FirefoxDriver
Command: [0ceccd4d-2b63-48f3-8626-661ceb055ab0, findElement {value=//div[@id=&amp;quot;password&amp;quot;]//input, using=xpath}]
Capabilities {acceptInsecureCerts: true, browserName: firefox, browserVersion: 122.0, moz:accessibilityChecks: false, moz:buildID: 20240118164516, moz:debuggerAddress: 127.0.0.1:16326, moz:geckodriverVersion: 0.34.0, moz:headless: false, moz:platformVersion: 21.6.0, moz:processID: 7753, moz:profile: /var/folders/5m/4nc0x2kn289..., moz:shutdownTimeout: 60000, moz:webdriverClick: true, moz:windowless: false, pageLoadStrategy: normal, platformName: mac, proxy: Proxy(), se:cdp: ws://127.0.0.1:16326/devtoo..., se:cdpVersion: 85.0, setWindowRect: true, strictFileInteractability: false, timeouts: {implicit: 0, pageLoad: 300000, script: 30000}, unhandledPromptBehavior: dismiss and notify}
Session ID: 0ceccd4d-2b63-48f3-8626-661ceb055ab0">
      <![CDATA[org.openqa.selenium.NoSuchElementException: Unable to locate element: //div[@id="password"]//input
For documentation on this error, please visit: https://www.selenium.dev/documentation/webdriver/troubleshooting/errors#no-such-element-exception
Build info: version: '4.17.0', revision: 'e52b1be057*'
System info: os.name: 'Mac OS X', os.arch: 'x86_64', os.version: '12.7.2', java.version: '20.0.2'
Driver info: org.openqa.selenium.firefox.FirefoxDriver
Command: [0ceccd4d-2b63-48f3-8626-661ceb055ab0, findElement {value=//div[@id="password"]//input, using=xpath}]
Capabilities {acceptInsecureCerts: true, browserName: firefox, browserVersion: 122.0, moz:accessibilityChecks: false, moz:buildID: 20240118164516, moz:debuggerAddress: 127.0.0.1:16326, moz:geckodriverVersion: 0.34.0, moz:headless: false, moz:platformVersion: 21.6.0, moz:processID: 7753, moz:profile: /var/folders/5m/4nc0x2kn289..., moz:shutdownTimeout: 60000, moz:webdriverClick: true, moz:windowless: false, pageLoadStrategy: normal, platformName: mac, proxy: Proxy(), se:cdp: ws://127.0.0.1:16326/devtoo..., se:cdpVersion: 85.0, setWindowRect: true, strictFileInteractability: false, timeouts: {implicit: 0, pageLoad: 300000, script: 30000}, unhandledPromptBehavior: dismiss and notify}
Session ID: 0ceccd4d-2b63-48f3-8626-661ceb055ab0
	at org.openqa.selenium.remote.codec.w3c.W3CHttpResponseCodec.createException(W3CHttpResponseCodec.java:185)
	at org.openqa.selenium.remote.codec.w3c.W3CHttpResponseCodec.decode(W3CHttpResponseCodec.java:134)
	at org.openqa.selenium.remote.codec.w3c.W3CHttpResponseCodec.decode(W3CHttpResponseCodec.java:51)
	at org.openqa.selenium.remote.HttpCommandExecutor.execute(HttpCommandExecutor.java:190)
	at org.openqa.selenium.remote.service.DriverCommandExecutor.invokeExecute(DriverCommandExecutor.java:216)
	at org.openqa.selenium.remote.service.DriverCommandExecutor.execute(DriverCommandExecutor.java:174)
	at org.openqa.selenium.remote.RemoteWebDriver.execute(RemoteWebDriver.java:519)
	at org.openqa.selenium.remote.ElementLocation$ElementFinder$2.findElement(ElementLocation.java:165)
	at org.openqa.selenium.remote.ElementLocation.findElement(ElementLocation.java:59)
	at org.openqa.selenium.remote.RemoteWebDriver.findElement(RemoteWebDriver.java:356)
	at org.openqa.selenium.remote.RemoteWebDriver.findElement(RemoteWebDriver.java:350)
	at com.ugapp.base.Page.type(Page.java:185)
	at com.ugapp.pages.LogInPage.validLogIn(LogInPage.java:133)
	at com.ugapp.testcases.TC_07_LogInTest.login(TC_07_LogInTest.java:46)
	at java.base/java.util.concurrent.FutureTask.run(FutureTask.java:317)
	at java.base/java.util.concurrent.ThreadPoolExecutor.runWorker(ThreadPoolExecutor.java:1144)
	at java.base/java.util.concurrent.ThreadPoolExecutor$Worker.run(ThreadPoolExecutor.java:642)
	at java.base/java.lang.Thread.run(Thread.java:1623)
... Removed 17 stack frames]]>
    </failure>
  </testcase> <!-- login -->
  <testcase classname="com.ugapp.testcases.TC_08_PreAppDashboardTest" name="validatePreAppSubmissionPage" time="0.002">
    <failure type="org.openqa.selenium.NoSuchSessionException" message="Session ID is null. Using WebDriver after calling quit()?
Build info: version: &amp;apos;4.17.0&amp;apos;, revision: &amp;apos;e52b1be057*&amp;apos;
System info: os.name: &amp;apos;Mac OS X&amp;apos;, os.arch: &amp;apos;x86_64&amp;apos;, os.version: &amp;apos;12.7.2&amp;apos;, java.version: &amp;apos;20.0.2&amp;apos;
Driver info: org.openqa.selenium.chrome.ChromeDriver
Command: [null, findElement {value=//div[@class=&amp;apos;position-absolute&amp;apos;], using=xpath}]
Capabilities {acceptInsecureCerts: false, browserName: chrome, browserVersion: 121.0.6167.85, chrome: {chromedriverVersion: 121.0.6167.85 (3f98d690ad7e..., userDataDir: /var/folders/5m/4nc0x2kn289...}, fedcm:accounts: true, goog:chromeOptions: {debuggerAddress: localhost:51562}, networkConnectionEnabled: false, pageLoadStrategy: normal, platformName: mac, proxy: Proxy(), se:cdp: ws://localhost:51562/devtoo..., se:cdpVersion: 121.0.6167.85, setWindowRect: true, strictFileInteractability: false, timeouts: {implicit: 0, pageLoad: 300000, script: 30000}, unhandledPromptBehavior: dismiss and notify, webauthn:extension:credBlob: true, webauthn:extension:largeBlob: true, webauthn:extension:minPinLength: true, webauthn:extension:prf: true, webauthn:virtualAuthenticators: true}">
      <![CDATA[org.openqa.selenium.NoSuchSessionException: Session ID is null. Using WebDriver after calling quit()?
Build info: version: '4.17.0', revision: 'e52b1be057*'
System info: os.name: 'Mac OS X', os.arch: 'x86_64', os.version: '12.7.2', java.version: '20.0.2'
Driver info: org.openqa.selenium.chrome.ChromeDriver
Command: [null, findElement {value=//div[@class='position-absolute'], using=xpath}]
Capabilities {acceptInsecureCerts: false, browserName: chrome, browserVersion: 121.0.6167.85, chrome: {chromedriverVersion: 121.0.6167.85 (3f98d690ad7e..., userDataDir: /var/folders/5m/4nc0x2kn289...}, fedcm:accounts: true, goog:chromeOptions: {debuggerAddress: localhost:51562}, networkConnectionEnabled: false, pageLoadStrategy: normal, platformName: mac, proxy: Proxy(), se:cdp: ws://localhost:51562/devtoo..., se:cdpVersion: 121.0.6167.85, setWindowRect: true, strictFileInteractability: false, timeouts: {implicit: 0, pageLoad: 300000, script: 30000}, unhandledPromptBehavior: dismiss and notify, webauthn:extension:credBlob: true, webauthn:extension:largeBlob: true, webauthn:extension:minPinLength: true, webauthn:extension:prf: true, webauthn:virtualAuthenticators: true}
	at org.openqa.selenium.remote.HttpCommandExecutor.execute(HttpCommandExecutor.java:151)
	at org.openqa.selenium.remote.service.DriverCommandExecutor.invokeExecute(DriverCommandExecutor.java:216)
	at org.openqa.selenium.remote.service.DriverCommandExecutor.execute(DriverCommandExecutor.java:174)
	at org.openqa.selenium.remote.RemoteWebDriver.execute(RemoteWebDriver.java:519)
	at org.openqa.selenium.remote.ElementLocation$ElementFinder$2.findElement(ElementLocation.java:165)
	at org.openqa.selenium.remote.ElementLocation.findElement(ElementLocation.java:59)
	at org.openqa.selenium.remote.RemoteWebDriver.findElement(RemoteWebDriver.java:356)
	at org.openqa.selenium.remote.RemoteWebDriver.findElement(RemoteWebDriver.java:350)
	at org.openqa.selenium.support.ui.ExpectedConditions$20.apply(ExpectedConditions.java:569)
	at org.openqa.selenium.support.ui.ExpectedConditions$20.apply(ExpectedConditions.java:565)
	at org.openqa.selenium.support.ui.FluentWait.until(FluentWait.java:203)
	at com.ugapp.base.Page.waitTillLoaderDisappears(Page.java:333)
	at com.ugapp.pages.PreAppDashboardPage.validatePreAppPage(PreAppDashboardPage.java:25)
	at com.ugapp.testcases.TC_08_PreAppDashboardTest.validatePreAppSubmissionPage(TC_08_PreAppDashboardTest.java:30)
	at java.base/java.util.concurrent.FutureTask.run(FutureTask.java:317)
	at java.base/java.util.concurrent.ThreadPoolExecutor.runWorker(ThreadPoolExecutor.java:1144)
	at java.base/java.util.concurrent.ThreadPoolExecutor$Worker.run(ThreadPoolExecutor.java:642)
	at java.base/java.lang.Thread.run(Thread.java:1623)
... Removed 14 stack frames]]>
    </failure>
  </testcase> <!-- validatePreAppSubmissionPage -->
  <testcase classname="com.ugapp.testcases.TC_08_PreAppDashboardTest" name="NeedHelpTest" time="0.005">
    <failure type="org.openqa.selenium.NoSuchSessionException" message="Session ID is null. Using WebDriver after calling quit()?
Build info: version: &amp;apos;4.17.0&amp;apos;, revision: &amp;apos;e52b1be057*&amp;apos;
System info: os.name: &amp;apos;Mac OS X&amp;apos;, os.arch: &amp;apos;x86_64&amp;apos;, os.version: &amp;apos;12.7.2&amp;apos;, java.version: &amp;apos;20.0.2&amp;apos;
Driver info: org.openqa.selenium.chrome.ChromeDriver
Command: [null, findElement {value=//div[@class=&amp;apos;position-absolute&amp;apos;], using=xpath}]
Capabilities {acceptInsecureCerts: false, browserName: chrome, browserVersion: 121.0.6167.85, chrome: {chromedriverVersion: 121.0.6167.85 (3f98d690ad7e..., userDataDir: /var/folders/5m/4nc0x2kn289...}, fedcm:accounts: true, goog:chromeOptions: {debuggerAddress: localhost:51562}, networkConnectionEnabled: false, pageLoadStrategy: normal, platformName: mac, proxy: Proxy(), se:cdp: ws://localhost:51562/devtoo..., se:cdpVersion: 121.0.6167.85, setWindowRect: true, strictFileInteractability: false, timeouts: {implicit: 0, pageLoad: 300000, script: 30000}, unhandledPromptBehavior: dismiss and notify, webauthn:extension:credBlob: true, webauthn:extension:largeBlob: true, webauthn:extension:minPinLength: true, webauthn:extension:prf: true, webauthn:virtualAuthenticators: true}">
      <![CDATA[org.openqa.selenium.NoSuchSessionException: Session ID is null. Using WebDriver after calling quit()?
Build info: version: '4.17.0', revision: 'e52b1be057*'
System info: os.name: 'Mac OS X', os.arch: 'x86_64', os.version: '12.7.2', java.version: '20.0.2'
Driver info: org.openqa.selenium.chrome.ChromeDriver
Command: [null, findElement {value=//div[@class='position-absolute'], using=xpath}]
Capabilities {acceptInsecureCerts: false, browserName: chrome, browserVersion: 121.0.6167.85, chrome: {chromedriverVersion: 121.0.6167.85 (3f98d690ad7e..., userDataDir: /var/folders/5m/4nc0x2kn289...}, fedcm:accounts: true, goog:chromeOptions: {debuggerAddress: localhost:51562}, networkConnectionEnabled: false, pageLoadStrategy: normal, platformName: mac, proxy: Proxy(), se:cdp: ws://localhost:51562/devtoo..., se:cdpVersion: 121.0.6167.85, setWindowRect: true, strictFileInteractability: false, timeouts: {implicit: 0, pageLoad: 300000, script: 30000}, unhandledPromptBehavior: dismiss and notify, webauthn:extension:credBlob: true, webauthn:extension:largeBlob: true, webauthn:extension:minPinLength: true, webauthn:extension:prf: true, webauthn:virtualAuthenticators: true}
	at org.openqa.selenium.remote.HttpCommandExecutor.execute(HttpCommandExecutor.java:151)
	at org.openqa.selenium.remote.service.DriverCommandExecutor.invokeExecute(DriverCommandExecutor.java:216)
	at org.openqa.selenium.remote.service.DriverCommandExecutor.execute(DriverCommandExecutor.java:174)
	at org.openqa.selenium.remote.RemoteWebDriver.execute(RemoteWebDriver.java:519)
	at org.openqa.selenium.remote.ElementLocation$ElementFinder$2.findElement(ElementLocation.java:165)
	at org.openqa.selenium.remote.ElementLocation.findElement(ElementLocation.java:59)
	at org.openqa.selenium.remote.RemoteWebDriver.findElement(RemoteWebDriver.java:356)
	at org.openqa.selenium.remote.RemoteWebDriver.findElement(RemoteWebDriver.java:350)
	at org.openqa.selenium.support.ui.ExpectedConditions$20.apply(ExpectedConditions.java:569)
	at org.openqa.selenium.support.ui.ExpectedConditions$20.apply(ExpectedConditions.java:565)
	at org.openqa.selenium.support.ui.FluentWait.until(FluentWait.java:203)
	at com.ugapp.base.Page.waitTillLoaderDisappears(Page.java:333)
	at com.ugapp.pages.PreAppDashboardPage.IfIncorrectClickhereLink(PreAppDashboardPage.java:686)
	at com.ugapp.testcases.TC_08_PreAppDashboardTest.NeedHelpTest(TC_08_PreAppDashboardTest.java:39)
	at java.base/java.util.concurrent.FutureTask.run(FutureTask.java:317)
	at java.base/java.util.concurrent.ThreadPoolExecutor.runWorker(ThreadPoolExecutor.java:1144)
	at java.base/java.util.concurrent.ThreadPoolExecutor$Worker.run(ThreadPoolExecutor.java:642)
	at java.base/java.lang.Thread.run(Thread.java:1623)
... Removed 14 stack frames]]>
    </failure>
  </testcase> <!-- NeedHelpTest -->
  <testcase classname="com.ugapp.testcases.TC_08_PreAppDashboardTest" name="PreAppDashboardTest" time="3.008">
    <failure type="org.openqa.selenium.NoSuchElementException" message="Unable to locate element: //input[@id=&amp;apos;first-name&amp;apos;]
For documentation on this error, please visit: https://www.selenium.dev/documentation/webdriver/troubleshooting/errors#no-such-element-exception
Build info: version: &amp;apos;4.17.0&amp;apos;, revision: &amp;apos;e52b1be057*&amp;apos;
System info: os.name: &amp;apos;Mac OS X&amp;apos;, os.arch: &amp;apos;x86_64&amp;apos;, os.version: &amp;apos;12.7.2&amp;apos;, java.version: &amp;apos;20.0.2&amp;apos;
Driver info: org.openqa.selenium.firefox.FirefoxDriver
Command: [0ceccd4d-2b63-48f3-8626-661ceb055ab0, findElement {value=//input[@id=&amp;apos;first-name&amp;apos;], using=xpath}]
Capabilities {acceptInsecureCerts: true, browserName: firefox, browserVersion: 122.0, moz:accessibilityChecks: false, moz:buildID: 20240118164516, moz:debuggerAddress: 127.0.0.1:16326, moz:geckodriverVersion: 0.34.0, moz:headless: false, moz:platformVersion: 21.6.0, moz:processID: 7753, moz:profile: /var/folders/5m/4nc0x2kn289..., moz:shutdownTimeout: 60000, moz:webdriverClick: true, moz:windowless: false, pageLoadStrategy: normal, platformName: mac, proxy: Proxy(), se:cdp: ws://127.0.0.1:16326/devtoo..., se:cdpVersion: 85.0, setWindowRect: true, strictFileInteractability: false, timeouts: {implicit: 0, pageLoad: 300000, script: 30000}, unhandledPromptBehavior: dismiss and notify}
Session ID: 0ceccd4d-2b63-48f3-8626-661ceb055ab0">
      <![CDATA[org.openqa.selenium.NoSuchElementException: Unable to locate element: //input[@id='first-name']
For documentation on this error, please visit: https://www.selenium.dev/documentation/webdriver/troubleshooting/errors#no-such-element-exception
Build info: version: '4.17.0', revision: 'e52b1be057*'
System info: os.name: 'Mac OS X', os.arch: 'x86_64', os.version: '12.7.2', java.version: '20.0.2'
Driver info: org.openqa.selenium.firefox.FirefoxDriver
Command: [0ceccd4d-2b63-48f3-8626-661ceb055ab0, findElement {value=//input[@id='first-name'], using=xpath}]
Capabilities {acceptInsecureCerts: true, browserName: firefox, browserVersion: 122.0, moz:accessibilityChecks: false, moz:buildID: 20240118164516, moz:debuggerAddress: 127.0.0.1:16326, moz:geckodriverVersion: 0.34.0, moz:headless: false, moz:platformVersion: 21.6.0, moz:processID: 7753, moz:profile: /var/folders/5m/4nc0x2kn289..., moz:shutdownTimeout: 60000, moz:webdriverClick: true, moz:windowless: false, pageLoadStrategy: normal, platformName: mac, proxy: Proxy(), se:cdp: ws://127.0.0.1:16326/devtoo..., se:cdpVersion: 85.0, setWindowRect: true, strictFileInteractability: false, timeouts: {implicit: 0, pageLoad: 300000, script: 30000}, unhandledPromptBehavior: dismiss and notify}
Session ID: 0ceccd4d-2b63-48f3-8626-661ceb055ab0
	at org.openqa.selenium.remote.codec.w3c.W3CHttpResponseCodec.createException(W3CHttpResponseCodec.java:185)
	at org.openqa.selenium.remote.codec.w3c.W3CHttpResponseCodec.decode(W3CHttpResponseCodec.java:134)
	at org.openqa.selenium.remote.codec.w3c.W3CHttpResponseCodec.decode(W3CHttpResponseCodec.java:51)
	at org.openqa.selenium.remote.HttpCommandExecutor.execute(HttpCommandExecutor.java:190)
	at org.openqa.selenium.remote.service.DriverCommandExecutor.invokeExecute(DriverCommandExecutor.java:216)
	at org.openqa.selenium.remote.service.DriverCommandExecutor.execute(DriverCommandExecutor.java:174)
	at org.openqa.selenium.remote.RemoteWebDriver.execute(RemoteWebDriver.java:519)
	at org.openqa.selenium.remote.ElementLocation$ElementFinder$2.findElement(ElementLocation.java:165)
	at org.openqa.selenium.remote.ElementLocation.findElement(ElementLocation.java:59)
	at org.openqa.selenium.remote.RemoteWebDriver.findElement(RemoteWebDriver.java:356)
	at org.openqa.selenium.remote.RemoteWebDriver.findElement(RemoteWebDriver.java:350)
	at com.ugapp.base.Page.type(Page.java:185)
	at com.ugapp.pages.PreAppDashboardPage.userDetails(PreAppDashboardPage.java:41)
	at com.ugapp.testcases.TC_08_PreAppDashboardTest.PreAppDashboardTest(TC_08_PreAppDashboardTest.java:55)
	at java.base/java.util.concurrent.FutureTask.run(FutureTask.java:317)
	at java.base/java.util.concurrent.ThreadPoolExecutor.runWorker(ThreadPoolExecutor.java:1144)
	at java.base/java.util.concurrent.ThreadPoolExecutor$Worker.run(ThreadPoolExecutor.java:642)
	at java.base/java.lang.Thread.run(Thread.java:1623)
... Removed 17 stack frames]]>
    </failure>
  </testcase> <!-- PreAppDashboardTest -->
  <testcase classname="com.ugapp.testcases.TC_08_PreAppDashboardTest" name="PreAppDashboardTest" time="3.011">
    <failure type="org.openqa.selenium.NoSuchElementException" message="Unable to locate element: //input[@id=&amp;apos;first-name&amp;apos;]
For documentation on this error, please visit: https://www.selenium.dev/documentation/webdriver/troubleshooting/errors#no-such-element-exception
Build info: version: &amp;apos;4.17.0&amp;apos;, revision: &amp;apos;e52b1be057*&amp;apos;
System info: os.name: &amp;apos;Mac OS X&amp;apos;, os.arch: &amp;apos;x86_64&amp;apos;, os.version: &amp;apos;12.7.2&amp;apos;, java.version: &amp;apos;20.0.2&amp;apos;
Driver info: org.openqa.selenium.firefox.FirefoxDriver
Command: [0ceccd4d-2b63-48f3-8626-661ceb055ab0, findElement {value=//input[@id=&amp;apos;first-name&amp;apos;], using=xpath}]
Capabilities {acceptInsecureCerts: true, browserName: firefox, browserVersion: 122.0, moz:accessibilityChecks: false, moz:buildID: 20240118164516, moz:debuggerAddress: 127.0.0.1:16326, moz:geckodriverVersion: 0.34.0, moz:headless: false, moz:platformVersion: 21.6.0, moz:processID: 7753, moz:profile: /var/folders/5m/4nc0x2kn289..., moz:shutdownTimeout: 60000, moz:webdriverClick: true, moz:windowless: false, pageLoadStrategy: normal, platformName: mac, proxy: Proxy(), se:cdp: ws://127.0.0.1:16326/devtoo..., se:cdpVersion: 85.0, setWindowRect: true, strictFileInteractability: false, timeouts: {implicit: 0, pageLoad: 300000, script: 30000}, unhandledPromptBehavior: dismiss and notify}
Session ID: 0ceccd4d-2b63-48f3-8626-661ceb055ab0">
      <![CDATA[org.openqa.selenium.NoSuchElementException: Unable to locate element: //input[@id='first-name']
For documentation on this error, please visit: https://www.selenium.dev/documentation/webdriver/troubleshooting/errors#no-such-element-exception
Build info: version: '4.17.0', revision: 'e52b1be057*'
System info: os.name: 'Mac OS X', os.arch: 'x86_64', os.version: '12.7.2', java.version: '20.0.2'
Driver info: org.openqa.selenium.firefox.FirefoxDriver
Command: [0ceccd4d-2b63-48f3-8626-661ceb055ab0, findElement {value=//input[@id='first-name'], using=xpath}]
Capabilities {acceptInsecureCerts: true, browserName: firefox, browserVersion: 122.0, moz:accessibilityChecks: false, moz:buildID: 20240118164516, moz:debuggerAddress: 127.0.0.1:16326, moz:geckodriverVersion: 0.34.0, moz:headless: false, moz:platformVersion: 21.6.0, moz:processID: 7753, moz:profile: /var/folders/5m/4nc0x2kn289..., moz:shutdownTimeout: 60000, moz:webdriverClick: true, moz:windowless: false, pageLoadStrategy: normal, platformName: mac, proxy: Proxy(), se:cdp: ws://127.0.0.1:16326/devtoo..., se:cdpVersion: 85.0, setWindowRect: true, strictFileInteractability: false, timeouts: {implicit: 0, pageLoad: 300000, script: 30000}, unhandledPromptBehavior: dismiss and notify}
Session ID: 0ceccd4d-2b63-48f3-8626-661ceb055ab0
	at org.openqa.selenium.remote.codec.w3c.W3CHttpResponseCodec.createException(W3CHttpResponseCodec.java:185)
	at org.openqa.selenium.remote.codec.w3c.W3CHttpResponseCodec.decode(W3CHttpResponseCodec.java:134)
	at org.openqa.selenium.remote.codec.w3c.W3CHttpResponseCodec.decode(W3CHttpResponseCodec.java:51)
	at org.openqa.selenium.remote.HttpCommandExecutor.execute(HttpCommandExecutor.java:190)
	at org.openqa.selenium.remote.service.DriverCommandExecutor.invokeExecute(DriverCommandExecutor.java:216)
	at org.openqa.selenium.remote.service.DriverCommandExecutor.execute(DriverCommandExecutor.java:174)
	at org.openqa.selenium.remote.RemoteWebDriver.execute(RemoteWebDriver.java:519)
	at org.openqa.selenium.remote.ElementLocation$ElementFinder$2.findElement(ElementLocation.java:165)
	at org.openqa.selenium.remote.ElementLocation.findElement(ElementLocation.java:59)
	at org.openqa.selenium.remote.RemoteWebDriver.findElement(RemoteWebDriver.java:356)
	at org.openqa.selenium.remote.RemoteWebDriver.findElement(RemoteWebDriver.java:350)
	at com.ugapp.base.Page.type(Page.java:185)
	at com.ugapp.pages.PreAppDashboardPage.userDetails(PreAppDashboardPage.java:41)
	at com.ugapp.testcases.TC_08_PreAppDashboardTest.PreAppDashboardTest(TC_08_PreAppDashboardTest.java:55)
	at java.base/java.util.concurrent.FutureTask.run(FutureTask.java:317)
	at java.base/java.util.concurrent.ThreadPoolExecutor.runWorker(ThreadPoolExecutor.java:1144)
	at java.base/java.util.concurrent.ThreadPoolExecutor$Worker.run(ThreadPoolExecutor.java:642)
	at java.base/java.lang.Thread.run(Thread.java:1623)
... Removed 17 stack frames]]>
    </failure>
  </testcase> <!-- PreAppDashboardTest -->
  <testcase classname="com.ugapp.testcases.TC_08_PreAppDashboardTest" name="PreAppDashboardTest" time="3.01">
    <failure type="org.openqa.selenium.NoSuchElementException" message="Unable to locate element: //input[@id=&amp;apos;first-name&amp;apos;]
For documentation on this error, please visit: https://www.selenium.dev/documentation/webdriver/troubleshooting/errors#no-such-element-exception
Build info: version: &amp;apos;4.17.0&amp;apos;, revision: &amp;apos;e52b1be057*&amp;apos;
System info: os.name: &amp;apos;Mac OS X&amp;apos;, os.arch: &amp;apos;x86_64&amp;apos;, os.version: &amp;apos;12.7.2&amp;apos;, java.version: &amp;apos;20.0.2&amp;apos;
Driver info: org.openqa.selenium.firefox.FirefoxDriver
Command: [0ceccd4d-2b63-48f3-8626-661ceb055ab0, findElement {value=//input[@id=&amp;apos;first-name&amp;apos;], using=xpath}]
Capabilities {acceptInsecureCerts: true, browserName: firefox, browserVersion: 122.0, moz:accessibilityChecks: false, moz:buildID: 20240118164516, moz:debuggerAddress: 127.0.0.1:16326, moz:geckodriverVersion: 0.34.0, moz:headless: false, moz:platformVersion: 21.6.0, moz:processID: 7753, moz:profile: /var/folders/5m/4nc0x2kn289..., moz:shutdownTimeout: 60000, moz:webdriverClick: true, moz:windowless: false, pageLoadStrategy: normal, platformName: mac, proxy: Proxy(), se:cdp: ws://127.0.0.1:16326/devtoo..., se:cdpVersion: 85.0, setWindowRect: true, strictFileInteractability: false, timeouts: {implicit: 0, pageLoad: 300000, script: 30000}, unhandledPromptBehavior: dismiss and notify}
Session ID: 0ceccd4d-2b63-48f3-8626-661ceb055ab0">
      <![CDATA[org.openqa.selenium.NoSuchElementException: Unable to locate element: //input[@id='first-name']
For documentation on this error, please visit: https://www.selenium.dev/documentation/webdriver/troubleshooting/errors#no-such-element-exception
Build info: version: '4.17.0', revision: 'e52b1be057*'
System info: os.name: 'Mac OS X', os.arch: 'x86_64', os.version: '12.7.2', java.version: '20.0.2'
Driver info: org.openqa.selenium.firefox.FirefoxDriver
Command: [0ceccd4d-2b63-48f3-8626-661ceb055ab0, findElement {value=//input[@id='first-name'], using=xpath}]
Capabilities {acceptInsecureCerts: true, browserName: firefox, browserVersion: 122.0, moz:accessibilityChecks: false, moz:buildID: 20240118164516, moz:debuggerAddress: 127.0.0.1:16326, moz:geckodriverVersion: 0.34.0, moz:headless: false, moz:platformVersion: 21.6.0, moz:processID: 7753, moz:profile: /var/folders/5m/4nc0x2kn289..., moz:shutdownTimeout: 60000, moz:webdriverClick: true, moz:windowless: false, pageLoadStrategy: normal, platformName: mac, proxy: Proxy(), se:cdp: ws://127.0.0.1:16326/devtoo..., se:cdpVersion: 85.0, setWindowRect: true, strictFileInteractability: false, timeouts: {implicit: 0, pageLoad: 300000, script: 30000}, unhandledPromptBehavior: dismiss and notify}
Session ID: 0ceccd4d-2b63-48f3-8626-661ceb055ab0
	at org.openqa.selenium.remote.codec.w3c.W3CHttpResponseCodec.createException(W3CHttpResponseCodec.java:185)
	at org.openqa.selenium.remote.codec.w3c.W3CHttpResponseCodec.decode(W3CHttpResponseCodec.java:134)
	at org.openqa.selenium.remote.codec.w3c.W3CHttpResponseCodec.decode(W3CHttpResponseCodec.java:51)
	at org.openqa.selenium.remote.HttpCommandExecutor.execute(HttpCommandExecutor.java:190)
	at org.openqa.selenium.remote.service.DriverCommandExecutor.invokeExecute(DriverCommandExecutor.java:216)
	at org.openqa.selenium.remote.service.DriverCommandExecutor.execute(DriverCommandExecutor.java:174)
	at org.openqa.selenium.remote.RemoteWebDriver.execute(RemoteWebDriver.java:519)
	at org.openqa.selenium.remote.ElementLocation$ElementFinder$2.findElement(ElementLocation.java:165)
	at org.openqa.selenium.remote.ElementLocation.findElement(ElementLocation.java:59)
	at org.openqa.selenium.remote.RemoteWebDriver.findElement(RemoteWebDriver.java:356)
	at org.openqa.selenium.remote.RemoteWebDriver.findElement(RemoteWebDriver.java:350)
	at com.ugapp.base.Page.type(Page.java:185)
	at com.ugapp.pages.PreAppDashboardPage.userDetails(PreAppDashboardPage.java:41)
	at com.ugapp.testcases.TC_08_PreAppDashboardTest.PreAppDashboardTest(TC_08_PreAppDashboardTest.java:55)
	at java.base/java.util.concurrent.FutureTask.run(FutureTask.java:317)
	at java.base/java.util.concurrent.ThreadPoolExecutor.runWorker(ThreadPoolExecutor.java:1144)
	at java.base/java.util.concurrent.ThreadPoolExecutor$Worker.run(ThreadPoolExecutor.java:642)
	at java.base/java.lang.Thread.run(Thread.java:1623)
... Removed 17 stack frames]]>
    </failure>
  </testcase> <!-- PreAppDashboardTest -->
  <testcase classname="com.ugapp.testcases.TC_08_PreAppDashboardTest" name="PreAppDashboardTest" time="3.006">
    <failure type="org.openqa.selenium.NoSuchElementException" message="Unable to locate element: //input[@id=&amp;apos;first-name&amp;apos;]
For documentation on this error, please visit: https://www.selenium.dev/documentation/webdriver/troubleshooting/errors#no-such-element-exception
Build info: version: &amp;apos;4.17.0&amp;apos;, revision: &amp;apos;e52b1be057*&amp;apos;
System info: os.name: &amp;apos;Mac OS X&amp;apos;, os.arch: &amp;apos;x86_64&amp;apos;, os.version: &amp;apos;12.7.2&amp;apos;, java.version: &amp;apos;20.0.2&amp;apos;
Driver info: org.openqa.selenium.firefox.FirefoxDriver
Command: [0ceccd4d-2b63-48f3-8626-661ceb055ab0, findElement {value=//input[@id=&amp;apos;first-name&amp;apos;], using=xpath}]
Capabilities {acceptInsecureCerts: true, browserName: firefox, browserVersion: 122.0, moz:accessibilityChecks: false, moz:buildID: 20240118164516, moz:debuggerAddress: 127.0.0.1:16326, moz:geckodriverVersion: 0.34.0, moz:headless: false, moz:platformVersion: 21.6.0, moz:processID: 7753, moz:profile: /var/folders/5m/4nc0x2kn289..., moz:shutdownTimeout: 60000, moz:webdriverClick: true, moz:windowless: false, pageLoadStrategy: normal, platformName: mac, proxy: Proxy(), se:cdp: ws://127.0.0.1:16326/devtoo..., se:cdpVersion: 85.0, setWindowRect: true, strictFileInteractability: false, timeouts: {implicit: 0, pageLoad: 300000, script: 30000}, unhandledPromptBehavior: dismiss and notify}
Session ID: 0ceccd4d-2b63-48f3-8626-661ceb055ab0">
      <![CDATA[org.openqa.selenium.NoSuchElementException: Unable to locate element: //input[@id='first-name']
For documentation on this error, please visit: https://www.selenium.dev/documentation/webdriver/troubleshooting/errors#no-such-element-exception
Build info: version: '4.17.0', revision: 'e52b1be057*'
System info: os.name: 'Mac OS X', os.arch: 'x86_64', os.version: '12.7.2', java.version: '20.0.2'
Driver info: org.openqa.selenium.firefox.FirefoxDriver
Command: [0ceccd4d-2b63-48f3-8626-661ceb055ab0, findElement {value=//input[@id='first-name'], using=xpath}]
Capabilities {acceptInsecureCerts: true, browserName: firefox, browserVersion: 122.0, moz:accessibilityChecks: false, moz:buildID: 20240118164516, moz:debuggerAddress: 127.0.0.1:16326, moz:geckodriverVersion: 0.34.0, moz:headless: false, moz:platformVersion: 21.6.0, moz:processID: 7753, moz:profile: /var/folders/5m/4nc0x2kn289..., moz:shutdownTimeout: 60000, moz:webdriverClick: true, moz:windowless: false, pageLoadStrategy: normal, platformName: mac, proxy: Proxy(), se:cdp: ws://127.0.0.1:16326/devtoo..., se:cdpVersion: 85.0, setWindowRect: true, strictFileInteractability: false, timeouts: {implicit: 0, pageLoad: 300000, script: 30000}, unhandledPromptBehavior: dismiss and notify}
Session ID: 0ceccd4d-2b63-48f3-8626-661ceb055ab0
	at org.openqa.selenium.remote.codec.w3c.W3CHttpResponseCodec.createException(W3CHttpResponseCodec.java:185)
	at org.openqa.selenium.remote.codec.w3c.W3CHttpResponseCodec.decode(W3CHttpResponseCodec.java:134)
	at org.openqa.selenium.remote.codec.w3c.W3CHttpResponseCodec.decode(W3CHttpResponseCodec.java:51)
	at org.openqa.selenium.remote.HttpCommandExecutor.execute(HttpCommandExecutor.java:190)
	at org.openqa.selenium.remote.service.DriverCommandExecutor.invokeExecute(DriverCommandExecutor.java:216)
	at org.openqa.selenium.remote.service.DriverCommandExecutor.execute(DriverCommandExecutor.java:174)
	at org.openqa.selenium.remote.RemoteWebDriver.execute(RemoteWebDriver.java:519)
	at org.openqa.selenium.remote.ElementLocation$ElementFinder$2.findElement(ElementLocation.java:165)
	at org.openqa.selenium.remote.ElementLocation.findElement(ElementLocation.java:59)
	at org.openqa.selenium.remote.RemoteWebDriver.findElement(RemoteWebDriver.java:356)
	at org.openqa.selenium.remote.RemoteWebDriver.findElement(RemoteWebDriver.java:350)
	at com.ugapp.base.Page.type(Page.java:185)
	at com.ugapp.pages.PreAppDashboardPage.userDetails(PreAppDashboardPage.java:41)
	at com.ugapp.testcases.TC_08_PreAppDashboardTest.PreAppDashboardTest(TC_08_PreAppDashboardTest.java:55)
	at java.base/java.util.concurrent.FutureTask.run(FutureTask.java:317)
	at java.base/java.util.concurrent.ThreadPoolExecutor.runWorker(ThreadPoolExecutor.java:1144)
	at java.base/java.util.concurrent.ThreadPoolExecutor$Worker.run(ThreadPoolExecutor.java:642)
	at java.base/java.lang.Thread.run(Thread.java:1623)
... Removed 17 stack frames]]>
    </failure>
  </testcase> <!-- PreAppDashboardTest -->
  <testcase classname="com.ugapp.testcases.TC_08_PreAppDashboardTest" name="PreAppDashboardTest" time="3.011">
    <failure type="org.openqa.selenium.NoSuchElementException" message="Unable to locate element: //input[@id=&amp;apos;first-name&amp;apos;]
For documentation on this error, please visit: https://www.selenium.dev/documentation/webdriver/troubleshooting/errors#no-such-element-exception
Build info: version: &amp;apos;4.17.0&amp;apos;, revision: &amp;apos;e52b1be057*&amp;apos;
System info: os.name: &amp;apos;Mac OS X&amp;apos;, os.arch: &amp;apos;x86_64&amp;apos;, os.version: &amp;apos;12.7.2&amp;apos;, java.version: &amp;apos;20.0.2&amp;apos;
Driver info: org.openqa.selenium.firefox.FirefoxDriver
Command: [0ceccd4d-2b63-48f3-8626-661ceb055ab0, findElement {value=//input[@id=&amp;apos;first-name&amp;apos;], using=xpath}]
Capabilities {acceptInsecureCerts: true, browserName: firefox, browserVersion: 122.0, moz:accessibilityChecks: false, moz:buildID: 20240118164516, moz:debuggerAddress: 127.0.0.1:16326, moz:geckodriverVersion: 0.34.0, moz:headless: false, moz:platformVersion: 21.6.0, moz:processID: 7753, moz:profile: /var/folders/5m/4nc0x2kn289..., moz:shutdownTimeout: 60000, moz:webdriverClick: true, moz:windowless: false, pageLoadStrategy: normal, platformName: mac, proxy: Proxy(), se:cdp: ws://127.0.0.1:16326/devtoo..., se:cdpVersion: 85.0, setWindowRect: true, strictFileInteractability: false, timeouts: {implicit: 0, pageLoad: 300000, script: 30000}, unhandledPromptBehavior: dismiss and notify}
Session ID: 0ceccd4d-2b63-48f3-8626-661ceb055ab0">
      <![CDATA[org.openqa.selenium.NoSuchElementException: Unable to locate element: //input[@id='first-name']
For documentation on this error, please visit: https://www.selenium.dev/documentation/webdriver/troubleshooting/errors#no-such-element-exception
Build info: version: '4.17.0', revision: 'e52b1be057*'
System info: os.name: 'Mac OS X', os.arch: 'x86_64', os.version: '12.7.2', java.version: '20.0.2'
Driver info: org.openqa.selenium.firefox.FirefoxDriver
Command: [0ceccd4d-2b63-48f3-8626-661ceb055ab0, findElement {value=//input[@id='first-name'], using=xpath}]
Capabilities {acceptInsecureCerts: true, browserName: firefox, browserVersion: 122.0, moz:accessibilityChecks: false, moz:buildID: 20240118164516, moz:debuggerAddress: 127.0.0.1:16326, moz:geckodriverVersion: 0.34.0, moz:headless: false, moz:platformVersion: 21.6.0, moz:processID: 7753, moz:profile: /var/folders/5m/4nc0x2kn289..., moz:shutdownTimeout: 60000, moz:webdriverClick: true, moz:windowless: false, pageLoadStrategy: normal, platformName: mac, proxy: Proxy(), se:cdp: ws://127.0.0.1:16326/devtoo..., se:cdpVersion: 85.0, setWindowRect: true, strictFileInteractability: false, timeouts: {implicit: 0, pageLoad: 300000, script: 30000}, unhandledPromptBehavior: dismiss and notify}
Session ID: 0ceccd4d-2b63-48f3-8626-661ceb055ab0
	at org.openqa.selenium.remote.codec.w3c.W3CHttpResponseCodec.createException(W3CHttpResponseCodec.java:185)
	at org.openqa.selenium.remote.codec.w3c.W3CHttpResponseCodec.decode(W3CHttpResponseCodec.java:134)
	at org.openqa.selenium.remote.codec.w3c.W3CHttpResponseCodec.decode(W3CHttpResponseCodec.java:51)
	at org.openqa.selenium.remote.HttpCommandExecutor.execute(HttpCommandExecutor.java:190)
	at org.openqa.selenium.remote.service.DriverCommandExecutor.invokeExecute(DriverCommandExecutor.java:216)
	at org.openqa.selenium.remote.service.DriverCommandExecutor.execute(DriverCommandExecutor.java:174)
	at org.openqa.selenium.remote.RemoteWebDriver.execute(RemoteWebDriver.java:519)
	at org.openqa.selenium.remote.ElementLocation$ElementFinder$2.findElement(ElementLocation.java:165)
	at org.openqa.selenium.remote.ElementLocation.findElement(ElementLocation.java:59)
	at org.openqa.selenium.remote.RemoteWebDriver.findElement(RemoteWebDriver.java:356)
	at org.openqa.selenium.remote.RemoteWebDriver.findElement(RemoteWebDriver.java:350)
	at com.ugapp.base.Page.type(Page.java:185)
	at com.ugapp.pages.PreAppDashboardPage.userDetails(PreAppDashboardPage.java:41)
	at com.ugapp.testcases.TC_08_PreAppDashboardTest.PreAppDashboardTest(TC_08_PreAppDashboardTest.java:55)
	at java.base/java.util.concurrent.FutureTask.run(FutureTask.java:317)
	at java.base/java.util.concurrent.ThreadPoolExecutor.runWorker(ThreadPoolExecutor.java:1144)
	at java.base/java.util.concurrent.ThreadPoolExecutor$Worker.run(ThreadPoolExecutor.java:642)
	at java.base/java.lang.Thread.run(Thread.java:1623)
... Removed 17 stack frames]]>
    </failure>
  </testcase> <!-- PreAppDashboardTest -->
  <testcase classname="com.ugapp.testcases.TC_08_PreAppDashboardTest" name="PreAppDashboardElements" time="0.016">
    <failure type="org.openqa.selenium.JavascriptException" message="TypeError: arguments[0] is null
Build info: version: &amp;apos;4.17.0&amp;apos;, revision: &amp;apos;e52b1be057*&amp;apos;
System info: os.name: &amp;apos;Mac OS X&amp;apos;, os.arch: &amp;apos;x86_64&amp;apos;, os.version: &amp;apos;12.7.2&amp;apos;, java.version: &amp;apos;20.0.2&amp;apos;
Driver info: org.openqa.selenium.firefox.FirefoxDriver
Command: [0ceccd4d-2b63-48f3-8626-661ceb055ab0, executeScript {args=[null], script=arguments[0].scrollIntoView({block: &amp;apos;center&amp;apos;});}]
Capabilities {acceptInsecureCerts: true, browserName: firefox, browserVersion: 122.0, moz:accessibilityChecks: false, moz:buildID: 20240118164516, moz:debuggerAddress: 127.0.0.1:16326, moz:geckodriverVersion: 0.34.0, moz:headless: false, moz:platformVersion: 21.6.0, moz:processID: 7753, moz:profile: /var/folders/5m/4nc0x2kn289..., moz:shutdownTimeout: 60000, moz:webdriverClick: true, moz:windowless: false, pageLoadStrategy: normal, platformName: mac, proxy: Proxy(), se:cdp: ws://127.0.0.1:16326/devtoo..., se:cdpVersion: 85.0, setWindowRect: true, strictFileInteractability: false, timeouts: {implicit: 0, pageLoad: 300000, script: 30000}, unhandledPromptBehavior: dismiss and notify}
Session ID: 0ceccd4d-2b63-48f3-8626-661ceb055ab0">
      <![CDATA[org.openqa.selenium.JavascriptException: TypeError: arguments[0] is null
Build info: version: '4.17.0', revision: 'e52b1be057*'
System info: os.name: 'Mac OS X', os.arch: 'x86_64', os.version: '12.7.2', java.version: '20.0.2'
Driver info: org.openqa.selenium.firefox.FirefoxDriver
Command: [0ceccd4d-2b63-48f3-8626-661ceb055ab0, executeScript {args=[null], script=arguments[0].scrollIntoView({block: 'center'});}]
Capabilities {acceptInsecureCerts: true, browserName: firefox, browserVersion: 122.0, moz:accessibilityChecks: false, moz:buildID: 20240118164516, moz:debuggerAddress: 127.0.0.1:16326, moz:geckodriverVersion: 0.34.0, moz:headless: false, moz:platformVersion: 21.6.0, moz:processID: 7753, moz:profile: /var/folders/5m/4nc0x2kn289..., moz:shutdownTimeout: 60000, moz:webdriverClick: true, moz:windowless: false, pageLoadStrategy: normal, platformName: mac, proxy: Proxy(), se:cdp: ws://127.0.0.1:16326/devtoo..., se:cdpVersion: 85.0, setWindowRect: true, strictFileInteractability: false, timeouts: {implicit: 0, pageLoad: 300000, script: 30000}, unhandledPromptBehavior: dismiss and notify}
Session ID: 0ceccd4d-2b63-48f3-8626-661ceb055ab0
	at org.openqa.selenium.remote.codec.w3c.W3CHttpResponseCodec.createException(W3CHttpResponseCodec.java:185)
	at org.openqa.selenium.remote.codec.w3c.W3CHttpResponseCodec.decode(W3CHttpResponseCodec.java:134)
	at org.openqa.selenium.remote.codec.w3c.W3CHttpResponseCodec.decode(W3CHttpResponseCodec.java:51)
	at org.openqa.selenium.remote.HttpCommandExecutor.execute(HttpCommandExecutor.java:190)
	at org.openqa.selenium.remote.service.DriverCommandExecutor.invokeExecute(DriverCommandExecutor.java:216)
	at org.openqa.selenium.remote.service.DriverCommandExecutor.execute(DriverCommandExecutor.java:174)
	at org.openqa.selenium.remote.RemoteWebDriver.execute(RemoteWebDriver.java:519)
	at org.openqa.selenium.remote.RemoteWebDriver.executeScript(RemoteWebDriver.java:464)
	at com.ugapp.pages.PreAppDashboardPage.validuser(PreAppDashboardPage.java:163)
	at com.ugapp.testcases.TC_08_PreAppDashboardTest.PreAppDashboardElements(TC_08_PreAppDashboardTest.java:68)
	at java.base/java.util.concurrent.FutureTask.run(FutureTask.java:317)
	at java.base/java.util.concurrent.ThreadPoolExecutor.runWorker(ThreadPoolExecutor.java:1144)
	at java.base/java.util.concurrent.ThreadPoolExecutor$Worker.run(ThreadPoolExecutor.java:642)
	at java.base/java.lang.Thread.run(Thread.java:1623)
... Removed 17 stack frames]]>
    </failure>
  </testcase> <!-- PreAppDashboardElements -->
  <testcase classname="com.ugapp.testcases.TC_08_PreAppDashboardTest" name="BirthdayAge_Greater24Test" time="0.016">
    <failure type="org.openqa.selenium.JavascriptException" message="TypeError: arguments[0] is null
Build info: version: &amp;apos;4.17.0&amp;apos;, revision: &amp;apos;e52b1be057*&amp;apos;
System info: os.name: &amp;apos;Mac OS X&amp;apos;, os.arch: &amp;apos;x86_64&amp;apos;, os.version: &amp;apos;12.7.2&amp;apos;, java.version: &amp;apos;20.0.2&amp;apos;
Driver info: org.openqa.selenium.firefox.FirefoxDriver
Command: [0ceccd4d-2b63-48f3-8626-661ceb055ab0, executeScript {args=[null], script=arguments[0].scrollIntoView({block: &amp;apos;center&amp;apos;});}]
Capabilities {acceptInsecureCerts: true, browserName: firefox, browserVersion: 122.0, moz:accessibilityChecks: false, moz:buildID: 20240118164516, moz:debuggerAddress: 127.0.0.1:16326, moz:geckodriverVersion: 0.34.0, moz:headless: false, moz:platformVersion: 21.6.0, moz:processID: 7753, moz:profile: /var/folders/5m/4nc0x2kn289..., moz:shutdownTimeout: 60000, moz:webdriverClick: true, moz:windowless: false, pageLoadStrategy: normal, platformName: mac, proxy: Proxy(), se:cdp: ws://127.0.0.1:16326/devtoo..., se:cdpVersion: 85.0, setWindowRect: true, strictFileInteractability: false, timeouts: {implicit: 0, pageLoad: 300000, script: 30000}, unhandledPromptBehavior: dismiss and notify}
Session ID: 0ceccd4d-2b63-48f3-8626-661ceb055ab0">
      <![CDATA[org.openqa.selenium.JavascriptException: TypeError: arguments[0] is null
Build info: version: '4.17.0', revision: 'e52b1be057*'
System info: os.name: 'Mac OS X', os.arch: 'x86_64', os.version: '12.7.2', java.version: '20.0.2'
Driver info: org.openqa.selenium.firefox.FirefoxDriver
Command: [0ceccd4d-2b63-48f3-8626-661ceb055ab0, executeScript {args=[null], script=arguments[0].scrollIntoView({block: 'center'});}]
Capabilities {acceptInsecureCerts: true, browserName: firefox, browserVersion: 122.0, moz:accessibilityChecks: false, moz:buildID: 20240118164516, moz:debuggerAddress: 127.0.0.1:16326, moz:geckodriverVersion: 0.34.0, moz:headless: false, moz:platformVersion: 21.6.0, moz:processID: 7753, moz:profile: /var/folders/5m/4nc0x2kn289..., moz:shutdownTimeout: 60000, moz:webdriverClick: true, moz:windowless: false, pageLoadStrategy: normal, platformName: mac, proxy: Proxy(), se:cdp: ws://127.0.0.1:16326/devtoo..., se:cdpVersion: 85.0, setWindowRect: true, strictFileInteractability: false, timeouts: {implicit: 0, pageLoad: 300000, script: 30000}, unhandledPromptBehavior: dismiss and notify}
Session ID: 0ceccd4d-2b63-48f3-8626-661ceb055ab0
	at org.openqa.selenium.remote.codec.w3c.W3CHttpResponseCodec.createException(W3CHttpResponseCodec.java:185)
	at org.openqa.selenium.remote.codec.w3c.W3CHttpResponseCodec.decode(W3CHttpResponseCodec.java:134)
	at org.openqa.selenium.remote.codec.w3c.W3CHttpResponseCodec.decode(W3CHttpResponseCodec.java:51)
	at org.openqa.selenium.remote.HttpCommandExecutor.execute(HttpCommandExecutor.java:190)
	at org.openqa.selenium.remote.service.DriverCommandExecutor.invokeExecute(DriverCommandExecutor.java:216)
	at org.openqa.selenium.remote.service.DriverCommandExecutor.execute(DriverCommandExecutor.java:174)
	at org.openqa.selenium.remote.RemoteWebDriver.execute(RemoteWebDriver.java:519)
	at org.openqa.selenium.remote.RemoteWebDriver.executeScript(RemoteWebDriver.java:464)
	at com.ugapp.pages.PreAppDashboardPage.BirthdayAge_Greater24(PreAppDashboardPage.java:423)
	at com.ugapp.testcases.TC_08_PreAppDashboardTest.BirthdayAge_Greater24Test(TC_08_PreAppDashboardTest.java:101)
	at java.base/java.util.concurrent.FutureTask.run(FutureTask.java:317)
	at java.base/java.util.concurrent.ThreadPoolExecutor.runWorker(ThreadPoolExecutor.java:1144)
	at java.base/java.util.concurrent.ThreadPoolExecutor$Worker.run(ThreadPoolExecutor.java:642)
	at java.base/java.lang.Thread.run(Thread.java:1623)
... Removed 17 stack frames]]>
    </failure>
  </testcase> <!-- BirthdayAge_Greater24Test -->
  <testcase classname="com.ugapp.testcases.TC_08_PreAppDashboardTest" name="StartNewAppTest" time="0.01">
    <failure type="java.lang.NullPointerException" message="Cannot invoke &amp;quot;org.openqa.selenium.WebElement.isEnabled()&amp;quot; because the return value of &amp;quot;com.ugapp.pages.PreAppDashboardPage.findElement(String)&amp;quot; is null">
      <![CDATA[java.lang.NullPointerException: Cannot invoke "org.openqa.selenium.WebElement.isEnabled()" because the return value of "com.ugapp.pages.PreAppDashboardPage.findElement(String)" is null
	at com.ugapp.pages.PreAppDashboardPage.startNewAppbutton(PreAppDashboardPage.java:699)
	at com.ugapp.testcases.TC_08_PreAppDashboardTest.StartNewAppTest(TC_08_PreAppDashboardTest.java:145)
	at java.base/java.util.concurrent.FutureTask.run(FutureTask.java:317)
	at java.base/java.util.concurrent.ThreadPoolExecutor.runWorker(ThreadPoolExecutor.java:1144)
	at java.base/java.util.concurrent.ThreadPoolExecutor$Worker.run(ThreadPoolExecutor.java:642)
	at java.base/java.lang.Thread.run(Thread.java:1623)
... Removed 14 stack frames]]>
    </failure>
  </testcase> <!-- StartNewAppTest -->
  <testcase classname="com.ugapp.testcases.TC_09_MyInformationPageTest" name="validateMyInfoPage" time="0.003">
    <failure type="org.openqa.selenium.NoSuchSessionException" message="Session ID is null. Using WebDriver after calling quit()?
Build info: version: &amp;apos;4.17.0&amp;apos;, revision: &amp;apos;e52b1be057*&amp;apos;
System info: os.name: &amp;apos;Mac OS X&amp;apos;, os.arch: &amp;apos;x86_64&amp;apos;, os.version: &amp;apos;12.7.2&amp;apos;, java.version: &amp;apos;20.0.2&amp;apos;
Driver info: org.openqa.selenium.chrome.ChromeDriver
Command: [null, findElement {value=//div[@class=&amp;apos;position-absolute&amp;apos;], using=xpath}]
Capabilities {acceptInsecureCerts: false, browserName: chrome, browserVersion: 121.0.6167.85, chrome: {chromedriverVersion: 121.0.6167.85 (3f98d690ad7e..., userDataDir: /var/folders/5m/4nc0x2kn289...}, fedcm:accounts: true, goog:chromeOptions: {debuggerAddress: localhost:51562}, networkConnectionEnabled: false, pageLoadStrategy: normal, platformName: mac, proxy: Proxy(), se:cdp: ws://localhost:51562/devtoo..., se:cdpVersion: 121.0.6167.85, setWindowRect: true, strictFileInteractability: false, timeouts: {implicit: 0, pageLoad: 300000, script: 30000}, unhandledPromptBehavior: dismiss and notify, webauthn:extension:credBlob: true, webauthn:extension:largeBlob: true, webauthn:extension:minPinLength: true, webauthn:extension:prf: true, webauthn:virtualAuthenticators: true}">
      <![CDATA[org.openqa.selenium.NoSuchSessionException: Session ID is null. Using WebDriver after calling quit()?
Build info: version: '4.17.0', revision: 'e52b1be057*'
System info: os.name: 'Mac OS X', os.arch: 'x86_64', os.version: '12.7.2', java.version: '20.0.2'
Driver info: org.openqa.selenium.chrome.ChromeDriver
Command: [null, findElement {value=//div[@class='position-absolute'], using=xpath}]
Capabilities {acceptInsecureCerts: false, browserName: chrome, browserVersion: 121.0.6167.85, chrome: {chromedriverVersion: 121.0.6167.85 (3f98d690ad7e..., userDataDir: /var/folders/5m/4nc0x2kn289...}, fedcm:accounts: true, goog:chromeOptions: {debuggerAddress: localhost:51562}, networkConnectionEnabled: false, pageLoadStrategy: normal, platformName: mac, proxy: Proxy(), se:cdp: ws://localhost:51562/devtoo..., se:cdpVersion: 121.0.6167.85, setWindowRect: true, strictFileInteractability: false, timeouts: {implicit: 0, pageLoad: 300000, script: 30000}, unhandledPromptBehavior: dismiss and notify, webauthn:extension:credBlob: true, webauthn:extension:largeBlob: true, webauthn:extension:minPinLength: true, webauthn:extension:prf: true, webauthn:virtualAuthenticators: true}
	at org.openqa.selenium.remote.HttpCommandExecutor.execute(HttpCommandExecutor.java:151)
	at org.openqa.selenium.remote.service.DriverCommandExecutor.invokeExecute(DriverCommandExecutor.java:216)
	at org.openqa.selenium.remote.service.DriverCommandExecutor.execute(DriverCommandExecutor.java:174)
	at org.openqa.selenium.remote.RemoteWebDriver.execute(RemoteWebDriver.java:519)
	at org.openqa.selenium.remote.ElementLocation$ElementFinder$2.findElement(ElementLocation.java:165)
	at org.openqa.selenium.remote.ElementLocation.findElement(ElementLocation.java:59)
	at org.openqa.selenium.remote.RemoteWebDriver.findElement(RemoteWebDriver.java:356)
	at org.openqa.selenium.remote.RemoteWebDriver.findElement(RemoteWebDriver.java:350)
	at org.openqa.selenium.support.ui.ExpectedConditions$20.apply(ExpectedConditions.java:569)
	at org.openqa.selenium.support.ui.ExpectedConditions$20.apply(ExpectedConditions.java:565)
	at org.openqa.selenium.support.ui.FluentWait.until(FluentWait.java:203)
	at com.ugapp.base.Page.waitTillLoaderDisappears(Page.java:333)
	at com.ugapp.testcases.TC_09_MyInformationPageTest.validateMyInfoPage(TC_09_MyInformationPageTest.java:23)
	at java.base/java.util.concurrent.FutureTask.run(FutureTask.java:317)
	at java.base/java.util.concurrent.ThreadPoolExecutor.runWorker(ThreadPoolExecutor.java:1144)
	at java.base/java.util.concurrent.ThreadPoolExecutor$Worker.run(ThreadPoolExecutor.java:642)
	at java.base/java.lang.Thread.run(Thread.java:1623)
... Removed 14 stack frames]]>
    </failure>
  </testcase> <!-- validateMyInfoPage -->
  <testcase classname="com.ugapp.testcases.TC_09_MyInformationPageTest" name="requiredErrorMesssage" time="0.009">
    <failure type="org.openqa.selenium.NoSuchElementException" message="Unable to locate element: (//footer//button)[1]
For documentation on this error, please visit: https://www.selenium.dev/documentation/webdriver/troubleshooting/errors#no-such-element-exception
Build info: version: &amp;apos;4.17.0&amp;apos;, revision: &amp;apos;e52b1be057*&amp;apos;
System info: os.name: &amp;apos;Mac OS X&amp;apos;, os.arch: &amp;apos;x86_64&amp;apos;, os.version: &amp;apos;12.7.2&amp;apos;, java.version: &amp;apos;20.0.2&amp;apos;
Driver info: org.openqa.selenium.firefox.FirefoxDriver
Command: [0ceccd4d-2b63-48f3-8626-661ceb055ab0, findElement {value=(//footer//button)[1], using=xpath}]
Capabilities {acceptInsecureCerts: true, browserName: firefox, browserVersion: 122.0, moz:accessibilityChecks: false, moz:buildID: 20240118164516, moz:debuggerAddress: 127.0.0.1:16326, moz:geckodriverVersion: 0.34.0, moz:headless: false, moz:platformVersion: 21.6.0, moz:processID: 7753, moz:profile: /var/folders/5m/4nc0x2kn289..., moz:shutdownTimeout: 60000, moz:webdriverClick: true, moz:windowless: false, pageLoadStrategy: normal, platformName: mac, proxy: Proxy(), se:cdp: ws://127.0.0.1:16326/devtoo..., se:cdpVersion: 85.0, setWindowRect: true, strictFileInteractability: false, timeouts: {implicit: 0, pageLoad: 300000, script: 30000}, unhandledPromptBehavior: dismiss and notify}
Session ID: 0ceccd4d-2b63-48f3-8626-661ceb055ab0">
      <![CDATA[org.openqa.selenium.NoSuchElementException: Unable to locate element: (//footer//button)[1]
For documentation on this error, please visit: https://www.selenium.dev/documentation/webdriver/troubleshooting/errors#no-such-element-exception
Build info: version: '4.17.0', revision: 'e52b1be057*'
System info: os.name: 'Mac OS X', os.arch: 'x86_64', os.version: '12.7.2', java.version: '20.0.2'
Driver info: org.openqa.selenium.firefox.FirefoxDriver
Command: [0ceccd4d-2b63-48f3-8626-661ceb055ab0, findElement {value=(//footer//button)[1], using=xpath}]
Capabilities {acceptInsecureCerts: true, browserName: firefox, browserVersion: 122.0, moz:accessibilityChecks: false, moz:buildID: 20240118164516, moz:debuggerAddress: 127.0.0.1:16326, moz:geckodriverVersion: 0.34.0, moz:headless: false, moz:platformVersion: 21.6.0, moz:processID: 7753, moz:profile: /var/folders/5m/4nc0x2kn289..., moz:shutdownTimeout: 60000, moz:webdriverClick: true, moz:windowless: false, pageLoadStrategy: normal, platformName: mac, proxy: Proxy(), se:cdp: ws://127.0.0.1:16326/devtoo..., se:cdpVersion: 85.0, setWindowRect: true, strictFileInteractability: false, timeouts: {implicit: 0, pageLoad: 300000, script: 30000}, unhandledPromptBehavior: dismiss and notify}
Session ID: 0ceccd4d-2b63-48f3-8626-661ceb055ab0
	at org.openqa.selenium.remote.codec.w3c.W3CHttpResponseCodec.createException(W3CHttpResponseCodec.java:185)
	at org.openqa.selenium.remote.codec.w3c.W3CHttpResponseCodec.decode(W3CHttpResponseCodec.java:134)
	at org.openqa.selenium.remote.codec.w3c.W3CHttpResponseCodec.decode(W3CHttpResponseCodec.java:51)
	at org.openqa.selenium.remote.HttpCommandExecutor.execute(HttpCommandExecutor.java:190)
	at org.openqa.selenium.remote.service.DriverCommandExecutor.invokeExecute(DriverCommandExecutor.java:216)
	at org.openqa.selenium.remote.service.DriverCommandExecutor.execute(DriverCommandExecutor.java:174)
	at org.openqa.selenium.remote.RemoteWebDriver.execute(RemoteWebDriver.java:519)
	at org.openqa.selenium.remote.ElementLocation$ElementFinder$2.findElement(ElementLocation.java:165)
	at org.openqa.selenium.remote.ElementLocation.findElement(ElementLocation.java:59)
	at org.openqa.selenium.remote.RemoteWebDriver.findElement(RemoteWebDriver.java:356)
	at org.openqa.selenium.remote.RemoteWebDriver.findElement(RemoteWebDriver.java:350)
	at com.ugapp.pages.MyInformationPage.requiredFields(MyInformationPage.java:66)
	at com.ugapp.testcases.TC_09_MyInformationPageTest.requiredErrorMesssage(TC_09_MyInformationPageTest.java:29)
	at java.base/java.util.concurrent.FutureTask.run(FutureTask.java:317)
	at java.base/java.util.concurrent.ThreadPoolExecutor.runWorker(ThreadPoolExecutor.java:1144)
	at java.base/java.util.concurrent.ThreadPoolExecutor$Worker.run(ThreadPoolExecutor.java:642)
	at java.base/java.lang.Thread.run(Thread.java:1623)
... Removed 17 stack frames]]>
    </failure>
  </testcase> <!-- requiredErrorMesssage -->
  <testcase classname="com.ugapp.testcases.TC_09_MyInformationPageTest" name="validateNeedhelpform" time="0.001">
    <failure type="org.openqa.selenium.NoSuchSessionException" message="Session ID is null. Using WebDriver after calling quit()?
Build info: version: &amp;apos;4.17.0&amp;apos;, revision: &amp;apos;e52b1be057*&amp;apos;
System info: os.name: &amp;apos;Mac OS X&amp;apos;, os.arch: &amp;apos;x86_64&amp;apos;, os.version: &amp;apos;12.7.2&amp;apos;, java.version: &amp;apos;20.0.2&amp;apos;
Driver info: org.openqa.selenium.chrome.ChromeDriver
Command: [null, findElement {value=//div[@class=&amp;apos;position-absolute&amp;apos;], using=xpath}]
Capabilities {acceptInsecureCerts: false, browserName: chrome, browserVersion: 121.0.6167.85, chrome: {chromedriverVersion: 121.0.6167.85 (3f98d690ad7e..., userDataDir: /var/folders/5m/4nc0x2kn289...}, fedcm:accounts: true, goog:chromeOptions: {debuggerAddress: localhost:51562}, networkConnectionEnabled: false, pageLoadStrategy: normal, platformName: mac, proxy: Proxy(), se:cdp: ws://localhost:51562/devtoo..., se:cdpVersion: 121.0.6167.85, setWindowRect: true, strictFileInteractability: false, timeouts: {implicit: 0, pageLoad: 300000, script: 30000}, unhandledPromptBehavior: dismiss and notify, webauthn:extension:credBlob: true, webauthn:extension:largeBlob: true, webauthn:extension:minPinLength: true, webauthn:extension:prf: true, webauthn:virtualAuthenticators: true}">
      <![CDATA[org.openqa.selenium.NoSuchSessionException: Session ID is null. Using WebDriver after calling quit()?
Build info: version: '4.17.0', revision: 'e52b1be057*'
System info: os.name: 'Mac OS X', os.arch: 'x86_64', os.version: '12.7.2', java.version: '20.0.2'
Driver info: org.openqa.selenium.chrome.ChromeDriver
Command: [null, findElement {value=//div[@class='position-absolute'], using=xpath}]
Capabilities {acceptInsecureCerts: false, browserName: chrome, browserVersion: 121.0.6167.85, chrome: {chromedriverVersion: 121.0.6167.85 (3f98d690ad7e..., userDataDir: /var/folders/5m/4nc0x2kn289...}, fedcm:accounts: true, goog:chromeOptions: {debuggerAddress: localhost:51562}, networkConnectionEnabled: false, pageLoadStrategy: normal, platformName: mac, proxy: Proxy(), se:cdp: ws://localhost:51562/devtoo..., se:cdpVersion: 121.0.6167.85, setWindowRect: true, strictFileInteractability: false, timeouts: {implicit: 0, pageLoad: 300000, script: 30000}, unhandledPromptBehavior: dismiss and notify, webauthn:extension:credBlob: true, webauthn:extension:largeBlob: true, webauthn:extension:minPinLength: true, webauthn:extension:prf: true, webauthn:virtualAuthenticators: true}
	at org.openqa.selenium.remote.HttpCommandExecutor.execute(HttpCommandExecutor.java:151)
	at org.openqa.selenium.remote.service.DriverCommandExecutor.invokeExecute(DriverCommandExecutor.java:216)
	at org.openqa.selenium.remote.service.DriverCommandExecutor.execute(DriverCommandExecutor.java:174)
	at org.openqa.selenium.remote.RemoteWebDriver.execute(RemoteWebDriver.java:519)
	at org.openqa.selenium.remote.ElementLocation$ElementFinder$2.findElement(ElementLocation.java:165)
	at org.openqa.selenium.remote.ElementLocation.findElement(ElementLocation.java:59)
	at org.openqa.selenium.remote.RemoteWebDriver.findElement(RemoteWebDriver.java:356)
	at org.openqa.selenium.remote.RemoteWebDriver.findElement(RemoteWebDriver.java:350)
	at org.openqa.selenium.support.ui.ExpectedConditions$20.apply(ExpectedConditions.java:569)
	at org.openqa.selenium.support.ui.ExpectedConditions$20.apply(ExpectedConditions.java:565)
	at org.openqa.selenium.support.ui.FluentWait.until(FluentWait.java:203)
	at com.ugapp.base.Page.waitTillLoaderDisappears(Page.java:333)
	at com.ugapp.testcases.TC_09_MyInformationPageTest.validateNeedhelpform(TC_09_MyInformationPageTest.java:34)
	at java.base/java.util.concurrent.FutureTask.run(FutureTask.java:317)
	at java.base/java.util.concurrent.ThreadPoolExecutor.runWorker(ThreadPoolExecutor.java:1144)
[...]
	at org.openqa.selenium.remote.service.DriverCommandExecutor.execute(DriverCommandExecutor.java:174)
	at org.openqa.selenium.remote.RemoteWebDriver.execute(RemoteWebDriver.java:519)
	at org.openqa.selenium.remote.ElementLocation$ElementFinder$2.findElement(ElementLocation.java:165)
	at org.openqa.selenium.remote.ElementLocation.findElement(ElementLocation.java:59)
	at org.openqa.selenium.remote.RemoteWebDriver.findElement(RemoteWebDriver.java:356)
	at org.openqa.selenium.remote.RemoteWebDriver.findElement(RemoteWebDriver.java:350)
	at com.ugapp.pages.MyInformationPage.SpouseOrDependent_Military(MyInformationPage.java:2640)
	at com.ugapp.testcases.TC_09_MyInformationPageTest.SpouseOrDependent_MilitaryTest(TC_09_MyInformationPageTest.java:237)
	at java.base/java.util.concurrent.FutureTask.run(FutureTask.java:317)
	at java.base/java.util.concurrent.ThreadPoolExecutor.runWorker(ThreadPoolExecutor.java:1144)
	at java.base/java.util.concurrent.ThreadPoolExecutor$Worker.run(ThreadPoolExecutor.java:642)
	at java.base/java.lang.Thread.run(Thread.java:1623)
... Removed 17 stack frames]]>
    </failure>
  </testcase> <!-- SpouseOrDependent_MilitaryTest -->
  <testcase classname="com.ugapp.testcases.TC_09_MyInformationPageTest" name="Partner_benefitsTest" time="0.01">
    <failure type="org.openqa.selenium.NoSuchElementException" message="Unable to locate element: //span[.=&amp;apos; Partner benefits&amp;apos;]
For documentation on this error, please visit: https://www.selenium.dev/documentation/webdriver/troubleshooting/errors#no-such-element-exception
Build info: version: &amp;apos;4.17.0&amp;apos;, revision: &amp;apos;e52b1be057*&amp;apos;
System info: os.name: &amp;apos;Mac OS X&amp;apos;, os.arch: &amp;apos;x86_64&amp;apos;, os.version: &amp;apos;12.7.2&amp;apos;, java.version: &amp;apos;20.0.2&amp;apos;
Driver info: org.openqa.selenium.firefox.FirefoxDriver
Command: [0ceccd4d-2b63-48f3-8626-661ceb055ab0, findElement {value=//span[.=&amp;apos; Partner benefits&amp;apos;], using=xpath}]
Capabilities {acceptInsecureCerts: true, browserName: firefox, browserVersion: 122.0, moz:accessibilityChecks: false, moz:buildID: 20240118164516, moz:debuggerAddress: 127.0.0.1:16326, moz:geckodriverVersion: 0.34.0, moz:headless: false, moz:platformVersion: 21.6.0, moz:processID: 7753, moz:profile: /var/folders/5m/4nc0x2kn289..., moz:shutdownTimeout: 60000, moz:webdriverClick: true, moz:windowless: false, pageLoadStrategy: normal, platformName: mac, proxy: Proxy(), se:cdp: ws://127.0.0.1:16326/devtoo..., se:cdpVersion: 85.0, setWindowRect: true, strictFileInteractability: false, timeouts: {implicit: 0, pageLoad: 300000, script: 30000}, unhandledPromptBehavior: dismiss and notify}
Session ID: 0ceccd4d-2b63-48f3-8626-661ceb055ab0">
      <![CDATA[org.openqa.selenium.NoSuchElementException: Unable to locate element: //span[.=' Partner benefits']
For documentation on this error, please visit: https://www.selenium.dev/documentation/webdriver/troubleshooting/errors#no-such-element-exception
Build info: version: '4.17.0', revision: 'e52b1be057*'
System info: os.name: 'Mac OS X', os.arch: 'x86_64', os.version: '12.7.2', java.version: '20.0.2'
Driver info: org.openqa.selenium.firefox.FirefoxDriver
Command: [0ceccd4d-2b63-48f3-8626-661ceb055ab0, findElement {value=//span[.=' Partner benefits'], using=xpath}]
Capabilities {acceptInsecureCerts: true, browserName: firefox, browserVersion: 122.0, moz:accessibilityChecks: false, moz:buildID: 20240118164516, moz:debuggerAddress: 127.0.0.1:16326, moz:geckodriverVersion: 0.34.0, moz:headless: false, moz:platformVersion: 21.6.0, moz:processID: 7753, moz:profile: /var/folders/5m/4nc0x2kn289..., moz:shutdownTimeout: 60000, moz:webdriverClick: true, moz:windowless: false, pageLoadStrategy: normal, platformName: mac, proxy: Proxy(), se:cdp: ws://127.0.0.1:16326/devtoo..., se:cdpVersion: 85.0, setWindowRect: true, strictFileInteractability: false, timeouts: {implicit: 0, pageLoad: 300000, script: 30000}, unhandledPromptBehavior: dismiss and notify}
Session ID: 0ceccd4d-2b63-48f3-8626-661ceb055ab0
	at org.openqa.selenium.remote.codec.w3c.W3CHttpResponseCodec.createException(W3CHttpResponseCodec.java:185)
	at org.openqa.selenium.remote.codec.w3c.W3CHttpResponseCodec.decode(W3CHttpResponseCodec.java:134)
	at org.openqa.selenium.remote.codec.w3c.W3CHttpResponseCodec.decode(W3CHttpResponseCodec.java:51)
	at org.openqa.selenium.remote.HttpCommandExecutor.execute(HttpCommandExecutor.java:190)
	at org.openqa.selenium.remote.service.DriverCommandExecutor.invokeExecute(DriverCommandExecutor.java:216)
	at org.openqa.selenium.remote.service.DriverCommandExecutor.execute(DriverCommandExecutor.java:174)
	at org.openqa.selenium.remote.RemoteWebDriver.execute(RemoteWebDriver.java:519)
	at org.openqa.selenium.remote.ElementLocation$ElementFinder$2.findElement(ElementLocation.java:165)
	at org.openqa.selenium.remote.ElementLocation.findElement(ElementLocation.java:59)
	at org.openqa.selenium.remote.RemoteWebDriver.findElement(RemoteWebDriver.java:356)
	at org.openqa.selenium.remote.RemoteWebDriver.findElement(RemoteWebDriver.java:350)
	at com.ugapp.pages.MyInformationPage.Partner_benefits(MyInformationPage.java:2898)
	at com.ugapp.testcases.TC_09_MyInformationPageTest.Partner_benefitsTest(TC_09_MyInformationPageTest.java:278)
	at java.base/java.util.concurrent.FutureTask.run(FutureTask.java:317)
	at java.base/java.util.concurrent.ThreadPoolExecutor.runWorker(ThreadPoolExecutor.java:1144)
	at java.base/java.util.concurrent.ThreadPoolExecutor$Worker.run(ThreadPoolExecutor.java:642)
	at java.base/java.lang.Thread.run(Thread.java:1623)
... Removed 17 stack frames]]>
    </failure>
  </testcase> <!-- Partner_benefitsTest -->
  <testcase classname="com.ugapp.testcases.TC_09_MyInformationPageTest" name="FloatingNeedHelp" time="0.014">
    <failure type="org.openqa.selenium.JavascriptException" message="TypeError: arguments[0] is null
Build info: version: &amp;apos;4.17.0&amp;apos;, revision: &amp;apos;e52b1be057*&amp;apos;
System info: os.name: &amp;apos;Mac OS X&amp;apos;, os.arch: &amp;apos;x86_64&amp;apos;, os.version: &amp;apos;12.7.2&amp;apos;, java.version: &amp;apos;20.0.2&amp;apos;
Driver info: org.openqa.selenium.firefox.FirefoxDriver
Command: [0ceccd4d-2b63-48f3-8626-661ceb055ab0, executeScript {args=[null], script=arguments[0].scrollIntoView({block: &amp;apos;center&amp;apos;});}]
Capabilities {acceptInsecureCerts: true, browserName: firefox, browserVersion: 122.0, moz:accessibilityChecks: false, moz:buildID: 20240118164516, moz:debuggerAddress: 127.0.0.1:16326, moz:geckodriverVersion: 0.34.0, moz:headless: false, moz:platformVersion: 21.6.0, moz:processID: 7753, moz:profile: /var/folders/5m/4nc0x2kn289..., moz:shutdownTimeout: 60000, moz:webdriverClick: true, moz:windowless: false, pageLoadStrategy: normal, platformName: mac, proxy: Proxy(), se:cdp: ws://127.0.0.1:16326/devtoo..., se:cdpVersion: 85.0, setWindowRect: true, strictFileInteractability: false, timeouts: {implicit: 0, pageLoad: 300000, script: 30000}, unhandledPromptBehavior: dismiss and notify}
Session ID: 0ceccd4d-2b63-48f3-8626-661ceb055ab0">
      <![CDATA[org.openqa.selenium.JavascriptException: TypeError: arguments[0] is null
Build info: version: '4.17.0', revision: 'e52b1be057*'
System info: os.name: 'Mac OS X', os.arch: 'x86_64', os.version: '12.7.2', java.version: '20.0.2'
Driver info: org.openqa.selenium.firefox.FirefoxDriver
Command: [0ceccd4d-2b63-48f3-8626-661ceb055ab0, executeScript {args=[null], script=arguments[0].scrollIntoView({block: 'center'});}]
Capabilities {acceptInsecureCerts: true, browserName: firefox, browserVersion: 122.0, moz:accessibilityChecks: false, moz:buildID: 20240118164516, moz:debuggerAddress: 127.0.0.1:16326, moz:geckodriverVersion: 0.34.0, moz:headless: false, moz:platformVersion: 21.6.0, moz:processID: 7753, moz:profile: /var/folders/5m/4nc0x2kn289..., moz:shutdownTimeout: 60000, moz:webdriverClick: true, moz:windowless: false, pageLoadStrategy: normal, platformName: mac, proxy: Proxy(), se:cdp: ws://127.0.0.1:16326/devtoo..., se:cdpVersion: 85.0, setWindowRect: true, strictFileInteractability: false, timeouts: {implicit: 0, pageLoad: 300000, script: 30000}, unhandledPromptBehavior: dismiss and notify}
Session ID: 0ceccd4d-2b63-48f3-8626-661ceb055ab0
	at org.openqa.selenium.remote.codec.w3c.W3CHttpResponseCodec.createException(W3CHttpResponseCodec.java:185)
	at org.openqa.selenium.remote.codec.w3c.W3CHttpResponseCodec.decode(W3CHttpResponseCodec.java:134)
	at org.openqa.selenium.remote.codec.w3c.W3CHttpResponseCodec.decode(W3CHttpResponseCodec.java:51)
	at org.openqa.selenium.remote.HttpCommandExecutor.execute(HttpCommandExecutor.java:190)
	at org.openqa.selenium.remote.service.DriverCommandExecutor.invokeExecute(DriverCommandExecutor.java:216)
	at org.openqa.selenium.remote.service.DriverCommandExecutor.execute(DriverCommandExecutor.java:174)
	at org.openqa.selenium.remote.RemoteWebDriver.execute(RemoteWebDriver.java:519)
	at org.openqa.selenium.remote.RemoteWebDriver.executeScript(RemoteWebDriver.java:464)
	at com.ugapp.pages.NeedHelpPage.validateFooterNeedHelp(NeedHelpPage.java:206)
	at com.ugapp.testcases.TC_09_MyInformationPageTest.FloatingNeedHelp(TC_09_MyInformationPageTest.java:285)
	at java.base/java.util.concurrent.FutureTask.run(FutureTask.java:317)
	at java.base/java.util.concurrent.ThreadPoolExecutor.runWorker(ThreadPoolExecutor.java:1144)
	at java.base/java.util.concurrent.ThreadPoolExecutor$Worker.run(ThreadPoolExecutor.java:642)
	at java.base/java.lang.Thread.run(Thread.java:1623)
... Removed 17 stack frames]]>
    </failure>
  </testcase> <!-- FloatingNeedHelp -->
  <testcase classname="com.ugapp.testcases.TC_09_MyInformationPageTest" name="SavePageTest" time="2.009">
    <failure type="org.openqa.selenium.NoSuchElementException" message="Unable to locate element: //span[.=&amp;apos; Home address and phone&amp;apos;]
For documentation on this error, please visit: https://www.selenium.dev/documentation/webdriver/troubleshooting/errors#no-such-element-exception
Build info: version: &amp;apos;4.17.0&amp;apos;, revision: &amp;apos;e52b1be057*&amp;apos;
System info: os.name: &amp;apos;Mac OS X&amp;apos;, os.arch: &amp;apos;x86_64&amp;apos;, os.version: &amp;apos;12.7.2&amp;apos;, java.version: &amp;apos;20.0.2&amp;apos;
Driver info: org.openqa.selenium.firefox.FirefoxDriver
Command: [0ceccd4d-2b63-48f3-8626-661ceb055ab0, findElement {value=//span[.=&amp;apos; Home address and phone&amp;apos;], using=xpath}]
Capabilities {acceptInsecureCerts: true, browserName: firefox, browserVersion: 122.0, moz:accessibilityChecks: false, moz:buildID: 20240118164516, moz:debuggerAddress: 127.0.0.1:16326, moz:geckodriverVersion: 0.34.0, moz:headless: false, moz:platformVersion: 21.6.0, moz:processID: 7753, moz:profile: /var/folders/5m/4nc0x2kn289..., moz:shutdownTimeout: 60000, moz:webdriverClick: true, moz:windowless: false, pageLoadStrategy: normal, platformName: mac, proxy: Proxy(), se:cdp: ws://127.0.0.1:16326/devtoo..., se:cdpVersion: 85.0, setWindowRect: true, strictFileInteractability: false, timeouts: {implicit: 0, pageLoad: 300000, script: 30000}, unhandledPromptBehavior: dismiss and notify}
Session ID: 0ceccd4d-2b63-48f3-8626-661ceb055ab0">
      <![CDATA[org.openqa.selenium.NoSuchElementException: Unable to locate element: //span[.=' Home address and phone']
For documentation on this error, please visit: https://www.selenium.dev/documentation/webdriver/troubleshooting/errors#no-such-element-exception
Build info: version: '4.17.0', revision: 'e52b1be057*'
System info: os.name: 'Mac OS X', os.arch: 'x86_64', os.version: '12.7.2', java.version: '20.0.2'
Driver info: org.openqa.selenium.firefox.FirefoxDriver
Command: [0ceccd4d-2b63-48f3-8626-661ceb055ab0, findElement {value=//span[.=' Home address and phone'], using=xpath}]
Capabilities {acceptInsecureCerts: true, browserName: firefox, browserVersion: 122.0, moz:accessibilityChecks: false, moz:buildID: 20240118164516, moz:debuggerAddress: 127.0.0.1:16326, moz:geckodriverVersion: 0.34.0, moz:headless: false, moz:platformVersion: 21.6.0, moz:processID: 7753, moz:profile: /var/folders/5m/4nc0x2kn289..., moz:shutdownTimeout: 60000, moz:webdriverClick: true, moz:windowless: false, pageLoadStrategy: normal, platformName: mac, proxy: Proxy(), se:cdp: ws://127.0.0.1:16326/devtoo..., se:cdpVersion: 85.0, setWindowRect: true, strictFileInteractability: false, timeouts: {implicit: 0, pageLoad: 300000, script: 30000}, unhandledPromptBehavior: dismiss and notify}
Session ID: 0ceccd4d-2b63-48f3-8626-661ceb055ab0
	at org.openqa.selenium.remote.codec.w3c.W3CHttpResponseCodec.createException(W3CHttpResponseCodec.java:185)
	at org.openqa.selenium.remote.codec.w3c.W3CHttpResponseCodec.decode(W3CHttpResponseCodec.java:134)
	at org.openqa.selenium.remote.codec.w3c.W3CHttpResponseCodec.decode(W3CHttpResponseCodec.java:51)
	at org.openqa.selenium.remote.HttpCommandExecutor.execute(HttpCommandExecutor.java:190)
	at org.openqa.selenium.remote.service.DriverCommandExecutor.invokeExecute(DriverCommandExecutor.java:216)
	at org.openqa.selenium.remote.service.DriverCommandExecutor.execute(DriverCommandExecutor.java:174)
	at org.openqa.selenium.remote.RemoteWebDriver.execute(RemoteWebDriver.java:519)
	at org.openqa.selenium.remote.ElementLocation$ElementFinder$2.findElement(ElementLocation.java:165)
	at org.openqa.selenium.remote.ElementLocation.findElement(ElementLocation.java:59)
	at org.openqa.selenium.remote.RemoteWebDriver.findElement(RemoteWebDriver.java:356)
	at org.openqa.selenium.remote.RemoteWebDriver.findElement(RemoteWebDriver.java:350)
	at com.ugapp.pages.MyInformationPage.SaveThePage(MyInformationPage.java:3770)
	at com.ugapp.testcases.TC_09_MyInformationPageTest.SavePageTest(TC_09_MyInformationPageTest.java:300)
	at java.base/java.util.concurrent.FutureTask.run(FutureTask.java:317)
	at java.base/java.util.concurrent.ThreadPoolExecutor.runWorker(ThreadPoolExecutor.java:1144)
	at java.base/java.util.concurrent.ThreadPoolExecutor$Worker.run(ThreadPoolExecutor.java:642)
	at java.base/java.lang.Thread.run(Thread.java:1623)
... Removed 17 stack frames]]>
    </failure>
  </testcase> <!-- SavePageTest -->
  <testcase classname="com.ugapp.testcases.TC_09_MyInformationPageTest" name="visaType_DACA_UDTest" time="0.0">
    <ignored/>
  </testcase> <!-- visaType_DACA_UDTest -->
  <testcase classname="com.ugapp.testcases.TC_08_PreAppDashboardTest" name="BirthdayAge_24Test" time="0.0">
    <ignored/>
  </testcase> <!-- BirthdayAge_24Test -->
  <testcase classname="com.ugapp.testcases.TC_09_MyInformationPageTest" name="Not_US_Citizenship" time="0.0">
    <ignored/>
  </testcase> <!-- Not_US_Citizenship -->
  <testcase classname="com.ugapp.testcases.BaseTest" name="@AfterTest tearDown" time="0.0">
    <ignored/>
  </testcase> <!-- @AfterTest tearDown -->
  <testcase classname="com.ugapp.testcases.BaseTest" name="@AfterTest tearDown" time="0.0">
    <ignored/>
  </testcase> <!-- @AfterTest tearDown -->
  <testcase classname="com.ugapp.testcases.BaseTest" name="@AfterTest tearDown" time="0.0">
    <ignored/>
  </testcase> <!-- @AfterTest tearDown -->
  <testcase classname="com.ugapp.testcases.BaseTest" name="@AfterTest tearDown" time="0.0">
    <ignored/>
  </testcase> <!-- @AfterTest tearDown -->
  <testcase classname="com.ugapp.testcases.BaseTest" name="@AfterTest tearDown" time="0.0">
    <ignored/>
  </testcase> <!-- @AfterTest tearDown -->
  <testcase classname="com.ugapp.testcases.BaseTest" name="@AfterTest tearDown" time="0.0">
    <ignored/>
  </testcase> <!-- @AfterTest tearDown -->
  <testcase classname="com.ugapp.testcases.TC_09_MyInformationPageTest" name="visaType_F1_J1_JNTest" time="0.0">
    <ignored/>
  </testcase> <!-- visaType_F1_J1_JNTest -->
  <testcase classname="com.ugapp.testcases.TC_09_MyInformationPageTest" name="ArmedForceReserveOrNationalGuardian_MilitaryTest" time="0.0">
    <ignored/>
  </testcase> <!-- ArmedForceReserveOrNationalGuardian_MilitaryTest -->
  <testcase classname="com.ugapp.testcases.TC_08_PreAppDashboardTest" name="BirthdayAge_Btn18_24Test" time="0.0">
    <ignored/>
  </testcase> <!-- BirthdayAge_Btn18_24Test -->
  <testcase classname="com.ugapp.testcases.TC_09_MyInformationPageTest" name="visaType_PermResRefugeeTest" time="0.0">
    <ignored/>
  </testcase> <!-- visaType_PermResRefugeeTest -->
  <testcase classname="com.ugapp.testcases.BaseTest" name="@BeforeTest setup" time="0.0">
    <ignored/>
  </testcase> <!-- @BeforeTest setup -->
  <testcase classname="com.ugapp.testcases.BaseTest" name="@BeforeTest setup" time="0.0">
    <ignored/>
  </testcase> <!-- @BeforeTest setup -->
  <testcase classname="com.ugapp.testcases.BaseTest" name="@BeforeTest setup" time="0.0">
    <ignored/>
  </testcase> <!-- @BeforeTest setup -->
  <testcase classname="com.ugapp.testcases.BaseTest" name="@BeforeTest setup" time="0.0">
    <ignored/>
  </testcase> <!-- @BeforeTest setup -->
  <testcase classname="com.ugapp.testcases.BaseTest" name="@BeforeTest setup" time="0.0">
    <ignored/>
  </testcase> <!-- @BeforeTest setup -->
  <testcase classname="com.ugapp.testcases.BaseTest" name="@BeforeTest setup" time="0.0">
    <ignored/>
  </testcase> <!-- @BeforeTest setup -->
  <testcase classname="com.ugapp.testcases.TC_08_PreAppDashboardTest" name="BirthdayAge_Less18Test" time="0.0">
    <ignored/>
  </testcase> <!-- BirthdayAge_Less18Test -->
  <testcase classname="com.ugapp.testcases.TC_09_MyInformationPageTest" name="NoneOfTheseApply_MilitaryTest" time="0.0">
    <ignored/>
  </testcase> <!-- NoneOfTheseApply_MilitaryTest -->
  <testcase classname="com.ugapp.testcases.TC_04_CreateAccountTest" name="CreateRandomAccTest" time="0.0">
    <ignored/>
  </testcase> <!-- CreateRandomAccTest -->
  <testcase classname="com.ugapp.testcases.TC_08_PreAppDashboardTest" name="Birthday_Random" time="0.0">
    <ignored/>
  </testcase> <!-- Birthday_Random -->
  <testcase classname="com.ugapp.testcases.TC_09_MyInformationPageTest" name="Veteran_MilitaryTest" time="0.0">
    <ignored/>
  </testcase> <!-- Veteran_MilitaryTest -->
  <testcase classname="com.ugapp.testcases.TC_08_PreAppDashboardTest" name="BirthdayAge_18Test" time="0.0">
    <ignored/>
  </testcase> <!-- BirthdayAge_18Test -->
  <testcase classname="com.ugapp.testcases.TC_01_LandingPageTest" name="CreateNewAcc" time="0.0">
    <ignored/>
  </testcase> <!-- CreateNewAcc -->
  <testcase classname="com.ugapp.testcases.TC_08_PreAppDashboardTest" name="PreAppDashboardNames" time="0.0">
    <ignored/>
  </testcase> <!-- PreAppDashboardNames -->
  <testcase classname="com.ugapp.testcases.TC_09_MyInformationPageTest" name="ActiveDuty_MilitaryTest" time="0.0">
    <ignored/>
  </testcase> <!-- ActiveDuty_MilitaryTest -->
  <testcase classname="com.ugapp.testcases.TC_09_MyInformationPageTest" name="Random_HomeaddressAndPhoneTest" time="0.0">
    <ignored/>
  </testcase> <!-- Random_HomeaddressAndPhoneTest -->
  <testcase classname="com.ugapp.testcases.BaseTest" name="@BeforeTest colNum" time="0.0">
    <ignored/>
  </testcase> <!-- @BeforeTest colNum -->
  <testcase classname="com.ugapp.testcases.BaseTest" name="@BeforeTest colNum" time="0.0">
    <ignored/>
  </testcase> <!-- @BeforeTest colNum -->
  <testcase classname="com.ugapp.testcases.BaseTest" name="@BeforeTest colNum" time="0.0">
    <ignored/>
  </testcase> <!-- @BeforeTest colNum -->
  <testcase classname="com.ugapp.testcases.BaseTest" name="@BeforeTest colNum" time="0.0">
    <ignored/>
  </testcase> <!-- @BeforeTest colNum -->
  <testcase classname="com.ugapp.testcases.BaseTest" name="@BeforeTest colNum" time="0.0">
    <ignored/>
  </testcase> <!-- @BeforeTest colNum -->
  <testcase classname="com.ugapp.testcases.BaseTest" name="@BeforeTest colNum" time="0.0">
    <ignored/>
  </testcase> <!-- @BeforeTest colNum -->
</testsuite> <!-- F1_Greater24_US_Res_SpouseDependent_FutureGrad_InstateSchool_OOS -->
