<?xml version="1.0" encoding="UTF-8"?>
<!-- Generated by org.testng.reporters.JUnitXMLReporter -->
<testsuite ignored="6" hostname="Admins-MacBook-Pro.local" failures="1" tests="7" name="TC_15_ReviewTest" time="91.591" errors="0" timestamp="2024-09-20T17:34:32 IST">
  <testcase classname="com.ugapp.testcases.TC_15_ReviewTest" name="review" time="5.629"/>
  <testcase classname="com.ugapp.testcases.TC_15_ReviewTest" name="writeReview" time="26.353"/>
  <testcase classname="com.ugapp.testcases.TC_15_ReviewTest" name="CompareValidWithReview" time="0.174"/>
  <testcase classname="com.ugapp.testcases.TC_15_ReviewTest" name="QTRcheckTest" time="8.642"/>
  <testcase classname="com.ugapp.testcases.TC_15_ReviewTest" name="ApplicationAffidavitTest" time="12.311"/>
  <testcase classname="com.ugapp.testcases.TC_15_ReviewTest" name="AcknowledgementTest" time="3.145"/>
  <testcase classname="com.ugapp.testcases.TC_15_ReviewTest" name="ABOR_RandomChoiceTest" time="34.606">
    <failure type="org.openqa.selenium.NoSuchElementException" message="no such element: Unable to locate element: {&amp;quot;method&amp;quot;:&amp;quot;xpath&amp;quot;,&amp;quot;selector&amp;quot;:&amp;quot;//div[@data-cy=&amp;apos;app-dashboard-application-submission-alert&amp;apos;]//span[.=&amp;apos;See my next steps&amp;apos;]&amp;quot;}
  (Session info: chrome=129.0.6668.58)
For documentation on this error, please visit: https://www.selenium.dev/documentation/webdriver/troubleshooting/errors#no-such-element-exception
Build info: version: &amp;apos;4.24.0&amp;apos;, revision: &amp;apos;748ffc9bc3&amp;apos;
System info: os.name: &amp;apos;Mac OS X&amp;apos;, os.arch: &amp;apos;x86_64&amp;apos;, os.version: &amp;apos;12.7.6&amp;apos;, java.version: &amp;apos;17.0.8.1&amp;apos;
Driver info: org.openqa.selenium.chrome.ChromeDriver
Command: [d1663b7edc26290f64c1d8664a7be2b2, findElement {value=//div[@data-cy=&amp;apos;app-dashboard-application-submission-alert&amp;apos;]//span[.=&amp;apos;See my next steps&amp;apos;], using=xpath}]
Capabilities {acceptInsecureCerts: false, browserName: chrome, browserVersion: 129.0.6668.58, chrome: {chromedriverVersion: 129.0.6668.58 (81a06fb873a9...}, fedcm:accounts: true, goog:chromeOptions: {debuggerAddress: localhost:56446}, pageLoadStrategy: normal, platformName: any, proxy: Proxy(), se:cdp: ws://localhost:56446/devtoo..., se:cdpVersion: 129.0.6668.58, setWindowRect: false, strictFileInteractability: false, timeouts: {implicit: 0, pageLoad: 300000, script: 30000}, unhandledPromptBehavior: dismiss and notify, webauthn:extension:credBlob: true, webauthn:extension:largeBlob: true, webauthn:extension:minPinLength: true, webauthn:extension:prf: true, webauthn:virtualAuthenticators: true}
Session ID: d1663b7edc26290f64c1d8664a7be2b2">
      <![CDATA[org.openqa.selenium.NoSuchElementException: no such element: Unable to locate element: {"method":"xpath","selector":"//div[@data-cy='app-dashboard-application-submission-alert']//span[.='See my next steps']"}
  (Session info: chrome=129.0.6668.58)
For documentation on this error, please visit: https://www.selenium.dev/documentation/webdriver/troubleshooting/errors#no-such-element-exception
Build info: version: '4.24.0', revision: '748ffc9bc3'
System info: os.name: 'Mac OS X', os.arch: 'x86_64', os.version: '12.7.6', java.version: '17.0.8.1'
Driver info: org.openqa.selenium.chrome.ChromeDriver
Command: [d1663b7edc26290f64c1d8664a7be2b2, findElement {value=//div[@data-cy='app-dashboard-application-submission-alert']//span[.='See my next steps'], using=xpath}]
Capabilities {acceptInsecureCerts: false, browserName: chrome, browserVersion: 129.0.6668.58, chrome: {chromedriverVersion: 129.0.6668.58 (81a06fb873a9...}, fedcm:accounts: true, goog:chromeOptions: {debuggerAddress: localhost:56446}, pageLoadStrategy: normal, platformName: any, proxy: Proxy(), se:cdp: ws://localhost:56446/devtoo..., se:cdpVersion: 129.0.6668.58, setWindowRect: false, strictFileInteractability: false, timeouts: {implicit: 0, pageLoad: 300000, script: 30000}, unhandledPromptBehavior: dismiss and notify, webauthn:extension:credBlob: true, webauthn:extension:largeBlob: true, webauthn:extension:minPinLength: true, webauthn:extension:prf: true, webauthn:virtualAuthenticators: true}
Session ID: d1663b7edc26290f64c1d8664a7be2b2
at org.openqa.selenium.remote.ErrorCodec.decode(ErrorCodec.java:167)
at org.openqa.selenium.remote.codec.w3c.W3CHttpResponseCodec.decode(W3CHttpResponseCodec.java:138)
at org.openqa.selenium.remote.codec.w3c.W3CHttpResponseCodec.decode(W3CHttpResponseCodec.java:50)
at org.openqa.selenium.remote.HttpCommandExecutor.execute(HttpCommandExecutor.java:190)
at org.openqa.selenium.remote.service.DriverCommandExecutor.invokeExecute(DriverCommandExecutor.java:216)
at org.openqa.selenium.remote.service.DriverCommandExecutor.execute(DriverCommandExecutor.java:174)
at org.openqa.selenium.remote.RemoteWebDriver.execute(RemoteWebDriver.java:545)
at org.openqa.selenium.remote.ElementLocation$ElementFinder$2.findElement(ElementLocation.java:165)
at org.openqa.selenium.remote.ElementLocation.findElement(ElementLocation.java:59)
at org.openqa.selenium.remote.RemoteWebDriver.findElement(RemoteWebDriver.java:368)
at org.openqa.selenium.remote.RemoteWebDriver.findElement(RemoteWebDriver.java:362)
at com.ugapp.base.Page.click(Page.java:163)
at com.ugapp.pages.ReviewPage.ABOR_RandomChoice(ReviewPage.java:1203)
at com.ugapp.testcases.TC_15_ReviewTest.ABOR_RandomChoiceTest(TC_15_ReviewTest.java:107)
at java.base/java.util.ArrayList.forEach(ArrayList.java:1511)
... Removed 31 stack frames]]>
    </failure>
  </testcase> <!-- ABOR_RandomChoiceTest -->
  <testcase classname="com.ugapp.testcases.TC_15_ReviewTest" name="ApplicationFee_VisaTest" time="0.0">
    <ignored/>
  </testcase> <!-- ApplicationFee_VisaTest -->
  <testcase classname="com.ugapp.testcases.TC_15_ReviewTest" name="DupAppReviewCheckTest" time="0.0">
    <ignored/>
  </testcase> <!-- DupAppReviewCheckTest -->
  <testcase classname="com.ugapp.testcases.TC_15_ReviewTest" name="ApplicationFee_DiscoverTest" time="0.0">
    <ignored/>
  </testcase> <!-- ApplicationFee_DiscoverTest -->
  <testcase classname="com.ugapp.testcases.TC_15_ReviewTest" name="ApplicationFee_MasterCardTest" time="0.0">
    <ignored/>
  </testcase> <!-- ApplicationFee_MasterCardTest -->
  <testcase classname="com.ugapp.testcases.TC_15_ReviewTest" name="edit" time="0.0">
    <ignored/>
  </testcase> <!-- edit -->
  <testcase classname="com.ugapp.testcases.TC_15_ReviewTest" name="ApplicationFee_PayLaterTest" time="0.0">
    <ignored/>
  </testcase> <!-- ApplicationFee_PayLaterTest -->
</testsuite> <!-- TC_15_ReviewTest -->
