<?xml version="1.0" encoding="UTF-8"?>
<!-- Generated by org.testng.reporters.JUnitXMLReporter -->
<testsuite ignored="1" hostname="Admins-MacBook-Pro.local" failures="0" tests="1" name="F2_18To24_NonUS_Res_Veteran_PastGrad_OOS" time="17.964" errors="0" timestamp="23 Jan 2024 07:56:53 GMT">
  <testcase classname="com.ugapp.testcases.TC_01_LandingPageTest" name="verifyLandingPage" time="10.002"/>
  <testcase classname="com.ugapp.testcases.TC_01_LandingPageTest" name="CreateNewAcc" time="0.0">
    <ignored/>
  </testcase> <!-- CreateNewAcc -->
</testsuite> <!-- F2_18To24_NonUS_Res_Veteran_PastGrad_OOS -->
