<?xml version="1.0" encoding="UTF-8"?>
<!-- Generated by org.testng.reporters.JUnitXMLReporter -->
<testsuite ignored="1" hostname="Admins-MacBook-Pro.local" failures="1" tests="1" name="F2_18To24_NonUS_Res_Veteran_PastGrad_OOS" time="22.797" errors="0" timestamp="12 Dec 2023 10:34:19 GMT">
  <testcase classname="com.ugapp.testcases.TC_01_LandingPageTest" name="verifyLandingPage" time="12.886">
    <failure type="org.openqa.selenium.NoSuchSessionException" message="Tried to run command without establishing a connection
Build info: version: &amp;apos;4.16.1&amp;apos;, revision: &amp;apos;9b4c83354e&amp;apos;
System info: os.name: &amp;apos;Mac OS X&amp;apos;, os.arch: &amp;apos;x86_64&amp;apos;, os.version: &amp;apos;12.7.1&amp;apos;, java.version: &amp;apos;20.0.2&amp;apos;
Driver info: org.openqa.selenium.firefox.FirefoxDriver
Command: [c86e9988-4cea-4fd7-9f77-3f0664b6b335, getCurrentUrl {}]
Capabilities {acceptInsecureCerts: true, browserName: firefox, browserVersion: 120.0.1, moz:accessibilityChecks: false, moz:buildID: 20231129155202, moz:debuggerAddress: 127.0.0.1:30950, moz:geckodriverVersion: 0.33.0, moz:headless: false, moz:platformVersion: 21.6.0, moz:processID: 8253, moz:profile: /var/folders/5m/4nc0x2kn289..., moz:shutdownTimeout: 60000, moz:webdriverClick: true, moz:windowless: false, pageLoadStrategy: normal, platformName: mac, proxy: Proxy(), se:cdp: ws://127.0.0.1:30950/devtoo..., se:cdpVersion: 85.0, setWindowRect: true, strictFileInteractability: false, timeouts: {implicit: 0, pageLoad: 300000, script: 30000}, unhandledPromptBehavior: dismiss and notify}
Session ID: c86e9988-4cea-4fd7-9f77-3f0664b6b335">
      <![CDATA[org.openqa.selenium.NoSuchSessionException: Tried to run command without establishing a connection
Build info: version: '4.16.1', revision: '9b4c83354e'
System info: os.name: 'Mac OS X', os.arch: 'x86_64', os.version: '12.7.1', java.version: '20.0.2'
Driver info: org.openqa.selenium.firefox.FirefoxDriver
Command: [c86e9988-4cea-4fd7-9f77-3f0664b6b335, getCurrentUrl {}]
Capabilities {acceptInsecureCerts: true, browserName: firefox, browserVersion: 120.0.1, moz:accessibilityChecks: false, moz:buildID: 20231129155202, moz:debuggerAddress: 127.0.0.1:30950, moz:geckodriverVersion: 0.33.0, moz:headless: false, moz:platformVersion: 21.6.0, moz:processID: 8253, moz:profile: /var/folders/5m/4nc0x2kn289..., moz:shutdownTimeout: 60000, moz:webdriverClick: true, moz:windowless: false, pageLoadStrategy: normal, platformName: mac, proxy: Proxy(), se:cdp: ws://127.0.0.1:30950/devtoo..., se:cdpVersion: 85.0, setWindowRect: true, strictFileInteractability: false, timeouts: {implicit: 0, pageLoad: 300000, script: 30000}, unhandledPromptBehavior: dismiss and notify}
Session ID: c86e9988-4cea-4fd7-9f77-3f0664b6b335
	at org.openqa.selenium.remote.codec.w3c.W3CHttpResponseCodec.createException(W3CHttpResponseCodec.java:200)
	at org.openqa.selenium.remote.codec.w3c.W3CHttpResponseCodec.decode(W3CHttpResponseCodec.java:133)
	at org.openqa.selenium.remote.codec.w3c.W3CHttpResponseCodec.decode(W3CHttpResponseCodec.java:52)
	at org.openqa.selenium.remote.HttpCommandExecutor.execute(HttpCommandExecutor.java:191)
	at org.openqa.selenium.remote.service.DriverCommandExecutor.invokeExecute(DriverCommandExecutor.java:200)
	at org.openqa.selenium.remote.service.DriverCommandExecutor.execute(DriverCommandExecutor.java:175)
	at org.openqa.selenium.remote.RemoteWebDriver.execute(RemoteWebDriver.java:523)
	at org.openqa.selenium.remote.RemoteWebDriver.execute(RemoteWebDriver.java:596)
	at org.openqa.selenium.remote.RemoteWebDriver.execute(RemoteWebDriver.java:600)
	at org.openqa.selenium.remote.RemoteWebDriver.getCurrentUrl(RemoteWebDriver.java:317)
	at com.ugapp.pages.LandingPage.ValidateForCreateAcc(LandingPage.java:59)
	at com.ugapp.testcases.TC_01_LandingPageTest.verifyLandingPage(TC_01_LandingPageTest.java:16)
	at java.base/java.util.concurrent.FutureTask.run(FutureTask.java:317)
	at java.base/java.util.concurrent.ThreadPoolExecutor.runWorker(ThreadPoolExecutor.java:1144)
	at java.base/java.util.concurrent.ThreadPoolExecutor$Worker.run(ThreadPoolExecutor.java:642)
	at java.base/java.lang.Thread.run(Thread.java:1623)
... Removed 17 stack frames]]>
    </failure>
  </testcase> <!-- verifyLandingPage -->
  <testcase classname="com.ugapp.testcases.TC_01_LandingPageTest" name="CreateNewAcc" time="0.0">
    <ignored/>
  </testcase> <!-- CreateNewAcc -->
</testsuite> <!-- F2_18To24_NonUS_Res_Veteran_PastGrad_OOS -->
