<?xml version="1.0" encoding="UTF-8"?>
<!-- Generated by org.testng.reporters.JUnitXMLReporter -->
<testsuite ignored="0" hostname="DESKTOP-OB9VDN9" failures="1" tests="9" name="My high school grades page Test" time="39.168" errors="0" timestamp="30 Oct 2023 08:27:24 GMT">
  <testcase classname="com.ugapp.testcases.TC_12_MyHighSchoolGradesTest" name="MyHighSchoolGrade" time="1.573"/>
  <testcase classname="com.ugapp.testcases.TC_12_MyHighSchoolGradesTest" name="card" time="1.531"/>
  <testcase classname="com.ugapp.testcases.TC_12_MyHighSchoolGradesTest" name="overAllAcademicsTest" time="5.27"/>
  <testcase classname="com.ugapp.testcases.TC_12_MyHighSchoolGradesTest" name="overAllAcademicsTest" time="5.317"/>
  <testcase classname="com.ugapp.testcases.TC_12_MyHighSchoolGradesTest" name="overAllAcademicsTest" time="5.204"/>
  <testcase classname="com.ugapp.testcases.TC_12_MyHighSchoolGradesTest" name="overAllAcademicsTest" time="5.208"/>
  <testcase classname="com.ugapp.testcases.TC_12_MyHighSchoolGradesTest" name="overAllAcademicsTest" time="5.138"/>
  <testcase classname="com.ugapp.testcases.TC_12_MyHighSchoolGradesTest" name="gpaScaleGradingSystem" time="6.416"/>
  <testcase classname="com.ugapp.testcases.TC_12_MyHighSchoolGradesTest" name="addCourse" time="3.08">
    <failure type="org.openqa.selenium.ElementClickInterceptedException" message="element click intercepted: Element &amp;lt;a role=&amp;quot;tab&amp;quot; tabindex=&amp;quot;-1&amp;quot; aria-selected=&amp;quot;false&amp;quot; aria-setsize=&amp;quot;7&amp;quot; aria-posinset=&amp;quot;5&amp;quot; href=&amp;quot;#&amp;quot; target=&amp;quot;_self&amp;quot; class=&amp;quot;nav-link tab-title-link-class&amp;quot; id=&amp;quot;__BVID__928___BV_tab_button__&amp;quot; aria-controls=&amp;quot;__BVID__928&amp;quot;&amp;gt;...&amp;lt;/a&amp;gt; is not clickable at point (792, 863). Other element would receive the click: &amp;lt;p data-v-711bcb8f=&amp;quot;&amp;quot; id=&amp;quot;stepper-tooltip-target-5&amp;quot; class=&amp;quot;stepper-index text-center text-dark-1 font-weight-bold mb-0&amp;quot;&amp;gt;...&amp;lt;/p&amp;gt;
  (Session info: chrome=118.0.5993.118)
Build info: version: &amp;apos;4.10.0&amp;apos;, revision: &amp;apos;c14d967899&amp;apos;
System info: os.name: &amp;apos;Windows 10&amp;apos;, os.arch: &amp;apos;amd64&amp;apos;, os.version: &amp;apos;10.0&amp;apos;, java.version: &amp;apos;20.0.1&amp;apos;
Driver info: org.openqa.selenium.chrome.ChromeDriver
Command: [9e348201ad2bd2111f9fab3b5d762560, clickElement {id=7B6A86A70FBB4FFF930CC5765B9EE87D_element_402}]
Capabilities {acceptInsecureCerts: false, browserName: chrome, browserVersion: 118.0.5993.118, chrome: {chromedriverVersion: 118.0.5993.70 (e52f33f30b91...}, fedcm:accounts: true, goog:chromeOptions: {debuggerAddress: localhost:62279}, pageLoadStrategy: normal, platformName: any, proxy: Proxy(), se:cdp: ws://localhost:62279/devtoo..., se:cdpVersion: 118.0.5993.118, setWindowRect: false, strictFileInteractability: false, timeouts: {implicit: 0, pageLoad: 300000, script: 30000}, unhandledPromptBehavior: dismiss and notify, webauthn:extension:credBlob: true, webauthn:extension:largeBlob: true, webauthn:extension:minPinLength: true, webauthn:extension:prf: true, webauthn:virtualAuthenticators: true}
Element: [[ChromeDriver: chrome on any (9e348201ad2bd2111f9fab3b5d762560)] -&amp;gt; xpath: (//ul[@role=&amp;apos;tablist&amp;apos;]//a)[5]]
Session ID: 9e348201ad2bd2111f9fab3b5d762560">
      <![CDATA[org.openqa.selenium.ElementClickInterceptedException: element click intercepted: Element <a role="tab" tabindex="-1" aria-selected="false" aria-setsize="7" aria-posinset="5" href="#" target="_self" class="nav-link tab-title-link-class" id="__BVID__928___BV_tab_button__" aria-controls="__BVID__928">...</a> is not clickable at point (792, 863). Other element would receive the click: <p data-v-711bcb8f="" id="stepper-tooltip-target-5" class="stepper-index text-center text-dark-1 font-weight-bold mb-0">...</p>
  (Session info: chrome=118.0.5993.118)
Build info: version: '4.10.0', revision: 'c14d967899'
System info: os.name: 'Windows 10', os.arch: 'amd64', os.version: '10.0', java.version: '20.0.1'
Driver info: org.openqa.selenium.chrome.ChromeDriver
Command: [9e348201ad2bd2111f9fab3b5d762560, clickElement {id=7B6A86A70FBB4FFF930CC5765B9EE87D_element_402}]
Capabilities {acceptInsecureCerts: false, browserName: chrome, browserVersion: 118.0.5993.118, chrome: {chromedriverVersion: 118.0.5993.70 (e52f33f30b91...}, fedcm:accounts: true, goog:chromeOptions: {debuggerAddress: localhost:62279}, pageLoadStrategy: normal, platformName: any, proxy: Proxy(), se:cdp: ws://localhost:62279/devtoo..., se:cdpVersion: 118.0.5993.118, setWindowRect: false, strictFileInteractability: false, timeouts: {implicit: 0, pageLoad: 300000, script: 30000}, unhandledPromptBehavior: dismiss and notify, webauthn:extension:credBlob: true, webauthn:extension:largeBlob: true, webauthn:extension:minPinLength: true, webauthn:extension:prf: true, webauthn:virtualAuthenticators: true}
Element: [[ChromeDriver: chrome on any (9e348201ad2bd2111f9fab3b5d762560)] -> xpath: (//ul[@role='tablist']//a)[5]]
Session ID: 9e348201ad2bd2111f9fab3b5d762560
	at org.openqa.selenium.remote.codec.w3c.W3CHttpResponseCodec.createException(W3CHttpResponseCodec.java:199)
	at org.openqa.selenium.remote.codec.w3c.W3CHttpResponseCodec.decode(W3CHttpResponseCodec.java:132)
	at org.openqa.selenium.remote.codec.w3c.W3CHttpResponseCodec.decode(W3CHttpResponseCodec.java:51)
	at org.openqa.selenium.remote.HttpCommandExecutor.execute(HttpCommandExecutor.java:191)
	at org.openqa.selenium.remote.service.DriverCommandExecutor.invokeExecute(DriverCommandExecutor.java:196)
	at org.openqa.selenium.remote.service.DriverCommandExecutor.execute(DriverCommandExecutor.java:171)
	at org.openqa.selenium.remote.RemoteWebDriver.execute(RemoteWebDriver.java:531)
	at org.openqa.selenium.remote.RemoteWebElement.execute(RemoteWebElement.java:242)
	at org.openqa.selenium.remote.RemoteWebElement.click(RemoteWebElement.java:77)
	at com.ugapp.pages.MyHighSchoolGradesPage.subjectTabs(MyHighSchoolGradesPage.java:359)
	at com.ugapp.testcases.TC_12_MyHighSchoolGradesTest.addCourse(TC_12_MyHighSchoolGradesTest.java:73)
... Removed 26 stack frames]]>
    </failure>
  </testcase> <!-- addCourse -->
</testsuite> <!-- My high school grades page Test -->
