<?xml version="1.0" encoding="UTF-8"?>
<!-- Generated by org.testng.reporters.JUnitXMLReporter -->
<testsuite ignored="0" hostname="Admins-MacBook-Pro.local" failures="0" tests="10" name="My high school grades page Test" time="78.557" errors="0" timestamp="17 Nov 2023 06:15:04 GMT">
  <testcase classname="com.ugapp.testcases.TC_12_MyHighSchoolGradesTest" name="MyHighSchoolGrade" time="25.4"/>
  <testcase classname="com.ugapp.testcases.TC_12_MyHighSchoolGradesTest" name="card" time="1.533"/>
  <testcase classname="com.ugapp.testcases.TC_12_MyHighSchoolGradesTest" name="RequiredFields" time="0.219"/>
  <testcase classname="com.ugapp.testcases.TC_12_MyHighSchoolGradesTest" name="overAllAcademicsTest" time="5.666"/>
  <testcase classname="com.ugapp.testcases.TC_12_MyHighSchoolGradesTest" name="overAllAcademicsTest" time="5.555"/>
  <testcase classname="com.ugapp.testcases.TC_12_MyHighSchoolGradesTest" name="overAllAcademicsTest" time="5.494"/>
  <testcase classname="com.ugapp.testcases.TC_12_MyHighSchoolGradesTest" name="overAllAcademicsTest" time="5.32"/>
  <testcase classname="com.ugapp.testcases.TC_12_MyHighSchoolGradesTest" name="overAllAcademicsTest" time="5.235"/>
  <testcase classname="com.ugapp.testcases.TC_12_MyHighSchoolGradesTest" name="gpaScaleGradingSystem" time="7.103"/>
  <testcase classname="com.ugapp.testcases.TC_12_MyHighSchoolGradesTest" name="addCourse" time="16.708"/>
</testsuite> <!-- My high school grades page Test -->
