<?xml version="1.0" encoding="UTF-8"?>
<!-- Generated by org.testng.reporters.JUnitXMLReporter -->
<testsuite ignored="0" hostname="Admins-MacBook-Pro.local" failures="0" tests="3" name="My high school grades page Test" time="14.609" errors="0" timestamp="28 Nov 2023 10:56:15 GMT">
  <testcase classname="com.ugapp.testcases.TC_12_MyHighSchoolGradesTest" name="MyHighSchoolGrade" time="4.567"/>
  <testcase classname="com.ugapp.testcases.TC_12_MyHighSchoolGradesTest" name="selectTranscriptOnlyCardTest" time="3.822"/>
  <testcase classname="com.ugapp.testcases.TC_12_MyHighSchoolGradesTest" name="SaveThePageTest" time="6.094"/>
</testsuite> <!-- My high school grades page Test -->
