<?xml version="1.0" encoding="UTF-8"?>
<!-- Generated by org.testng.reporters.JUnitXMLReporter -->
<testsuite ignored="15" hostname="Admins-MacBook-Pro.local" failures="0" tests="15" name="My Information page Test" time="118.524" errors="0" timestamp="08 Dec 2023 10:23:47 GMT">
  <testcase classname="com.ugapp.testcases.TC_09_MyInformationPageTest" name="validateMyInfoPage" time="12.079"/>
  <testcase classname="com.ugapp.testcases.TC_09_MyInformationPageTest" name="chooseLegalsexTest" time="4.496"/>
  <testcase classname="com.ugapp.testcases.TC_09_MyInformationPageTest" name="ProfileLinkTest" time="0.047"/>
  <testcase classname="com.ugapp.testcases.TC_09_MyInformationPageTest" name="PrimaryLangTest" time="5.646"/>
  <testcase classname="com.ugapp.testcases.TC_09_MyInformationPageTest" name="HomeAddress" time="6.392"/>
  <testcase classname="com.ugapp.testcases.TC_09_MyInformationPageTest" name="HomeAddressTest" time="20.23"/>
  <testcase classname="com.ugapp.testcases.TC_09_MyInformationPageTest" name="HomeAddressTest" time="19.067"/>
  <testcase classname="com.ugapp.testcases.TC_09_MyInformationPageTest" name="EthnicityBackgroundTest" time="7.148"/>
  <testcase classname="com.ugapp.testcases.TC_09_MyInformationPageTest" name="Not_US_Citizenship" time="1.106"/>
  <testcase classname="com.ugapp.testcases.TC_09_MyInformationPageTest" name="Visa_Type" time="19.361"/>
  <testcase classname="com.ugapp.testcases.TC_09_MyInformationPageTest" name="Previous_ASU_affiliationTest" time="5.289"/>
  <testcase classname="com.ugapp.testcases.TC_09_MyInformationPageTest" name="ASU_affiliate_IDTest" time="0.359"/>
  <testcase classname="com.ugapp.testcases.TC_09_MyInformationPageTest" name="Partner_benefitsTest" time="3.941"/>
  <testcase classname="com.ugapp.testcases.TC_09_MyInformationPageTest" name="ArmedForceReserveOrNationalGuardian_MilitaryTest" time="7.485"/>
  <testcase classname="com.ugapp.testcases.TC_09_MyInformationPageTest" name="SavePageTest" time="5.161"/>
  <testcase classname="com.ugapp.testcases.TC_09_MyInformationPageTest" name="Edit_SaveFormerNameTest" time="0.0">
    <ignored/>
  </testcase> <!-- Edit_SaveFormerNameTest -->
  <testcase classname="com.ugapp.testcases.TC_09_MyInformationPageTest" name="SpouseOrDependent_MilitaryTest" time="0.0">
    <ignored/>
  </testcase> <!-- SpouseOrDependent_MilitaryTest -->
  <testcase classname="com.ugapp.testcases.TC_09_MyInformationPageTest" name="FloatingNeedHelp" time="0.0">
    <ignored/>
  </testcase> <!-- FloatingNeedHelp -->
  <testcase classname="com.ugapp.testcases.TC_09_MyInformationPageTest" name="Veteran_MilitaryTest" time="0.0">
    <ignored/>
  </testcase> <!-- Veteran_MilitaryTest -->
  <testcase classname="com.ugapp.testcases.TC_09_MyInformationPageTest" name="DeleteFormerNameTest" time="0.0">
    <ignored/>
  </testcase> <!-- DeleteFormerNameTest -->
  <testcase classname="com.ugapp.testcases.TC_09_MyInformationPageTest" name="FormerNameTest" time="0.0">
    <ignored/>
  </testcase> <!-- FormerNameTest -->
  <testcase classname="com.ugapp.testcases.TC_09_MyInformationPageTest" name="ValidateFormerNames" time="0.0">
    <ignored/>
  </testcase> <!-- ValidateFormerNames -->
  <testcase classname="com.ugapp.testcases.TC_09_MyInformationPageTest" name="ValidateParentNames" time="0.0">
    <ignored/>
  </testcase> <!-- ValidateParentNames -->
  <testcase classname="com.ugapp.testcases.TC_09_MyInformationPageTest" name="validateNeedhelpform" time="0.0">
    <ignored/>
  </testcase> <!-- validateNeedhelpform -->
  <testcase classname="com.ugapp.testcases.TC_09_MyInformationPageTest" name="ActiveDuty_MilitaryTest" time="0.0">
    <ignored/>
  </testcase> <!-- ActiveDuty_MilitaryTest -->
  <testcase classname="com.ugapp.testcases.TC_09_MyInformationPageTest" name="US_CitizenshipTest" time="0.0">
    <ignored/>
  </testcase> <!-- US_CitizenshipTest -->
  <testcase classname="com.ugapp.testcases.TC_09_MyInformationPageTest" name="requiredErrorMesssage" time="0.0">
    <ignored/>
  </testcase> <!-- requiredErrorMesssage -->
  <testcase classname="com.ugapp.testcases.TC_09_MyInformationPageTest" name="Edit_CancelFormerNameTest" time="0.0">
    <ignored/>
  </testcase> <!-- Edit_CancelFormerNameTest -->
  <testcase classname="com.ugapp.testcases.TC_09_MyInformationPageTest" name="NoneOfTheseApply_MilitaryTest" time="0.0">
    <ignored/>
  </testcase> <!-- NoneOfTheseApply_MilitaryTest -->
  <testcase classname="com.ugapp.testcases.TC_09_MyInformationPageTest" name="ParentNameTest" time="0.0">
    <ignored/>
  </testcase> <!-- ParentNameTest -->
</testsuite> <!-- My Information page Test -->
