<?xml version="1.0" encoding="UTF-8"?>
<!-- Generated by org.testng.reporters.JUnitXMLReporter -->
<testsuite ignored="0" hostname="Admins-MacBook-Pro.local" failures="0" tests="13" name="My Information page Test" time="93.419" errors="0" timestamp="28 Nov 2023 10:53:20 GMT">
  <testcase classname="com.ugapp.testcases.TC_09_MyInformationPageTest" name="validateMyInfoPage" time="18.855"/>
  <testcase classname="com.ugapp.testcases.TC_09_MyInformationPageTest" name="chooseLegalsexTest" time="4.538"/>
  <testcase classname="com.ugapp.testcases.TC_09_MyInformationPageTest" name="ProfileLinkTest" time="0.051"/>
  <testcase classname="com.ugapp.testcases.TC_09_MyInformationPageTest" name="PrimaryLangTest" time="5.635"/>
  <testcase classname="com.ugapp.testcases.TC_09_MyInformationPageTest" name="HomeAddress" time="6.438"/>
  <testcase classname="com.ugapp.testcases.TC_09_MyInformationPageTest" name="HomeAddressTest" time="17.468"/>
  <testcase classname="com.ugapp.testcases.TC_09_MyInformationPageTest" name="HomeAddressTest" time="15.953"/>
  <testcase classname="com.ugapp.testcases.TC_09_MyInformationPageTest" name="US_CitizenshipTest" time="6.027"/>
  <testcase classname="com.ugapp.testcases.TC_09_MyInformationPageTest" name="Previous_ASU_affiliationTest" time="5.374"/>
  <testcase classname="com.ugapp.testcases.TC_09_MyInformationPageTest" name="ASU_affiliate_IDTest" time="0.434"/>
  <testcase classname="com.ugapp.testcases.TC_09_MyInformationPageTest" name="ActiveDuty_MilitaryTest" time="6.457"/>
  <testcase classname="com.ugapp.testcases.TC_09_MyInformationPageTest" name="Partner_benefitsTest" time="0.438"/>
  <testcase classname="com.ugapp.testcases.TC_09_MyInformationPageTest" name="SavePageTest" time="5.153"/>
</testsuite> <!-- My Information page Test -->
