<?xml version="1.0" encoding="UTF-8"?>
<!-- Generated by org.testng.reporters.JUnitXMLReporter -->
<testsuite ignored="0" hostname="Admins-MBP" failures="1" tests="37" name="My Information page Test" time="256.375" errors="0" timestamp="20 Nov 2023 18:42:34 GMT">
  <testcase classname="com.ugapp.testcases.TC_09_MyInformationPageTest" name="FormerNameTest" time="21.536"/>
  <testcase classname="com.ugapp.testcases.TC_09_MyInformationPageTest" name="FormerNameTest" time="8.001"/>
  <testcase classname="com.ugapp.testcases.TC_09_MyInformationPageTest" name="FormerNameTest" time="8.062"/>
  <testcase classname="com.ugapp.testcases.TC_09_MyInformationPageTest" name="FormerNameTest" time="8.264"/>
  <testcase classname="com.ugapp.testcases.TC_09_MyInformationPageTest" name="FormerNameTest" time="7.964"/>
  <testcase classname="com.ugapp.testcases.TC_09_MyInformationPageTest" name="FormerNameTest" time="7.925"/>
  <testcase classname="com.ugapp.testcases.TC_09_MyInformationPageTest" name="FormerNameTest" time="7.99"/>
  <testcase classname="com.ugapp.testcases.TC_09_MyInformationPageTest" name="FormerNameTest" time="7.943"/>
  <testcase classname="com.ugapp.testcases.TC_09_MyInformationPageTest" name="FormerNameTest" time="7.924"/>
  <testcase classname="com.ugapp.testcases.TC_09_MyInformationPageTest" name="FormerNameTest" time="7.986"/>
  <testcase classname="com.ugapp.testcases.TC_09_MyInformationPageTest" name="FormerNameTest" time="7.925"/>
  <testcase classname="com.ugapp.testcases.TC_09_MyInformationPageTest" name="FormerNameTest" time="7.961"/>
  <testcase classname="com.ugapp.testcases.TC_09_MyInformationPageTest" name="FormerNameTest" time="7.992"/>
  <testcase classname="com.ugapp.testcases.TC_09_MyInformationPageTest" name="FormerNameTest" time="8.147"/>
  <testcase classname="com.ugapp.testcases.TC_09_MyInformationPageTest" name="ValidateFormerNames" time="0.089"/>
  <testcase classname="com.ugapp.testcases.TC_09_MyInformationPageTest" name="Edit_CancelFormerNameTest" time="5.123"/>
  <testcase classname="com.ugapp.testcases.TC_09_MyInformationPageTest" name="Edit_SaveFormerNameTest" time="3.687"/>
  <testcase classname="com.ugapp.testcases.TC_09_MyInformationPageTest" name="DeleteFormerNameTest" time="9.377"/>
  <testcase classname="com.ugapp.testcases.TC_09_MyInformationPageTest" name="chooseLegalsexTest" time="4.337"/>
  <testcase classname="com.ugapp.testcases.TC_09_MyInformationPageTest" name="ProfileLinkTest" time="0.051"/>
  <testcase classname="com.ugapp.testcases.TC_09_MyInformationPageTest" name="PrimaryLangTest" time="5.631"/>
  <testcase classname="com.ugapp.testcases.TC_09_MyInformationPageTest" name="HomeAddress" time="6.376"/>
  <testcase classname="com.ugapp.testcases.TC_09_MyInformationPageTest" name="HomeAddressTest" time="16.938"/>
  <testcase classname="com.ugapp.testcases.TC_09_MyInformationPageTest" name="HomeAddressTest" time="15.72"/>
  <testcase classname="com.ugapp.testcases.TC_09_MyInformationPageTest" name="EthnicityBackgroundTest" time="5.873">
    <failure type="org.openqa.selenium.NoSuchElementException" message="no such element: Unable to locate element: {&amp;quot;method&amp;quot;:&amp;quot;xpath&amp;quot;,&amp;quot;selector&amp;quot;:&amp;quot;//div[@id=&amp;apos;applicants_race&amp;apos;]//span&amp;quot;}
  (Session info: chrome=119.0.6045.159)
For documentation on this error, please visit: https://www.selenium.dev/documentation/webdriver/troubleshooting/errors#no-such-element-exception
Build info: version: &amp;apos;4.10.0&amp;apos;, revision: &amp;apos;c14d967899&amp;apos;
System info: os.name: &amp;apos;Mac OS X&amp;apos;, os.arch: &amp;apos;x86_64&amp;apos;, os.version: &amp;apos;12.7&amp;apos;, java.version: &amp;apos;20.0.2&amp;apos;
Driver info: org.openqa.selenium.chrome.ChromeDriver
Command: [a5431ba064efdede8b06067147b41f4b, findElement {using=xpath, value=//div[@id=&amp;apos;applicants_race&amp;apos;]//span}]
Capabilities {acceptInsecureCerts: false, browserName: chrome, browserVersion: 119.0.6045.159, chrome: {chromedriverVersion: 119.0.6045.105 (38c72552c5e..., userDataDir: /var/folders/5m/4nc0x2kn289...}, fedcm:accounts: true, goog:chromeOptions: {debuggerAddress: localhost:54513}, networkConnectionEnabled: false, pageLoadStrategy: normal, platformName: mac, proxy: Proxy(), se:cdp: ws://localhost:54513/devtoo..., se:cdpVersion: 119.0.6045.159, setWindowRect: true, strictFileInteractability: false, timeouts: {implicit: 0, pageLoad: 300000, script: 30000}, unhandledPromptBehavior: dismiss and notify, webauthn:extension:credBlob: true, webauthn:extension:largeBlob: true, webauthn:extension:minPinLength: true, webauthn:extension:prf: true, webauthn:virtualAuthenticators: true}
Session ID: a5431ba064efdede8b06067147b41f4b">
      <![CDATA[org.openqa.selenium.NoSuchElementException: no such element: Unable to locate element: {"method":"xpath","selector":"//div[@id='applicants_race']//span"}
  (Session info: chrome=119.0.6045.159)
For documentation on this error, please visit: https://www.selenium.dev/documentation/webdriver/troubleshooting/errors#no-such-element-exception
Build info: version: '4.10.0', revision: 'c14d967899'
System info: os.name: 'Mac OS X', os.arch: 'x86_64', os.version: '12.7', java.version: '20.0.2'
Driver info: org.openqa.selenium.chrome.ChromeDriver
Command: [a5431ba064efdede8b06067147b41f4b, findElement {using=xpath, value=//div[@id='applicants_race']//span}]
Capabilities {acceptInsecureCerts: false, browserName: chrome, browserVersion: 119.0.6045.159, chrome: {chromedriverVersion: 119.0.6045.105 (38c72552c5e..., userDataDir: /var/folders/5m/4nc0x2kn289...}, fedcm:accounts: true, goog:chromeOptions: {debuggerAddress: localhost:54513}, networkConnectionEnabled: false, pageLoadStrategy: normal, platformName: mac, proxy: Proxy(), se:cdp: ws://localhost:54513/devtoo..., se:cdpVersion: 119.0.6045.159, setWindowRect: true, strictFileInteractability: false, timeouts: {implicit: 0, pageLoad: 300000, script: 30000}, unhandledPromptBehavior: dismiss and notify, webauthn:extension:credBlob: true, webauthn:extension:largeBlob: true, webauthn:extension:minPinLength: true, webauthn:extension:prf: true, webauthn:virtualAuthenticators: true}
Session ID: a5431ba064efdede8b06067147b41f4b
	at org.openqa.selenium.remote.codec.w3c.W3CHttpResponseCodec.createException(W3CHttpResponseCodec.java:199)
	at org.openqa.selenium.remote.codec.w3c.W3CHttpResponseCodec.decode(W3CHttpResponseCodec.java:132)
	at org.openqa.selenium.remote.codec.w3c.W3CHttpResponseCodec.decode(W3CHttpResponseCodec.java:51)
	at org.openqa.selenium.remote.HttpCommandExecutor.execute(HttpCommandExecutor.java:191)
	at org.openqa.selenium.remote.service.DriverCommandExecutor.invokeExecute(DriverCommandExecutor.java:196)
	at org.openqa.selenium.remote.service.DriverCommandExecutor.execute(DriverCommandExecutor.java:171)
	at org.openqa.selenium.remote.RemoteWebDriver.execute(RemoteWebDriver.java:531)
	at org.openqa.selenium.remote.ElementLocation$ElementFinder$2.findElement(ElementLocation.java:165)
	at org.openqa.selenium.remote.ElementLocation.findElement(ElementLocation.java:59)
	at org.openqa.selenium.remote.RemoteWebDriver.findElement(RemoteWebDriver.java:350)
	at org.openqa.selenium.remote.RemoteWebDriver.findElement(RemoteWebDriver.java:344)
	at com.ugapp.pages.MyInformationPage.EthnicRacialbackground(MyInformationPage.java:885)
	at com.ugapp.testcases.TC_09_MyInformationPageTest.EthnicityBackgroundTest(TC_09_MyInformationPageTest.java:122)
... Removed 26 stack frames]]>
    </failure>
  </testcase> <!-- EthnicityBackgroundTest -->
  <testcase classname="com.ugapp.testcases.TC_09_MyInformationPageTest" name="US_CitizenshipTest" time="6.004"/>
  <testcase classname="com.ugapp.testcases.TC_09_MyInformationPageTest" name="ParentNameTest" time="2.511"/>
  <testcase classname="com.ugapp.testcases.TC_09_MyInformationPageTest" name="ParentNameTest" time="2.498"/>
  <testcase classname="com.ugapp.testcases.TC_09_MyInformationPageTest" name="ParentNameTest" time="3.013"/>
  <testcase classname="com.ugapp.testcases.TC_09_MyInformationPageTest" name="ParentNameTest" time="9.597"/>
  <testcase classname="com.ugapp.testcases.TC_09_MyInformationPageTest" name="ParentNameTest" time="9.73"/>
  <testcase classname="com.ugapp.testcases.TC_09_MyInformationPageTest" name="ValidateParentNames" time="4.244"/>
  <testcase classname="com.ugapp.testcases.TC_09_MyInformationPageTest" name="Previous_ASU_affiliationTest" time="5.316"/>
  <testcase classname="com.ugapp.testcases.TC_09_MyInformationPageTest" name="ASU_affiliate_IDTest" time="0.359"/>
  <testcase classname="com.ugapp.testcases.TC_09_MyInformationPageTest" name="SpouseOrDependent_MilitaryTest" time="7.125"/>
  <testcase classname="com.ugapp.testcases.TC_09_MyInformationPageTest" name="Partner_benefitsTest" time="0.281"/>
  <testcase classname="com.ugapp.testcases.TC_09_MyInformationPageTest" name="SavePageTest" time="5.18"/>
</testsuite> <!-- My Information page Test -->
