<?xml version="1.0" encoding="UTF-8"?>
<!-- Generated by org.testng.reporters.JUnitXMLReporter -->
<testsuite ignored="0" hostname="DESKTOP-OB9VDN9" failures="0" tests="2" name="My Information page Test" time="14.654" errors="0" timestamp="25 Oct 2023 08:52:49 GMT">
  <testcase classname="com.ugapp.testcases.TC_09_MyInformationPageTest" name="validateMyInfoPage" time="11.141"/>
  <testcase classname="com.ugapp.testcases.TC_09_MyInformationPageTest" name="Partner_benefitsTest" time="3.359"/>
</testsuite> <!-- My Information page Test -->
