<?xml version="1.0" encoding="UTF-8"?>
<!-- Generated by org.testng.reporters.JUnitXMLReporter -->
<testsuite ignored="0" hostname="DESKTOP-OB9VDN9" failures="1" tests="2" name="My Information page Test" time="20.267" errors="0" timestamp="26 Oct 2023 14:46:35 GMT">
  <testcase classname="com.ugapp.testcases.TC_09_MyInformationPageTest" name="validateMyInfoPage" time="18.676"/>
  <testcase classname="com.ugapp.testcases.TC_09_MyInformationPageTest" name="Partner_benefitsTest" time="1.247">
    <failure type="java.lang.IllegalArgumentException" message="bound must be positive">
      <![CDATA[java.lang.IllegalArgumentException: bound must be positive
	at java.base/java.util.Random.nextInt(Random.java:557)
	at com.ugapp.pages.MyInformationPage.Partner_benefits(MyInformationPage.java:1369)
	at com.ugapp.testcases.TC_09_MyInformationPageTest.Partner_benefitsTest(TC_09_MyInformationPageTest.java:196)
... Removed 23 stack frames]]>
    </failure>
  </testcase> <!-- Partner_benefitsTest -->
</testsuite> <!-- My Information page Test -->
