<?xml version="1.0" encoding="UTF-8"?>
<!-- Generated by org.testng.reporters.JUnitXMLReporter -->
<testsuite ignored="0" hostname="Admins-MacBook-Pro.local" failures="4" tests="42" name="My Information page Test" time="220.147" errors="0" timestamp="13 Oct 2023 09:30:00 GMT">
  <testcase classname="com.ugapp.testcases.TC_09_MyInformationPageTest" name="validateMyInfoPage" time="16.943"/>
  <testcase classname="com.ugapp.testcases.TC_09_MyInformationPageTest" name="requiredErrorMesssage" time="7.078"/>
  <testcase classname="com.ugapp.testcases.TC_09_MyInformationPageTest" name="validateNeedhelpform" time="7.157">
    <failure type="org.openqa.selenium.ElementClickInterceptedException" message="element click intercepted: Element &amp;lt;a data-v-574b6fd0=&amp;quot;&amp;quot; href=&amp;quot;javascript:void(0)&amp;quot; data-cy=&amp;quot;desktop-need-help-button&amp;quot; class=&amp;quot;btn btn-outline-dark-3 mr-space-xs collapsed&amp;quot; aria-expanded=&amp;quot;false&amp;quot; aria-controls=&amp;quot;portal-desktop-need-help&amp;quot; style=&amp;quot;overflow-anchor: none;&amp;quot;&amp;gt;...&amp;lt;/a&amp;gt; is not clickable at point (1466, 45). Other element would receive the click: &amp;lt;div class=&amp;quot;position-absolute bg-light-2 rounded-lg&amp;quot; style=&amp;quot;inset: 0px; opacity: 0.9; backdrop-filter: blur(3px);&amp;quot;&amp;gt;&amp;lt;/div&amp;gt;
  (Session info: chrome=117.0.5938.149)
Build info: version: &amp;apos;4.10.0&amp;apos;, revision: &amp;apos;c14d967899&amp;apos;
System info: os.name: &amp;apos;Mac OS X&amp;apos;, os.arch: &amp;apos;x86_64&amp;apos;, os.version: &amp;apos;12.7&amp;apos;, java.version: &amp;apos;20.0.2&amp;apos;
Driver info: org.openqa.selenium.chrome.ChromeDriver
Command: [2ba7fa2a7f3990c27cff572b5b5dde96, clickElement {id=92DF795C8167879BF7D97E5DB1635BA2_element_759}]
Capabilities {acceptInsecureCerts: false, browserName: chrome, browserVersion: 117.0.5938.149, chrome: {chromedriverVersion: 117.0.5938.149 (e3344ddefa1..., userDataDir: /var/folders/5m/4nc0x2kn289...}, fedcm:accounts: true, goog:chromeOptions: {debuggerAddress: localhost:49276}, networkConnectionEnabled: false, pageLoadStrategy: normal, platformName: mac, proxy: Proxy(), se:cdp: ws://localhost:49276/devtoo..., se:cdpVersion: 117.0.5938.149, setWindowRect: true, strictFileInteractability: false, timeouts: {implicit: 0, pageLoad: 300000, script: 30000}, unhandledPromptBehavior: dismiss and notify, webauthn:extension:credBlob: true, webauthn:extension:largeBlob: true, webauthn:extension:minPinLength: true, webauthn:extension:prf: true, webauthn:virtualAuthenticators: true}
Element: [[ChromeDriver: chrome on mac (2ba7fa2a7f3990c27cff572b5b5dde96)] -&amp;gt; xpath: //a[@data-cy=&amp;apos;desktop-need-help-button&amp;apos;]]
Session ID: 2ba7fa2a7f3990c27cff572b5b5dde96">
      <![CDATA[org.openqa.selenium.ElementClickInterceptedException: element click intercepted: Element <a data-v-574b6fd0="" href="javascript:void(0)" data-cy="desktop-need-help-button" class="btn btn-outline-dark-3 mr-space-xs collapsed" aria-expanded="false" aria-controls="portal-desktop-need-help" style="overflow-anchor: none;">...</a> is not clickable at point (1466, 45). Other element would receive the click: <div class="position-absolute bg-light-2 rounded-lg" style="inset: 0px; opacity: 0.9; backdrop-filter: blur(3px);"></div>
  (Session info: chrome=117.0.5938.149)
Build info: version: '4.10.0', revision: 'c14d967899'
System info: os.name: 'Mac OS X', os.arch: 'x86_64', os.version: '12.7', java.version: '20.0.2'
Driver info: org.openqa.selenium.chrome.ChromeDriver
Command: [2ba7fa2a7f3990c27cff572b5b5dde96, clickElement {id=92DF795C8167879BF7D97E5DB1635BA2_element_759}]
Capabilities {acceptInsecureCerts: false, browserName: chrome, browserVersion: 117.0.5938.149, chrome: {chromedriverVersion: 117.0.5938.149 (e3344ddefa1..., userDataDir: /var/folders/5m/4nc0x2kn289...}, fedcm:accounts: true, goog:chromeOptions: {debuggerAddress: localhost:49276}, networkConnectionEnabled: false, pageLoadStrategy: normal, platformName: mac, proxy: Proxy(), se:cdp: ws://localhost:49276/devtoo..., se:cdpVersion: 117.0.5938.149, setWindowRect: true, strictFileInteractability: false, timeouts: {implicit: 0, pageLoad: 300000, script: 30000}, unhandledPromptBehavior: dismiss and notify, webauthn:extension:credBlob: true, webauthn:extension:largeBlob: true, webauthn:extension:minPinLength: true, webauthn:extension:prf: true, webauthn:virtualAuthenticators: true}
Element: [[ChromeDriver: chrome on mac (2ba7fa2a7f3990c27cff572b5b5dde96)] -> xpath: //a[@data-cy='desktop-need-help-button']]
Session ID: 2ba7fa2a7f3990c27cff572b5b5dde96
	at org.openqa.selenium.remote.codec.w3c.W3CHttpResponseCodec.createException(W3CHttpResponseCodec.java:199)
	at org.openqa.selenium.remote.codec.w3c.W3CHttpResponseCodec.decode(W3CHttpResponseCodec.java:132)
	at org.openqa.selenium.remote.codec.w3c.W3CHttpResponseCodec.decode(W3CHttpResponseCodec.java:51)
	at org.openqa.selenium.remote.HttpCommandExecutor.execute(HttpCommandExecutor.java:191)
	at org.openqa.selenium.remote.service.DriverCommandExecutor.invokeExecute(DriverCommandExecutor.java:196)
	at org.openqa.selenium.remote.service.DriverCommandExecutor.execute(DriverCommandExecutor.java:171)
	at org.openqa.selenium.remote.RemoteWebDriver.execute(RemoteWebDriver.java:531)
	at org.openqa.selenium.remote.RemoteWebElement.execute(RemoteWebElement.java:242)
	at org.openqa.selenium.remote.RemoteWebElement.click(RemoteWebElement.java:77)
	at com.ugapp.base.Page.click(Page.java:207)
	at com.ugapp.pages.NeedHelpPage.OpenNeedhelp(NeedHelpPage.java:22)
	at com.ugapp.testcases.TC_09_MyInformationPageTest.validateNeedhelpform(TC_09_MyInformationPageTest.java:39)
... Removed 26 stack frames]]>
    </failure>
  </testcase> <!-- validateNeedhelpform -->
  <testcase classname="com.ugapp.testcases.TC_09_MyInformationPageTest" name="FormerNameTest" time="0.054">
    <failure type="org.openqa.selenium.NoSuchElementException" message="no such element: Unable to locate element: {&amp;quot;method&amp;quot;:&amp;quot;xpath&amp;quot;,&amp;quot;selector&amp;quot;:&amp;quot;//button//span[.=&amp;apos;Add a former name&amp;apos;]&amp;quot;}
  (Session info: chrome=117.0.5938.149)
For documentation on this error, please visit: https://www.selenium.dev/documentation/webdriver/troubleshooting/errors#no-such-element-exception
Build info: version: &amp;apos;4.10.0&amp;apos;, revision: &amp;apos;c14d967899&amp;apos;
System info: os.name: &amp;apos;Mac OS X&amp;apos;, os.arch: &amp;apos;x86_64&amp;apos;, os.version: &amp;apos;12.7&amp;apos;, java.version: &amp;apos;20.0.2&amp;apos;
Driver info: org.openqa.selenium.chrome.ChromeDriver
Command: [2ba7fa2a7f3990c27cff572b5b5dde96, findElement {using=xpath, value=//button//span[.=&amp;apos;Add a former name&amp;apos;]}]
Capabilities {acceptInsecureCerts: false, browserName: chrome, browserVersion: 117.0.5938.149, chrome: {chromedriverVersion: 117.0.5938.149 (e3344ddefa1..., userDataDir: /var/folders/5m/4nc0x2kn289...}, fedcm:accounts: true, goog:chromeOptions: {debuggerAddress: localhost:49276}, networkConnectionEnabled: false, pageLoadStrategy: normal, platformName: mac, proxy: Proxy(), se:cdp: ws://localhost:49276/devtoo..., se:cdpVersion: 117.0.5938.149, setWindowRect: true, strictFileInteractability: false, timeouts: {implicit: 0, pageLoad: 300000, script: 30000}, unhandledPromptBehavior: dismiss and notify, webauthn:extension:credBlob: true, webauthn:extension:largeBlob: true, webauthn:extension:minPinLength: true, webauthn:extension:prf: true, webauthn:virtualAuthenticators: true}
Session ID: 2ba7fa2a7f3990c27cff572b5b5dde96">
      <![CDATA[org.openqa.selenium.NoSuchElementException: no such element: Unable to locate element: {"method":"xpath","selector":"//button//span[.='Add a former name']"}
  (Session info: chrome=117.0.5938.149)
For documentation on this error, please visit: https://www.selenium.dev/documentation/webdriver/troubleshooting/errors#no-such-element-exception
Build info: version: '4.10.0', revision: 'c14d967899'
System info: os.name: 'Mac OS X', os.arch: 'x86_64', os.version: '12.7', java.version: '20.0.2'
Driver info: org.openqa.selenium.chrome.ChromeDriver
Command: [2ba7fa2a7f3990c27cff572b5b5dde96, findElement {using=xpath, value=//button//span[.='Add a former name']}]
Capabilities {acceptInsecureCerts: false, browserName: chrome, browserVersion: 117.0.5938.149, chrome: {chromedriverVersion: 117.0.5938.149 (e3344ddefa1..., userDataDir: /var/folders/5m/4nc0x2kn289...}, fedcm:accounts: true, goog:chromeOptions: {debuggerAddress: localhost:49276}, networkConnectionEnabled: false, pageLoadStrategy: normal, platformName: mac, proxy: Proxy(), se:cdp: ws://localhost:49276/devtoo..., se:cdpVersion: 117.0.5938.149, setWindowRect: true, strictFileInteractability: false, timeouts: {implicit: 0, pageLoad: 300000, script: 30000}, unhandledPromptBehavior: dismiss and notify, webauthn:extension:credBlob: true, webauthn:extension:largeBlob: true, webauthn:extension:minPinLength: true, webauthn:extension:prf: true, webauthn:virtualAuthenticators: true}
Session ID: 2ba7fa2a7f3990c27cff572b5b5dde96
	at org.openqa.selenium.remote.codec.w3c.W3CHttpResponseCodec.createException(W3CHttpResponseCodec.java:199)
	at org.openqa.selenium.remote.codec.w3c.W3CHttpResponseCodec.decode(W3CHttpResponseCodec.java:132)
	at org.openqa.selenium.remote.codec.w3c.W3CHttpResponseCodec.decode(W3CHttpResponseCodec.java:51)
	at org.openqa.selenium.remote.HttpCommandExecutor.execute(HttpCommandExecutor.java:191)
	at org.openqa.selenium.remote.service.DriverCommandExecutor.invokeExecute(DriverCommandExecutor.java:196)
	at org.openqa.selenium.remote.service.DriverCommandExecutor.execute(DriverCommandExecutor.java:171)
	at org.openqa.selenium.remote.RemoteWebDriver.execute(RemoteWebDriver.java:531)
	at org.openqa.selenium.remote.ElementLocation$ElementFinder$2.findElement(ElementLocation.java:165)
	at org.openqa.selenium.remote.ElementLocation.findElement(ElementLocation.java:59)
	at org.openqa.selenium.remote.RemoteWebDriver.findElement(RemoteWebDriver.java:350)
	at org.openqa.selenium.remote.RemoteWebDriver.findElement(RemoteWebDriver.java:344)
	at com.ugapp.base.Page.findElement(Page.java:190)
	at com.ugapp.pages.MyInformationPage.FormerName(MyInformationPage.java:92)
	at com.ugapp.testcases.TC_09_MyInformationPageTest.FormerNameTest(TC_09_MyInformationPageTest.java:69)
... Removed 26 stack frames]]>
    </failure>
  </testcase> <!-- FormerNameTest -->
  <testcase classname="com.ugapp.testcases.TC_09_MyInformationPageTest" name="FormerNameTest" time="0.048">
    <failure type="org.openqa.selenium.NoSuchElementException" message="no such element: Unable to locate element: {&amp;quot;method&amp;quot;:&amp;quot;xpath&amp;quot;,&amp;quot;selector&amp;quot;:&amp;quot;//button//span[.=&amp;apos;Add a former name&amp;apos;]&amp;quot;}
  (Session info: chrome=117.0.5938.149)
For documentation on this error, please visit: https://www.selenium.dev/documentation/webdriver/troubleshooting/errors#no-such-element-exception
Build info: version: &amp;apos;4.10.0&amp;apos;, revision: &amp;apos;c14d967899&amp;apos;
System info: os.name: &amp;apos;Mac OS X&amp;apos;, os.arch: &amp;apos;x86_64&amp;apos;, os.version: &amp;apos;12.7&amp;apos;, java.version: &amp;apos;20.0.2&amp;apos;
Driver info: org.openqa.selenium.chrome.ChromeDriver
Command: [2ba7fa2a7f3990c27cff572b5b5dde96, findElement {using=xpath, value=//button//span[.=&amp;apos;Add a former name&amp;apos;]}]
Capabilities {acceptInsecureCerts: false, browserName: chrome, browserVersion: 117.0.5938.149, chrome: {chromedriverVersion: 117.0.5938.149 (e3344ddefa1..., userDataDir: /var/folders/5m/4nc0x2kn289...}, fedcm:accounts: true, goog:chromeOptions: {debuggerAddress: localhost:49276}, networkConnectionEnabled: false, pageLoadStrategy: normal, platformName: mac, proxy: Proxy(), se:cdp: ws://localhost:49276/devtoo..., se:cdpVersion: 117.0.5938.149, setWindowRect: true, strictFileInteractability: false, timeouts: {implicit: 0, pageLoad: 300000, script: 30000}, unhandledPromptBehavior: dismiss and notify, webauthn:extension:credBlob: true, webauthn:extension:largeBlob: true, webauthn:extension:minPinLength: true, webauthn:extension:prf: true, webauthn:virtualAuthenticators: true}
Session ID: 2ba7fa2a7f3990c27cff572b5b5dde96">
      <![CDATA[org.openqa.selenium.NoSuchElementException: no such element: Unable to locate element: {"method":"xpath","selector":"//button//span[.='Add a former name']"}
  (Session info: chrome=117.0.5938.149)
For documentation on this error, please visit: https://www.selenium.dev/documentation/webdriver/troubleshooting/errors#no-such-element-exception
Build info: version: '4.10.0', revision: 'c14d967899'
System info: os.name: 'Mac OS X', os.arch: 'x86_64', os.version: '12.7', java.version: '20.0.2'
Driver info: org.openqa.selenium.chrome.ChromeDriver
Command: [2ba7fa2a7f3990c27cff572b5b5dde96, findElement {using=xpath, value=//button//span[.='Add a former name']}]
Capabilities {acceptInsecureCerts: false, browserName: chrome, browserVersion: 117.0.5938.149, chrome: {chromedriverVersion: 117.0.5938.149 (e3344ddefa1..., userDataDir: /var/folders/5m/4nc0x2kn289...}, fedcm:accounts: true, goog:chromeOptions: {debuggerAddress: localhost:49276}, networkConnectionEnabled: false, pageLoadStrategy: normal, platformName: mac, proxy: Proxy(), se:cdp: ws://localhost:49276/devtoo..., se:cdpVersion: 117.0.5938.149, setWindowRect: true, strictFileInteractability: false, timeouts: {implicit: 0, pageLoad: 300000, script: 30000}, unhandledPromptBehavior: dismiss and notify, webauthn:extension:credBlob: true, webauthn:extension:largeBlob: true, webauthn:extension:minPinLength: true, webauthn:extension:prf: true, webauthn:virtualAuthenticators: true}
Session ID: 2ba7fa2a7f3990c27cff572b5b5dde96
	at org.openqa.selenium.remote.codec.w3c.W3CHttpResponseCodec.createException(W3CHttpResponseCodec.java:199)
	at org.openqa.selenium.remote.codec.w3c.W3CHttpResponseCodec.decode(W3CHttpResponseCodec.java:132)
	at org.openqa.selenium.remote.codec.w3c.W3CHttpResponseCodec.decode(W3CHttpResponseCodec.java:51)
	at org.openqa.selenium.remote.HttpCommandExecutor.execute(HttpCommandExecutor.java:191)
	at org.openqa.selenium.remote.service.DriverCommandExecutor.invokeExecute(DriverCommandExecutor.java:196)
	at org.openqa.selenium.remote.service.DriverCommandExecutor.execute(DriverCommandExecutor.java:171)
	at org.openqa.selenium.remote.RemoteWebDriver.execute(RemoteWebDriver.java:531)
	at org.openqa.selenium.remote.ElementLocation$ElementFinder$2.findElement(ElementLocation.java:165)
	at org.openqa.selenium.remote.ElementLocation.findElement(ElementLocation.java:59)
	at org.openqa.selenium.remote.RemoteWebDriver.findElement(RemoteWebDriver.java:350)
	at org.openqa.selenium.remote.RemoteWebDriver.findElement(RemoteWebDriver.java:344)
	at com.ugapp.base.Page.findElement(Page.java:190)
	at com.ugapp.pages.MyInformationPage.FormerName(MyInformationPage.java:92)
	at com.ugapp.testcases.TC_09_MyInformationPageTest.FormerNameTest(TC_09_MyInformationPageTest.java:69)
... Removed 26 stack frames]]>
    </failure>
  </testcase> <!-- FormerNameTest -->
  <testcase classname="com.ugapp.testcases.TC_09_MyInformationPageTest" name="FormerNameTest" time="4.827"/>
  <testcase classname="com.ugapp.testcases.TC_09_MyInformationPageTest" name="FormerNameTest" time="4.783"/>
  <testcase classname="com.ugapp.testcases.TC_09_MyInformationPageTest" name="FormerNameTest" time="4.452"/>
  <testcase classname="com.ugapp.testcases.TC_09_MyInformationPageTest" name="FormerNameTest" time="4.418"/>
  <testcase classname="com.ugapp.testcases.TC_09_MyInformationPageTest" name="FormerNameTest" time="4.481"/>
  <testcase classname="com.ugapp.testcases.TC_09_MyInformationPageTest" name="FormerNameTest" time="4.423"/>
  <testcase classname="com.ugapp.testcases.TC_09_MyInformationPageTest" name="FormerNameTest" time="4.414"/>
  <testcase classname="com.ugapp.testcases.TC_09_MyInformationPageTest" name="FormerNameTest" time="4.472"/>
  <testcase classname="com.ugapp.testcases.TC_09_MyInformationPageTest" name="FormerNameTest" time="4.438"/>
  <testcase classname="com.ugapp.testcases.TC_09_MyInformationPageTest" name="FormerNameTest" time="4.415"/>
  <testcase classname="com.ugapp.testcases.TC_09_MyInformationPageTest" name="FormerNameTest" time="4.488"/>
  <testcase classname="com.ugapp.testcases.TC_09_MyInformationPageTest" name="FormerNameTest" time="4.631"/>
  <testcase classname="com.ugapp.testcases.TC_09_MyInformationPageTest" name="ValidateFormerNames" time="0.106"/>
  <testcase classname="com.ugapp.testcases.TC_09_MyInformationPageTest" name="Edit_CancelFormerNameTest" time="5.085"/>
  <testcase classname="com.ugapp.testcases.TC_09_MyInformationPageTest" name="Edit_SaveFormerNameTest" time="1.101">
    <failure type="org.openqa.selenium.ElementClickInterceptedException" message="element click intercepted: Element &amp;lt;a data-v-78d16c9c=&amp;quot;&amp;quot; href=&amp;quot;javascript:void(0)&amp;quot; class=&amp;quot;text-decoration-none form-name-edit-button&amp;quot;&amp;gt;...&amp;lt;/a&amp;gt; is not clickable at point (818, 862). Other element would receive the click: &amp;lt;div data-v-711bcb8f=&amp;quot;&amp;quot; class=&amp;quot;d-flex pt-space-sm pb-space-md py-lg-space-md justify-content-between align-items-center&amp;quot;&amp;gt;...&amp;lt;/div&amp;gt;
  (Session info: chrome=117.0.5938.149)
Build info: version: &amp;apos;4.10.0&amp;apos;, revision: &amp;apos;c14d967899&amp;apos;
System info: os.name: &amp;apos;Mac OS X&amp;apos;, os.arch: &amp;apos;x86_64&amp;apos;, os.version: &amp;apos;12.7&amp;apos;, java.version: &amp;apos;20.0.2&amp;apos;
Driver info: org.openqa.selenium.chrome.ChromeDriver
Command: [2ba7fa2a7f3990c27cff572b5b5dde96, clickElement {id=92DF795C8167879BF7D97E5DB1635BA2_element_930}]
Capabilities {acceptInsecureCerts: false, browserName: chrome, browserVersion: 117.0.5938.149, chrome: {chromedriverVersion: 117.0.5938.149 (e3344ddefa1..., userDataDir: /var/folders/5m/4nc0x2kn289...}, fedcm:accounts: true, goog:chromeOptions: {debuggerAddress: localhost:49276}, networkConnectionEnabled: false, pageLoadStrategy: normal, platformName: mac, proxy: Proxy(), se:cdp: ws://localhost:49276/devtoo..., se:cdpVersion: 117.0.5938.149, setWindowRect: true, strictFileInteractability: false, timeouts: {implicit: 0, pageLoad: 300000, script: 30000}, unhandledPromptBehavior: dismiss and notify, webauthn:extension:credBlob: true, webauthn:extension:largeBlob: true, webauthn:extension:minPinLength: true, webauthn:extension:prf: true, webauthn:virtualAuthenticators: true}
Element: [[ChromeDriver: chrome on mac (2ba7fa2a7f3990c27cff572b5b5dde96)] -&amp;gt; xpath: //a[@class=&amp;apos;text-decoration-none form-name-edit-button&amp;apos;]]
Session ID: 2ba7fa2a7f3990c27cff572b5b5dde96">
      <![CDATA[org.openqa.selenium.ElementClickInterceptedException: element click intercepted: Element <a data-v-78d16c9c="" href="javascript:void(0)" class="text-decoration-none form-name-edit-button">...</a> is not clickable at point (818, 862). Other element would receive the click: <div data-v-711bcb8f="" class="d-flex pt-space-sm pb-space-md py-lg-space-md justify-content-between align-items-center">...</div>
  (Session info: chrome=117.0.5938.149)
Build info: version: '4.10.0', revision: 'c14d967899'
System info: os.name: 'Mac OS X', os.arch: 'x86_64', os.version: '12.7', java.version: '20.0.2'
Driver info: org.openqa.selenium.chrome.ChromeDriver
Command: [2ba7fa2a7f3990c27cff572b5b5dde96, clickElement {id=92DF795C8167879BF7D97E5DB1635BA2_element_930}]
Capabilities {acceptInsecureCerts: false, browserName: chrome, browserVersion: 117.0.5938.149, chrome: {chromedriverVersion: 117.0.5938.149 (e3344ddefa1..., userDataDir: /var/folders/5m/4nc0x2kn289...}, fedcm:accounts: true, goog:chromeOptions: {debuggerAddress: localhost:49276}, networkConnectionEnabled: false, pageLoadStrategy: normal, platformName: mac, proxy: Proxy(), se:cdp: ws://localhost:49276/devtoo..., se:cdpVersion: 117.0.5938.149, setWindowRect: true, strictFileInteractability: false, timeouts: {implicit: 0, pageLoad: 300000, script: 30000}, unhandledPromptBehavior: dismiss and notify, webauthn:extension:credBlob: true, webauthn:extension:largeBlob: true, webauthn:extension:minPinLength: true, webauthn:extension:prf: true, webauthn:virtualAuthenticators: true}
Element: [[ChromeDriver: chrome on mac (2ba7fa2a7f3990c27cff572b5b5dde96)] -> xpath: //a[@class='text-decoration-none form-name-edit-button']]
Session ID: 2ba7fa2a7f3990c27cff572b5b5dde96
	at org.openqa.selenium.remote.codec.w3c.W3CHttpResponseCodec.createException(W3CHttpResponseCodec.java:199)
	at org.openqa.selenium.remote.codec.w3c.W3CHttpResponseCodec.decode(W3CHttpResponseCodec.java:132)
	at org.openqa.selenium.remote.codec.w3c.W3CHttpResponseCodec.decode(W3CHttpResponseCodec.java:51)
	at org.openqa.selenium.remote.HttpCommandExecutor.execute(HttpCommandExecutor.java:191)
	at org.openqa.selenium.remote.service.DriverCommandExecutor.invokeExecute(DriverCommandExecutor.java:196)
	at org.openqa.selenium.remote.service.DriverCommandExecutor.execute(DriverCommandExecutor.java:171)
	at org.openqa.selenium.remote.RemoteWebDriver.execute(RemoteWebDriver.java:531)
	at org.openqa.selenium.remote.RemoteWebElement.execute(RemoteWebElement.java:242)
	at org.openqa.selenium.remote.RemoteWebElement.click(RemoteWebElement.java:77)
	at com.ugapp.pages.MyInformationPage.Edit_SaveFormerName(MyInformationPage.java:278)
	at com.ugapp.testcases.TC_09_MyInformationPageTest.Edit_SaveFormerNameTest(TC_09_MyInformationPageTest.java:94)
... Removed 26 stack frames]]>
    </failure>
  </testcase> <!-- Edit_SaveFormerNameTest -->
  <testcase classname="com.ugapp.testcases.TC_09_MyInformationPageTest" name="DeleteFormerNameTest" time="6.887"/>
  <testcase classname="com.ugapp.testcases.TC_09_MyInformationPageTest" name="chooseLegalsexTest" time="4.112"/>
  <testcase classname="com.ugapp.testcases.TC_09_MyInformationPageTest" name="ProfileLinkTest" time="0.048"/>
  <testcase classname="com.ugapp.testcases.TC_09_MyInformationPageTest" name="PrimaryLangTest" time="5.4"/>
  <testcase classname="com.ugapp.testcases.TC_09_MyInformationPageTest" name="HomeAddress" time="6.459"/>
  <testcase classname="com.ugapp.testcases.TC_09_MyInformationPageTest" name="HomeAddressTest" time="19.736"/>
  <testcase classname="com.ugapp.testcases.TC_09_MyInformationPageTest" name="HomeAddressTest" time="19.553"/>
  <testcase classname="com.ugapp.testcases.TC_09_MyInformationPageTest" name="EthnicityBackgroundTest" time="5.663"/>
  <testcase classname="com.ugapp.testcases.TC_09_MyInformationPageTest" name="RacialBackgroundTest" time="5.833"/>
  <testcase classname="com.ugapp.testcases.TC_09_MyInformationPageTest" name="US_CitizenshipTest" time="5.735"/>
  <testcase classname="com.ugapp.testcases.TC_09_MyInformationPageTest" name="ParentNameTest" time="2.477"/>
  <testcase classname="com.ugapp.testcases.TC_09_MyInformationPageTest" name="ParentNameTest" time="2.402"/>
  <testcase classname="com.ugapp.testcases.TC_09_MyInformationPageTest" name="ParentNameTest" time="3.037"/>
  <testcase classname="com.ugapp.testcases.TC_09_MyInformationPageTest" name="ParentNameTest" time="9.03"/>
  <testcase classname="com.ugapp.testcases.TC_09_MyInformationPageTest" name="ParentNameTest" time="9.073"/>
  <testcase classname="com.ugapp.testcases.TC_09_MyInformationPageTest" name="ValidateParentNames" time="0.033"/>
  <testcase classname="com.ugapp.testcases.TC_09_MyInformationPageTest" name="Previous_ASU_affiliationTest" time="5.091"/>
  <testcase classname="com.ugapp.testcases.TC_09_MyInformationPageTest" name="ASU_affiliate_IDTest" time="0.173"/>
  <testcase classname="com.ugapp.testcases.TC_09_MyInformationPageTest" name="US_Uniformed_Services_MilitaryTest" time="4.484"/>
  <testcase classname="com.ugapp.testcases.TC_09_MyInformationPageTest" name="Partner_benefitsTest" time="0.115"/>
  <testcase classname="com.ugapp.testcases.TC_09_MyInformationPageTest" name="FloatingNeedHelp" time="4.24"/>
  <testcase classname="com.ugapp.testcases.TC_09_MyInformationPageTest" name="SavePageTest" time="5.16"/>
</testsuite> <!-- My Information page Test -->
