<?xml version="1.0" encoding="UTF-8"?>
<!-- Generated by org.testng.reporters.JUnitXMLReporter -->
<testsuite ignored="15" hostname="Admins-MacBook-Pro.local" failures="1" tests="15" name="My Information page Test" time="118.977" errors="0" timestamp="2023-12-27T18:26:48 IST">
  <testcase classname="com.ugapp.testcases.TC_09_MyInformationPageTest" name="validateMyInfoPage" time="9.584"/>
  <testcase classname="com.ugapp.testcases.TC_09_MyInformationPageTest" name="chooseLegalsexTest" time="5.623"/>
  <testcase classname="com.ugapp.testcases.TC_09_MyInformationPageTest" name="ProfileLinkTest" time="0.045"/>
  <testcase classname="com.ugapp.testcases.TC_09_MyInformationPageTest" name="PrimaryLangTest" time="6.596"/>
  <testcase classname="com.ugapp.testcases.TC_09_MyInformationPageTest" name="HomeAddress" time="6.542"/>
  <testcase classname="com.ugapp.testcases.TC_09_MyInformationPageTest" name="HomeAddressTest" time="21.493"/>
  <testcase classname="com.ugapp.testcases.TC_09_MyInformationPageTest" name="HomeAddressTest" time="20.132"/>
  <testcase classname="com.ugapp.testcases.TC_09_MyInformationPageTest" name="EthnicityBackgroundTest" time="8.149"/>
  <testcase classname="com.ugapp.testcases.TC_09_MyInformationPageTest" name="Not_US_Citizenship" time="1.137"/>
  <testcase classname="com.ugapp.testcases.TC_09_MyInformationPageTest" name="Visa_Type" time="23.592"/>
  <testcase classname="com.ugapp.testcases.TC_09_MyInformationPageTest" name="Previous_ASU_affiliationTest" time="5.328"/>
  <testcase classname="com.ugapp.testcases.TC_09_MyInformationPageTest" name="ASU_affiliate_IDTest" time="0.388"/>
  <testcase classname="com.ugapp.testcases.TC_09_MyInformationPageTest" name="ArmedForceReserveOrNationalGuardian_MilitaryTest" time="3.718">
    <failure type="org.openqa.selenium.NoSuchElementException" message="no such element: Unable to locate element: {&amp;quot;method&amp;quot;:&amp;quot;xpath&amp;quot;,&amp;quot;selector&amp;quot;:&amp;quot;((//input[@value=&amp;apos;National Guard&amp;apos;]) | (//input[@value=&amp;apos;Armed Forces Reserve&amp;apos;]))[0]&amp;quot;}
  (Session info: chrome=120.0.6099.129)
For documentation on this error, please visit: https://www.selenium.dev/documentation/webdriver/troubleshooting/errors#no-such-element-exception
Build info: version: &amp;apos;4.16.1&amp;apos;, revision: &amp;apos;9b4c83354e&amp;apos;
System info: os.name: &amp;apos;Mac OS X&amp;apos;, os.arch: &amp;apos;x86_64&amp;apos;, os.version: &amp;apos;12.7.2&amp;apos;, java.version: &amp;apos;20.0.2&amp;apos;
Driver info: org.openqa.selenium.chrome.ChromeDriver
Command: [a4cd3990e106e6af846563bdb2518ff4, findElement {using=xpath, value=((//input[@value=&amp;apos;National Guard&amp;apos;]) | (//input[@value=&amp;apos;Armed Forces Reserve&amp;apos;]))[0]}]
Capabilities {acceptInsecureCerts: false, browserName: chrome, browserVersion: 120.0.6099.129, chrome: {chromedriverVersion: 120.0.6099.109 (3419140ab66..., userDataDir: /var/folders/5m/4nc0x2kn289...}, fedcm:accounts: true, goog:chromeOptions: {debuggerAddress: localhost:64673}, networkConnectionEnabled: false, pageLoadStrategy: normal, platformName: mac, proxy: Proxy(), se:cdp: ws://localhost:64673/devtoo..., se:cdpVersion: 120.0.6099.129, setWindowRect: true, strictFileInteractability: false, timeouts: {implicit: 0, pageLoad: 300000, script: 30000}, unhandledPromptBehavior: dismiss and notify, webauthn:extension:credBlob: true, webauthn:extension:largeBlob: true, webauthn:extension:minPinLength: true, webauthn:extension:prf: true, webauthn:virtualAuthenticators: true}
Session ID: a4cd3990e106e6af846563bdb2518ff4">
      <![CDATA[org.openqa.selenium.NoSuchElementException: no such element: Unable to locate element: {"method":"xpath","selector":"((//input[@value='National Guard']) | (//input[@value='Armed Forces Reserve']))[0]"}
  (Session info: chrome=120.0.6099.129)
For documentation on this error, please visit: https://www.selenium.dev/documentation/webdriver/troubleshooting/errors#no-such-element-exception
Build info: version: '4.16.1', revision: '9b4c83354e'
System info: os.name: 'Mac OS X', os.arch: 'x86_64', os.version: '12.7.2', java.version: '20.0.2'
Driver info: org.openqa.selenium.chrome.ChromeDriver
Command: [a4cd3990e106e6af846563bdb2518ff4, findElement {using=xpath, value=((//input[@value='National Guard']) | (//input[@value='Armed Forces Reserve']))[0]}]
Capabilities {acceptInsecureCerts: false, browserName: chrome, browserVersion: 120.0.6099.129, chrome: {chromedriverVersion: 120.0.6099.109 (3419140ab66..., userDataDir: /var/folders/5m/4nc0x2kn289...}, fedcm:accounts: true, goog:chromeOptions: {debuggerAddress: localhost:64673}, networkConnectionEnabled: false, pageLoadStrategy: normal, platformName: mac, proxy: Proxy(), se:cdp: ws://localhost:64673/devtoo..., se:cdpVersion: 120.0.6099.129, setWindowRect: true, strictFileInteractability: false, timeouts: {implicit: 0, pageLoad: 300000, script: 30000}, unhandledPromptBehavior: dismiss and notify, webauthn:extension:credBlob: true, webauthn:extension:largeBlob: true, webauthn:extension:minPinLength: true, webauthn:extension:prf: true, webauthn:virtualAuthenticators: true}
Session ID: a4cd3990e106e6af846563bdb2518ff4
at org.openqa.selenium.remote.codec.w3c.W3CHttpResponseCodec.createException(W3CHttpResponseCodec.java:200)
at org.openqa.selenium.remote.codec.w3c.W3CHttpResponseCodec.decode(W3CHttpResponseCodec.java:133)
at org.openqa.selenium.remote.codec.w3c.W3CHttpResponseCodec.decode(W3CHttpResponseCodec.java:52)
at org.openqa.selenium.remote.HttpCommandExecutor.execute(HttpCommandExecutor.java:191)
at org.openqa.selenium.remote.service.DriverCommandExecutor.invokeExecute(DriverCommandExecutor.java:200)
at org.openqa.selenium.remote.service.DriverCommandExecutor.execute(DriverCommandExecutor.java:175)
at org.openqa.selenium.remote.RemoteWebDriver.execute(RemoteWebDriver.java:523)
at org.openqa.selenium.remote.ElementLocation$ElementFinder$2.findElement(ElementLocation.java:165)
at org.openqa.selenium.remote.ElementLocation.findElement(ElementLocation.java:59)
at org.openqa.selenium.remote.RemoteWebDriver.findElement(RemoteWebDriver.java:360)
at org.openqa.selenium.remote.RemoteWebDriver.findElement(RemoteWebDriver.java:354)
at com.ugapp.pages.MyInformationPage.ArmedForceReserveOrNationalGuardian_Military(MyInformationPage.java:2143)
at com.ugapp.testcases.TC_09_MyInformationPageTest.ArmedForceReserveOrNationalGuardian_MilitaryTest(TC_09_MyInformationPageTest.java:236)
at java.base/java.util.ArrayList.forEach(ArrayList.java:1511)
... Removed 28 stack frames]]>
    </failure>
  </testcase> <!-- ArmedForceReserveOrNationalGuardian_MilitaryTest -->
  <testcase classname="com.ugapp.testcases.TC_09_MyInformationPageTest" name="Partner_benefitsTest" time="0.511"/>
  <testcase classname="com.ugapp.testcases.TC_09_MyInformationPageTest" name="SavePageTest" time="5.142"/>
  <testcase classname="com.ugapp.testcases.TC_09_MyInformationPageTest" name="Edit_CancelFormerNameTest" time="0.0">
    <ignored/>
  </testcase> <!-- Edit_CancelFormerNameTest -->
  <testcase classname="com.ugapp.testcases.TC_09_MyInformationPageTest" name="ValidateFormerNames" time="0.0">
    <ignored/>
  </testcase> <!-- ValidateFormerNames -->
  <testcase classname="com.ugapp.testcases.TC_09_MyInformationPageTest" name="Veteran_MilitaryTest" time="0.0">
    <ignored/>
  </testcase> <!-- Veteran_MilitaryTest -->
  <testcase classname="com.ugapp.testcases.TC_09_MyInformationPageTest" name="ActiveDuty_MilitaryTest" time="0.0">
    <ignored/>
  </testcase> <!-- ActiveDuty_MilitaryTest -->
  <testcase classname="com.ugapp.testcases.TC_09_MyInformationPageTest" name="SpouseOrDependent_MilitaryTest" time="0.0">
    <ignored/>
  </testcase> <!-- SpouseOrDependent_MilitaryTest -->
  <testcase classname="com.ugapp.testcases.TC_09_MyInformationPageTest" name="Edit_SaveFormerNameTest" time="0.0">
    <ignored/>
  </testcase> <!-- Edit_SaveFormerNameTest -->
  <testcase classname="com.ugapp.testcases.TC_09_MyInformationPageTest" name="ValidateParentNames" time="0.0">
    <ignored/>
  </testcase> <!-- ValidateParentNames -->
  <testcase classname="com.ugapp.testcases.TC_09_MyInformationPageTest" name="requiredErrorMesssage" time="0.0">
    <ignored/>
  </testcase> <!-- requiredErrorMesssage -->
  <testcase classname="com.ugapp.testcases.TC_09_MyInformationPageTest" name="US_CitizenshipTest" time="0.0">
    <ignored/>
  </testcase> <!-- US_CitizenshipTest -->
  <testcase classname="com.ugapp.testcases.TC_09_MyInformationPageTest" name="validateNeedhelpform" time="0.0">
    <ignored/>
  </testcase> <!-- validateNeedhelpform -->
  <testcase classname="com.ugapp.testcases.TC_09_MyInformationPageTest" name="NoneOfTheseApply_MilitaryTest" time="0.0">
    <ignored/>
  </testcase> <!-- NoneOfTheseApply_MilitaryTest -->
  <testcase classname="com.ugapp.testcases.TC_09_MyInformationPageTest" name="DeleteFormerNameTest" time="0.0">
    <ignored/>
  </testcase> <!-- DeleteFormerNameTest -->
  <testcase classname="com.ugapp.testcases.TC_09_MyInformationPageTest" name="FloatingNeedHelp" time="0.0">
    <ignored/>
  </testcase> <!-- FloatingNeedHelp -->
  <testcase classname="com.ugapp.testcases.TC_09_MyInformationPageTest" name="ParentNameTest" time="0.0">
    <ignored/>
  </testcase> <!-- ParentNameTest -->
  <testcase classname="com.ugapp.testcases.TC_09_MyInformationPageTest" name="FormerNameTest" time="0.0">
    <ignored/>
  </testcase> <!-- FormerNameTest -->
</testsuite> <!-- My Information page Test -->
