<?xml version="1.0" encoding="UTF-8"?>
<!-- Generated by org.testng.reporters.JUnitXMLReporter -->
<testsuite ignored="0" hostname="DESKTOP-OB9VDN9" failures="0" tests="2" name="My Information page Test" time="17.598" errors="0" timestamp="06 Nov 2023 06:36:18 GMT">
  <testcase classname="com.ugapp.testcases.TC_09_MyInformationPageTest" name="validateMyInfoPage" time="17.44"/>
  <testcase classname="com.ugapp.testcases.TC_09_MyInformationPageTest" name="Partner_benefitsTest" time="0.113"/>
</testsuite> <!-- My Information page Test -->
