<?xml version="1.0" encoding="UTF-8"?>
<!-- Generated by org.testng.reporters.JUnitXMLReporter -->
<testsuite ignored="0" hostname="Admins-MacBook-Pro.local" failures="5" tests="5" name="Preview page Test" time="15.696" errors="0" timestamp="2023-12-27T18:29:17 IST">
  <testcase classname="com.ugapp.testcases.TC_17_PreviewTest" name="preview" time="6.555">
    <failure type="java.lang.NullPointerException" message="Cannot invoke &amp;quot;org.openqa.selenium.WebElement.isEnabled()&amp;quot; because the return value of &amp;quot;com.ugapp.pages.PreviewPage.findElement(String)&amp;quot; is null">
      <![CDATA[java.lang.NullPointerException: Cannot invoke "org.openqa.selenium.WebElement.isEnabled()" because the return value of "com.ugapp.pages.PreviewPage.findElement(String)" is null
at com.ugapp.pages.PreviewPage.downloadPdf(PreviewPage.java:44)
at com.ugapp.testcases.TC_17_PreviewTest.preview(TC_17_PreviewTest.java:23)
at java.base/java.util.ArrayList.forEach(ArrayList.java:1511)
... Removed 25 stack frames]]>
    </failure>
  </testcase> <!-- preview -->
  <testcase classname="com.ugapp.testcases.TC_17_PreviewTest" name="writePreviewToExcel" time="0.036">
    <failure type="org.openqa.selenium.JavascriptException" message="javascript error: Cannot read properties of null (reading &amp;apos;scrollIntoView&amp;apos;)
  (Session info: chrome=120.0.6099.129)
Build info: version: &amp;apos;4.16.1&amp;apos;, revision: &amp;apos;9b4c83354e&amp;apos;
System info: os.name: &amp;apos;Mac OS X&amp;apos;, os.arch: &amp;apos;x86_64&amp;apos;, os.version: &amp;apos;12.7.2&amp;apos;, java.version: &amp;apos;20.0.2&amp;apos;
Driver info: org.openqa.selenium.chrome.ChromeDriver
Command: [a4cd3990e106e6af846563bdb2518ff4, executeScript {script=arguments[0].scrollIntoView({block: &amp;apos;center&amp;apos;});, args=[null]}]
Capabilities {acceptInsecureCerts: false, browserName: chrome, browserVersion: 120.0.6099.129, chrome: {chromedriverVersion: 120.0.6099.109 (3419140ab66..., userDataDir: /var/folders/5m/4nc0x2kn289...}, fedcm:accounts: true, goog:chromeOptions: {debuggerAddress: localhost:64673}, networkConnectionEnabled: false, pageLoadStrategy: normal, platformName: mac, proxy: Proxy(), se:cdp: ws://localhost:64673/devtoo..., se:cdpVersion: 120.0.6099.129, setWindowRect: true, strictFileInteractability: false, timeouts: {implicit: 0, pageLoad: 300000, script: 30000}, unhandledPromptBehavior: dismiss and notify, webauthn:extension:credBlob: true, webauthn:extension:largeBlob: true, webauthn:extension:minPinLength: true, webauthn:extension:prf: true, webauthn:virtualAuthenticators: true}
Session ID: a4cd3990e106e6af846563bdb2518ff4">
      <![CDATA[org.openqa.selenium.JavascriptException: javascript error: Cannot read properties of null (reading 'scrollIntoView')
  (Session info: chrome=120.0.6099.129)
Build info: version: '4.16.1', revision: '9b4c83354e'
System info: os.name: 'Mac OS X', os.arch: 'x86_64', os.version: '12.7.2', java.version: '20.0.2'
Driver info: org.openqa.selenium.chrome.ChromeDriver
Command: [a4cd3990e106e6af846563bdb2518ff4, executeScript {script=arguments[0].scrollIntoView({block: 'center'});, args=[null]}]
Capabilities {acceptInsecureCerts: false, browserName: chrome, browserVersion: 120.0.6099.129, chrome: {chromedriverVersion: 120.0.6099.109 (3419140ab66..., userDataDir: /var/folders/5m/4nc0x2kn289...}, fedcm:accounts: true, goog:chromeOptions: {debuggerAddress: localhost:64673}, networkConnectionEnabled: false, pageLoadStrategy: normal, platformName: mac, proxy: Proxy(), se:cdp: ws://localhost:64673/devtoo..., se:cdpVersion: 120.0.6099.129, setWindowRect: true, strictFileInteractability: false, timeouts: {implicit: 0, pageLoad: 300000, script: 30000}, unhandledPromptBehavior: dismiss and notify, webauthn:extension:credBlob: true, webauthn:extension:largeBlob: true, webauthn:extension:minPinLength: true, webauthn:extension:prf: true, webauthn:virtualAuthenticators: true}
Session ID: a4cd3990e106e6af846563bdb2518ff4
at org.openqa.selenium.remote.codec.w3c.W3CHttpResponseCodec.createException(W3CHttpResponseCodec.java:200)
at org.openqa.selenium.remote.codec.w3c.W3CHttpResponseCodec.decode(W3CHttpResponseCodec.java:133)
at org.openqa.selenium.remote.codec.w3c.W3CHttpResponseCodec.decode(W3CHttpResponseCodec.java:52)
at org.openqa.selenium.remote.HttpCommandExecutor.execute(HttpCommandExecutor.java:191)
at org.openqa.selenium.remote.service.DriverCommandExecutor.invokeExecute(DriverCommandExecutor.java:200)
at org.openqa.selenium.remote.service.DriverCommandExecutor.execute(DriverCommandExecutor.java:175)
at org.openqa.selenium.remote.RemoteWebDriver.execute(RemoteWebDriver.java:523)
at org.openqa.selenium.remote.RemoteWebDriver.executeScript(RemoteWebDriver.java:468)
at com.ugapp.pages.PreviewPage.previewProfile(PreviewPage.java:80)
at com.ugapp.testcases.TC_17_PreviewTest.writePreviewToExcel(TC_17_PreviewTest.java:35)
at java.base/java.util.ArrayList.forEach(ArrayList.java:1511)
... Removed 28 stack frames]]>
    </failure>
  </testcase> <!-- writePreviewToExcel -->
  <testcase classname="com.ugapp.testcases.TC_17_PreviewTest" name="ComparePreviewwithReview" time="0.005">
    <failure type="org.apache.poi.openxml4j.exceptions.InvalidOperationException" message="Can&amp;apos;t open the specified file: &amp;apos;/var/folders/5m/4nc0x2kn2893jbyz0dhq9c440000gp/T/poifiles/poi-ooxml-1551333626.tmp&amp;apos;">
      <![CDATA[org.apache.poi.openxml4j.exceptions.InvalidOperationException: Can't open the specified file: '/var/folders/5m/4nc0x2kn2893jbyz0dhq9c440000gp/T/poifiles/poi-ooxml-1551333626.tmp'
at org.apache.poi.openxml4j.opc.ZipPackage.<init>(ZipPackage.java:102)
at org.apache.poi.openxml4j.opc.OPCPackage.open(OPCPackage.java:199)
at org.apache.poi.openxml4j.opc.OPCPackage.open(OPCPackage.java:178)
at org.apache.poi.util.PackageHelper.open(PackageHelper.java:53)
at org.apache.poi.xssf.usermodel.XSSFWorkbook.<init>(XSSFWorkbook.java:176)
at com.ugapp.base.Page.CompareAndWriteMismatches(Page.java:718)
at com.ugapp.pages.PreviewPage.compareReviewAndPreview(PreviewPage.java:330)
at com.ugapp.testcases.TC_17_PreviewTest.ComparePreviewwithReview(TC_17_PreviewTest.java:58)
at java.base/java.util.ArrayList.forEach(ArrayList.java:1511)
... Removed 25 stack frames]]>
    </failure>
  </testcase> <!-- ComparePreviewwithReview -->
  <testcase classname="com.ugapp.testcases.TC_17_PreviewTest" name="ApplicationAffidavitCheck" time="0.039">
    <failure type="org.openqa.selenium.JavascriptException" message="javascript error: Cannot read properties of null (reading &amp;apos;scrollIntoView&amp;apos;)
  (Session info: chrome=120.0.6099.129)
Build info: version: &amp;apos;4.16.1&amp;apos;, revision: &amp;apos;9b4c83354e&amp;apos;
System info: os.name: &amp;apos;Mac OS X&amp;apos;, os.arch: &amp;apos;x86_64&amp;apos;, os.version: &amp;apos;12.7.2&amp;apos;, java.version: &amp;apos;20.0.2&amp;apos;
Driver info: org.openqa.selenium.chrome.ChromeDriver
Command: [a4cd3990e106e6af846563bdb2518ff4, executeScript {script=arguments[0].scrollIntoView({block: &amp;apos;center&amp;apos;});, args=[null]}]
Capabilities {acceptInsecureCerts: false, browserName: chrome, browserVersion: 120.0.6099.129, chrome: {chromedriverVersion: 120.0.6099.109 (3419140ab66..., userDataDir: /var/folders/5m/4nc0x2kn289...}, fedcm:accounts: true, goog:chromeOptions: {debuggerAddress: localhost:64673}, networkConnectionEnabled: false, pageLoadStrategy: normal, platformName: mac, proxy: Proxy(), se:cdp: ws://localhost:64673/devtoo..., se:cdpVersion: 120.0.6099.129, setWindowRect: true, strictFileInteractability: false, timeouts: {implicit: 0, pageLoad: 300000, script: 30000}, unhandledPromptBehavior: dismiss and notify, webauthn:extension:credBlob: true, webauthn:extension:largeBlob: true, webauthn:extension:minPinLength: true, webauthn:extension:prf: true, webauthn:virtualAuthenticators: true}
Session ID: a4cd3990e106e6af846563bdb2518ff4">
      <![CDATA[org.openqa.selenium.JavascriptException: javascript error: Cannot read properties of null (reading 'scrollIntoView')
  (Session info: chrome=120.0.6099.129)
Build info: version: '4.16.1', revision: '9b4c83354e'
System info: os.name: 'Mac OS X', os.arch: 'x86_64', os.version: '12.7.2', java.version: '20.0.2'
Driver info: org.openqa.selenium.chrome.ChromeDriver
Command: [a4cd3990e106e6af846563bdb2518ff4, executeScript {script=arguments[0].scrollIntoView({block: 'center'});, args=[null]}]
Capabilities {acceptInsecureCerts: false, browserName: chrome, browserVersion: 120.0.6099.129, chrome: {chromedriverVersion: 120.0.6099.109 (3419140ab66..., userDataDir: /var/folders/5m/4nc0x2kn289...}, fedcm:accounts: true, goog:chromeOptions: {debuggerAddress: localhost:64673}, networkConnectionEnabled: false, pageLoadStrategy: normal, platformName: mac, proxy: Proxy(), se:cdp: ws://localhost:64673/devtoo..., se:cdpVersion: 120.0.6099.129, setWindowRect: true, strictFileInteractability: false, timeouts: {implicit: 0, pageLoad: 300000, script: 30000}, unhandledPromptBehavior: dismiss and notify, webauthn:extension:credBlob: true, webauthn:extension:largeBlob: true, webauthn:extension:minPinLength: true, webauthn:extension:prf: true, webauthn:virtualAuthenticators: true}
Session ID: a4cd3990e106e6af846563bdb2518ff4
at org.openqa.selenium.remote.codec.w3c.W3CHttpResponseCodec.createException(W3CHttpResponseCodec.java:200)
at org.openqa.selenium.remote.codec.w3c.W3CHttpResponseCodec.decode(W3CHttpResponseCodec.java:133)
at org.openqa.selenium.remote.codec.w3c.W3CHttpResponseCodec.decode(W3CHttpResponseCodec.java:52)
at org.openqa.selenium.remote.HttpCommandExecutor.execute(HttpCommandExecutor.java:191)
at org.openqa.selenium.remote.service.DriverCommandExecutor.invokeExecute(DriverCommandExecutor.java:200)
at org.openqa.selenium.remote.service.DriverCommandExecutor.execute(DriverCommandExecutor.java:175)
at org.openqa.selenium.remote.RemoteWebDriver.execute(RemoteWebDriver.java:523)
at org.openqa.selenium.remote.RemoteWebDriver.executeScript(RemoteWebDriver.java:468)
at com.ugapp.pages.PreviewPage.affidavit(PreviewPage.java:250)
at com.ugapp.testcases.TC_17_PreviewTest.ApplicationAffidavitCheck(TC_17_PreviewTest.java:65)
at java.base/java.util.ArrayList.forEach(ArrayList.java:1511)
... Removed 28 stack frames]]>
    </failure>
  </testcase> <!-- ApplicationAffidavitCheck -->
  <testcase classname="com.ugapp.testcases.TC_17_PreviewTest" name="postPreview" time="7.731">
    <failure type="org.openqa.selenium.NoSuchElementException" message="no such element: Unable to locate element: {&amp;quot;method&amp;quot;:&amp;quot;xpath&amp;quot;,&amp;quot;selector&amp;quot;:&amp;quot;//input[@id=&amp;apos;email&amp;apos;]&amp;quot;}
  (Session info: chrome=120.0.6099.129)
For documentation on this error, please visit: https://www.selenium.dev/documentation/webdriver/troubleshooting/errors#no-such-element-exception
Build info: version: &amp;apos;4.16.1&amp;apos;, revision: &amp;apos;9b4c83354e&amp;apos;
System info: os.name: &amp;apos;Mac OS X&amp;apos;, os.arch: &amp;apos;x86_64&amp;apos;, os.version: &amp;apos;12.7.2&amp;apos;, java.version: &amp;apos;20.0.2&amp;apos;
Driver info: org.openqa.selenium.chrome.ChromeDriver
Command: [a4cd3990e106e6af846563bdb2518ff4, findElement {using=xpath, value=//input[@id=&amp;apos;email&amp;apos;]}]
Capabilities {acceptInsecureCerts: false, browserName: chrome, browserVersion: 120.0.6099.129, chrome: {chromedriverVersion: 120.0.6099.109 (3419140ab66..., userDataDir: /var/folders/5m/4nc0x2kn289...}, fedcm:accounts: true, goog:chromeOptions: {debuggerAddress: localhost:64673}, networkConnectionEnabled: false, pageLoadStrategy: normal, platformName: mac, proxy: Proxy(), se:cdp: ws://localhost:64673/devtoo..., se:cdpVersion: 120.0.6099.129, setWindowRect: true, strictFileInteractability: false, timeouts: {implicit: 0, pageLoad: 300000, script: 30000}, unhandledPromptBehavior: dismiss and notify, webauthn:extension:credBlob: true, webauthn:extension:largeBlob: true, webauthn:extension:minPinLength: true, webauthn:extension:prf: true, webauthn:virtualAuthenticators: true}
Session ID: a4cd3990e106e6af846563bdb2518ff4">
      <![CDATA[org.openqa.selenium.NoSuchElementException: no such element: Unable to locate element: {"method":"xpath","selector":"//input[@id='email']"}
  (Session info: chrome=120.0.6099.129)
For documentation on this error, please visit: https://www.selenium.dev/documentation/webdriver/troubleshooting/errors#no-such-element-exception
Build info: version: '4.16.1', revision: '9b4c83354e'
System info: os.name: 'Mac OS X', os.arch: 'x86_64', os.version: '12.7.2', java.version: '20.0.2'
Driver info: org.openqa.selenium.chrome.ChromeDriver
Command: [a4cd3990e106e6af846563bdb2518ff4, findElement {using=xpath, value=//input[@id='email']}]
Capabilities {acceptInsecureCerts: false, browserName: chrome, browserVersion: 120.0.6099.129, chrome: {chromedriverVersion: 120.0.6099.109 (3419140ab66..., userDataDir: /var/folders/5m/4nc0x2kn289...}, fedcm:accounts: true, goog:chromeOptions: {debuggerAddress: localhost:64673}, networkConnectionEnabled: false, pageLoadStrategy: normal, platformName: mac, proxy: Proxy(), se:cdp: ws://localhost:64673/devtoo..., se:cdpVersion: 120.0.6099.129, setWindowRect: true, strictFileInteractability: false, timeouts: {implicit: 0, pageLoad: 300000, script: 30000}, unhandledPromptBehavior: dismiss and notify, webauthn:extension:credBlob: true, webauthn:extension:largeBlob: true, webauthn:extension:minPinLength: true, webauthn:extension:prf: true, webauthn:virtualAuthenticators: true}
Session ID: a4cd3990e106e6af846563bdb2518ff4
at org.openqa.selenium.remote.codec.w3c.W3CHttpResponseCodec.createException(W3CHttpResponseCodec.java:200)
at org.openqa.selenium.remote.codec.w3c.W3CHttpResponseCodec.decode(W3CHttpResponseCodec.java:133)
at org.openqa.selenium.remote.codec.w3c.W3CHttpResponseCodec.decode(W3CHttpResponseCodec.java:52)
at org.openqa.selenium.remote.HttpCommandExecutor.execute(HttpCommandExecutor.java:191)
at org.openqa.selenium.remote.service.DriverCommandExecutor.invokeExecute(DriverCommandExecutor.java:200)
at org.openqa.selenium.remote.service.DriverCommandExecutor.execute(DriverCommandExecutor.java:175)
at org.openqa.selenium.remote.RemoteWebDriver.execute(RemoteWebDriver.java:523)
at org.openqa.selenium.remote.ElementLocation$ElementFinder$2.findElement(ElementLocation.java:165)
at org.openqa.selenium.remote.ElementLocation.findElement(ElementLocation.java:59)
at org.openqa.selenium.remote.RemoteWebDriver.findElement(RemoteWebDriver.java:360)
at org.openqa.selenium.remote.RemoteWebDriver.findElement(RemoteWebDriver.java:354)
at com.ugapp.base.Page.type(Page.java:163)
at com.ugapp.pages.PreviewPage.login(PreviewPage.java:364)
at com.ugapp.testcases.TC_17_PreviewTest.postPreview(TC_17_PreviewTest.java:82)
at java.base/java.util.ArrayList.forEach(ArrayList.java:1511)
... Removed 28 stack frames]]>
    </failure>
  </testcase> <!-- postPreview -->
</testsuite> <!-- Preview page Test -->
