<?xml version="1.0" encoding="UTF-8"?>
<!-- Generated by org.testng.reporters.JUnitXMLReporter -->
<testsuite ignored="0" hostname="Admins-MacBook-Pro.local" failures="3" tests="3" name="Preview page Test" time="5.992" errors="0" timestamp="09 Nov 2023 12:21:16 GMT">
  <testcase classname="com.ugapp.testcases.TC_17_PreviewTest" name="preview" time="0.137">
    <failure type="org.openqa.selenium.NoSuchElementException" message="no such element: Unable to locate element: {&amp;quot;method&amp;quot;:&amp;quot;xpath&amp;quot;,&amp;quot;selector&amp;quot;:&amp;quot;//span[contains(text(),&amp;apos;Download as PDF&amp;apos;)]/..&amp;quot;}
  (Session info: chrome=119.0.6045.123)
For documentation on this error, please visit: https://www.selenium.dev/documentation/webdriver/troubleshooting/errors#no-such-element-exception
Build info: version: &amp;apos;4.10.0&amp;apos;, revision: &amp;apos;c14d967899&amp;apos;
System info: os.name: &amp;apos;Mac OS X&amp;apos;, os.arch: &amp;apos;x86_64&amp;apos;, os.version: &amp;apos;12.7&amp;apos;, java.version: &amp;apos;20.0.2&amp;apos;
Driver info: org.openqa.selenium.chrome.ChromeDriver
Command: [3eeb5a03e975821b9ce5db847c3ff8cf, findElement {using=xpath, value=//span[contains(text(),&amp;apos;Download as PDF&amp;apos;)]/..}]
Capabilities {acceptInsecureCerts: false, browserName: chrome, browserVersion: 119.0.6045.123, chrome: {chromedriverVersion: 119.0.6045.105 (38c72552c5e...}, fedcm:accounts: true, goog:chromeOptions: {debuggerAddress: localhost:59054}, pageLoadStrategy: normal, platformName: any, proxy: Proxy(), se:cdp: ws://localhost:59054/devtoo..., se:cdpVersion: 119.0.6045.123, setWindowRect: false, strictFileInteractability: false, timeouts: {implicit: 0, pageLoad: 300000, script: 30000}, unhandledPromptBehavior: dismiss and notify, webauthn:extension:credBlob: true, webauthn:extension:largeBlob: true, webauthn:extension:minPinLength: true, webauthn:extension:prf: true, webauthn:virtualAuthenticators: true}
Session ID: 3eeb5a03e975821b9ce5db847c3ff8cf">
      <![CDATA[org.openqa.selenium.NoSuchElementException: no such element: Unable to locate element: {"method":"xpath","selector":"//span[contains(text(),'Download as PDF')]/.."}
  (Session info: chrome=119.0.6045.123)
For documentation on this error, please visit: https://www.selenium.dev/documentation/webdriver/troubleshooting/errors#no-such-element-exception
Build info: version: '4.10.0', revision: 'c14d967899'
System info: os.name: 'Mac OS X', os.arch: 'x86_64', os.version: '12.7', java.version: '20.0.2'
Driver info: org.openqa.selenium.chrome.ChromeDriver
Command: [3eeb5a03e975821b9ce5db847c3ff8cf, findElement {using=xpath, value=//span[contains(text(),'Download as PDF')]/..}]
Capabilities {acceptInsecureCerts: false, browserName: chrome, browserVersion: 119.0.6045.123, chrome: {chromedriverVersion: 119.0.6045.105 (38c72552c5e...}, fedcm:accounts: true, goog:chromeOptions: {debuggerAddress: localhost:59054}, pageLoadStrategy: normal, platformName: any, proxy: Proxy(), se:cdp: ws://localhost:59054/devtoo..., se:cdpVersion: 119.0.6045.123, setWindowRect: false, strictFileInteractability: false, timeouts: {implicit: 0, pageLoad: 300000, script: 30000}, unhandledPromptBehavior: dismiss and notify, webauthn:extension:credBlob: true, webauthn:extension:largeBlob: true, webauthn:extension:minPinLength: true, webauthn:extension:prf: true, webauthn:virtualAuthenticators: true}
Session ID: 3eeb5a03e975821b9ce5db847c3ff8cf
	at org.openqa.selenium.remote.codec.w3c.W3CHttpResponseCodec.createException(W3CHttpResponseCodec.java:199)
	at org.openqa.selenium.remote.codec.w3c.W3CHttpResponseCodec.decode(W3CHttpResponseCodec.java:132)
	at org.openqa.selenium.remote.codec.w3c.W3CHttpResponseCodec.decode(W3CHttpResponseCodec.java:51)
	at org.openqa.selenium.remote.HttpCommandExecutor.execute(HttpCommandExecutor.java:191)
	at org.openqa.selenium.remote.service.DriverCommandExecutor.invokeExecute(DriverCommandExecutor.java:196)
	at org.openqa.selenium.remote.service.DriverCommandExecutor.execute(DriverCommandExecutor.java:171)
	at org.openqa.selenium.remote.RemoteWebDriver.execute(RemoteWebDriver.java:531)
	at org.openqa.selenium.remote.ElementLocation$ElementFinder$2.findElement(ElementLocation.java:165)
	at org.openqa.selenium.remote.ElementLocation.findElement(ElementLocation.java:59)
	at org.openqa.selenium.remote.RemoteWebDriver.findElement(RemoteWebDriver.java:350)
	at org.openqa.selenium.remote.RemoteWebDriver.findElement(RemoteWebDriver.java:344)
	at com.ugapp.base.Page.findElement(Page.java:163)
	at com.ugapp.pages.PreviewPage.downloadPdf(PreviewPage.java:35)
	at com.ugapp.testcases.TC_17_PreviewTest.preview(TC_17_PreviewTest.java:16)
... Removed 26 stack frames]]>
    </failure>
  </testcase> <!-- preview -->
  <testcase classname="com.ugapp.testcases.TC_17_PreviewTest" name="writePreviewToExcel" time="1.416">
    <failure type="org.openqa.selenium.ElementClickInterceptedException" message="element click intercepted: Element &amp;lt;h2 data-v-1028096c=&amp;quot;&amp;quot; class=&amp;quot;collapse-title h2-medium mr-space-sm mr-lg-space-md my-auto&amp;quot;&amp;gt;...&amp;lt;/h2&amp;gt; is not clickable at point (448, 561). Other element would receive the click: &amp;lt;div class=&amp;quot;position-absolute bg-light-2 rounded-lg&amp;quot; style=&amp;quot;inset: 0px; opacity: 0.9; backdrop-filter: blur(3px);&amp;quot;&amp;gt;&amp;lt;/div&amp;gt;
  (Session info: chrome=119.0.6045.123)
Build info: version: &amp;apos;4.10.0&amp;apos;, revision: &amp;apos;c14d967899&amp;apos;
System info: os.name: &amp;apos;Mac OS X&amp;apos;, os.arch: &amp;apos;x86_64&amp;apos;, os.version: &amp;apos;12.7&amp;apos;, java.version: &amp;apos;20.0.2&amp;apos;
Driver info: org.openqa.selenium.chrome.ChromeDriver
Command: [3eeb5a03e975821b9ce5db847c3ff8cf, clickElement {id=E6AA60E2E213BD1BB19985E5DAADBA32_element_11165}]
Capabilities {acceptInsecureCerts: false, browserName: chrome, browserVersion: 119.0.6045.123, chrome: {chromedriverVersion: 119.0.6045.105 (38c72552c5e...}, fedcm:accounts: true, goog:chromeOptions: {debuggerAddress: localhost:59054}, pageLoadStrategy: normal, platformName: any, proxy: Proxy(), se:cdp: ws://localhost:59054/devtoo..., se:cdpVersion: 119.0.6045.123, setWindowRect: false, strictFileInteractability: false, timeouts: {implicit: 0, pageLoad: 300000, script: 30000}, unhandledPromptBehavior: dismiss and notify, webauthn:extension:credBlob: true, webauthn:extension:largeBlob: true, webauthn:extension:minPinLength: true, webauthn:extension:prf: true, webauthn:virtualAuthenticators: true}
Element: [[ChromeDriver: chrome on any (3eeb5a03e975821b9ce5db847c3ff8cf)] -&amp;gt; xpath: //*[contains(text(),&amp;apos;Profile&amp;apos;)]]
Session ID: 3eeb5a03e975821b9ce5db847c3ff8cf">
      <![CDATA[org.openqa.selenium.ElementClickInterceptedException: element click intercepted: Element <h2 data-v-1028096c="" class="collapse-title h2-medium mr-space-sm mr-lg-space-md my-auto">...</h2> is not clickable at point (448, 561). Other element would receive the click: <div class="position-absolute bg-light-2 rounded-lg" style="inset: 0px; opacity: 0.9; backdrop-filter: blur(3px);"></div>
  (Session info: chrome=119.0.6045.123)
Build info: version: '4.10.0', revision: 'c14d967899'
System info: os.name: 'Mac OS X', os.arch: 'x86_64', os.version: '12.7', java.version: '20.0.2'
Driver info: org.openqa.selenium.chrome.ChromeDriver
Command: [3eeb5a03e975821b9ce5db847c3ff8cf, clickElement {id=E6AA60E2E213BD1BB19985E5DAADBA32_element_11165}]
Capabilities {acceptInsecureCerts: false, browserName: chrome, browserVersion: 119.0.6045.123, chrome: {chromedriverVersion: 119.0.6045.105 (38c72552c5e...}, fedcm:accounts: true, goog:chromeOptions: {debuggerAddress: localhost:59054}, pageLoadStrategy: normal, platformName: any, proxy: Proxy(), se:cdp: ws://localhost:59054/devtoo..., se:cdpVersion: 119.0.6045.123, setWindowRect: false, strictFileInteractability: false, timeouts: {implicit: 0, pageLoad: 300000, script: 30000}, unhandledPromptBehavior: dismiss and notify, webauthn:extension:credBlob: true, webauthn:extension:largeBlob: true, webauthn:extension:minPinLength: true, webauthn:extension:prf: true, webauthn:virtualAuthenticators: true}
Element: [[ChromeDriver: chrome on any (3eeb5a03e975821b9ce5db847c3ff8cf)] -> xpath: //*[contains(text(),'Profile')]]
Session ID: 3eeb5a03e975821b9ce5db847c3ff8cf
	at org.openqa.selenium.remote.codec.w3c.W3CHttpResponseCodec.createException(W3CHttpResponseCodec.java:199)
	at org.openqa.selenium.remote.codec.w3c.W3CHttpResponseCodec.decode(W3CHttpResponseCodec.java:132)
	at org.openqa.selenium.remote.codec.w3c.W3CHttpResponseCodec.decode(W3CHttpResponseCodec.java:51)
	at org.openqa.selenium.remote.HttpCommandExecutor.execute(HttpCommandExecutor.java:191)
	at org.openqa.selenium.remote.service.DriverCommandExecutor.invokeExecute(DriverCommandExecutor.java:196)
	at org.openqa.selenium.remote.service.DriverCommandExecutor.execute(DriverCommandExecutor.java:171)
	at org.openqa.selenium.remote.RemoteWebDriver.execute(RemoteWebDriver.java:531)
	at org.openqa.selenium.remote.RemoteWebElement.execute(RemoteWebElement.java:242)
	at org.openqa.selenium.remote.RemoteWebElement.click(RemoteWebElement.java:77)
	at com.ugapp.pages.PreviewPage.previewProfile(PreviewPage.java:64)
	at com.ugapp.testcases.TC_17_PreviewTest.writePreviewToExcel(TC_17_PreviewTest.java:25)
... Removed 26 stack frames]]>
    </failure>
  </testcase> <!-- writePreviewToExcel -->
  <testcase classname="com.ugapp.testcases.TC_17_PreviewTest" name="postPreview" time="1.354">
    <failure type="org.openqa.selenium.ElementClickInterceptedException" message="element click intercepted: Element &amp;lt;button data-v-051f5049=&amp;quot;&amp;quot; aria-label=&amp;quot;Profile menu&amp;quot; type=&amp;quot;button&amp;quot; class=&amp;quot;btn b-avatar font-weight-bold profile-menu-button btn-secondary rounded-circle&amp;quot; data-cy=&amp;quot;profile-menu-button&amp;quot; style=&amp;quot;width: 46px; height: 46px;&amp;quot;&amp;gt;...&amp;lt;/button&amp;gt; is not clickable at point (1582, 47). Other element would receive the click: &amp;lt;div class=&amp;quot;position-absolute bg-light-2 rounded-lg&amp;quot; style=&amp;quot;inset: 0px; opacity: 0.9; backdrop-filter: blur(3px);&amp;quot;&amp;gt;&amp;lt;/div&amp;gt;
  (Session info: chrome=119.0.6045.123)
Build info: version: &amp;apos;4.10.0&amp;apos;, revision: &amp;apos;c14d967899&amp;apos;
System info: os.name: &amp;apos;Mac OS X&amp;apos;, os.arch: &amp;apos;x86_64&amp;apos;, os.version: &amp;apos;12.7&amp;apos;, java.version: &amp;apos;20.0.2&amp;apos;
Driver info: org.openqa.selenium.chrome.ChromeDriver
Command: [3eeb5a03e975821b9ce5db847c3ff8cf, clickElement {id=E6AA60E2E213BD1BB19985E5DAADBA32_element_11168}]
Capabilities {acceptInsecureCerts: false, browserName: chrome, browserVersion: 119.0.6045.123, chrome: {chromedriverVersion: 119.0.6045.105 (38c72552c5e...}, fedcm:accounts: true, goog:chromeOptions: {debuggerAddress: localhost:59054}, pageLoadStrategy: normal, platformName: any, proxy: Proxy(), se:cdp: ws://localhost:59054/devtoo..., se:cdpVersion: 119.0.6045.123, setWindowRect: false, strictFileInteractability: false, timeouts: {implicit: 0, pageLoad: 300000, script: 30000}, unhandledPromptBehavior: dismiss and notify, webauthn:extension:credBlob: true, webauthn:extension:largeBlob: true, webauthn:extension:minPinLength: true, webauthn:extension:prf: true, webauthn:virtualAuthenticators: true}
Element: [[ChromeDriver: chrome on any (3eeb5a03e975821b9ce5db847c3ff8cf)] -&amp;gt; xpath: //div[@data-cy=&amp;apos;profile-menu&amp;apos;]//button]
Session ID: 3eeb5a03e975821b9ce5db847c3ff8cf">
      <![CDATA[org.openqa.selenium.ElementClickInterceptedException: element click intercepted: Element <button data-v-051f5049="" aria-label="Profile menu" type="button" class="btn b-avatar font-weight-bold profile-menu-button btn-secondary rounded-circle" data-cy="profile-menu-button" style="width: 46px; height: 46px;">...</button> is not clickable at point (1582, 47). Other element would receive the click: <div class="position-absolute bg-light-2 rounded-lg" style="inset: 0px; opacity: 0.9; backdrop-filter: blur(3px);"></div>
  (Session info: chrome=119.0.6045.123)
Build info: version: '4.10.0', revision: 'c14d967899'
System info: os.name: 'Mac OS X', os.arch: 'x86_64', os.version: '12.7', java.version: '20.0.2'
Driver info: org.openqa.selenium.chrome.ChromeDriver
Command: [3eeb5a03e975821b9ce5db847c3ff8cf, clickElement {id=E6AA60E2E213BD1BB19985E5DAADBA32_element_11168}]
Capabilities {acceptInsecureCerts: false, browserName: chrome, browserVersion: 119.0.6045.123, chrome: {chromedriverVersion: 119.0.6045.105 (38c72552c5e...}, fedcm:accounts: true, goog:chromeOptions: {debuggerAddress: localhost:59054}, pageLoadStrategy: normal, platformName: any, proxy: Proxy(), se:cdp: ws://localhost:59054/devtoo..., se:cdpVersion: 119.0.6045.123, setWindowRect: false, strictFileInteractability: false, timeouts: {implicit: 0, pageLoad: 300000, script: 30000}, unhandledPromptBehavior: dismiss and notify, webauthn:extension:credBlob: true, webauthn:extension:largeBlob: true, webauthn:extension:minPinLength: true, webauthn:extension:prf: true, webauthn:virtualAuthenticators: true}
Element: [[ChromeDriver: chrome on any (3eeb5a03e975821b9ce5db847c3ff8cf)] -> xpath: //div[@data-cy='profile-menu']//button]
Session ID: 3eeb5a03e975821b9ce5db847c3ff8cf
	at org.openqa.selenium.remote.codec.w3c.W3CHttpResponseCodec.createException(W3CHttpResponseCodec.java:199)
	at org.openqa.selenium.remote.codec.w3c.W3CHttpResponseCodec.decode(W3CHttpResponseCodec.java:132)
	at org.openqa.selenium.remote.codec.w3c.W3CHttpResponseCodec.decode(W3CHttpResponseCodec.java:51)
	at org.openqa.selenium.remote.HttpCommandExecutor.execute(HttpCommandExecutor.java:191)
	at org.openqa.selenium.remote.service.DriverCommandExecutor.invokeExecute(DriverCommandExecutor.java:196)
	at org.openqa.selenium.remote.service.DriverCommandExecutor.execute(DriverCommandExecutor.java:171)
	at org.openqa.selenium.remote.RemoteWebDriver.execute(RemoteWebDriver.java:531)
	at org.openqa.selenium.remote.RemoteWebElement.execute(RemoteWebElement.java:242)
	at org.openqa.selenium.remote.RemoteWebElement.click(RemoteWebElement.java:77)
	at com.ugapp.pages.PreviewPage.signOut(PreviewPage.java:282)
	at com.ugapp.testcases.TC_17_PreviewTest.postPreview(TC_17_PreviewTest.java:48)
... Removed 26 stack frames]]>
    </failure>
  </testcase> <!-- postPreview -->
</testsuite> <!-- Preview page Test -->
