<?xml version="1.0" encoding="UTF-8"?>
<!-- Generated by org.testng.reporters.JUnitXMLReporter -->
<testsuite ignored="0" hostname="Admins-MacBook-Pro.local" failures="0" tests="2" name="Reset Password Test" time="6.84" errors="0" timestamp="15 Nov 2023 10:11:15 GMT">
  <testcase classname="com.ugapp.testcases.TC_06_ResetPasswordTest" name="ResetPassword" time="3.535"/>
  <testcase classname="com.ugapp.testcases.TC_06_ResetPasswordTest" name="setNewPasswordPage" time="3.149"/>
</testsuite> <!-- Reset Password Test -->
