<?xml version="1.0" encoding="UTF-8"?>
<!-- Generated by org.testng.reporters.JUnitXMLReporter -->
<testsuite ignored="0" hostname="Admins-MacBook-Pro.local" failures="0" tests="6" name="Review page Test" time="114.506" errors="0" timestamp="29 Nov 2023 11:36:54 GMT">
  <testcase classname="com.ugapp.testcases.TC_15_ReviewTest" name="review" time="7.563"/>
  <testcase classname="com.ugapp.testcases.TC_15_ReviewTest" name="writeReview" time="23.645"/>
  <testcase classname="com.ugapp.testcases.TC_15_ReviewTest" name="CompareTheData" time="0.057"/>
  <testcase classname="com.ugapp.testcases.TC_15_ReviewTest" name="edit" time="21.575"/>
  <testcase classname="com.ugapp.testcases.TC_15_ReviewTest" name="ApplicationAffidavitTest" time="8.655"/>
  <testcase classname="com.ugapp.testcases.TC_15_ReviewTest" name="ApplicationFee_MasterCardTest" time="52.65"/>
</testsuite> <!-- Review page Test -->
