<?xml version="1.0" encoding="UTF-8"?>
<!-- Generated by org.testng.reporters.JUnitXMLReporter -->
<testsuite ignored="3" hostname="Admins-MacBook-Pro.local" failures="4" tests="6" name="Review page Test" time="15.534" errors="0" timestamp="08 Dec 2023 11:08:00 GMT">
  <testcase classname="com.ugapp.testcases.TC_15_ReviewTest" name="review" time="7.531"/>
  <testcase classname="com.ugapp.testcases.TC_15_ReviewTest" name="writeReview" time="0.011">
    <failure type="org.openqa.selenium.NoSuchElementException" message="Unable to locate element: (//button[contains(text(),&amp;apos;Edit&amp;apos;)]/preceding-sibling::a)[1]
For documentation on this error, please visit: https://www.selenium.dev/documentation/webdriver/troubleshooting/errors#no-such-element-exception
Build info: version: &amp;apos;4.10.0&amp;apos;, revision: &amp;apos;c14d967899&amp;apos;
System info: os.name: &amp;apos;Mac OS X&amp;apos;, os.arch: &amp;apos;x86_64&amp;apos;, os.version: &amp;apos;12.7.1&amp;apos;, java.version: &amp;apos;20.0.2&amp;apos;
Driver info: org.openqa.selenium.firefox.FirefoxDriver
Command: [e24e8603-ceb8-4a05-9023-a2d81cb91a97, findElement {using=xpath, value=(//button[contains(text(),&amp;apos;Edit&amp;apos;)]/preceding-sibling::a)[1]}]
Capabilities {acceptInsecureCerts: true, browserName: firefox, browserVersion: 120.0, moz:accessibilityChecks: false, moz:buildID: 20231116134553, moz:debuggerAddress: 127.0.0.1:45330, moz:geckodriverVersion: 0.33.0, moz:headless: false, moz:platformVersion: 21.6.0, moz:processID: 6791, moz:profile: /var/folders/5m/4nc0x2kn289..., moz:shutdownTimeout: 60000, moz:webdriverClick: true, moz:windowless: false, pageLoadStrategy: normal, platformName: mac, proxy: Proxy(), se:cdp: ws://127.0.0.1:45330/devtoo..., se:cdpVersion: 85.0, setWindowRect: true, strictFileInteractability: false, timeouts: {implicit: 0, pageLoad: 300000, script: 30000}, unhandledPromptBehavior: dismiss and notify}
Session ID: e24e8603-ceb8-4a05-9023-a2d81cb91a97">
      <![CDATA[org.openqa.selenium.NoSuchElementException: Unable to locate element: (//button[contains(text(),'Edit')]/preceding-sibling::a)[1]
For documentation on this error, please visit: https://www.selenium.dev/documentation/webdriver/troubleshooting/errors#no-such-element-exception
Build info: version: '4.10.0', revision: 'c14d967899'
System info: os.name: 'Mac OS X', os.arch: 'x86_64', os.version: '12.7.1', java.version: '20.0.2'
Driver info: org.openqa.selenium.firefox.FirefoxDriver
Command: [e24e8603-ceb8-4a05-9023-a2d81cb91a97, findElement {using=xpath, value=(//button[contains(text(),'Edit')]/preceding-sibling::a)[1]}]
Capabilities {acceptInsecureCerts: true, browserName: firefox, browserVersion: 120.0, moz:accessibilityChecks: false, moz:buildID: 20231116134553, moz:debuggerAddress: 127.0.0.1:45330, moz:geckodriverVersion: 0.33.0, moz:headless: false, moz:platformVersion: 21.6.0, moz:processID: 6791, moz:profile: /var/folders/5m/4nc0x2kn289..., moz:shutdownTimeout: 60000, moz:webdriverClick: true, moz:windowless: false, pageLoadStrategy: normal, platformName: mac, proxy: Proxy(), se:cdp: ws://127.0.0.1:45330/devtoo..., se:cdpVersion: 85.0, setWindowRect: true, strictFileInteractability: false, timeouts: {implicit: 0, pageLoad: 300000, script: 30000}, unhandledPromptBehavior: dismiss and notify}
Session ID: e24e8603-ceb8-4a05-9023-a2d81cb91a97
	at org.openqa.selenium.remote.codec.w3c.W3CHttpResponseCodec.createException(W3CHttpResponseCodec.java:199)
	at org.openqa.selenium.remote.codec.w3c.W3CHttpResponseCodec.decode(W3CHttpResponseCodec.java:132)
	at org.openqa.selenium.remote.codec.w3c.W3CHttpResponseCodec.decode(W3CHttpResponseCodec.java:51)
	at org.openqa.selenium.remote.HttpCommandExecutor.execute(HttpCommandExecutor.java:191)
	at org.openqa.selenium.remote.service.DriverCommandExecutor.invokeExecute(DriverCommandExecutor.java:196)
	at org.openqa.selenium.remote.service.DriverCommandExecutor.execute(DriverCommandExecutor.java:171)
	at org.openqa.selenium.remote.RemoteWebDriver.execute(RemoteWebDriver.java:531)
	at org.openqa.selenium.remote.ElementLocation$ElementFinder$2.findElement(ElementLocation.java:165)
	at org.openqa.selenium.remote.ElementLocation.findElement(ElementLocation.java:59)
	at org.openqa.selenium.remote.RemoteWebDriver.findElement(RemoteWebDriver.java:350)
	at org.openqa.selenium.remote.RemoteWebDriver.findElement(RemoteWebDriver.java:344)
	at com.ugapp.pages.ReviewPage.profileSection(ReviewPage.java:83)
	at com.ugapp.testcases.TC_15_ReviewTest.writeReview(TC_15_ReviewTest.java:47)
... Removed 26 stack frames]]>
    </failure>
  </testcase> <!-- writeReview -->
  <testcase classname="com.ugapp.testcases.TC_15_ReviewTest" name="CompareValidWithReview" time="0.001">
    <failure type="org.apache.poi.openxml4j.exceptions.InvalidOperationException" message="Can&amp;apos;t open the specified file: &amp;apos;/var/folders/5m/4nc0x2kn2893jbyz0dhq9c440000gp/T/poifiles/poi-ooxml-1732464406.tmp&amp;apos;">
      <![CDATA[org.apache.poi.openxml4j.exceptions.InvalidOperationException: Can't open the specified file: '/var/folders/5m/4nc0x2kn2893jbyz0dhq9c440000gp/T/poifiles/poi-ooxml-1732464406.tmp'
	at org.apache.poi.openxml4j.opc.ZipPackage.<init>(ZipPackage.java:102)
	at org.apache.poi.openxml4j.opc.OPCPackage.open(OPCPackage.java:199)
	at org.apache.poi.openxml4j.opc.OPCPackage.open(OPCPackage.java:178)
	at org.apache.poi.util.PackageHelper.open(PackageHelper.java:53)
	at org.apache.poi.xssf.usermodel.XSSFWorkbook.<init>(XSSFWorkbook.java:176)
	at com.ugapp.base.Page.CompareAndWriteMismatches(Page.java:705)
	at com.ugapp.pages.ReviewPage.compareValidAndReview(ReviewPage.java:74)
	at com.ugapp.testcases.TC_15_ReviewTest.CompareValidWithReview(TC_15_ReviewTest.java:69)
... Removed 23 stack frames]]>
    </failure>
  </testcase> <!-- CompareValidWithReview -->
  <testcase classname="com.ugapp.testcases.TC_15_ReviewTest" name="edit" time="7.518"/>
  <testcase classname="com.ugapp.testcases.TC_15_ReviewTest" name="ApplicationAffidavitTest" time="0.006">
    <failure type="org.openqa.selenium.NoSuchElementException" message="Unable to locate element: //h3[.=&amp;apos; Prohibition Against Discrimination, Harassment and Retaliation &amp;apos;]
For documentation on this error, please visit: https://www.selenium.dev/documentation/webdriver/troubleshooting/errors#no-such-element-exception
Build info: version: &amp;apos;4.10.0&amp;apos;, revision: &amp;apos;c14d967899&amp;apos;
System info: os.name: &amp;apos;Mac OS X&amp;apos;, os.arch: &amp;apos;x86_64&amp;apos;, os.version: &amp;apos;12.7.1&amp;apos;, java.version: &amp;apos;20.0.2&amp;apos;
Driver info: org.openqa.selenium.firefox.FirefoxDriver
Command: [e24e8603-ceb8-4a05-9023-a2d81cb91a97, findElement {using=xpath, value=//h3[.=&amp;apos; Prohibition Against Discrimination, Harassment and Retaliation &amp;apos;]}]
Capabilities {acceptInsecureCerts: true, browserName: firefox, browserVersion: 120.0, moz:accessibilityChecks: false, moz:buildID: 20231116134553, moz:debuggerAddress: 127.0.0.1:45330, moz:geckodriverVersion: 0.33.0, moz:headless: false, moz:platformVersion: 21.6.0, moz:processID: 6791, moz:profile: /var/folders/5m/4nc0x2kn289..., moz:shutdownTimeout: 60000, moz:webdriverClick: true, moz:windowless: false, pageLoadStrategy: normal, platformName: mac, proxy: Proxy(), se:cdp: ws://127.0.0.1:45330/devtoo..., se:cdpVersion: 85.0, setWindowRect: true, strictFileInteractability: false, timeouts: {implicit: 0, pageLoad: 300000, script: 30000}, unhandledPromptBehavior: dismiss and notify}
Session ID: e24e8603-ceb8-4a05-9023-a2d81cb91a97">
      <![CDATA[org.openqa.selenium.NoSuchElementException: Unable to locate element: //h3[.=' Prohibition Against Discrimination, Harassment and Retaliation ']
For documentation on this error, please visit: https://www.selenium.dev/documentation/webdriver/troubleshooting/errors#no-such-element-exception
Build info: version: '4.10.0', revision: 'c14d967899'
System info: os.name: 'Mac OS X', os.arch: 'x86_64', os.version: '12.7.1', java.version: '20.0.2'
Driver info: org.openqa.selenium.firefox.FirefoxDriver
Command: [e24e8603-ceb8-4a05-9023-a2d81cb91a97, findElement {using=xpath, value=//h3[.=' Prohibition Against Discrimination, Harassment and Retaliation ']}]
Capabilities {acceptInsecureCerts: true, browserName: firefox, browserVersion: 120.0, moz:accessibilityChecks: false, moz:buildID: 20231116134553, moz:debuggerAddress: 127.0.0.1:45330, moz:geckodriverVersion: 0.33.0, moz:headless: false, moz:platformVersion: 21.6.0, moz:processID: 6791, moz:profile: /var/folders/5m/4nc0x2kn289..., moz:shutdownTimeout: 60000, moz:webdriverClick: true, moz:windowless: false, pageLoadStrategy: normal, platformName: mac, proxy: Proxy(), se:cdp: ws://127.0.0.1:45330/devtoo..., se:cdpVersion: 85.0, setWindowRect: true, strictFileInteractability: false, timeouts: {implicit: 0, pageLoad: 300000, script: 30000}, unhandledPromptBehavior: dismiss and notify}
Session ID: e24e8603-ceb8-4a05-9023-a2d81cb91a97
	at org.openqa.selenium.remote.codec.w3c.W3CHttpResponseCodec.createException(W3CHttpResponseCodec.java:199)
	at org.openqa.selenium.remote.codec.w3c.W3CHttpResponseCodec.decode(W3CHttpResponseCodec.java:132)
	at org.openqa.selenium.remote.codec.w3c.W3CHttpResponseCodec.decode(W3CHttpResponseCodec.java:51)
	at org.openqa.selenium.remote.HttpCommandExecutor.execute(HttpCommandExecutor.java:191)
	at org.openqa.selenium.remote.service.DriverCommandExecutor.invokeExecute(DriverCommandExecutor.java:196)
	at org.openqa.selenium.remote.service.DriverCommandExecutor.execute(DriverCommandExecutor.java:171)
	at org.openqa.selenium.remote.RemoteWebDriver.execute(RemoteWebDriver.java:531)
	at org.openqa.selenium.remote.ElementLocation$ElementFinder$2.findElement(ElementLocation.java:165)
	at org.openqa.selenium.remote.ElementLocation.findElement(ElementLocation.java:59)
	at org.openqa.selenium.remote.RemoteWebDriver.findElement(RemoteWebDriver.java:350)
	at org.openqa.selenium.remote.RemoteWebDriver.findElement(RemoteWebDriver.java:344)
	at com.ugapp.pages.ReviewPage.ApplicationAffidavit(ReviewPage.java:395)
	at com.ugapp.testcases.TC_15_ReviewTest.ApplicationAffidavitTest(TC_15_ReviewTest.java:86)
... Removed 26 stack frames]]>
    </failure>
  </testcase> <!-- ApplicationAffidavitTest -->
  <testcase classname="com.ugapp.testcases.TC_15_ReviewTest" name="ApplicationFee_PayLaterTest" time="0.006">
    <failure type="org.openqa.selenium.NoSuchElementException" message="Unable to locate element: //label[@for=&amp;apos;acknowledgement_checkbox&amp;apos;]/..
For documentation on this error, please visit: https://www.selenium.dev/documentation/webdriver/troubleshooting/errors#no-such-element-exception
Build info: version: &amp;apos;4.10.0&amp;apos;, revision: &amp;apos;c14d967899&amp;apos;
System info: os.name: &amp;apos;Mac OS X&amp;apos;, os.arch: &amp;apos;x86_64&amp;apos;, os.version: &amp;apos;12.7.1&amp;apos;, java.version: &amp;apos;20.0.2&amp;apos;
Driver info: org.openqa.selenium.firefox.FirefoxDriver
Command: [e24e8603-ceb8-4a05-9023-a2d81cb91a97, findElement {using=xpath, value=//label[@for=&amp;apos;acknowledgement_checkbox&amp;apos;]/..}]
Capabilities {acceptInsecureCerts: true, browserName: firefox, browserVersion: 120.0, moz:accessibilityChecks: false, moz:buildID: 20231116134553, moz:debuggerAddress: 127.0.0.1:45330, moz:geckodriverVersion: 0.33.0, moz:headless: false, moz:platformVersion: 21.6.0, moz:processID: 6791, moz:profile: /var/folders/5m/4nc0x2kn289..., moz:shutdownTimeout: 60000, moz:webdriverClick: true, moz:windowless: false, pageLoadStrategy: normal, platformName: mac, proxy: Proxy(), se:cdp: ws://127.0.0.1:45330/devtoo..., se:cdpVersion: 85.0, setWindowRect: true, strictFileInteractability: false, timeouts: {implicit: 0, pageLoad: 300000, script: 30000}, unhandledPromptBehavior: dismiss and notify}
Session ID: e24e8603-ceb8-4a05-9023-a2d81cb91a97">
      <![CDATA[org.openqa.selenium.NoSuchElementException: Unable to locate element: //label[@for='acknowledgement_checkbox']/..
For documentation on this error, please visit: https://www.selenium.dev/documentation/webdriver/troubleshooting/errors#no-such-element-exception
Build info: version: '4.10.0', revision: 'c14d967899'
System info: os.name: 'Mac OS X', os.arch: 'x86_64', os.version: '12.7.1', java.version: '20.0.2'
Driver info: org.openqa.selenium.firefox.FirefoxDriver
Command: [e24e8603-ceb8-4a05-9023-a2d81cb91a97, findElement {using=xpath, value=//label[@for='acknowledgement_checkbox']/..}]
Capabilities {acceptInsecureCerts: true, browserName: firefox, browserVersion: 120.0, moz:accessibilityChecks: false, moz:buildID: 20231116134553, moz:debuggerAddress: 127.0.0.1:45330, moz:geckodriverVersion: 0.33.0, moz:headless: false, moz:platformVersion: 21.6.0, moz:processID: 6791, moz:profile: /var/folders/5m/4nc0x2kn289..., moz:shutdownTimeout: 60000, moz:webdriverClick: true, moz:windowless: false, pageLoadStrategy: normal, platformName: mac, proxy: Proxy(), se:cdp: ws://127.0.0.1:45330/devtoo..., se:cdpVersion: 85.0, setWindowRect: true, strictFileInteractability: false, timeouts: {implicit: 0, pageLoad: 300000, script: 30000}, unhandledPromptBehavior: dismiss and notify}
Session ID: e24e8603-ceb8-4a05-9023-a2d81cb91a97
	at org.openqa.selenium.remote.codec.w3c.W3CHttpResponseCodec.createException(W3CHttpResponseCodec.java:199)
	at org.openqa.selenium.remote.codec.w3c.W3CHttpResponseCodec.decode(W3CHttpResponseCodec.java:132)
	at org.openqa.selenium.remote.codec.w3c.W3CHttpResponseCodec.decode(W3CHttpResponseCodec.java:51)
	at org.openqa.selenium.remote.HttpCommandExecutor.execute(HttpCommandExecutor.java:191)
	at org.openqa.selenium.remote.service.DriverCommandExecutor.invokeExecute(DriverCommandExecutor.java:196)
	at org.openqa.selenium.remote.service.DriverCommandExecutor.execute(DriverCommandExecutor.java:171)
	at org.openqa.selenium.remote.RemoteWebDriver.execute(RemoteWebDriver.java:531)
	at org.openqa.selenium.remote.ElementLocation$ElementFinder$2.findElement(ElementLocation.java:165)
	at org.openqa.selenium.remote.ElementLocation.findElement(ElementLocation.java:59)
	at org.openqa.selenium.remote.RemoteWebDriver.findElement(RemoteWebDriver.java:350)
	at org.openqa.selenium.remote.RemoteWebDriver.findElement(RemoteWebDriver.java:344)
	at com.ugapp.base.Page.findElement(Page.java:132)
	at com.ugapp.pages.ReviewPage.Acknowledgement(ReviewPage.java:480)
	at com.ugapp.testcases.TC_15_ReviewTest.ApplicationFee_PayLaterTest(TC_15_ReviewTest.java:113)
... Removed 26 stack frames]]>
    </failure>
  </testcase> <!-- ApplicationFee_PayLaterTest -->
  <testcase classname="com.ugapp.testcases.TC_15_ReviewTest" name="ApplicationFee_VisaTest" time="0.0">
    <ignored/>
  </testcase> <!-- ApplicationFee_VisaTest -->
  <testcase classname="com.ugapp.testcases.TC_15_ReviewTest" name="ApplicationFee_MasterCardTest" time="0.0">
    <ignored/>
  </testcase> <!-- ApplicationFee_MasterCardTest -->
  <testcase classname="com.ugapp.testcases.TC_15_ReviewTest" name="ApplicationFee_DiscoverTest" time="0.0">
    <ignored/>
  </testcase> <!-- ApplicationFee_DiscoverTest -->
</testsuite> <!-- Review page Test -->
