<?xml version="1.0" encoding="UTF-8"?>
<!-- Generated by org.testng.reporters.JUnitXMLReporter -->
<testsuite ignored="0" hostname="DESKTOP-OB9VDN9" failures="1" tests="1" name="Review page Test" time="0.244" errors="0" timestamp="26 Oct 2023 14:47:26 GMT">
  <testcase classname="com.ugapp.testcases.TC_14_ReviewTest" name="writeReview" time="0.013">
    <failure type="org.openqa.selenium.NoSuchElementException" message="no such element: Unable to locate element: {&amp;quot;method&amp;quot;:&amp;quot;xpath&amp;quot;,&amp;quot;selector&amp;quot;:&amp;quot;//div[@id=&amp;apos;my-information-page-contents&amp;apos;]//p[contains(text(),&amp;apos;Former name(s)&amp;apos;)]/following-sibling::p&amp;quot;}
  (Session info: chrome=118.0.5993.118)
For documentation on this error, please visit: https://www.selenium.dev/documentation/webdriver/troubleshooting/errors#no-such-element-exception
Build info: version: &amp;apos;4.10.0&amp;apos;, revision: &amp;apos;c14d967899&amp;apos;
System info: os.name: &amp;apos;Windows 10&amp;apos;, os.arch: &amp;apos;amd64&amp;apos;, os.version: &amp;apos;10.0&amp;apos;, java.version: &amp;apos;20.0.1&amp;apos;
Driver info: org.openqa.selenium.chrome.ChromeDriver
Command: [ca3d152f2c8c5d24b2fdcd7639881231, findElement {using=xpath, value=//div[@id=&amp;apos;my-information-page-contents&amp;apos;]//p[contains(text(),&amp;apos;Former name(s)&amp;apos;)]/following-sibling::p}]
Capabilities {acceptInsecureCerts: false, browserName: chrome, browserVersion: 118.0.5993.118, chrome: {chromedriverVersion: 118.0.5993.70 (e52f33f30b91...}, fedcm:accounts: true, goog:chromeOptions: {debuggerAddress: localhost:53216}, pageLoadStrategy: normal, platformName: any, proxy: Proxy(), se:cdp: ws://localhost:53216/devtoo..., se:cdpVersion: 118.0.5993.118, setWindowRect: false, strictFileInteractability: false, timeouts: {implicit: 0, pageLoad: 300000, script: 30000}, unhandledPromptBehavior: dismiss and notify, webauthn:extension:credBlob: true, webauthn:extension:largeBlob: true, webauthn:extension:minPinLength: true, webauthn:extension:prf: true, webauthn:virtualAuthenticators: true}
Session ID: ca3d152f2c8c5d24b2fdcd7639881231">
      <![CDATA[org.openqa.selenium.NoSuchElementException: no such element: Unable to locate element: {"method":"xpath","selector":"//div[@id='my-information-page-contents']//p[contains(text(),'Former name(s)')]/following-sibling::p"}
  (Session info: chrome=118.0.5993.118)
For documentation on this error, please visit: https://www.selenium.dev/documentation/webdriver/troubleshooting/errors#no-such-element-exception
Build info: version: '4.10.0', revision: 'c14d967899'
System info: os.name: 'Windows 10', os.arch: 'amd64', os.version: '10.0', java.version: '20.0.1'
Driver info: org.openqa.selenium.chrome.ChromeDriver
Command: [ca3d152f2c8c5d24b2fdcd7639881231, findElement {using=xpath, value=//div[@id='my-information-page-contents']//p[contains(text(),'Former name(s)')]/following-sibling::p}]
Capabilities {acceptInsecureCerts: false, browserName: chrome, browserVersion: 118.0.5993.118, chrome: {chromedriverVersion: 118.0.5993.70 (e52f33f30b91...}, fedcm:accounts: true, goog:chromeOptions: {debuggerAddress: localhost:53216}, pageLoadStrategy: normal, platformName: any, proxy: Proxy(), se:cdp: ws://localhost:53216/devtoo..., se:cdpVersion: 118.0.5993.118, setWindowRect: false, strictFileInteractability: false, timeouts: {implicit: 0, pageLoad: 300000, script: 30000}, unhandledPromptBehavior: dismiss and notify, webauthn:extension:credBlob: true, webauthn:extension:largeBlob: true, webauthn:extension:minPinLength: true, webauthn:extension:prf: true, webauthn:virtualAuthenticators: true}
Session ID: ca3d152f2c8c5d24b2fdcd7639881231
	at org.openqa.selenium.remote.codec.w3c.W3CHttpResponseCodec.createException(W3CHttpResponseCodec.java:199)
	at org.openqa.selenium.remote.codec.w3c.W3CHttpResponseCodec.decode(W3CHttpResponseCodec.java:132)
	at org.openqa.selenium.remote.codec.w3c.W3CHttpResponseCodec.decode(W3CHttpResponseCodec.java:51)
	at org.openqa.selenium.remote.HttpCommandExecutor.execute(HttpCommandExecutor.java:191)
	at org.openqa.selenium.remote.service.DriverCommandExecutor.invokeExecute(DriverCommandExecutor.java:196)
	at org.openqa.selenium.remote.service.DriverCommandExecutor.execute(DriverCommandExecutor.java:171)
	at org.openqa.selenium.remote.RemoteWebDriver.execute(RemoteWebDriver.java:531)
	at org.openqa.selenium.remote.ElementLocation$ElementFinder$2.findElement(ElementLocation.java:165)
	at org.openqa.selenium.remote.ElementLocation.findElement(ElementLocation.java:59)
	at org.openqa.selenium.remote.RemoteWebDriver.findElement(RemoteWebDriver.java:350)
	at org.openqa.selenium.remote.RemoteWebDriver.findElement(RemoteWebDriver.java:344)
	at com.ugapp.base.Page.findElement(Page.java:207)
	at com.ugapp.pages.ReviewPage.myInfoSection(ReviewPage.java:230)
	at com.ugapp.testcases.TC_14_ReviewTest.writeReview(TC_14_ReviewTest.java:40)
... Removed 26 stack frames]]>
    </failure>
  </testcase> <!-- writeReview -->
</testsuite> <!-- Review page Test -->
