<?xml version="1.0" encoding="UTF-8"?>
<!-- Generated by org.testng.reporters.JUnitXMLReporter -->
<testsuite ignored="0" hostname="Admins-MacBook-Pro.local" failures="0" tests="5" name="Review page Test" time="96.445" errors="0" timestamp="17 Nov 2023 06:32:15 GMT">
  <testcase classname="com.ugapp.testcases.TC_15_ReviewTest" name="review" time="7.565"/>
  <testcase classname="com.ugapp.testcases.TC_15_ReviewTest" name="writeReview" time="46.205"/>
  <testcase classname="com.ugapp.testcases.TC_15_ReviewTest" name="CompareTheData" time="0.126"/>
  <testcase classname="com.ugapp.testcases.TC_15_ReviewTest" name="edit" time="34.453"/>
  <testcase classname="com.ugapp.testcases.TC_15_ReviewTest" name="ApplicationAffidavitTest" time="7.809"/>
</testsuite> <!-- Review page Test -->
