<?xml version="1.0" encoding="UTF-8"?>
<!-- Generated by org.testng.reporters.JUnitXMLReporter -->
<testsuite ignored="3" hostname="Admins-MacBook-Pro.local" failures="3" tests="3" name="Review page Test" time="100.287" errors="0" timestamp="01 Dec 2023 11:15:18 GMT">
  <testcase classname="com.ugapp.testcases.TC_15_ReviewTest" name="review" time="100.256">
    <failure type="org.openqa.selenium.TimeoutException" message="Expected condition failed: waiting for element to no longer be visible: By.xpath: //div[@class=&amp;apos;position-absolute&amp;apos;] (tried for 100 second(s) with 500 milliseconds interval)">
      <![CDATA[org.openqa.selenium.TimeoutException: Expected condition failed: waiting for element to no longer be visible: By.xpath: //div[@class='position-absolute'] (tried for 100 second(s) with 500 milliseconds interval)
	at org.openqa.selenium.support.ui.WebDriverWait.timeoutException(WebDriverWait.java:84)
	at org.openqa.selenium.support.ui.FluentWait.until(FluentWait.java:230)
	at com.ugapp.base.Page.waitTillLoaderDisappears(Page.java:334)
	at com.ugapp.pages.ReviewPage.validateReview(ReviewPage.java:35)
	at com.ugapp.testcases.TC_15_ReviewTest.review(TC_15_ReviewTest.java:35)
Caused by: org.openqa.selenium.NoSuchWindowException: no such window: target window already closed
from unknown error: web view not found
  (Session info: chrome=119.0.6045.199)
Build info: version: '4.10.0', revision: 'c14d967899'
System info: os.name: 'Mac OS X', os.arch: 'x86_64', os.version: '12.7', java.version: '20.0.2'
Driver info: org.openqa.selenium.chrome.ChromeDriver
Command: [b29ee91a78892210f9d4e1d0f00feab5, findElement {using=xpath, value=//div[@class='position-absolute']}]
Capabilities {acceptInsecureCerts: false, browserName: chrome, browserVersion: 119.0.6045.199, chrome: {chromedriverVersion: 119.0.6045.105 (38c72552c5e...}, fedcm:accounts: true, goog:chromeOptions: {debuggerAddress: localhost:52230}, pageLoadStrategy: normal, platformName: any, proxy: Proxy(), se:cdp: ws://localhost:52230/devtoo..., se:cdpVersion: 119.0.6045.199, setWindowRect: false, strictFileInteractability: false, timeouts: {implicit: 0, pageLoad: 300000, script: 30000}, unhandledPromptBehavior: dismiss and notify, webauthn:extension:credBlob: true, webauthn:extension:largeBlob: true, webauthn:extension:minPinLength: true, webauthn:extension:prf: true, webauthn:virtualAuthenticators: true}
Session ID: b29ee91a78892210f9d4e1d0f00feab5
	at org.openqa.selenium.remote.codec.w3c.W3CHttpResponseCodec.createException(W3CHttpResponseCodec.java:199)
	at org.openqa.selenium.remote.codec.w3c.W3CHttpResponseCodec.decode(W3CHttpResponseCodec.java:132)
	at org.openqa.selenium.remote.codec.w3c.W3CHttpResponseCodec.decode(W3CHttpResponseCodec.java:51)
	at org.openqa.selenium.remote.HttpCommandExecutor.execute(HttpCommandExecutor.java:191)
	at org.openqa.selenium.remote.service.DriverCommandExecutor.invokeExecute(DriverCommandExecutor.java:196)
	at org.openqa.selenium.remote.service.DriverCommandExecutor.execute(DriverCommandExecutor.java:171)
	at org.openqa.selenium.remote.RemoteWebDriver.execute(RemoteWebDriver.java:531)
	at org.openqa.selenium.remote.ElementLocation$ElementFinder$2.findElement(ElementLocation.java:165)
	at org.openqa.selenium.remote.ElementLocation.findElement(ElementLocation.java:59)
	at org.openqa.selenium.remote.RemoteWebDriver.findElement(RemoteWebDriver.java:350)
	at org.openqa.selenium.remote.RemoteWebDriver.findElement(RemoteWebDriver.java:344)
	at org.openqa.selenium.support.ui.ExpectedConditions$20.apply(ExpectedConditions.java:569)
	at org.openqa.selenium.support.ui.ExpectedConditions$20.apply(ExpectedConditions.java:565)
	at org.openqa.selenium.support.ui.FluentWait.until(FluentWait.java:205)
	... 26 more
... Removed 26 stack frames]]>
    </failure>
  </testcase> <!-- review -->
  <testcase classname="com.ugapp.testcases.TC_15_ReviewTest" name="writeReview" time="0.005">
    <failure type="org.openqa.selenium.NoSuchWindowException" message="no such window: target window already closed
from unknown error: web view not found
  (Session info: chrome=119.0.6045.199)
Build info: version: &amp;apos;4.10.0&amp;apos;, revision: &amp;apos;c14d967899&amp;apos;
System info: os.name: &amp;apos;Mac OS X&amp;apos;, os.arch: &amp;apos;x86_64&amp;apos;, os.version: &amp;apos;12.7&amp;apos;, java.version: &amp;apos;20.0.2&amp;apos;
Driver info: org.openqa.selenium.chrome.ChromeDriver
Command: [b29ee91a78892210f9d4e1d0f00feab5, findElement {using=xpath, value=(//button[contains(text(),&amp;apos;Edit&amp;apos;)]/preceding-sibling::a)[1]}]
Capabilities {acceptInsecureCerts: false, browserName: chrome, browserVersion: 119.0.6045.199, chrome: {chromedriverVersion: 119.0.6045.105 (38c72552c5e...}, fedcm:accounts: true, goog:chromeOptions: {debuggerAddress: localhost:52230}, pageLoadStrategy: normal, platformName: any, proxy: Proxy(), se:cdp: ws://localhost:52230/devtoo..., se:cdpVersion: 119.0.6045.199, setWindowRect: false, strictFileInteractability: false, timeouts: {implicit: 0, pageLoad: 300000, script: 30000}, unhandledPromptBehavior: dismiss and notify, webauthn:extension:credBlob: true, webauthn:extension:largeBlob: true, webauthn:extension:minPinLength: true, webauthn:extension:prf: true, webauthn:virtualAuthenticators: true}
Session ID: b29ee91a78892210f9d4e1d0f00feab5">
      <![CDATA[org.openqa.selenium.NoSuchWindowException: no such window: target window already closed
from unknown error: web view not found
  (Session info: chrome=119.0.6045.199)
Build info: version: '4.10.0', revision: 'c14d967899'
System info: os.name: 'Mac OS X', os.arch: 'x86_64', os.version: '12.7', java.version: '20.0.2'
Driver info: org.openqa.selenium.chrome.ChromeDriver
Command: [b29ee91a78892210f9d4e1d0f00feab5, findElement {using=xpath, value=(//button[contains(text(),'Edit')]/preceding-sibling::a)[1]}]
Capabilities {acceptInsecureCerts: false, browserName: chrome, browserVersion: 119.0.6045.199, chrome: {chromedriverVersion: 119.0.6045.105 (38c72552c5e...}, fedcm:accounts: true, goog:chromeOptions: {debuggerAddress: localhost:52230}, pageLoadStrategy: normal, platformName: any, proxy: Proxy(), se:cdp: ws://localhost:52230/devtoo..., se:cdpVersion: 119.0.6045.199, setWindowRect: false, strictFileInteractability: false, timeouts: {implicit: 0, pageLoad: 300000, script: 30000}, unhandledPromptBehavior: dismiss and notify, webauthn:extension:credBlob: true, webauthn:extension:largeBlob: true, webauthn:extension:minPinLength: true, webauthn:extension:prf: true, webauthn:virtualAuthenticators: true}
Session ID: b29ee91a78892210f9d4e1d0f00feab5
	at org.openqa.selenium.remote.codec.w3c.W3CHttpResponseCodec.createException(W3CHttpResponseCodec.java:199)
	at org.openqa.selenium.remote.codec.w3c.W3CHttpResponseCodec.decode(W3CHttpResponseCodec.java:132)
	at org.openqa.selenium.remote.codec.w3c.W3CHttpResponseCodec.decode(W3CHttpResponseCodec.java:51)
	at org.openqa.selenium.remote.HttpCommandExecutor.execute(HttpCommandExecutor.java:191)
	at org.openqa.selenium.remote.service.DriverCommandExecutor.invokeExecute(DriverCommandExecutor.java:196)
	at org.openqa.selenium.remote.service.DriverCommandExecutor.execute(DriverCommandExecutor.java:171)
	at org.openqa.selenium.remote.RemoteWebDriver.execute(RemoteWebDriver.java:531)
	at org.openqa.selenium.remote.ElementLocation$ElementFinder$2.findElement(ElementLocation.java:165)
	at org.openqa.selenium.remote.ElementLocation.findElement(ElementLocation.java:59)
	at org.openqa.selenium.remote.RemoteWebDriver.findElement(RemoteWebDriver.java:350)
	at org.openqa.selenium.remote.RemoteWebDriver.findElement(RemoteWebDriver.java:344)
	at com.ugapp.pages.ReviewPage.profileSection(ReviewPage.java:83)
	at com.ugapp.testcases.TC_15_ReviewTest.writeReview(TC_15_ReviewTest.java:47)
... Removed 26 stack frames]]>
    </failure>
  </testcase> <!-- writeReview -->
  <testcase classname="com.ugapp.testcases.TC_15_ReviewTest" name="CompareValidWithReview" time="0.008">
    <failure type="org.apache.poi.openxml4j.exceptions.InvalidOperationException" message="Can&amp;apos;t open the specified file: &amp;apos;/var/folders/5m/4nc0x2kn2893jbyz0dhq9c440000gp/T/poifiles/poi-ooxml-1073732951.tmp&amp;apos;">
      <![CDATA[org.apache.poi.openxml4j.exceptions.InvalidOperationException: Can't open the specified file: '/var/folders/5m/4nc0x2kn2893jbyz0dhq9c440000gp/T/poifiles/poi-ooxml-1073732951.tmp'
	at org.apache.poi.openxml4j.opc.ZipPackage.<init>(ZipPackage.java:102)
	at org.apache.poi.openxml4j.opc.OPCPackage.open(OPCPackage.java:199)
	at org.apache.poi.openxml4j.opc.OPCPackage.open(OPCPackage.java:178)
	at org.apache.poi.util.PackageHelper.open(PackageHelper.java:53)
	at org.apache.poi.xssf.usermodel.XSSFWorkbook.<init>(XSSFWorkbook.java:176)
	at com.ugapp.base.Page.CompareAndWriteMismatches(Page.java:661)
	at com.ugapp.pages.ReviewPage.compareValidAndReview(ReviewPage.java:74)
	at com.ugapp.testcases.TC_15_ReviewTest.CompareValidWithReview(TC_15_ReviewTest.java:69)
... Removed 23 stack frames]]>
    </failure>
  </testcase> <!-- CompareValidWithReview -->
  <testcase classname="com.ugapp.testcases.TC_15_ReviewTest" name="ApplicationFee_MasterCardTest" time="0.0">
    <ignored/>
  </testcase> <!-- ApplicationFee_MasterCardTest -->
  <testcase classname="com.ugapp.testcases.TC_15_ReviewTest" name="ApplicationAffidavitTest" time="0.0">
    <ignored/>
  </testcase> <!-- ApplicationAffidavitTest -->
  <testcase classname="com.ugapp.testcases.TC_15_ReviewTest" name="edit" time="0.0">
    <ignored/>
  </testcase> <!-- edit -->
</testsuite> <!-- Review page Test -->
