<?xml version="1.0" encoding="UTF-8"?>
<testsuite name="Preview page Test"
           tests="5"
           failures="4"
           errors="0"
           skipped="0"
           time="0.398">
  <properties />
            <testcase name="writePreviewToExcel" time="0.002" classname="com.ugapp.testcases.TC_17_PreviewTest">
                <failure type="java.lang.IllegalArgumentException"
                  message="Cannot find elements when the XPath is null."
              >
<![CDATA[java.lang.IllegalArgumentException: Cannot find elements when the XPath is null.
  org.openqa.selenium.internal.Require$ArgumentChecker.nonNull(Require.java:207)
  org.openqa.selenium.By$ByXPath.<init>(By.java:285)
  org.openqa.selenium.By.xpath(By.java:88)
  com.ugapp.base.Page.findElement(Page.java:169)
  com.ugapp.pages.PreviewPage.previewProfile(PreviewPage.java:78)
  com.ugapp.testcases.TC_17_PreviewTest.writePreviewToExcel(TC_17_PreviewTest.java:34)
  java.base/jdk.internal.reflect.DirectMethodHandleAccessor.invoke(DirectMethodHandleAccessor.java:104)
  java.base/java.lang.reflect.Method.invoke(Method.java:578)
  org.testng.internal.MethodInvocationHelper.invokeMethod(MethodInvocationHelper.java:108)
  org.testng.internal.Invoker.invokeMethod(Invoker.java:661)
  org.testng.internal.Invoker.invokeTestMethod(Invoker.java:869)
  org.testng.internal.Invoker.invokeTestMethods(Invoker.java:1193)
  org.testng.internal.TestMethodWorker.invokeTestMethods(TestMethodWorker.java:126)
  org.testng.internal.TestMethodWorker.run(TestMethodWorker.java:109)
  org.testng.TestRunner.privateRun(TestRunner.java:744)
  org.testng.TestRunner.run(TestRunner.java:602)
  org.testng.SuiteRunner.runTest(SuiteRunner.java:380)
  org.testng.SuiteRunner.runSequentially(SuiteRunner.java:375)
  org.testng.SuiteRunner.privateRun(SuiteRunner.java:340)
  org.testng.SuiteRunner.run(SuiteRunner.java:289)
  org.testng.SuiteRunnerWorker.runSuite(SuiteRunnerWorker.java:52)
  org.testng.SuiteRunnerWorker.run(SuiteRunnerWorker.java:86)
  org.testng.TestNG.runSuitesSequentially(TestNG.java:1301)
  org.testng.TestNG.runSuitesSequentially(TestNG.java:1297)
  org.testng.TestNG.runSuitesLocally(TestNG.java:1226)
  org.testng.TestNG.runSuites(TestNG.java:1144)
  org.testng.TestNG.run(TestNG.java:1115)
  org.testng.remote.AbstractRemoteTestNG.run(AbstractRemoteTestNG.java:115)
  org.testng.remote.RemoteTestNG.initAndRun(RemoteTestNG.java:251)
  org.testng.remote.RemoteTestNG.main(RemoteTestNG.java:77)
]]>
      </failure>

          </testcase>
            <testcase name="ApplicationAffidavitCheck" time="0.000" classname="com.ugapp.testcases.TC_17_PreviewTest">
                <failure type="org.testng.TestNGException"
                  message="
Cannot inject @Test annotated Method [ApplicationAffidavitCheck] with [class java.lang.String, class java.lang.String].
For more information on native dependency injection please refer to http://testng.org/doc/documentation-main.html#native-dependency-injection"
              >
<![CDATA[org.testng.TestNGException: 
Cannot inject @Test annotated Method [ApplicationAffidavitCheck] with [class java.lang.String, class java.lang.String].
For more information on native dependency injection please refer to http://testng.org/doc/documentation-main.html#native-dependency-injection
  org.testng.internal.Parameters.checkParameterTypes(Parameters.java:244)
  org.testng.internal.Parameters.createParameters(Parameters.java:172)
  org.testng.internal.Parameters.createParameters(Parameters.java:458)
  org.testng.internal.Parameters.handleParameters(Parameters.java:569)
  org.testng.internal.Invoker.handleParameters(Invoker.java:1308)
  org.testng.internal.Invoker.createParameters(Invoker.java:1036)
  org.testng.internal.Invoker.invokeTestMethods(Invoker.java:1126)
  org.testng.internal.TestMethodWorker.invokeTestMethods(TestMethodWorker.java:126)
  org.testng.internal.TestMethodWorker.run(TestMethodWorker.java:109)
  org.testng.TestRunner.privateRun(TestRunner.java:744)
  org.testng.TestRunner.run(TestRunner.java:602)
  org.testng.SuiteRunner.runTest(SuiteRunner.java:380)
  org.testng.SuiteRunner.runSequentially(SuiteRunner.java:375)
  org.testng.SuiteRunner.privateRun(SuiteRunner.java:340)
  org.testng.SuiteRunner.run(SuiteRunner.java:289)
  org.testng.SuiteRunnerWorker.runSuite(SuiteRunnerWorker.java:52)
  org.testng.SuiteRunnerWorker.run(SuiteRunnerWorker.java:86)
  org.testng.TestNG.runSuitesSequentially(TestNG.java:1301)
  org.testng.TestNG.runSuitesSequentially(TestNG.java:1297)
  org.testng.TestNG.runSuitesLocally(TestNG.java:1226)
  org.testng.TestNG.runSuites(TestNG.java:1144)
  org.testng.TestNG.run(TestNG.java:1115)
  org.testng.remote.AbstractRemoteTestNG.run(AbstractRemoteTestNG.java:115)
  org.testng.remote.RemoteTestNG.initAndRun(RemoteTestNG.java:251)
  org.testng.remote.RemoteTestNG.main(RemoteTestNG.java:77)
]]>
      </failure>

          </testcase>
            <testcase name="postPreview" time="0.000" classname="com.ugapp.testcases.TC_17_PreviewTest">
                <failure type="java.lang.IllegalArgumentException"
                  message="Cannot find elements when the XPath is null."
              >
<![CDATA[java.lang.IllegalArgumentException: Cannot find elements when the XPath is null.
  org.openqa.selenium.internal.Require$ArgumentChecker.nonNull(Require.java:207)
  org.openqa.selenium.By$ByXPath.<init>(By.java:285)
  org.openqa.selenium.By.xpath(By.java:88)
  com.ugapp.base.Page.findElement(Page.java:169)
  com.ugapp.pages.PreviewPage.signOut(PreviewPage.java:334)
  com.ugapp.testcases.TC_17_PreviewTest.postPreview(TC_17_PreviewTest.java:79)
  java.base/jdk.internal.reflect.DirectMethodHandleAccessor.invoke(DirectMethodHandleAccessor.java:104)
  java.base/java.lang.reflect.Method.invoke(Method.java:578)
  org.testng.internal.MethodInvocationHelper.invokeMethod(MethodInvocationHelper.java:108)
  org.testng.internal.Invoker.invokeMethod(Invoker.java:661)
  org.testng.internal.Invoker.invokeTestMethod(Invoker.java:869)
  org.testng.internal.Invoker.invokeTestMethods(Invoker.java:1193)
  org.testng.internal.TestMethodWorker.invokeTestMethods(TestMethodWorker.java:126)
  org.testng.internal.TestMethodWorker.run(TestMethodWorker.java:109)
  org.testng.TestRunner.privateRun(TestRunner.java:744)
  org.testng.TestRunner.run(TestRunner.java:602)
  org.testng.SuiteRunner.runTest(SuiteRunner.java:380)
  org.testng.SuiteRunner.runSequentially(SuiteRunner.java:375)
  org.testng.SuiteRunner.privateRun(SuiteRunner.java:340)
  org.testng.SuiteRunner.run(SuiteRunner.java:289)
  org.testng.SuiteRunnerWorker.runSuite(SuiteRunnerWorker.java:52)
  org.testng.SuiteRunnerWorker.run(SuiteRunnerWorker.java:86)
  org.testng.TestNG.runSuitesSequentially(TestNG.java:1301)
  org.testng.TestNG.runSuitesSequentially(TestNG.java:1297)
  org.testng.TestNG.runSuitesLocally(TestNG.java:1226)
  org.testng.TestNG.runSuites(TestNG.java:1144)
  org.testng.TestNG.run(TestNG.java:1115)
  org.testng.remote.AbstractRemoteTestNG.run(AbstractRemoteTestNG.java:115)
  org.testng.remote.RemoteTestNG.initAndRun(RemoteTestNG.java:251)
  org.testng.remote.RemoteTestNG.main(RemoteTestNG.java:77)
]]>
      </failure>

          </testcase>
            <testcase name="preview" time="0.010" classname="com.ugapp.testcases.TC_17_PreviewTest">
                <failure type="java.lang.NullPointerException"
                  message="Cannot invoke &quot;org.openqa.selenium.support.ui.WebDriverWait.until(java.util.function.Function)&quot; because &quot;com.ugapp.base.Page.wait&quot; is null"
              >
<![CDATA[java.lang.NullPointerException: Cannot invoke "org.openqa.selenium.support.ui.WebDriverWait.until(java.util.function.Function)" because "com.ugapp.base.Page.wait" is null
  com.ugapp.base.Page.waitTillLoaderDisappears(Page.java:334)
  com.ugapp.pages.PreviewPage.validatePreview(PreviewPage.java:26)
  com.ugapp.testcases.TC_17_PreviewTest.preview(TC_17_PreviewTest.java:18)
  java.base/jdk.internal.reflect.DirectMethodHandleAccessor.invoke(DirectMethodHandleAccessor.java:104)
  java.base/java.lang.reflect.Method.invoke(Method.java:578)
  org.testng.internal.MethodInvocationHelper.invokeMethod(MethodInvocationHelper.java:108)
  org.testng.internal.Invoker.invokeMethod(Invoker.java:661)
  org.testng.internal.Invoker.invokeTestMethod(Invoker.java:869)
  org.testng.internal.Invoker.invokeTestMethods(Invoker.java:1193)
  org.testng.internal.TestMethodWorker.invokeTestMethods(TestMethodWorker.java:126)
  org.testng.internal.TestMethodWorker.run(TestMethodWorker.java:109)
  org.testng.TestRunner.privateRun(TestRunner.java:744)
  org.testng.TestRunner.run(TestRunner.java:602)
  org.testng.SuiteRunner.runTest(SuiteRunner.java:380)
  org.testng.SuiteRunner.runSequentially(SuiteRunner.java:375)
  org.testng.SuiteRunner.privateRun(SuiteRunner.java:340)
  org.testng.SuiteRunner.run(SuiteRunner.java:289)
  org.testng.SuiteRunnerWorker.runSuite(SuiteRunnerWorker.java:52)
  org.testng.SuiteRunnerWorker.run(SuiteRunnerWorker.java:86)
  org.testng.TestNG.runSuitesSequentially(TestNG.java:1301)
  org.testng.TestNG.runSuitesSequentially(TestNG.java:1297)
  org.testng.TestNG.runSuitesLocally(TestNG.java:1226)
  org.testng.TestNG.runSuites(TestNG.java:1144)
  org.testng.TestNG.run(TestNG.java:1115)
  org.testng.remote.AbstractRemoteTestNG.run(AbstractRemoteTestNG.java:115)
  org.testng.remote.RemoteTestNG.initAndRun(RemoteTestNG.java:251)
  org.testng.remote.RemoteTestNG.main(RemoteTestNG.java:77)
]]>
      </failure>

          </testcase>
  
  
            <testcase name="ComparePreviewwithReview" time="0.386" classname="com.ugapp.testcases.TC_17_PreviewTest" />
      
</testsuite>
