<?xml version="1.0" encoding="UTF-8"?>
<testsuite name="F1_Greater24_US_Res_SpouseDependent_FutureGrad_InstateSchool_OOS"
           tests="5"
           failures="0"
           errors="0"
           skipped="5"
           time="0.000">
  <properties />
  
            <testcase name="ApplicationAffidavitCheck" time="0.0" classname="com.ugapp.testcases.TC_17_PreviewTest">
          <skipped />
    </testcase>
            <testcase name="ComparePreviewwithReview" time="0.0" classname="com.ugapp.testcases.TC_17_PreviewTest">
          <skipped />
    </testcase>
            <testcase name="writePreviewToExcel" time="0.0" classname="com.ugapp.testcases.TC_17_PreviewTest">
          <skipped />
    </testcase>
            <testcase name="postPreview" time="0.0" classname="com.ugapp.testcases.TC_17_PreviewTest">
          <skipped />
    </testcase>
            <testcase name="preview" time="0.0" classname="com.ugapp.testcases.TC_17_PreviewTest">
          <skipped />
    </testcase>
  
  
</testsuite>
