<?xml version="1.0" encoding="UTF-8"?>
<testsuite name="My high school grades page Test"
           tests="1005"
           failures="11"
           errors="0"
           skipped="994"
           time="7.133">
  <properties />
            <testcase name="MyHighSchoolGrade" time="0.500" classname="com.ugapp.testcases.TC_12_MyHighSchoolGradesTest">
                <failure type="java.lang.NullPointerException"
                  message="Cannot invoke &quot;org.openqa.selenium.support.ui.WebDriverWait.until(java.util.function.Function)&quot; because &quot;com.ugapp.base.Page.wait&quot; is null"
              >
<![CDATA[java.lang.NullPointerException: Cannot invoke "org.openqa.selenium.support.ui.WebDriverWait.until(java.util.function.Function)" because "com.ugapp.base.Page.wait" is null
  com.ugapp.base.Page.waitTillLoaderDisappears(Page.java:334)
  com.ugapp.pages.MyHighSchoolGradesPage.validateMyHighSchoolGrade(MyHighSchoolGradesPage.java:75)
  com.ugapp.testcases.TC_12_MyHighSchoolGradesTest.MyHighSchoolGrade(TC_12_MyHighSchoolGradesTest.java:27)
  java.base/jdk.internal.reflect.DirectMethodHandleAccessor.invoke(DirectMethodHandleAccessor.java:104)
  java.base/java.lang.reflect.Method.invoke(Method.java:578)
  org.testng.internal.MethodInvocationHelper.invokeMethod(MethodInvocationHelper.java:108)
  org.testng.internal.Invoker.invokeMethod(Invoker.java:661)
  org.testng.internal.Invoker.invokeTestMethod(Invoker.java:869)
  org.testng.internal.Invoker.invokeTestMethods(Invoker.java:1193)
  org.testng.internal.TestMethodWorker.invokeTestMethods(TestMethodWorker.java:126)
  org.testng.internal.TestMethodWorker.run(TestMethodWorker.java:109)
  org.testng.TestRunner.privateRun(TestRunner.java:744)
  org.testng.TestRunner.run(TestRunner.java:602)
  org.testng.SuiteRunner.runTest(SuiteRunner.java:380)
  org.testng.SuiteRunner.runSequentially(SuiteRunner.java:375)
  org.testng.SuiteRunner.privateRun(SuiteRunner.java:340)
  org.testng.SuiteRunner.run(SuiteRunner.java:289)
  org.testng.SuiteRunnerWorker.runSuite(SuiteRunnerWorker.java:52)
  org.testng.SuiteRunnerWorker.run(SuiteRunnerWorker.java:86)
  org.testng.TestNG.runSuitesSequentially(TestNG.java:1301)
  org.testng.TestNG.runSuitesSequentially(TestNG.java:1297)
  org.testng.TestNG.runSuitesLocally(TestNG.java:1226)
  org.testng.TestNG.runSuites(TestNG.java:1144)
  org.testng.TestNG.run(TestNG.java:1115)
  org.testng.remote.AbstractRemoteTestNG.run(AbstractRemoteTestNG.java:115)
  org.testng.remote.RemoteTestNG.initAndRun(RemoteTestNG.java:251)
  org.testng.remote.RemoteTestNG.main(RemoteTestNG.java:77)
]]>
      </failure>

          </testcase>
            <testcase name="selectSelfReportCardTest" time="0.000" classname="com.ugapp.testcases.TC_12_MyHighSchoolGradesTest">
                <failure type="java.lang.NullPointerException"
                  message="Cannot invoke &quot;org.openqa.selenium.support.ui.WebDriverWait.until(java.util.function.Function)&quot; because &quot;com.ugapp.base.Page.wait&quot; is null"
              >
<![CDATA[java.lang.NullPointerException: Cannot invoke "org.openqa.selenium.support.ui.WebDriverWait.until(java.util.function.Function)" because "com.ugapp.base.Page.wait" is null
  com.ugapp.base.Page.waitTillLoaderDisappears(Page.java:334)
  com.ugapp.pages.MyHighSchoolGradesPage.selectSelfReportCard(MyHighSchoolGradesPage.java:37)
  com.ugapp.testcases.TC_12_MyHighSchoolGradesTest.selectSelfReportCardTest(TC_12_MyHighSchoolGradesTest.java:33)
  java.base/jdk.internal.reflect.DirectMethodHandleAccessor.invoke(DirectMethodHandleAccessor.java:104)
  java.base/java.lang.reflect.Method.invoke(Method.java:578)
  org.testng.internal.MethodInvocationHelper.invokeMethod(MethodInvocationHelper.java:108)
  org.testng.internal.Invoker.invokeMethod(Invoker.java:661)
  org.testng.internal.Invoker.invokeTestMethod(Invoker.java:869)
  org.testng.internal.Invoker.invokeTestMethods(Invoker.java:1193)
  org.testng.internal.TestMethodWorker.invokeTestMethods(TestMethodWorker.java:126)
  org.testng.internal.TestMethodWorker.run(TestMethodWorker.java:109)
  org.testng.TestRunner.privateRun(TestRunner.java:744)
  org.testng.TestRunner.run(TestRunner.java:602)
  org.testng.SuiteRunner.runTest(SuiteRunner.java:380)
  org.testng.SuiteRunner.runSequentially(SuiteRunner.java:375)
  org.testng.SuiteRunner.privateRun(SuiteRunner.java:340)
  org.testng.SuiteRunner.run(SuiteRunner.java:289)
  org.testng.SuiteRunnerWorker.runSuite(SuiteRunnerWorker.java:52)
  org.testng.SuiteRunnerWorker.run(SuiteRunnerWorker.java:86)
  org.testng.TestNG.runSuitesSequentially(TestNG.java:1301)
  org.testng.TestNG.runSuitesSequentially(TestNG.java:1297)
  org.testng.TestNG.runSuitesLocally(TestNG.java:1226)
  org.testng.TestNG.runSuites(TestNG.java:1144)
  org.testng.TestNG.run(TestNG.java:1115)
  org.testng.remote.AbstractRemoteTestNG.run(AbstractRemoteTestNG.java:115)
  org.testng.remote.RemoteTestNG.initAndRun(RemoteTestNG.java:251)
  org.testng.remote.RemoteTestNG.main(RemoteTestNG.java:77)
]]>
      </failure>

          </testcase>
            <testcase name="overAllAcademicsTest" time="1.004" classname="com.ugapp.testcases.TC_12_MyHighSchoolGradesTest">
                <failure type="java.lang.IllegalArgumentException"
                  message="Cannot find elements when the XPath is null."
              >
<![CDATA[java.lang.IllegalArgumentException: Cannot find elements when the XPath is null.
  org.openqa.selenium.internal.Require$ArgumentChecker.nonNull(Require.java:207)
  org.openqa.selenium.By$ByXPath.<init>(By.java:285)
  org.openqa.selenium.By.xpath(By.java:88)
  com.ugapp.base.Page.type(Page.java:192)
  com.ugapp.pages.MyHighSchoolGradesPage.academicDetails(MyHighSchoolGradesPage.java:172)
  com.ugapp.testcases.TC_12_MyHighSchoolGradesTest.overAllAcademicsTest(TC_12_MyHighSchoolGradesTest.java:59)
  java.base/jdk.internal.reflect.DirectMethodHandleAccessor.invoke(DirectMethodHandleAccessor.java:104)
  java.base/java.lang.reflect.Method.invoke(Method.java:578)
  org.testng.internal.MethodInvocationHelper.invokeMethod(MethodInvocationHelper.java:108)
  org.testng.internal.Invoker.invokeMethod(Invoker.java:661)
  org.testng.internal.Invoker.invokeTestMethod(Invoker.java:869)
  org.testng.internal.Invoker.invokeTestMethods(Invoker.java:1193)
  org.testng.internal.TestMethodWorker.invokeTestMethods(TestMethodWorker.java:126)
  org.testng.internal.TestMethodWorker.run(TestMethodWorker.java:109)
  org.testng.TestRunner.privateRun(TestRunner.java:744)
  org.testng.TestRunner.run(TestRunner.java:602)
  org.testng.SuiteRunner.runTest(SuiteRunner.java:380)
  org.testng.SuiteRunner.runSequentially(SuiteRunner.java:375)
  org.testng.SuiteRunner.privateRun(SuiteRunner.java:340)
  org.testng.SuiteRunner.run(SuiteRunner.java:289)
  org.testng.SuiteRunnerWorker.runSuite(SuiteRunnerWorker.java:52)
  org.testng.SuiteRunnerWorker.run(SuiteRunnerWorker.java:86)
  org.testng.TestNG.runSuitesSequentially(TestNG.java:1301)
  org.testng.TestNG.runSuitesSequentially(TestNG.java:1297)
  org.testng.TestNG.runSuitesLocally(TestNG.java:1226)
  org.testng.TestNG.runSuites(TestNG.java:1144)
  org.testng.TestNG.run(TestNG.java:1115)
  org.testng.remote.AbstractRemoteTestNG.run(AbstractRemoteTestNG.java:115)
  org.testng.remote.RemoteTestNG.initAndRun(RemoteTestNG.java:251)
  org.testng.remote.RemoteTestNG.main(RemoteTestNG.java:77)
]]>
      </failure>

          </testcase>
            <testcase name="overAllAcademicsTest" time="1.002" classname="com.ugapp.testcases.TC_12_MyHighSchoolGradesTest">
                <failure type="java.lang.IllegalArgumentException"
                  message="Cannot find elements when the XPath is null."
              >
<![CDATA[java.lang.IllegalArgumentException: Cannot find elements when the XPath is null.
  org.openqa.selenium.internal.Require$ArgumentChecker.nonNull(Require.java:207)
  org.openqa.selenium.By$ByXPath.<init>(By.java:285)
  org.openqa.selenium.By.xpath(By.java:88)
  com.ugapp.base.Page.type(Page.java:192)
  com.ugapp.pages.MyHighSchoolGradesPage.academicDetails(MyHighSchoolGradesPage.java:172)
  com.ugapp.testcases.TC_12_MyHighSchoolGradesTest.overAllAcademicsTest(TC_12_MyHighSchoolGradesTest.java:59)
  java.base/jdk.internal.reflect.DirectMethodHandleAccessor.invoke(DirectMethodHandleAccessor.java:104)
  java.base/java.lang.reflect.Method.invoke(Method.java:578)
  org.testng.internal.MethodInvocationHelper.invokeMethod(MethodInvocationHelper.java:108)
  org.testng.internal.Invoker.invokeMethod(Invoker.java:661)
  org.testng.internal.Invoker.invokeTestMethod(Invoker.java:869)
  org.testng.internal.Invoker.invokeTestMethods(Invoker.java:1193)
  org.testng.internal.TestMethodWorker.invokeTestMethods(TestMethodWorker.java:126)
  org.testng.internal.TestMethodWorker.run(TestMethodWorker.java:109)
  org.testng.TestRunner.privateRun(TestRunner.java:744)
  org.testng.TestRunner.run(TestRunner.java:602)
  org.testng.SuiteRunner.runTest(SuiteRunner.java:380)
  org.testng.SuiteRunner.runSequentially(SuiteRunner.java:375)
  org.testng.SuiteRunner.privateRun(SuiteRunner.java:340)
  org.testng.SuiteRunner.run(SuiteRunner.java:289)
  org.testng.SuiteRunnerWorker.runSuite(SuiteRunnerWorker.java:52)
  org.testng.SuiteRunnerWorker.run(SuiteRunnerWorker.java:86)
  org.testng.TestNG.runSuitesSequentially(TestNG.java:1301)
  org.testng.TestNG.runSuitesSequentially(TestNG.java:1297)
  org.testng.TestNG.runSuitesLocally(TestNG.java:1226)
  org.testng.TestNG.runSuites(TestNG.java:1144)
  org.testng.TestNG.run(TestNG.java:1115)
  org.testng.remote.AbstractRemoteTestNG.run(AbstractRemoteTestNG.java:115)
  org.testng.remote.RemoteTestNG.initAndRun(RemoteTestNG.java:251)
  org.testng.remote.RemoteTestNG.main(RemoteTestNG.java:77)
]]>
      </failure>

          </testcase>
            <testcase name="gpaScaleGradingSystem" time="0.021" classname="com.ugapp.testcases.TC_12_MyHighSchoolGradesTest">
                <failure type="java.lang.IllegalArgumentException"
                  message="Cannot find elements when the XPath is null."
              >
<![CDATA[java.lang.IllegalArgumentException: Cannot find elements when the XPath is null.
  org.openqa.selenium.internal.Require$ArgumentChecker.nonNull(Require.java:207)
  org.openqa.selenium.By$ByXPath.<init>(By.java:285)
  org.openqa.selenium.By.xpath(By.java:88)
  com.ugapp.base.Page.findElement(Page.java:169)
  com.ugapp.pages.MyHighSchoolGradesPage.gpaScaleDropdown(MyHighSchoolGradesPage.java:351)
  com.ugapp.testcases.TC_12_MyHighSchoolGradesTest.gpaScaleGradingSystem(TC_12_MyHighSchoolGradesTest.java:70)
  java.base/jdk.internal.reflect.DirectMethodHandleAccessor.invoke(DirectMethodHandleAccessor.java:104)
  java.base/java.lang.reflect.Method.invoke(Method.java:578)
  org.testng.internal.MethodInvocationHelper.invokeMethod(MethodInvocationHelper.java:108)
  org.testng.internal.Invoker.invokeMethod(Invoker.java:661)
  org.testng.internal.Invoker.invokeTestMethod(Invoker.java:869)
  org.testng.internal.Invoker.invokeTestMethods(Invoker.java:1193)
  org.testng.internal.TestMethodWorker.invokeTestMethods(TestMethodWorker.java:126)
  org.testng.internal.TestMethodWorker.run(TestMethodWorker.java:109)
  org.testng.TestRunner.privateRun(TestRunner.java:744)
  org.testng.TestRunner.run(TestRunner.java:602)
  org.testng.SuiteRunner.runTest(SuiteRunner.java:380)
  org.testng.SuiteRunner.runSequentially(SuiteRunner.java:375)
  org.testng.SuiteRunner.privateRun(SuiteRunner.java:340)
  org.testng.SuiteRunner.run(SuiteRunner.java:289)
  org.testng.SuiteRunnerWorker.runSuite(SuiteRunnerWorker.java:52)
  org.testng.SuiteRunnerWorker.run(SuiteRunnerWorker.java:86)
  org.testng.TestNG.runSuitesSequentially(TestNG.java:1301)
  org.testng.TestNG.runSuitesSequentially(TestNG.java:1297)
  org.testng.TestNG.runSuitesLocally(TestNG.java:1226)
  org.testng.TestNG.runSuites(TestNG.java:1144)
  org.testng.TestNG.run(TestNG.java:1115)
  org.testng.remote.AbstractRemoteTestNG.run(AbstractRemoteTestNG.java:115)
  org.testng.remote.RemoteTestNG.initAndRun(RemoteTestNG.java:251)
  org.testng.remote.RemoteTestNG.main(RemoteTestNG.java:77)
]]>
      </failure>

          </testcase>
            <testcase name="addCourse" time="0.008" classname="com.ugapp.testcases.TC_12_MyHighSchoolGradesTest">
                <failure type="java.lang.NullPointerException"
                  message="Cannot invoke &quot;org.openqa.selenium.WebDriver.findElement(org.openqa.selenium.By)&quot; because &quot;com.ugapp.pages.MyHighSchoolGradesPage.driver&quot; is null"
              >
<![CDATA[java.lang.NullPointerException: Cannot invoke "org.openqa.selenium.WebDriver.findElement(org.openqa.selenium.By)" because "com.ugapp.pages.MyHighSchoolGradesPage.driver" is null
  com.ugapp.pages.MyHighSchoolGradesPage.subjectTabs(MyHighSchoolGradesPage.java:463)
  com.ugapp.testcases.TC_12_MyHighSchoolGradesTest.addCourse(TC_12_MyHighSchoolGradesTest.java:83)
  java.base/jdk.internal.reflect.DirectMethodHandleAccessor.invoke(DirectMethodHandleAccessor.java:104)
  java.base/java.lang.reflect.Method.invoke(Method.java:578)
  org.testng.internal.MethodInvocationHelper.invokeMethod(MethodInvocationHelper.java:108)
  org.testng.internal.Invoker.invokeMethod(Invoker.java:661)
  org.testng.internal.Invoker.invokeTestMethod(Invoker.java:869)
  org.testng.internal.Invoker.invokeTestMethods(Invoker.java:1193)
  org.testng.internal.TestMethodWorker.invokeTestMethods(TestMethodWorker.java:126)
  org.testng.internal.TestMethodWorker.run(TestMethodWorker.java:109)
  org.testng.TestRunner.privateRun(TestRunner.java:744)
  org.testng.TestRunner.run(TestRunner.java:602)
  org.testng.SuiteRunner.runTest(SuiteRunner.java:380)
  org.testng.SuiteRunner.runSequentially(SuiteRunner.java:375)
  org.testng.SuiteRunner.privateRun(SuiteRunner.java:340)
  org.testng.SuiteRunner.run(SuiteRunner.java:289)
  org.testng.SuiteRunnerWorker.runSuite(SuiteRunnerWorker.java:52)
  org.testng.SuiteRunnerWorker.run(SuiteRunnerWorker.java:86)
  org.testng.TestNG.runSuitesSequentially(TestNG.java:1301)
  org.testng.TestNG.runSuitesSequentially(TestNG.java:1297)
  org.testng.TestNG.runSuitesLocally(TestNG.java:1226)
  org.testng.TestNG.runSuites(TestNG.java:1144)
  org.testng.TestNG.run(TestNG.java:1115)
  org.testng.remote.AbstractRemoteTestNG.run(AbstractRemoteTestNG.java:115)
  org.testng.remote.RemoteTestNG.initAndRun(RemoteTestNG.java:251)
  org.testng.remote.RemoteTestNG.main(RemoteTestNG.java:77)
]]>
      </failure>

          </testcase>
            <testcase name="overAllAcademicsTest" time="1.012" classname="com.ugapp.testcases.TC_12_MyHighSchoolGradesTest">
                <failure type="java.lang.IllegalArgumentException"
                  message="Cannot find elements when the XPath is null."
              >
<![CDATA[java.lang.IllegalArgumentException: Cannot find elements when the XPath is null.
  org.openqa.selenium.internal.Require$ArgumentChecker.nonNull(Require.java:207)
  org.openqa.selenium.By$ByXPath.<init>(By.java:285)
  org.openqa.selenium.By.xpath(By.java:88)
  com.ugapp.base.Page.type(Page.java:192)
  com.ugapp.pages.MyHighSchoolGradesPage.academicDetails(MyHighSchoolGradesPage.java:172)
  com.ugapp.testcases.TC_12_MyHighSchoolGradesTest.overAllAcademicsTest(TC_12_MyHighSchoolGradesTest.java:59)
  java.base/jdk.internal.reflect.DirectMethodHandleAccessor.invoke(DirectMethodHandleAccessor.java:104)
  java.base/java.lang.reflect.Method.invoke(Method.java:578)
  org.testng.internal.MethodInvocationHelper.invokeMethod(MethodInvocationHelper.java:108)
  org.testng.internal.Invoker.invokeMethod(Invoker.java:661)
  org.testng.internal.Invoker.invokeTestMethod(Invoker.java:869)
  org.testng.internal.Invoker.invokeTestMethods(Invoker.java:1193)
  org.testng.internal.TestMethodWorker.invokeTestMethods(TestMethodWorker.java:126)
  org.testng.internal.TestMethodWorker.run(TestMethodWorker.java:109)
  org.testng.TestRunner.privateRun(TestRunner.java:744)
  org.testng.TestRunner.run(TestRunner.java:602)
  org.testng.SuiteRunner.runTest(SuiteRunner.java:380)
  org.testng.SuiteRunner.runSequentially(SuiteRunner.java:375)
  org.testng.SuiteRunner.privateRun(SuiteRunner.java:340)
  org.testng.SuiteRunner.run(SuiteRunner.java:289)
  org.testng.SuiteRunnerWorker.runSuite(SuiteRunnerWorker.java:52)
  org.testng.SuiteRunnerWorker.run(SuiteRunnerWorker.java:86)
  org.testng.TestNG.runSuitesSequentially(TestNG.java:1301)
  org.testng.TestNG.runSuitesSequentially(TestNG.java:1297)
  org.testng.TestNG.runSuitesLocally(TestNG.java:1226)
  org.testng.TestNG.runSuites(TestNG.java:1144)
  org.testng.TestNG.run(TestNG.java:1115)
  org.testng.remote.AbstractRemoteTestNG.run(AbstractRemoteTestNG.java:115)
  org.testng.remote.RemoteTestNG.initAndRun(RemoteTestNG.java:251)
  org.testng.remote.RemoteTestNG.main(RemoteTestNG.java:77)
]]>
      </failure>

          </testcase>
            <testcase name="overAllAcademicsTest" time="1.001" classname="com.ugapp.testcases.TC_12_MyHighSchoolGradesTest">
                <failure type="java.lang.IllegalArgumentException"
                  message="Cannot find elements when the XPath is null."
              >
<![CDATA[java.lang.IllegalArgumentException: Cannot find elements when the XPath is null.
  org.openqa.selenium.internal.Require$ArgumentChecker.nonNull(Require.java:207)
  org.openqa.selenium.By$ByXPath.<init>(By.java:285)
  org.openqa.selenium.By.xpath(By.java:88)
  com.ugapp.base.Page.type(Page.java:192)
  com.ugapp.pages.MyHighSchoolGradesPage.academicDetails(MyHighSchoolGradesPage.java:172)
  com.ugapp.testcases.TC_12_MyHighSchoolGradesTest.overAllAcademicsTest(TC_12_MyHighSchoolGradesTest.java:59)
  java.base/jdk.internal.reflect.DirectMethodHandleAccessor.invoke(DirectMethodHandleAccessor.java:104)
  java.base/java.lang.reflect.Method.invoke(Method.java:578)
  org.testng.internal.MethodInvocationHelper.invokeMethod(MethodInvocationHelper.java:108)
  org.testng.internal.Invoker.invokeMethod(Invoker.java:661)
  org.testng.internal.Invoker.invokeTestMethod(Invoker.java:869)
  org.testng.internal.Invoker.invokeTestMethods(Invoker.java:1193)
  org.testng.internal.TestMethodWorker.invokeTestMethods(TestMethodWorker.java:126)
  org.testng.internal.TestMethodWorker.run(TestMethodWorker.java:109)
  org.testng.TestRunner.privateRun(TestRunner.java:744)
  org.testng.TestRunner.run(TestRunner.java:602)
  org.testng.SuiteRunner.runTest(SuiteRunner.java:380)
  org.testng.SuiteRunner.runSequentially(SuiteRunner.java:375)
  org.testng.SuiteRunner.privateRun(SuiteRunner.java:340)
  org.testng.SuiteRunner.run(SuiteRunner.java:289)
  org.testng.SuiteRunnerWorker.runSuite(SuiteRunnerWorker.java:52)
  org.testng.SuiteRunnerWorker.run(SuiteRunnerWorker.java:86)
  org.testng.TestNG.runSuitesSequentially(TestNG.java:1301)
  org.testng.TestNG.runSuitesSequentially(TestNG.java:1297)
  org.testng.TestNG.runSuitesLocally(TestNG.java:1226)
  org.testng.TestNG.runSuites(TestNG.java:1144)
  org.testng.TestNG.run(TestNG.java:1115)
  org.testng.remote.AbstractRemoteTestNG.run(AbstractRemoteTestNG.java:115)
  org.testng.remote.RemoteTestNG.initAndRun(RemoteTestNG.java:251)
  org.testng.remote.RemoteTestNG.main(RemoteTestNG.java:77)
]]>
      </failure>

          </testcase>
            <testcase name="RequiredFields" time="0.002" classname="com.ugapp.testcases.TC_12_MyHighSchoolGradesTest">
                <failure type="java.lang.NullPointerException"
                  message="Cannot invoke &quot;org.openqa.selenium.WebDriver.findElement(org.openqa.selenium.By)&quot; because &quot;com.ugapp.pages.MyHighSchoolGradesPage.driver&quot; is null"
              >
<![CDATA[java.lang.NullPointerException: Cannot invoke "org.openqa.selenium.WebDriver.findElement(org.openqa.selenium.By)" because "com.ugapp.pages.MyHighSchoolGradesPage.driver" is null
  com.ugapp.pages.MyHighSchoolGradesPage.scroll(MyHighSchoolGradesPage.java:96)
  com.ugapp.testcases.TC_12_MyHighSchoolGradesTest.RequiredFields(TC_12_MyHighSchoolGradesTest.java:47)
  java.base/jdk.internal.reflect.DirectMethodHandleAccessor.invoke(DirectMethodHandleAccessor.java:104)
  java.base/java.lang.reflect.Method.invoke(Method.java:578)
  org.testng.internal.MethodInvocationHelper.invokeMethod(MethodInvocationHelper.java:108)
  org.testng.internal.Invoker.invokeMethod(Invoker.java:661)
  org.testng.internal.Invoker.invokeTestMethod(Invoker.java:869)
  org.testng.internal.Invoker.invokeTestMethods(Invoker.java:1193)
  org.testng.internal.TestMethodWorker.invokeTestMethods(TestMethodWorker.java:126)
  org.testng.internal.TestMethodWorker.run(TestMethodWorker.java:109)
  org.testng.TestRunner.privateRun(TestRunner.java:744)
  org.testng.TestRunner.run(TestRunner.java:602)
  org.testng.SuiteRunner.runTest(SuiteRunner.java:380)
  org.testng.SuiteRunner.runSequentially(SuiteRunner.java:375)
  org.testng.SuiteRunner.privateRun(SuiteRunner.java:340)
  org.testng.SuiteRunner.run(SuiteRunner.java:289)
  org.testng.SuiteRunnerWorker.runSuite(SuiteRunnerWorker.java:52)
  org.testng.SuiteRunnerWorker.run(SuiteRunnerWorker.java:86)
  org.testng.TestNG.runSuitesSequentially(TestNG.java:1301)
  org.testng.TestNG.runSuitesSequentially(TestNG.java:1297)
  org.testng.TestNG.runSuitesLocally(TestNG.java:1226)
  org.testng.TestNG.runSuites(TestNG.java:1144)
  org.testng.TestNG.run(TestNG.java:1115)
  org.testng.remote.AbstractRemoteTestNG.run(AbstractRemoteTestNG.java:115)
  org.testng.remote.RemoteTestNG.initAndRun(RemoteTestNG.java:251)
  org.testng.remote.RemoteTestNG.main(RemoteTestNG.java:77)
]]>
      </failure>

          </testcase>
            <testcase name="SaveThePageTest" time="1.013" classname="com.ugapp.testcases.TC_12_MyHighSchoolGradesTest">
                <failure type="java.lang.NullPointerException"
                  message="Cannot invoke &quot;org.openqa.selenium.WebDriver.findElement(org.openqa.selenium.By)&quot; because &quot;com.ugapp.pages.MyHighSchoolGradesPage.driver&quot; is null"
              >
<![CDATA[java.lang.NullPointerException: Cannot invoke "org.openqa.selenium.WebDriver.findElement(org.openqa.selenium.By)" because "com.ugapp.pages.MyHighSchoolGradesPage.driver" is null
  com.ugapp.pages.MyHighSchoolGradesPage.SaveThePage(MyHighSchoolGradesPage.java:905)
  com.ugapp.testcases.TC_12_MyHighSchoolGradesTest.SaveThePageTest(TC_12_MyHighSchoolGradesTest.java:104)
  java.base/jdk.internal.reflect.DirectMethodHandleAccessor.invoke(DirectMethodHandleAccessor.java:104)
  java.base/java.lang.reflect.Method.invoke(Method.java:578)
  org.testng.internal.MethodInvocationHelper.invokeMethod(MethodInvocationHelper.java:108)
  org.testng.internal.Invoker.invokeMethod(Invoker.java:661)
  org.testng.internal.Invoker.invokeTestMethod(Invoker.java:869)
  org.testng.internal.Invoker.invokeTestMethods(Invoker.java:1193)
  org.testng.internal.TestMethodWorker.invokeTestMethods(TestMethodWorker.java:126)
  org.testng.internal.TestMethodWorker.run(TestMethodWorker.java:109)
  org.testng.TestRunner.privateRun(TestRunner.java:744)
  org.testng.TestRunner.run(TestRunner.java:602)
  org.testng.SuiteRunner.runTest(SuiteRunner.java:380)
  org.testng.SuiteRunner.runSequentially(SuiteRunner.java:375)
  org.testng.SuiteRunner.privateRun(SuiteRunner.java:340)
  org.testng.SuiteRunner.run(SuiteRunner.java:289)
  org.testng.SuiteRunnerWorker.runSuite(SuiteRunnerWorker.java:52)
  org.testng.SuiteRunnerWorker.run(SuiteRunnerWorker.java:86)
  org.testng.TestNG.runSuitesSequentially(TestNG.java:1301)
  org.testng.TestNG.runSuitesSequentially(TestNG.java:1297)
  org.testng.TestNG.runSuitesLocally(TestNG.java:1226)
  org.testng.TestNG.runSuites(TestNG.java:1144)
  org.testng.TestNG.run(TestNG.java:1115)
  org.testng.remote.AbstractRemoteTestNG.run(AbstractRemoteTestNG.java:115)
  org.testng.remote.RemoteTestNG.initAndRun(RemoteTestNG.java:251)
  org.testng.remote.RemoteTestNG.main(RemoteTestNG.java:77)
]]>
      </failure>

          </testcase>
            <testcase name="overAllAcademicsTest" time="1.003" classname="com.ugapp.testcases.TC_12_MyHighSchoolGradesTest">
                <failure type="java.lang.IllegalArgumentException"
                  message="Cannot find elements when the XPath is null."
              >
<![CDATA[java.lang.IllegalArgumentException: Cannot find elements when the XPath is null.
  org.openqa.selenium.internal.Require$ArgumentChecker.nonNull(Require.java:207)
  org.openqa.selenium.By$ByXPath.<init>(By.java:285)
  org.openqa.selenium.By.xpath(By.java:88)
  com.ugapp.base.Page.type(Page.java:192)
  com.ugapp.pages.MyHighSchoolGradesPage.academicDetails(MyHighSchoolGradesPage.java:172)
  com.ugapp.testcases.TC_12_MyHighSchoolGradesTest.overAllAcademicsTest(TC_12_MyHighSchoolGradesTest.java:59)
  java.base/jdk.internal.reflect.DirectMethodHandleAccessor.invoke(DirectMethodHandleAccessor.java:104)
  java.base/java.lang.reflect.Method.invoke(Method.java:578)
  org.testng.internal.MethodInvocationHelper.invokeMethod(MethodInvocationHelper.java:108)
  org.testng.internal.Invoker.invokeMethod(Invoker.java:661)
  org.testng.internal.Invoker.invokeTestMethod(Invoker.java:869)
  org.testng.internal.Invoker.invokeTestMethods(Invoker.java:1193)
  org.testng.internal.TestMethodWorker.invokeTestMethods(TestMethodWorker.java:126)
  org.testng.internal.TestMethodWorker.run(TestMethodWorker.java:109)
  org.testng.TestRunner.privateRun(TestRunner.java:744)
  org.testng.TestRunner.run(TestRunner.java:602)
  org.testng.SuiteRunner.runTest(SuiteRunner.java:380)
  org.testng.SuiteRunner.runSequentially(SuiteRunner.java:375)
  org.testng.SuiteRunner.privateRun(SuiteRunner.java:340)
  org.testng.SuiteRunner.run(SuiteRunner.java:289)
  org.testng.SuiteRunnerWorker.runSuite(SuiteRunnerWorker.java:52)
  org.testng.SuiteRunnerWorker.run(SuiteRunnerWorker.java:86)
  org.testng.TestNG.runSuitesSequentially(TestNG.java:1301)
  org.testng.TestNG.runSuitesSequentially(TestNG.java:1297)
  org.testng.TestNG.runSuitesLocally(TestNG.java:1226)
  org.testng.TestNG.runSuites(TestNG.java:1144)
  org.testng.TestNG.run(TestNG.java:1115)
  org.testng.remote.AbstractRemoteTestNG.run(AbstractRemoteTestNG.java:115)
  org.testng.remote.RemoteTestNG.initAndRun(RemoteTestNG.java:251)
  org.testng.remote.RemoteTestNG.main(RemoteTestNG.java:77)
]]>
      </failure>

          </testcase>
  
            <testcase name="overAllAcademicsTest" time="0.0" classname="com.ugapp.testcases.TC_12_MyHighSchoolGradesTest">
          <skipped />
    </testcase>
            <testcase name="overAllAcademicsTest" time="0.0" classname="com.ugapp.testcases.TC_12_MyHighSchoolGradesTest">
          <skipped />
    </testcase>
            <testcase name="overAllAcademicsTest" time="0.0" classname="com.ugapp.testcases.TC_12_MyHighSchoolGradesTest">
          <skipped />
    </testcase>
            <testcase name="overAllAcademicsTest" time="0.0" classname="com.ugapp.testcases.TC_12_MyHighSchoolGradesTest">
          <skipped />
    </testcase>
            <testcase name="overAllAcademicsTest" time="0.0" classname="com.ugapp.testcases.TC_12_MyHighSchoolGradesTest">
          <skipped />
    </testcase>
            <testcase name="overAllAcademicsTest" time="0.0" classname="com.ugapp.testcases.TC_12_MyHighSchoolGradesTest">
          <skipped />
    </testcase>
            <testcase name="overAllAcademicsTest" time="0.0" classname="com.ugapp.testcases.TC_12_MyHighSchoolGradesTest">
          <skipped />
    </testcase>
            <testcase name="overAllAcademicsTest" time="0.0" classname="com.ugapp.testcases.TC_12_MyHighSchoolGradesTest">
          <skipped />
    </testcase>
            <testcase name="overAllAcademicsTest" time="0.0" classname="com.ugapp.testcases.TC_12_MyHighSchoolGradesTest">
          <skipped />
    </testcase>
            <testcase name="overAllAcademicsTest" time="0.0" classname="com.ugapp.testcases.TC_12_MyHighSchoolGradesTest">
          <skipped />
    </testcase>
            <testcase name="overAllAcademicsTest" time="0.0" classname="com.ugapp.testcases.TC_12_MyHighSchoolGradesTest">
          <skipped />
    </testcase>
            <testcase name="overAllAcademicsTest" time="0.0" classname="com.ugapp.testcases.TC_12_MyHighSchoolGradesTest">
          <skipped />
    </testcase>
            <testcase name="overAllAcademicsTest" time="0.0" classname="com.ugapp.testcases.TC_12_MyHighSchoolGradesTest">
          <skipped />
    </testcase>
            <testcase name="overAllAcademicsTest" time="0.0" classname="com.ugapp.testcases.TC_12_MyHighSchoolGradesTest">
          <skipped />
    </testcase>
            <testcase name="overAllAcademicsTest" time="0.0" classname="com.ugapp.testcases.TC_12_MyHighSchoolGradesTest">
          <skipped />
    </testcase>
            <testcase name="overAllAcademicsTest" time="0.0" classname="com.ugapp.testcases.TC_12_MyHighSchoolGradesTest">
          <skipped />
    </testcase>
            <testcase name="overAllAcademicsTest" time="0.0" classname="com.ugapp.testcases.TC_12_MyHighSchoolGradesTest">
          <skipped />
    </testcase>
            <testcase name="overAllAcademicsTest" time="0.0" classname="com.ugapp.testcases.TC_12_MyHighSchoolGradesTest">
          <skipped />
    </testcase>
            <testcase name="overAllAcademicsTest" time="0.0" classname="com.ugapp.testcases.TC_12_MyHighSchoolGradesTest">
          <skipped />
    </testcase>
            <testcase name="overAllAcademicsTest" time="0.0" classname="com.ugapp.testcases.TC_12_MyHighSchoolGradesTest">
          <skipped />
    </testcase>
            <testcase name="overAllAcademicsTest" time="0.0" classname="com.ugapp.testcases.TC_12_MyHighSchoolGradesTest">
          <skipped />
    </testcase>
            <testcase name="overAllAcademicsTest" time="0.0" classname="com.ugapp.testcases.TC_12_MyHighSchoolGradesTest">
          <skipped />
    </testcase>
            <testcase name="overAllAcademicsTest" time="0.0" classname="com.ugapp.testcases.TC_12_MyHighSchoolGradesTest">
          <skipped />
    </testcase>
            <testcase name="overAllAcademicsTest" time="0.0" classname="com.ugapp.testcases.TC_12_MyHighSchoolGradesTest">
          <skipped />
    </testcase>
            <testcase name="overAllAcademicsTest" time="0.0" classname="com.ugapp.testcases.TC_12_MyHighSchoolGradesTest">
          <skipped />
    </testcase>
            <testcase name="overAllAcademicsTest" time="0.0" classname="com.ugapp.testcases.TC_12_MyHighSchoolGradesTest">
          <skipped />
    </testcase>
            <testcase name="overAllAcademicsTest" time="0.0" classname="com.ugapp.testcases.TC_12_MyHighSchoolGradesTest">
          <skipped />
    </testcase>
            <testcase name="overAllAcademicsTest" time="0.0" classname="com.ugapp.testcases.TC_12_MyHighSchoolGradesTest">
          <skipped />
    </testcase>
            <testcase name="overAllAcademicsTest" time="0.0" classname="com.ugapp.testcases.TC_12_MyHighSchoolGradesTest">
          <skipped />
    </testcase>
            <testcase name="overAllAcademicsTest" time="0.0" classname="com.ugapp.testcases.TC_12_MyHighSchoolGradesTest">
          <skipped />
    </testcase>
            <testcase name="overAllAcademicsTest" time="0.0" classname="com.ugapp.testcases.TC_12_MyHighSchoolGradesTest">
          <skipped />
    </testcase>
            <testcase name="overAllAcademicsTest" time="0.0" classname="com.ugapp.testcases.TC_12_MyHighSchoolGradesTest">
          <skipped />
    </testcase>
            <testcase name="overAllAcademicsTest" time="0.0" classname="com.ugapp.testcases.TC_12_MyHighSchoolGradesTest">
          <skipped />
    </testcase>
            <testcase name="overAllAcademicsTest" time="0.0" classname="com.ugapp.testcases.TC_12_MyHighSchoolGradesTest">
          <skipped />
    </testcase>
            <testcase name="overAllAcademicsTest" time="0.0" classname="com.ugapp.testcases.TC_12_MyHighSchoolGradesTest">
          <skipped />
    </testcase>
            <testcase name="overAllAcademicsTest" time="0.0" classname="com.ugapp.testcases.TC_12_MyHighSchoolGradesTest">
          <skipped />
    </testcase>
            <testcase name="overAllAcademicsTest" time="0.0" classname="com.ugapp.testcases.TC_12_MyHighSchoolGradesTest">
          <skipped />
    </testcase>
            <testcase name="overAllAcademicsTest" time="0.0" classname="com.ugapp.testcases.TC_12_MyHighSchoolGradesTest">
          <skipped />
    </testcase>
            <testcase name="overAllAcademicsTest" time="0.0" classname="com.ugapp.testcases.TC_12_MyHighSchoolGradesTest">
          <skipped />
    </testcase>
            <testcase name="overAllAcademicsTest" time="0.0" classname="com.ugapp.testcases.TC_12_MyHighSchoolGradesTest">
          <skipped />
    </testcase>
            <testcase name="overAllAcademicsTest" time="0.0" classname="com.ugapp.testcases.TC_12_MyHighSchoolGradesTest">
          <skipped />
    </testcase>
            <testcase name="overAllAcademicsTest" time="0.0" classname="com.ugapp.testcases.TC_12_MyHighSchoolGradesTest">
          <skipped />
    </testcase>
            <testcase name="overAllAcademicsTest" time="0.0" classname="com.ugapp.testcases.TC_12_MyHighSchoolGradesTest">
          <skipped />
    </testcase>
            <testcase name="overAllAcademicsTest" time="0.0" classname="com.ugapp.testcases.TC_12_MyHighSchoolGradesTest">
          <skipped />
    </testcase>
            <testcase name="overAllAcademicsTest" time="0.0" classname="com.ugapp.testcases.TC_12_MyHighSchoolGradesTest">
          <skipped />
    </testcase>
            <testcase name="overAllAcademicsTest" time="0.0" classname="com.ugapp.testcases.TC_12_MyHighSchoolGradesTest">
          <skipped />
    </testcase>
            <testcase name="overAllAcademicsTest" time="0.0" classname="com.ugapp.testcases.TC_12_MyHighSchoolGradesTest">
          <skipped />
    </testcase>
            <testcase name="overAllAcademicsTest" time="0.0" classname="com.ugapp.testcases.TC_12_MyHighSchoolGradesTest">
          <skipped />
    </testcase>
            <testcase name="overAllAcademicsTest" time="0.0" classname="com.ugapp.testcases.TC_12_MyHighSchoolGradesTest">
          <skipped />
    </testcase>
            <testcase name="overAllAcademicsTest" time="0.0" classname="com.ugapp.testcases.TC_12_MyHighSchoolGradesTest">
          <skipped />
    </testcase>
            <testcase name="overAllAcademicsTest" time="0.0" classname="com.ugapp.testcases.TC_12_MyHighSchoolGradesTest">
          <skipped />
    </testcase>
            <testcase name="overAllAcademicsTest" time="0.0" classname="com.ugapp.testcases.TC_12_MyHighSchoolGradesTest">
          <skipped />
    </testcase>
            <testcase name="overAllAcademicsTest" time="0.0" classname="com.ugapp.testcases.TC_12_MyHighSchoolGradesTest">
          <skipped />
    </testcase>
            <testcase name="overAllAcademicsTest" time="0.0" classname="com.ugapp.testcases.TC_12_MyHighSchoolGradesTest">
          <skipped />
    </testcase>
            <testcase name="overAllAcademicsTest" time="0.0" classname="com.ugapp.testcases.TC_12_MyHighSchoolGradesTest">
          <skipped />
    </testcase>
            <testcase name="overAllAcademicsTest" time="0.0" classname="com.ugapp.testcases.TC_12_MyHighSchoolGradesTest">
          <skipped />
    </testcase>
            <testcase name="overAllAcademicsTest" time="0.0" classname="com.ugapp.testcases.TC_12_MyHighSchoolGradesTest">
          <skipped />
    </testcase>
            <testcase name="overAllAcademicsTest" time="0.0" classname="com.ugapp.testcases.TC_12_MyHighSchoolGradesTest">
          <skipped />
    </testcase>
            <testcase name="overAllAcademicsTest" time="0.0" classname="com.ugapp.testcases.TC_12_MyHighSchoolGradesTest">
          <skipped />
    </testcase>
            <testcase name="overAllAcademicsTest" time="0.0" classname="com.ugapp.testcases.TC_12_MyHighSchoolGradesTest">
          <skipped />
    </testcase>
            <testcase name="overAllAcademicsTest" time="0.0" classname="com.ugapp.testcases.TC_12_MyHighSchoolGradesTest">
          <skipped />
    </testcase>
            <testcase name="overAllAcademicsTest" time="0.0" classname="com.ugapp.testcases.TC_12_MyHighSchoolGradesTest">
          <skipped />
    </testcase>
            <testcase name="overAllAcademicsTest" time="0.0" classname="com.ugapp.testcases.TC_12_MyHighSchoolGradesTest">
          <skipped />
    </testcase>
            <testcase name="overAllAcademicsTest" time="0.0" classname="com.ugapp.testcases.TC_12_MyHighSchoolGradesTest">
          <skipped />
    </testcase>
            <testcase name="overAllAcademicsTest" time="0.0" classname="com.ugapp.testcases.TC_12_MyHighSchoolGradesTest">
          <skipped />
    </testcase>
            <testcase name="overAllAcademicsTest" time="0.0" classname="com.ugapp.testcases.TC_12_MyHighSchoolGradesTest">
          <skipped />
    </testcase>
            <testcase name="overAllAcademicsTest" time="0.0" classname="com.ugapp.testcases.TC_12_MyHighSchoolGradesTest">
          <skipped />
    </testcase>
            <testcase name="overAllAcademicsTest" time="0.0" classname="com.ugapp.testcases.TC_12_MyHighSchoolGradesTest">
          <skipped />
    </testcase>
            <testcase name="overAllAcademicsTest" time="0.0" classname="com.ugapp.testcases.TC_12_MyHighSchoolGradesTest">
          <skipped />
    </testcase>
            <testcase name="overAllAcademicsTest" time="0.0" classname="com.ugapp.testcases.TC_12_MyHighSchoolGradesTest">
          <skipped />
    </testcase>
            <testcase name="overAllAcademicsTest" time="0.0" classname="com.ugapp.testcases.TC_12_MyHighSchoolGradesTest">
          <skipped />
    </testcase>
            <testcase name="overAllAcademicsTest" time="0.0" classname="com.ugapp.testcases.TC_12_MyHighSchoolGradesTest">
          <skipped />
    </testcase>
            <testcase name="overAllAcademicsTest" time="0.0" classname="com.ugapp.testcases.TC_12_MyHighSchoolGradesTest">
          <skipped />
    </testcase>
            <testcase name="overAllAcademicsTest" time="0.0" classname="com.ugapp.testcases.TC_12_MyHighSchoolGradesTest">
          <skipped />
    </testcase>
            <testcase name="overAllAcademicsTest" time="0.0" classname="com.ugapp.testcases.TC_12_MyHighSchoolGradesTest">
          <skipped />
    </testcase>
            <testcase name="overAllAcademicsTest" time="0.0" classname="com.ugapp.testcases.TC_12_MyHighSchoolGradesTest">
          <skipped />
    </testcase>
            <testcase name="overAllAcademicsTest" time="0.0" classname="com.ugapp.testcases.TC_12_MyHighSchoolGradesTest">
          <skipped />
    </testcase>
            <testcase name="overAllAcademicsTest" time="0.0" classname="com.ugapp.testcases.TC_12_MyHighSchoolGradesTest">
          <skipped />
    </testcase>
            <testcase name="overAllAcademicsTest" time="0.0" classname="com.ugapp.testcases.TC_12_MyHighSchoolGradesTest">
          <skipped />
    </testcase>
            <testcase name="overAllAcademicsTest" time="0.0" classname="com.ugapp.testcases.TC_12_MyHighSchoolGradesTest">
          <skipped />
    </testcase>
            <testcase name="overAllAcademicsTest" time="0.0" classname="com.ugapp.testcases.TC_12_MyHighSchoolGradesTest">
          <skipped />
    </testcase>
            <testcase name="overAllAcademicsTest" time="0.0" classname="com.ugapp.testcases.TC_12_MyHighSchoolGradesTest">
          <skipped />
    </testcase>
            <testcase name="overAllAcademicsTest" time="0.0" classname="com.ugapp.testcases.TC_12_MyHighSchoolGradesTest">
          <skipped />
    </testcase>
            <testcase name="overAllAcademicsTest" time="0.0" classname="com.ugapp.testcases.TC_12_MyHighSchoolGradesTest">
          <skipped />
    </testcase>
            <testcase name="overAllAcademicsTest" time="0.0" classname="com.ugapp.testcases.TC_12_MyHighSchoolGradesTest">
          <skipped />
    </testcase>
            <testcase name="overAllAcademicsTest" time="0.0" classname="com.ugapp.testcases.TC_12_MyHighSchoolGradesTest">
          <skipped />
    </testcase>
            <testcase name="overAllAcademicsTest" time="0.0" classname="com.ugapp.testcases.TC_12_MyHighSchoolGradesTest">
          <skipped />
    </testcase>
            <testcase name="overAllAcademicsTest" time="0.0" classname="com.ugapp.testcases.TC_12_MyHighSchoolGradesTest">
          <skipped />
    </testcase>
            <testcase name="overAllAcademicsTest" time="0.0" classname="com.ugapp.testcases.TC_12_MyHighSchoolGradesTest">
          <skipped />
    </testcase>
            <testcase name="overAllAcademicsTest" time="0.0" classname="com.ugapp.testcases.TC_12_MyHighSchoolGradesTest">
          <skipped />
    </testcase>
            <testcase name="overAllAcademicsTest" time="0.0" classname="com.ugapp.testcases.TC_12_MyHighSchoolGradesTest">
          <skipped />
    </testcase>
            <testcase name="overAllAcademicsTest" time="0.0" classname="com.ugapp.testcases.TC_12_MyHighSchoolGradesTest">
          <skipped />
    </testcase>
            <testcase name="overAllAcademicsTest" time="0.0" classname="com.ugapp.testcases.TC_12_MyHighSchoolGradesTest">
          <skipped />
    </testcase>
            <testcase name="overAllAcademicsTest" time="0.0" classname="com.ugapp.testcases.TC_12_MyHighSchoolGradesTest">
          <skipped />
    </testcase>
            <testcase name="overAllAcademicsTest" time="0.0" classname="com.ugapp.testcases.TC_12_MyHighSchoolGradesTest">
          <skipped />
    </testcase>
            <testcase name="overAllAcademicsTest" time="0.0" classname="com.ugapp.testcases.TC_12_MyHighSchoolGradesTest">
          <skipped />
    </testcase>
            <testcase name="overAllAcademicsTest" time="0.0" classname="com.ugapp.testcases.TC_12_MyHighSchoolGradesTest">
          <skipped />
    </testcase>
            <testcase name="overAllAcademicsTest" time="0.0" classname="com.ugapp.testcases.TC_12_MyHighSchoolGradesTest">
          <skipped />
    </testcase>
            <testcase name="overAllAcademicsTest" time="0.0" classname="com.ugapp.testcases.TC_12_MyHighSchoolGradesTest">
          <skipped />
    </testcase>
            <testcase name="overAllAcademicsTest" time="0.0" classname="com.ugapp.testcases.TC_12_MyHighSchoolGradesTest">
          <skipped />
    </testcase>
            <testcase name="overAllAcademicsTest" time="0.0" classname="com.ugapp.testcases.TC_12_MyHighSchoolGradesTest">
          <skipped />
    </testcase>
            <testcase name="overAllAcademicsTest" time="0.0" classname="com.ugapp.testcases.TC_12_MyHighSchoolGradesTest">
          <skipped />
    </testcase>
            <testcase name="overAllAcademicsTest" time="0.0" classname="com.ugapp.testcases.TC_12_MyHighSchoolGradesTest">
          <skipped />
    </testcase>
            <testcase name="overAllAcademicsTest" time="0.0" classname="com.ugapp.testcases.TC_12_MyHighSchoolGradesTest">
          <skipped />
    </testcase>
            <testcase name="overAllAcademicsTest" time="0.0" classname="com.ugapp.testcases.TC_12_MyHighSchoolGradesTest">
          <skipped />
    </testcase>
            <testcase name="overAllAcademicsTest" time="0.0" classname="com.ugapp.testcases.TC_12_MyHighSchoolGradesTest">
          <skipped />
    </testcase>
            <testcase name="overAllAcademicsTest" time="0.0" classname="com.ugapp.testcases.TC_12_MyHighSchoolGradesTest">
          <skipped />
    </testcase>
            <testcase name="overAllAcademicsTest" time="0.0" classname="com.ugapp.testcases.TC_12_MyHighSchoolGradesTest">
          <skipped />
    </testcase>
            <testcase name="overAllAcademicsTest" time="0.0" classname="com.ugapp.testcases.TC_12_MyHighSchoolGradesTest">
          <skipped />
    </testcase>
            <testcase name="overAllAcademicsTest" time="0.0" classname="com.ugapp.testcases.TC_12_MyHighSchoolGradesTest">
          <skipped />
    </testcase>
            <testcase name="overAllAcademicsTest" time="0.0" classname="com.ugapp.testcases.TC_12_MyHighSchoolGradesTest">
          <skipped />
    </testcase>
            <testcase name="overAllAcademicsTest" time="0.0" classname="com.ugapp.testcases.TC_12_MyHighSchoolGradesTest">
          <skipped />
    </testcase>
            <testcase name="overAllAcademicsTest" time="0.0" classname="com.ugapp.testcases.TC_12_MyHighSchoolGradesTest">
          <skipped />
    </testcase>
            <testcase name="overAllAcademicsTest" time="0.0" classname="com.ugapp.testcases.TC_12_MyHighSchoolGradesTest">
          <skipped />
    </testcase>
            <testcase name="overAllAcademicsTest" time="0.0" classname="com.ugapp.testcases.TC_12_MyHighSchoolGradesTest">
          <skipped />
    </testcase>
            <testcase name="overAllAcademicsTest" time="0.0" classname="com.ugapp.testcases.TC_12_MyHighSchoolGradesTest">
          <skipped />
    </testcase>
            <testcase name="overAllAcademicsTest" time="0.0" classname="com.ugapp.testcases.TC_12_MyHighSchoolGradesTest">
          <skipped />
    </testcase>
            <testcase name="overAllAcademicsTest" time="0.0" classname="com.ugapp.testcases.TC_12_MyHighSchoolGradesTest">
          <skipped />
    </testcase>
            <testcase name="overAllAcademicsTest" time="0.0" classname="com.ugapp.testcases.TC_12_MyHighSchoolGradesTest">
          <skipped />
    </testcase>
            <testcase name="overAllAcademicsTest" time="0.0" classname="com.ugapp.testcases.TC_12_MyHighSchoolGradesTest">
          <skipped />
    </testcase>
            <testcase name="overAllAcademicsTest" time="0.0" classname="com.ugapp.testcases.TC_12_MyHighSchoolGradesTest">
          <skipped />
    </testcase>
            <testcase name="overAllAcademicsTest" time="0.0" classname="com.ugapp.testcases.TC_12_MyHighSchoolGradesTest">
          <skipped />
    </testcase>
            <testcase name="overAllAcademicsTest" time="0.0" classname="com.ugapp.testcases.TC_12_MyHighSchoolGradesTest">
          <skipped />
    </testcase>
            <testcase name="overAllAcademicsTest" time="0.0" classname="com.ugapp.testcases.TC_12_MyHighSchoolGradesTest">
          <skipped />
    </testcase>
            <testcase name="overAllAcademicsTest" time="0.0" classname="com.ugapp.testcases.TC_12_MyHighSchoolGradesTest">
          <skipped />
    </testcase>
            <testcase name="overAllAcademicsTest" time="0.0" classname="com.ugapp.testcases.TC_12_MyHighSchoolGradesTest">
          <skipped />
    </testcase>
            <testcase name="overAllAcademicsTest" time="0.0" classname="com.ugapp.testcases.TC_12_MyHighSchoolGradesTest">
          <skipped />
    </testcase>
            <testcase name="overAllAcademicsTest" time="0.0" classname="com.ugapp.testcases.TC_12_MyHighSchoolGradesTest">
          <skipped />
    </testcase>
            <testcase name="overAllAcademicsTest" time="0.0" classname="com.ugapp.testcases.TC_12_MyHighSchoolGradesTest">
          <skipped />
    </testcase>
            <testcase name="overAllAcademicsTest" time="0.0" classname="com.ugapp.testcases.TC_12_MyHighSchoolGradesTest">
          <skipped />
    </testcase>
            <testcase name="overAllAcademicsTest" time="0.0" classname="com.ugapp.testcases.TC_12_MyHighSchoolGradesTest">
          <skipped />
    </testcase>
            <testcase name="overAllAcademicsTest" time="0.0" classname="com.ugapp.testcases.TC_12_MyHighSchoolGradesTest">
          <skipped />
    </testcase>
            <testcase name="overAllAcademicsTest" time="0.0" classname="com.ugapp.testcases.TC_12_MyHighSchoolGradesTest">
          <skipped />
    </testcase>
            <testcase name="overAllAcademicsTest" time="0.0" classname="com.ugapp.testcases.TC_12_MyHighSchoolGradesTest">
          <skipped />
    </testcase>
            <testcase name="overAllAcademicsTest" time="0.0" classname="com.ugapp.testcases.TC_12_MyHighSchoolGradesTest">
          <skipped />
    </testcase>
            <testcase name="overAllAcademicsTest" time="0.0" classname="com.ugapp.testcases.TC_12_MyHighSchoolGradesTest">
          <skipped />
    </testcase>
            <testcase name="overAllAcademicsTest" time="0.0" classname="com.ugapp.testcases.TC_12_MyHighSchoolGradesTest">
          <skipped />
    </testcase>
            <testcase name="overAllAcademicsTest" time="0.0" classname="com.ugapp.testcases.TC_12_MyHighSchoolGradesTest">
          <skipped />
    </testcase>
            <testcase name="overAllAcademicsTest" time="0.0" classname="com.ugapp.testcases.TC_12_MyHighSchoolGradesTest">
          <skipped />
    </testcase>
            <testcase name="overAllAcademicsTest" time="0.0" classname="com.ugapp.testcases.TC_12_MyHighSchoolGradesTest">
          <skipped />
    </testcase>
            <testcase name="overAllAcademicsTest" time="0.0" classname="com.ugapp.testcases.TC_12_MyHighSchoolGradesTest">
          <skipped />
    </testcase>
            <testcase name="overAllAcademicsTest" time="0.0" classname="com.ugapp.testcases.TC_12_MyHighSchoolGradesTest">
          <skipped />
    </testcase>
            <testcase name="overAllAcademicsTest" time="0.0" classname="com.ugapp.testcases.TC_12_MyHighSchoolGradesTest">
          <skipped />
    </testcase>
            <testcase name="overAllAcademicsTest" time="0.0" classname="com.ugapp.testcases.TC_12_MyHighSchoolGradesTest">
          <skipped />
    </testcase>
            <testcase name="overAllAcademicsTest" time="0.0" classname="com.ugapp.testcases.TC_12_MyHighSchoolGradesTest">
          <skipped />
    </testcase>
            <testcase name="overAllAcademicsTest" time="0.0" classname="com.ugapp.testcases.TC_12_MyHighSchoolGradesTest">
          <skipped />
    </testcase>
            <testcase name="overAllAcademicsTest" time="0.0" classname="com.ugapp.testcases.TC_12_MyHighSchoolGradesTest">
          <skipped />
    </testcase>
            <testcase name="overAllAcademicsTest" time="0.0" classname="com.ugapp.testcases.TC_12_MyHighSchoolGradesTest">
          <skipped />
    </testcase>
            <testcase name="overAllAcademicsTest" time="0.0" classname="com.ugapp.testcases.TC_12_MyHighSchoolGradesTest">
          <skipped />
    </testcase>
            <testcase name="overAllAcademicsTest" time="0.0" classname="com.ugapp.testcases.TC_12_MyHighSchoolGradesTest">
          <skipped />
    </testcase>
            <testcase name="overAllAcademicsTest" time="0.0" classname="com.ugapp.testcases.TC_12_MyHighSchoolGradesTest">
          <skipped />
    </testcase>
            <testcase name="overAllAcademicsTest" time="0.0" classname="com.ugapp.testcases.TC_12_MyHighSchoolGradesTest">
          <skipped />
    </testcase>
            <testcase name="overAllAcademicsTest" time="0.0" classname="com.ugapp.testcases.TC_12_MyHighSchoolGradesTest">
          <skipped />
    </testcase>
            <testcase name="overAllAcademicsTest" time="0.0" classname="com.ugapp.testcases.TC_12_MyHighSchoolGradesTest">
          <skipped />
    </testcase>
            <testcase name="overAllAcademicsTest" time="0.0" classname="com.ugapp.testcases.TC_12_MyHighSchoolGradesTest">
          <skipped />
    </testcase>
            <testcase name="overAllAcademicsTest" time="0.0" classname="com.ugapp.testcases.TC_12_MyHighSchoolGradesTest">
          <skipped />
    </testcase>
            <testcase name="overAllAcademicsTest" time="0.0" classname="com.ugapp.testcases.TC_12_MyHighSchoolGradesTest">
          <skipped />
    </testcase>
            <testcase name="overAllAcademicsTest" time="0.0" classname="com.ugapp.testcases.TC_12_MyHighSchoolGradesTest">
          <skipped />
    </testcase>
            <testcase name="overAllAcademicsTest" time="0.0" classname="com.ugapp.testcases.TC_12_MyHighSchoolGradesTest">
          <skipped />
    </testcase>
            <testcase name="overAllAcademicsTest" time="0.0" classname="com.ugapp.testcases.TC_12_MyHighSchoolGradesTest">
          <skipped />
    </testcase>
            <testcase name="overAllAcademicsTest" time="0.0" classname="com.ugapp.testcases.TC_12_MyHighSchoolGradesTest">
          <skipped />
    </testcase>
            <testcase name="overAllAcademicsTest" time="0.0" classname="com.ugapp.testcases.TC_12_MyHighSchoolGradesTest">
          <skipped />
    </testcase>
            <testcase name="overAllAcademicsTest" time="0.0" classname="com.ugapp.testcases.TC_12_MyHighSchoolGradesTest">
          <skipped />
    </testcase>
            <testcase name="overAllAcademicsTest" time="0.0" classname="com.ugapp.testcases.TC_12_MyHighSchoolGradesTest">
          <skipped />
    </testcase>
            <testcase name="overAllAcademicsTest" time="0.0" classname="com.ugapp.testcases.TC_12_MyHighSchoolGradesTest">
          <skipped />
    </testcase>
            <testcase name="overAllAcademicsTest" time="0.0" classname="com.ugapp.testcases.TC_12_MyHighSchoolGradesTest">
          <skipped />
    </testcase>
            <testcase name="overAllAcademicsTest" time="0.0" classname="com.ugapp.testcases.TC_12_MyHighSchoolGradesTest">
          <skipped />
    </testcase>
            <testcase name="overAllAcademicsTest" time="0.0" classname="com.ugapp.testcases.TC_12_MyHighSchoolGradesTest">
          <skipped />
    </testcase>
            <testcase name="overAllAcademicsTest" time="0.0" classname="com.ugapp.testcases.TC_12_MyHighSchoolGradesTest">
          <skipped />
    </testcase>
            <testcase name="overAllAcademicsTest" time="0.0" classname="com.ugapp.testcases.TC_12_MyHighSchoolGradesTest">
          <skipped />
    </testcase>
            <testcase name="overAllAcademicsTest" time="0.0" classname="com.ugapp.testcases.TC_12_MyHighSchoolGradesTest">
          <skipped />
    </testcase>
            <testcase name="overAllAcademicsTest" time="0.0" classname="com.ugapp.testcases.TC_12_MyHighSchoolGradesTest">
          <skipped />
    </testcase>
            <testcase name="overAllAcademicsTest" time="0.0" classname="com.ugapp.testcases.TC_12_MyHighSchoolGradesTest">
          <skipped />
    </testcase>
            <testcase name="overAllAcademicsTest" time="0.0" classname="com.ugapp.testcases.TC_12_MyHighSchoolGradesTest">
          <skipped />
    </testcase>
            <testcase name="overAllAcademicsTest" time="0.0" classname="com.ugapp.testcases.TC_12_MyHighSchoolGradesTest">
          <skipped />
    </testcase>
            <testcase name="overAllAcademicsTest" time="0.0" classname="com.ugapp.testcases.TC_12_MyHighSchoolGradesTest">
          <skipped />
    </testcase>
            <testcase name="overAllAcademicsTest" time="0.0" classname="com.ugapp.testcases.TC_12_MyHighSchoolGradesTest">
          <skipped />
    </testcase>
            <testcase name="overAllAcademicsTest" time="0.0" classname="com.ugapp.testcases.TC_12_MyHighSchoolGradesTest">
          <skipped />
    </testcase>
            <testcase name="overAllAcademicsTest" time="0.0" classname="com.ugapp.testcases.TC_12_MyHighSchoolGradesTest">
          <skipped />
    </testcase>
            <testcase name="overAllAcademicsTest" time="0.0" classname="com.ugapp.testcases.TC_12_MyHighSchoolGradesTest">
          <skipped />
    </testcase>
            <testcase name="overAllAcademicsTest" time="0.0" classname="com.ugapp.testcases.TC_12_MyHighSchoolGradesTest">
          <skipped />
    </testcase>
            <testcase name="overAllAcademicsTest" time="0.0" classname="com.ugapp.testcases.TC_12_MyHighSchoolGradesTest">
          <skipped />
    </testcase>
            <testcase name="overAllAcademicsTest" time="0.0" classname="com.ugapp.testcases.TC_12_MyHighSchoolGradesTest">
          <skipped />
    </testcase>
            <testcase name="overAllAcademicsTest" time="0.0" classname="com.ugapp.testcases.TC_12_MyHighSchoolGradesTest">
          <skipped />
    </testcase>
            <testcase name="overAllAcademicsTest" time="0.0" classname="com.ugapp.testcases.TC_12_MyHighSchoolGradesTest">
          <skipped />
    </testcase>
            <testcase name="overAllAcademicsTest" time="0.0" classname="com.ugapp.testcases.TC_12_MyHighSchoolGradesTest">
          <skipped />
    </testcase>
            <testcase name="overAllAcademicsTest" time="0.0" classname="com.ugapp.testcases.TC_12_MyHighSchoolGradesTest">
          <skipped />
    </testcase>
            <testcase name="overAllAcademicsTest" time="0.0" classname="com.ugapp.testcases.TC_12_MyHighSchoolGradesTest">
          <skipped />
    </testcase>
            <testcase name="overAllAcademicsTest" time="0.0" classname="com.ugapp.testcases.TC_12_MyHighSchoolGradesTest">
          <skipped />
    </testcase>
            <testcase name="overAllAcademicsTest" time="0.0" classname="com.ugapp.testcases.TC_12_MyHighSchoolGradesTest">
          <skipped />
    </testcase>
            <testcase name="overAllAcademicsTest" time="0.0" classname="com.ugapp.testcases.TC_12_MyHighSchoolGradesTest">
          <skipped />
    </testcase>
            <testcase name="overAllAcademicsTest" time="0.0" classname="com.ugapp.testcases.TC_12_MyHighSchoolGradesTest">
          <skipped />
    </testcase>
            <testcase name="overAllAcademicsTest" time="0.0" classname="com.ugapp.testcases.TC_12_MyHighSchoolGradesTest">
          <skipped />
    </testcase>
            <testcase name="overAllAcademicsTest" time="0.0" classname="com.ugapp.testcases.TC_12_MyHighSchoolGradesTest">
          <skipped />
    </testcase>
            <testcase name="overAllAcademicsTest" time="0.0" classname="com.ugapp.testcases.TC_12_MyHighSchoolGradesTest">
          <skipped />
    </testcase>
            <testcase name="overAllAcademicsTest" time="0.0" classname="com.ugapp.testcases.TC_12_MyHighSchoolGradesTest">
          <skipped />
    </testcase>
            <testcase name="overAllAcademicsTest" time="0.0" classname="com.ugapp.testcases.TC_12_MyHighSchoolGradesTest">
          <skipped />
    </testcase>
            <testcase name="overAllAcademicsTest" time="0.0" classname="com.ugapp.testcases.TC_12_MyHighSchoolGradesTest">
          <skipped />
    </testcase>
            <testcase name="overAllAcademicsTest" time="0.0" classname="com.ugapp.testcases.TC_12_MyHighSchoolGradesTest">
          <skipped />
    </testcase>
            <testcase name="overAllAcademicsTest" time="0.0" classname="com.ugapp.testcases.TC_12_MyHighSchoolGradesTest">
          <skipped />
    </testcase>
            <testcase name="overAllAcademicsTest" time="0.0" classname="com.ugapp.testcases.TC_12_MyHighSchoolGradesTest">
          <skipped />
    </testcase>
            <testcase name="overAllAcademicsTest" time="0.0" classname="com.ugapp.testcases.TC_12_MyHighSchoolGradesTest">
          <skipped />
    </testcase>
            <testcase name="overAllAcademicsTest" time="0.0" classname="com.ugapp.testcases.TC_12_MyHighSchoolGradesTest">
          <skipped />
    </testcase>
            <testcase name="overAllAcademicsTest" time="0.0" classname="com.ugapp.testcases.TC_12_MyHighSchoolGradesTest">
          <skipped />
    </testcase>
            <testcase name="overAllAcademicsTest" time="0.0" classname="com.ugapp.testcases.TC_12_MyHighSchoolGradesTest">
          <skipped />
    </testcase>
            <testcase name="overAllAcademicsTest" time="0.0" classname="com.ugapp.testcases.TC_12_MyHighSchoolGradesTest">
          <skipped />
    </testcase>
            <testcase name="overAllAcademicsTest" time="0.0" classname="com.ugapp.testcases.TC_12_MyHighSchoolGradesTest">
          <skipped />
    </testcase>
            <testcase name="overAllAcademicsTest" time="0.0" classname="com.ugapp.testcases.TC_12_MyHighSchoolGradesTest">
          <skipped />
    </testcase>
            <testcase name="overAllAcademicsTest" time="0.0" classname="com.ugapp.testcases.TC_12_MyHighSchoolGradesTest">
          <skipped />
    </testcase>
            <testcase name="overAllAcademicsTest" time="0.0" classname="com.ugapp.testcases.TC_12_MyHighSchoolGradesTest">
          <skipped />
    </testcase>
            <testcase name="overAllAcademicsTest" time="0.0" classname="com.ugapp.testcases.TC_12_MyHighSchoolGradesTest">
          <skipped />
    </testcase>
            <testcase name="overAllAcademicsTest" time="0.0" classname="com.ugapp.testcases.TC_12_MyHighSchoolGradesTest">
          <skipped />
    </testcase>
            <testcase name="overAllAcademicsTest" time="0.0" classname="com.ugapp.testcases.TC_12_MyHighSchoolGradesTest">
          <skipped />
    </testcase>
            <testcase name="overAllAcademicsTest" time="0.0" classname="com.ugapp.testcases.TC_12_MyHighSchoolGradesTest">
          <skipped />
    </testcase>
            <testcase name="overAllAcademicsTest" time="0.0" classname="com.ugapp.testcases.TC_12_MyHighSchoolGradesTest">
          <skipped />
    </testcase>
            <testcase name="overAllAcademicsTest" time="0.0" classname="com.ugapp.testcases.TC_12_MyHighSchoolGradesTest">
          <skipped />
    </testcase>
            <testcase name="overAllAcademicsTest" time="0.0" classname="com.ugapp.testcases.TC_12_MyHighSchoolGradesTest">
          <skipped />
    </testcase>
            <testcase name="overAllAcademicsTest" time="0.0" classname="com.ugapp.testcases.TC_12_MyHighSchoolGradesTest">
          <skipped />
    </testcase>
            <testcase name="overAllAcademicsTest" time="0.0" classname="com.ugapp.testcases.TC_12_MyHighSchoolGradesTest">
          <skipped />
    </testcase>
            <testcase name="overAllAcademicsTest" time="0.0" classname="com.ugapp.testcases.TC_12_MyHighSchoolGradesTest">
          <skipped />
    </testcase>
            <testcase name="overAllAcademicsTest" time="0.0" classname="com.ugapp.testcases.TC_12_MyHighSchoolGradesTest">
          <skipped />
    </testcase>
            <testcase name="overAllAcademicsTest" time="0.0" classname="com.ugapp.testcases.TC_12_MyHighSchoolGradesTest">
          <skipped />
    </testcase>
            <testcase name="overAllAcademicsTest" time="0.0" classname="com.ugapp.testcases.TC_12_MyHighSchoolGradesTest">
          <skipped />
    </testcase>
            <testcase name="overAllAcademicsTest" time="0.0" classname="com.ugapp.testcases.TC_12_MyHighSchoolGradesTest">
          <skipped />
    </testcase>
            <testcase name="overAllAcademicsTest" time="0.0" classname="com.ugapp.testcases.TC_12_MyHighSchoolGradesTest">
          <skipped />
    </testcase>
            <testcase name="overAllAcademicsTest" time="0.0" classname="com.ugapp.testcases.TC_12_MyHighSchoolGradesTest">
          <skipped />
    </testcase>
            <testcase name="overAllAcademicsTest" time="0.0" classname="com.ugapp.testcases.TC_12_MyHighSchoolGradesTest">
          <skipped />
    </testcase>
            <testcase name="overAllAcademicsTest" time="0.0" classname="com.ugapp.testcases.TC_12_MyHighSchoolGradesTest">
          <skipped />
    </testcase>
            <testcase name="overAllAcademicsTest" time="0.0" classname="com.ugapp.testcases.TC_12_MyHighSchoolGradesTest">
          <skipped />
    </testcase>
            <testcase name="overAllAcademicsTest" time="0.0" classname="com.ugapp.testcases.TC_12_MyHighSchoolGradesTest">
          <skipped />
    </testcase>
            <testcase name="overAllAcademicsTest" time="0.0" classname="com.ugapp.testcases.TC_12_MyHighSchoolGradesTest">
          <skipped />
    </testcase>
            <testcase name="overAllAcademicsTest" time="0.0" classname="com.ugapp.testcases.TC_12_MyHighSchoolGradesTest">
          <skipped />
    </testcase>
            <testcase name="overAllAcademicsTest" time="0.0" classname="com.ugapp.testcases.TC_12_MyHighSchoolGradesTest">
          <skipped />
    </testcase>
            <testcase name="overAllAcademicsTest" time="0.0" classname="com.ugapp.testcases.TC_12_MyHighSchoolGradesTest">
          <skipped />
    </testcase>
            <testcase name="overAllAcademicsTest" time="0.0" classname="com.ugapp.testcases.TC_12_MyHighSchoolGradesTest">
          <skipped />
    </testcase>
            <testcase name="overAllAcademicsTest" time="0.0" classname="com.ugapp.testcases.TC_12_MyHighSchoolGradesTest">
          <skipped />
    </testcase>
            <testcase name="overAllAcademicsTest" time="0.0" classname="com.ugapp.testcases.TC_12_MyHighSchoolGradesTest">
          <skipped />
    </testcase>
            <testcase name="overAllAcademicsTest" time="0.0" classname="com.ugapp.testcases.TC_12_MyHighSchoolGradesTest">
          <skipped />
    </testcase>
            <testcase name="overAllAcademicsTest" time="0.0" classname="com.ugapp.testcases.TC_12_MyHighSchoolGradesTest">
          <skipped />
    </testcase>
            <testcase name="overAllAcademicsTest" time="0.0" classname="com.ugapp.testcases.TC_12_MyHighSchoolGradesTest">
          <skipped />
    </testcase>
            <testcase name="overAllAcademicsTest" time="0.0" classname="com.ugapp.testcases.TC_12_MyHighSchoolGradesTest">
          <skipped />
    </testcase>
            <testcase name="overAllAcademicsTest" time="0.0" classname="com.ugapp.testcases.TC_12_MyHighSchoolGradesTest">
          <skipped />
    </testcase>
            <testcase name="overAllAcademicsTest" time="0.0" classname="com.ugapp.testcases.TC_12_MyHighSchoolGradesTest">
          <skipped />
    </testcase>
            <testcase name="overAllAcademicsTest" time="0.0" classname="com.ugapp.testcases.TC_12_MyHighSchoolGradesTest">
          <skipped />
    </testcase>
            <testcase name="overAllAcademicsTest" time="0.0" classname="com.ugapp.testcases.TC_12_MyHighSchoolGradesTest">
          <skipped />
    </testcase>
            <testcase name="overAllAcademicsTest" time="0.0" classname="com.ugapp.testcases.TC_12_MyHighSchoolGradesTest">
          <skipped />
    </testcase>
            <testcase name="overAllAcademicsTest" time="0.0" classname="com.ugapp.testcases.TC_12_MyHighSchoolGradesTest">
          <skipped />
    </testcase>
            <testcase name="overAllAcademicsTest" time="0.0" classname="com.ugapp.testcases.TC_12_MyHighSchoolGradesTest">
          <skipped />
    </testcase>
            <testcase name="overAllAcademicsTest" time="0.0" classname="com.ugapp.testcases.TC_12_MyHighSchoolGradesTest">
          <skipped />
    </testcase>
            <testcase name="overAllAcademicsTest" time="0.0" classname="com.ugapp.testcases.TC_12_MyHighSchoolGradesTest">
          <skipped />
    </testcase>
            <testcase name="overAllAcademicsTest" time="0.0" classname="com.ugapp.testcases.TC_12_MyHighSchoolGradesTest">
          <skipped />
    </testcase>
            <testcase name="overAllAcademicsTest" time="0.0" classname="com.ugapp.testcases.TC_12_MyHighSchoolGradesTest">
          <skipped />
    </testcase>
            <testcase name="overAllAcademicsTest" time="0.0" classname="com.ugapp.testcases.TC_12_MyHighSchoolGradesTest">
          <skipped />
    </testcase>
            <testcase name="overAllAcademicsTest" time="0.0" classname="com.ugapp.testcases.TC_12_MyHighSchoolGradesTest">
          <skipped />
    </testcase>
            <testcase name="overAllAcademicsTest" time="0.0" classname="com.ugapp.testcases.TC_12_MyHighSchoolGradesTest">
          <skipped />
    </testcase>
            <testcase name="overAllAcademicsTest" time="0.0" classname="com.ugapp.testcases.TC_12_MyHighSchoolGradesTest">
          <skipped />
    </testcase>
            <testcase name="overAllAcademicsTest" time="0.0" classname="com.ugapp.testcases.TC_12_MyHighSchoolGradesTest">
          <skipped />
    </testcase>
            <testcase name="overAllAcademicsTest" time="0.0" classname="com.ugapp.testcases.TC_12_MyHighSchoolGradesTest">
          <skipped />
    </testcase>
            <testcase name="overAllAcademicsTest" time="0.0" classname="com.ugapp.testcases.TC_12_MyHighSchoolGradesTest">
          <skipped />
    </testcase>
            <testcase name="overAllAcademicsTest" time="0.0" classname="com.ugapp.testcases.TC_12_MyHighSchoolGradesTest">
          <skipped />
    </testcase>
            <testcase name="overAllAcademicsTest" time="0.0" classname="com.ugapp.testcases.TC_12_MyHighSchoolGradesTest">
          <skipped />
    </testcase>
            <testcase name="overAllAcademicsTest" time="0.0" classname="com.ugapp.testcases.TC_12_MyHighSchoolGradesTest">
          <skipped />
    </testcase>
            <testcase name="overAllAcademicsTest" time="0.0" classname="com.ugapp.testcases.TC_12_MyHighSchoolGradesTest">
          <skipped />
    </testcase>
            <testcase name="overAllAcademicsTest" time="0.0" classname="com.ugapp.testcases.TC_12_MyHighSchoolGradesTest">
          <skipped />
    </testcase>
            <testcase name="overAllAcademicsTest" time="0.0" classname="com.ugapp.testcases.TC_12_MyHighSchoolGradesTest">
          <skipped />
    </testcase>
            <testcase name="overAllAcademicsTest" time="0.0" classname="com.ugapp.testcases.TC_12_MyHighSchoolGradesTest">
          <skipped />
    </testcase>
            <testcase name="overAllAcademicsTest" time="0.0" classname="com.ugapp.testcases.TC_12_MyHighSchoolGradesTest">
          <skipped />
    </testcase>
            <testcase name="overAllAcademicsTest" time="0.0" classname="com.ugapp.testcases.TC_12_MyHighSchoolGradesTest">
          <skipped />
    </testcase>
            <testcase name="overAllAcademicsTest" time="0.0" classname="com.ugapp.testcases.TC_12_MyHighSchoolGradesTest">
          <skipped />
    </testcase>
            <testcase name="overAllAcademicsTest" time="0.0" classname="com.ugapp.testcases.TC_12_MyHighSchoolGradesTest">
          <skipped />
    </testcase>
            <testcase name="overAllAcademicsTest" time="0.0" classname="com.ugapp.testcases.TC_12_MyHighSchoolGradesTest">
          <skipped />
    </testcase>
            <testcase name="overAllAcademicsTest" time="0.0" classname="com.ugapp.testcases.TC_12_MyHighSchoolGradesTest">
          <skipped />
    </testcase>
            <testcase name="overAllAcademicsTest" time="0.0" classname="com.ugapp.testcases.TC_12_MyHighSchoolGradesTest">
          <skipped />
    </testcase>
            <testcase name="overAllAcademicsTest" time="0.0" classname="com.ugapp.testcases.TC_12_MyHighSchoolGradesTest">
          <skipped />
    </testcase>
            <testcase name="overAllAcademicsTest" time="0.0" classname="com.ugapp.testcases.TC_12_MyHighSchoolGradesTest">
          <skipped />
    </testcase>
            <testcase name="overAllAcademicsTest" time="0.0" classname="com.ugapp.testcases.TC_12_MyHighSchoolGradesTest">
          <skipped />
    </testcase>
            <testcase name="overAllAcademicsTest" time="0.0" classname="com.ugapp.testcases.TC_12_MyHighSchoolGradesTest">
          <skipped />
    </testcase>
            <testcase name="overAllAcademicsTest" time="0.0" classname="com.ugapp.testcases.TC_12_MyHighSchoolGradesTest">
          <skipped />
    </testcase>
            <testcase name="overAllAcademicsTest" time="0.0" classname="com.ugapp.testcases.TC_12_MyHighSchoolGradesTest">
          <skipped />
    </testcase>
            <testcase name="overAllAcademicsTest" time="0.0" classname="com.ugapp.testcases.TC_12_MyHighSchoolGradesTest">
          <skipped />
    </testcase>
            <testcase name="overAllAcademicsTest" time="0.0" classname="com.ugapp.testcases.TC_12_MyHighSchoolGradesTest">
          <skipped />
    </testcase>
            <testcase name="overAllAcademicsTest" time="0.0" classname="com.ugapp.testcases.TC_12_MyHighSchoolGradesTest">
          <skipped />
    </testcase>
            <testcase name="overAllAcademicsTest" time="0.0" classname="com.ugapp.testcases.TC_12_MyHighSchoolGradesTest">
          <skipped />
    </testcase>
            <testcase name="overAllAcademicsTest" time="0.0" classname="com.ugapp.testcases.TC_12_MyHighSchoolGradesTest">
          <skipped />
    </testcase>
            <testcase name="overAllAcademicsTest" time="0.0" classname="com.ugapp.testcases.TC_12_MyHighSchoolGradesTest">
          <skipped />
    </testcase>
            <testcase name="overAllAcademicsTest" time="0.0" classname="com.ugapp.testcases.TC_12_MyHighSchoolGradesTest">
          <skipped />
    </testcase>
            <testcase name="overAllAcademicsTest" time="0.0" classname="com.ugapp.testcases.TC_12_MyHighSchoolGradesTest">
          <skipped />
    </testcase>
            <testcase name="overAllAcademicsTest" time="0.0" classname="com.ugapp.testcases.TC_12_MyHighSchoolGradesTest">
          <skipped />
    </testcase>
            <testcase name="overAllAcademicsTest" time="0.0" classname="com.ugapp.testcases.TC_12_MyHighSchoolGradesTest">
          <skipped />
    </testcase>
            <testcase name="overAllAcademicsTest" time="0.0" classname="com.ugapp.testcases.TC_12_MyHighSchoolGradesTest">
          <skipped />
    </testcase>
            <testcase name="overAllAcademicsTest" time="0.0" classname="com.ugapp.testcases.TC_12_MyHighSchoolGradesTest">
          <skipped />
    </testcase>
            <testcase name="overAllAcademicsTest" time="0.0" classname="com.ugapp.testcases.TC_12_MyHighSchoolGradesTest">
          <skipped />
    </testcase>
            <testcase name="overAllAcademicsTest" time="0.0" classname="com.ugapp.testcases.TC_12_MyHighSchoolGradesTest">
          <skipped />
    </testcase>
            <testcase name="overAllAcademicsTest" time="0.0" classname="com.ugapp.testcases.TC_12_MyHighSchoolGradesTest">
          <skipped />
    </testcase>
            <testcase name="overAllAcademicsTest" time="0.0" classname="com.ugapp.testcases.TC_12_MyHighSchoolGradesTest">
          <skipped />
    </testcase>
            <testcase name="overAllAcademicsTest" time="0.0" classname="com.ugapp.testcases.TC_12_MyHighSchoolGradesTest">
          <skipped />
    </testcase>
            <testcase name="overAllAcademicsTest" time="0.0" classname="com.ugapp.testcases.TC_12_MyHighSchoolGradesTest">
          <skipped />
    </testcase>
            <testcase name="overAllAcademicsTest" time="0.0" classname="com.ugapp.testcases.TC_12_MyHighSchoolGradesTest">
          <skipped />
    </testcase>
            <testcase name="overAllAcademicsTest" time="0.0" classname="com.ugapp.testcases.TC_12_MyHighSchoolGradesTest">
          <skipped />
    </testcase>
            <testcase name="overAllAcademicsTest" time="0.0" classname="com.ugapp.testcases.TC_12_MyHighSchoolGradesTest">
          <skipped />
    </testcase>
            <testcase name="overAllAcademicsTest" time="0.0" classname="com.ugapp.testcases.TC_12_MyHighSchoolGradesTest">
          <skipped />
    </testcase>
            <testcase name="overAllAcademicsTest" time="0.0" classname="com.ugapp.testcases.TC_12_MyHighSchoolGradesTest">
          <skipped />
    </testcase>
            <testcase name="overAllAcademicsTest" time="0.0" classname="com.ugapp.testcases.TC_12_MyHighSchoolGradesTest">
          <skipped />
    </testcase>
            <testcase name="overAllAcademicsTest" time="0.0" classname="com.ugapp.testcases.TC_12_MyHighSchoolGradesTest">
          <skipped />
    </testcase>
            <testcase name="overAllAcademicsTest" time="0.0" classname="com.ugapp.testcases.TC_12_MyHighSchoolGradesTest">
          <skipped />
    </testcase>
            <testcase name="overAllAcademicsTest" time="0.0" classname="com.ugapp.testcases.TC_12_MyHighSchoolGradesTest">
          <skipped />
    </testcase>
            <testcase name="overAllAcademicsTest" time="0.0" classname="com.ugapp.testcases.TC_12_MyHighSchoolGradesTest">
          <skipped />
    </testcase>
            <testcase name="overAllAcademicsTest" time="0.0" classname="com.ugapp.testcases.TC_12_MyHighSchoolGradesTest">
          <skipped />
    </testcase>
            <testcase name="overAllAcademicsTest" time="0.0" classname="com.ugapp.testcases.TC_12_MyHighSchoolGradesTest">
          <skipped />
    </testcase>
            <testcase name="overAllAcademicsTest" time="0.0" classname="com.ugapp.testcases.TC_12_MyHighSchoolGradesTest">
          <skipped />
    </testcase>
            <testcase name="overAllAcademicsTest" time="0.0" classname="com.ugapp.testcases.TC_12_MyHighSchoolGradesTest">
          <skipped />
    </testcase>
            <testcase name="overAllAcademicsTest" time="0.0" classname="com.ugapp.testcases.TC_12_MyHighSchoolGradesTest">
          <skipped />
    </testcase>
            <testcase name="overAllAcademicsTest" time="0.0" classname="com.ugapp.testcases.TC_12_MyHighSchoolGradesTest">
          <skipped />
    </testcase>
            <testcase name="overAllAcademicsTest" time="0.0" classname="com.ugapp.testcases.TC_12_MyHighSchoolGradesTest">
          <skipped />
    </testcase>
            <testcase name="overAllAcademicsTest" time="0.0" classname="com.ugapp.testcases.TC_12_MyHighSchoolGradesTest">
          <skipped />
    </testcase>
            <testcase name="overAllAcademicsTest" time="0.0" classname="com.ugapp.testcases.TC_12_MyHighSchoolGradesTest">
          <skipped />
    </testcase>
            <testcase name="overAllAcademicsTest" time="0.0" classname="com.ugapp.testcases.TC_12_MyHighSchoolGradesTest">
          <skipped />
    </testcase>
            <testcase name="overAllAcademicsTest" time="0.0" classname="com.ugapp.testcases.TC_12_MyHighSchoolGradesTest">
          <skipped />
    </testcase>
            <testcase name="overAllAcademicsTest" time="0.0" classname="com.ugapp.testcases.TC_12_MyHighSchoolGradesTest">
          <skipped />
    </testcase>
            <testcase name="overAllAcademicsTest" time="0.0" classname="com.ugapp.testcases.TC_12_MyHighSchoolGradesTest">
          <skipped />
    </testcase>
            <testcase name="overAllAcademicsTest" time="0.0" classname="com.ugapp.testcases.TC_12_MyHighSchoolGradesTest">
          <skipped />
    </testcase>
            <testcase name="overAllAcademicsTest" time="0.0" classname="com.ugapp.testcases.TC_12_MyHighSchoolGradesTest">
          <skipped />
    </testcase>
            <testcase name="overAllAcademicsTest" time="0.0" classname="com.ugapp.testcases.TC_12_MyHighSchoolGradesTest">
          <skipped />
    </testcase>
            <testcase name="overAllAcademicsTest" time="0.0" classname="com.ugapp.testcases.TC_12_MyHighSchoolGradesTest">
          <skipped />
    </testcase>
            <testcase name="overAllAcademicsTest" time="0.0" classname="com.ugapp.testcases.TC_12_MyHighSchoolGradesTest">
          <skipped />
    </testcase>
            <testcase name="overAllAcademicsTest" time="0.0" classname="com.ugapp.testcases.TC_12_MyHighSchoolGradesTest">
          <skipped />
    </testcase>
            <testcase name="overAllAcademicsTest" time="0.0" classname="com.ugapp.testcases.TC_12_MyHighSchoolGradesTest">
          <skipped />
    </testcase>
            <testcase name="overAllAcademicsTest" time="0.0" classname="com.ugapp.testcases.TC_12_MyHighSchoolGradesTest">
          <skipped />
    </testcase>
            <testcase name="overAllAcademicsTest" time="0.0" classname="com.ugapp.testcases.TC_12_MyHighSchoolGradesTest">
          <skipped />
    </testcase>
            <testcase name="overAllAcademicsTest" time="0.0" classname="com.ugapp.testcases.TC_12_MyHighSchoolGradesTest">
          <skipped />
    </testcase>
            <testcase name="overAllAcademicsTest" time="0.0" classname="com.ugapp.testcases.TC_12_MyHighSchoolGradesTest">
          <skipped />
    </testcase>
            <testcase name="overAllAcademicsTest" time="0.0" classname="com.ugapp.testcases.TC_12_MyHighSchoolGradesTest">
          <skipped />
    </testcase>
            <testcase name="overAllAcademicsTest" time="0.0" classname="com.ugapp.testcases.TC_12_MyHighSchoolGradesTest">
          <skipped />
    </testcase>
[...]
    </testcase>
            <testcase name="overAllAcademicsTest" time="0.0" classname="com.ugapp.testcases.TC_12_MyHighSchoolGradesTest">
          <skipped />
    </testcase>
            <testcase name="overAllAcademicsTest" time="0.0" classname="com.ugapp.testcases.TC_12_MyHighSchoolGradesTest">
          <skipped />
    </testcase>
            <testcase name="overAllAcademicsTest" time="0.0" classname="com.ugapp.testcases.TC_12_MyHighSchoolGradesTest">
          <skipped />
    </testcase>
            <testcase name="overAllAcademicsTest" time="0.0" classname="com.ugapp.testcases.TC_12_MyHighSchoolGradesTest">
          <skipped />
    </testcase>
            <testcase name="overAllAcademicsTest" time="0.0" classname="com.ugapp.testcases.TC_12_MyHighSchoolGradesTest">
          <skipped />
    </testcase>
            <testcase name="overAllAcademicsTest" time="0.0" classname="com.ugapp.testcases.TC_12_MyHighSchoolGradesTest">
          <skipped />
    </testcase>
            <testcase name="overAllAcademicsTest" time="0.0" classname="com.ugapp.testcases.TC_12_MyHighSchoolGradesTest">
          <skipped />
    </testcase>
            <testcase name="overAllAcademicsTest" time="0.0" classname="com.ugapp.testcases.TC_12_MyHighSchoolGradesTest">
          <skipped />
    </testcase>
            <testcase name="overAllAcademicsTest" time="0.0" classname="com.ugapp.testcases.TC_12_MyHighSchoolGradesTest">
          <skipped />
    </testcase>
            <testcase name="overAllAcademicsTest" time="0.0" classname="com.ugapp.testcases.TC_12_MyHighSchoolGradesTest">
          <skipped />
    </testcase>
            <testcase name="overAllAcademicsTest" time="0.0" classname="com.ugapp.testcases.TC_12_MyHighSchoolGradesTest">
          <skipped />
    </testcase>
            <testcase name="overAllAcademicsTest" time="0.0" classname="com.ugapp.testcases.TC_12_MyHighSchoolGradesTest">
          <skipped />
    </testcase>
            <testcase name="overAllAcademicsTest" time="0.0" classname="com.ugapp.testcases.TC_12_MyHighSchoolGradesTest">
          <skipped />
    </testcase>
            <testcase name="overAllAcademicsTest" time="0.0" classname="com.ugapp.testcases.TC_12_MyHighSchoolGradesTest">
          <skipped />
    </testcase>
            <testcase name="overAllAcademicsTest" time="0.0" classname="com.ugapp.testcases.TC_12_MyHighSchoolGradesTest">
          <skipped />
    </testcase>
            <testcase name="overAllAcademicsTest" time="0.0" classname="com.ugapp.testcases.TC_12_MyHighSchoolGradesTest">
          <skipped />
    </testcase>
            <testcase name="overAllAcademicsTest" time="0.0" classname="com.ugapp.testcases.TC_12_MyHighSchoolGradesTest">
          <skipped />
    </testcase>
            <testcase name="overAllAcademicsTest" time="0.0" classname="com.ugapp.testcases.TC_12_MyHighSchoolGradesTest">
          <skipped />
    </testcase>
            <testcase name="overAllAcademicsTest" time="0.0" classname="com.ugapp.testcases.TC_12_MyHighSchoolGradesTest">
          <skipped />
    </testcase>
            <testcase name="overAllAcademicsTest" time="0.0" classname="com.ugapp.testcases.TC_12_MyHighSchoolGradesTest">
          <skipped />
    </testcase>
            <testcase name="overAllAcademicsTest" time="0.0" classname="com.ugapp.testcases.TC_12_MyHighSchoolGradesTest">
          <skipped />
    </testcase>
            <testcase name="overAllAcademicsTest" time="0.0" classname="com.ugapp.testcases.TC_12_MyHighSchoolGradesTest">
          <skipped />
    </testcase>
            <testcase name="overAllAcademicsTest" time="0.0" classname="com.ugapp.testcases.TC_12_MyHighSchoolGradesTest">
          <skipped />
    </testcase>
            <testcase name="overAllAcademicsTest" time="0.0" classname="com.ugapp.testcases.TC_12_MyHighSchoolGradesTest">
          <skipped />
    </testcase>
            <testcase name="overAllAcademicsTest" time="0.0" classname="com.ugapp.testcases.TC_12_MyHighSchoolGradesTest">
          <skipped />
    </testcase>
            <testcase name="overAllAcademicsTest" time="0.0" classname="com.ugapp.testcases.TC_12_MyHighSchoolGradesTest">
          <skipped />
    </testcase>
            <testcase name="overAllAcademicsTest" time="0.0" classname="com.ugapp.testcases.TC_12_MyHighSchoolGradesTest">
          <skipped />
    </testcase>
            <testcase name="overAllAcademicsTest" time="0.0" classname="com.ugapp.testcases.TC_12_MyHighSchoolGradesTest">
          <skipped />
    </testcase>
            <testcase name="overAllAcademicsTest" time="0.0" classname="com.ugapp.testcases.TC_12_MyHighSchoolGradesTest">
          <skipped />
    </testcase>
            <testcase name="overAllAcademicsTest" time="0.0" classname="com.ugapp.testcases.TC_12_MyHighSchoolGradesTest">
          <skipped />
    </testcase>
            <testcase name="overAllAcademicsTest" time="0.0" classname="com.ugapp.testcases.TC_12_MyHighSchoolGradesTest">
          <skipped />
    </testcase>
            <testcase name="overAllAcademicsTest" time="0.0" classname="com.ugapp.testcases.TC_12_MyHighSchoolGradesTest">
          <skipped />
    </testcase>
            <testcase name="overAllAcademicsTest" time="0.0" classname="com.ugapp.testcases.TC_12_MyHighSchoolGradesTest">
          <skipped />
    </testcase>
            <testcase name="overAllAcademicsTest" time="0.0" classname="com.ugapp.testcases.TC_12_MyHighSchoolGradesTest">
          <skipped />
    </testcase>
            <testcase name="overAllAcademicsTest" time="0.0" classname="com.ugapp.testcases.TC_12_MyHighSchoolGradesTest">
          <skipped />
    </testcase>
            <testcase name="overAllAcademicsTest" time="0.0" classname="com.ugapp.testcases.TC_12_MyHighSchoolGradesTest">
          <skipped />
    </testcase>
            <testcase name="overAllAcademicsTest" time="0.0" classname="com.ugapp.testcases.TC_12_MyHighSchoolGradesTest">
          <skipped />
    </testcase>
            <testcase name="overAllAcademicsTest" time="0.0" classname="com.ugapp.testcases.TC_12_MyHighSchoolGradesTest">
          <skipped />
    </testcase>
            <testcase name="overAllAcademicsTest" time="0.0" classname="com.ugapp.testcases.TC_12_MyHighSchoolGradesTest">
          <skipped />
    </testcase>
            <testcase name="overAllAcademicsTest" time="0.0" classname="com.ugapp.testcases.TC_12_MyHighSchoolGradesTest">
          <skipped />
    </testcase>
            <testcase name="overAllAcademicsTest" time="0.0" classname="com.ugapp.testcases.TC_12_MyHighSchoolGradesTest">
          <skipped />
    </testcase>
            <testcase name="overAllAcademicsTest" time="0.0" classname="com.ugapp.testcases.TC_12_MyHighSchoolGradesTest">
          <skipped />
    </testcase>
            <testcase name="overAllAcademicsTest" time="0.0" classname="com.ugapp.testcases.TC_12_MyHighSchoolGradesTest">
          <skipped />
    </testcase>
            <testcase name="overAllAcademicsTest" time="0.0" classname="com.ugapp.testcases.TC_12_MyHighSchoolGradesTest">
          <skipped />
    </testcase>
            <testcase name="overAllAcademicsTest" time="0.0" classname="com.ugapp.testcases.TC_12_MyHighSchoolGradesTest">
          <skipped />
    </testcase>
            <testcase name="overAllAcademicsTest" time="0.0" classname="com.ugapp.testcases.TC_12_MyHighSchoolGradesTest">
          <skipped />
    </testcase>
            <testcase name="overAllAcademicsTest" time="0.0" classname="com.ugapp.testcases.TC_12_MyHighSchoolGradesTest">
          <skipped />
    </testcase>
            <testcase name="overAllAcademicsTest" time="0.0" classname="com.ugapp.testcases.TC_12_MyHighSchoolGradesTest">
          <skipped />
    </testcase>
            <testcase name="overAllAcademicsTest" time="0.0" classname="com.ugapp.testcases.TC_12_MyHighSchoolGradesTest">
          <skipped />
    </testcase>
            <testcase name="overAllAcademicsTest" time="0.0" classname="com.ugapp.testcases.TC_12_MyHighSchoolGradesTest">
          <skipped />
    </testcase>
            <testcase name="overAllAcademicsTest" time="0.0" classname="com.ugapp.testcases.TC_12_MyHighSchoolGradesTest">
          <skipped />
    </testcase>
            <testcase name="overAllAcademicsTest" time="0.0" classname="com.ugapp.testcases.TC_12_MyHighSchoolGradesTest">
          <skipped />
    </testcase>
            <testcase name="overAllAcademicsTest" time="0.0" classname="com.ugapp.testcases.TC_12_MyHighSchoolGradesTest">
          <skipped />
    </testcase>
            <testcase name="overAllAcademicsTest" time="0.0" classname="com.ugapp.testcases.TC_12_MyHighSchoolGradesTest">
          <skipped />
    </testcase>
            <testcase name="overAllAcademicsTest" time="0.0" classname="com.ugapp.testcases.TC_12_MyHighSchoolGradesTest">
          <skipped />
    </testcase>
            <testcase name="overAllAcademicsTest" time="0.0" classname="com.ugapp.testcases.TC_12_MyHighSchoolGradesTest">
          <skipped />
    </testcase>
            <testcase name="overAllAcademicsTest" time="0.0" classname="com.ugapp.testcases.TC_12_MyHighSchoolGradesTest">
          <skipped />
    </testcase>
            <testcase name="overAllAcademicsTest" time="0.0" classname="com.ugapp.testcases.TC_12_MyHighSchoolGradesTest">
          <skipped />
    </testcase>
            <testcase name="overAllAcademicsTest" time="0.0" classname="com.ugapp.testcases.TC_12_MyHighSchoolGradesTest">
          <skipped />
    </testcase>
            <testcase name="overAllAcademicsTest" time="0.0" classname="com.ugapp.testcases.TC_12_MyHighSchoolGradesTest">
          <skipped />
    </testcase>
            <testcase name="overAllAcademicsTest" time="0.0" classname="com.ugapp.testcases.TC_12_MyHighSchoolGradesTest">
          <skipped />
    </testcase>
            <testcase name="overAllAcademicsTest" time="0.0" classname="com.ugapp.testcases.TC_12_MyHighSchoolGradesTest">
          <skipped />
    </testcase>
            <testcase name="overAllAcademicsTest" time="0.0" classname="com.ugapp.testcases.TC_12_MyHighSchoolGradesTest">
          <skipped />
    </testcase>
            <testcase name="overAllAcademicsTest" time="0.0" classname="com.ugapp.testcases.TC_12_MyHighSchoolGradesTest">
          <skipped />
    </testcase>
            <testcase name="overAllAcademicsTest" time="0.0" classname="com.ugapp.testcases.TC_12_MyHighSchoolGradesTest">
          <skipped />
    </testcase>
            <testcase name="overAllAcademicsTest" time="0.0" classname="com.ugapp.testcases.TC_12_MyHighSchoolGradesTest">
          <skipped />
    </testcase>
            <testcase name="overAllAcademicsTest" time="0.0" classname="com.ugapp.testcases.TC_12_MyHighSchoolGradesTest">
          <skipped />
    </testcase>
            <testcase name="overAllAcademicsTest" time="0.0" classname="com.ugapp.testcases.TC_12_MyHighSchoolGradesTest">
          <skipped />
    </testcase>
            <testcase name="overAllAcademicsTest" time="0.0" classname="com.ugapp.testcases.TC_12_MyHighSchoolGradesTest">
          <skipped />
    </testcase>
            <testcase name="overAllAcademicsTest" time="0.0" classname="com.ugapp.testcases.TC_12_MyHighSchoolGradesTest">
          <skipped />
    </testcase>
            <testcase name="overAllAcademicsTest" time="0.0" classname="com.ugapp.testcases.TC_12_MyHighSchoolGradesTest">
          <skipped />
    </testcase>
            <testcase name="overAllAcademicsTest" time="0.0" classname="com.ugapp.testcases.TC_12_MyHighSchoolGradesTest">
          <skipped />
    </testcase>
            <testcase name="overAllAcademicsTest" time="0.0" classname="com.ugapp.testcases.TC_12_MyHighSchoolGradesTest">
          <skipped />
    </testcase>
            <testcase name="overAllAcademicsTest" time="0.0" classname="com.ugapp.testcases.TC_12_MyHighSchoolGradesTest">
          <skipped />
    </testcase>
            <testcase name="overAllAcademicsTest" time="0.0" classname="com.ugapp.testcases.TC_12_MyHighSchoolGradesTest">
          <skipped />
    </testcase>
            <testcase name="overAllAcademicsTest" time="0.0" classname="com.ugapp.testcases.TC_12_MyHighSchoolGradesTest">
          <skipped />
    </testcase>
            <testcase name="overAllAcademicsTest" time="0.0" classname="com.ugapp.testcases.TC_12_MyHighSchoolGradesTest">
          <skipped />
    </testcase>
            <testcase name="overAllAcademicsTest" time="0.0" classname="com.ugapp.testcases.TC_12_MyHighSchoolGradesTest">
          <skipped />
    </testcase>
            <testcase name="overAllAcademicsTest" time="0.0" classname="com.ugapp.testcases.TC_12_MyHighSchoolGradesTest">
          <skipped />
    </testcase>
            <testcase name="overAllAcademicsTest" time="0.0" classname="com.ugapp.testcases.TC_12_MyHighSchoolGradesTest">
          <skipped />
    </testcase>
            <testcase name="overAllAcademicsTest" time="0.0" classname="com.ugapp.testcases.TC_12_MyHighSchoolGradesTest">
          <skipped />
    </testcase>
            <testcase name="overAllAcademicsTest" time="0.0" classname="com.ugapp.testcases.TC_12_MyHighSchoolGradesTest">
          <skipped />
    </testcase>
            <testcase name="overAllAcademicsTest" time="0.0" classname="com.ugapp.testcases.TC_12_MyHighSchoolGradesTest">
          <skipped />
    </testcase>
            <testcase name="overAllAcademicsTest" time="0.0" classname="com.ugapp.testcases.TC_12_MyHighSchoolGradesTest">
          <skipped />
    </testcase>
            <testcase name="overAllAcademicsTest" time="0.0" classname="com.ugapp.testcases.TC_12_MyHighSchoolGradesTest">
          <skipped />
    </testcase>
            <testcase name="overAllAcademicsTest" time="0.0" classname="com.ugapp.testcases.TC_12_MyHighSchoolGradesTest">
          <skipped />
    </testcase>
            <testcase name="overAllAcademicsTest" time="0.0" classname="com.ugapp.testcases.TC_12_MyHighSchoolGradesTest">
          <skipped />
    </testcase>
            <testcase name="overAllAcademicsTest" time="0.0" classname="com.ugapp.testcases.TC_12_MyHighSchoolGradesTest">
          <skipped />
    </testcase>
            <testcase name="overAllAcademicsTest" time="0.0" classname="com.ugapp.testcases.TC_12_MyHighSchoolGradesTest">
          <skipped />
    </testcase>
            <testcase name="overAllAcademicsTest" time="0.0" classname="com.ugapp.testcases.TC_12_MyHighSchoolGradesTest">
          <skipped />
    </testcase>
            <testcase name="overAllAcademicsTest" time="0.0" classname="com.ugapp.testcases.TC_12_MyHighSchoolGradesTest">
          <skipped />
    </testcase>
            <testcase name="overAllAcademicsTest" time="0.0" classname="com.ugapp.testcases.TC_12_MyHighSchoolGradesTest">
          <skipped />
    </testcase>
            <testcase name="overAllAcademicsTest" time="0.0" classname="com.ugapp.testcases.TC_12_MyHighSchoolGradesTest">
          <skipped />
    </testcase>
            <testcase name="overAllAcademicsTest" time="0.0" classname="com.ugapp.testcases.TC_12_MyHighSchoolGradesTest">
          <skipped />
    </testcase>
            <testcase name="overAllAcademicsTest" time="0.0" classname="com.ugapp.testcases.TC_12_MyHighSchoolGradesTest">
          <skipped />
    </testcase>
            <testcase name="overAllAcademicsTest" time="0.0" classname="com.ugapp.testcases.TC_12_MyHighSchoolGradesTest">
          <skipped />
    </testcase>
            <testcase name="overAllAcademicsTest" time="0.0" classname="com.ugapp.testcases.TC_12_MyHighSchoolGradesTest">
          <skipped />
    </testcase>
            <testcase name="overAllAcademicsTest" time="0.0" classname="com.ugapp.testcases.TC_12_MyHighSchoolGradesTest">
          <skipped />
    </testcase>
            <testcase name="overAllAcademicsTest" time="0.0" classname="com.ugapp.testcases.TC_12_MyHighSchoolGradesTest">
          <skipped />
    </testcase>
            <testcase name="overAllAcademicsTest" time="0.0" classname="com.ugapp.testcases.TC_12_MyHighSchoolGradesTest">
          <skipped />
    </testcase>
            <testcase name="overAllAcademicsTest" time="0.0" classname="com.ugapp.testcases.TC_12_MyHighSchoolGradesTest">
          <skipped />
    </testcase>
            <testcase name="overAllAcademicsTest" time="0.0" classname="com.ugapp.testcases.TC_12_MyHighSchoolGradesTest">
          <skipped />
    </testcase>
            <testcase name="overAllAcademicsTest" time="0.0" classname="com.ugapp.testcases.TC_12_MyHighSchoolGradesTest">
          <skipped />
    </testcase>
            <testcase name="overAllAcademicsTest" time="0.0" classname="com.ugapp.testcases.TC_12_MyHighSchoolGradesTest">
          <skipped />
    </testcase>
            <testcase name="overAllAcademicsTest" time="0.0" classname="com.ugapp.testcases.TC_12_MyHighSchoolGradesTest">
          <skipped />
    </testcase>
            <testcase name="overAllAcademicsTest" time="0.0" classname="com.ugapp.testcases.TC_12_MyHighSchoolGradesTest">
          <skipped />
    </testcase>
            <testcase name="overAllAcademicsTest" time="0.0" classname="com.ugapp.testcases.TC_12_MyHighSchoolGradesTest">
          <skipped />
    </testcase>
            <testcase name="overAllAcademicsTest" time="0.0" classname="com.ugapp.testcases.TC_12_MyHighSchoolGradesTest">
          <skipped />
    </testcase>
            <testcase name="overAllAcademicsTest" time="0.0" classname="com.ugapp.testcases.TC_12_MyHighSchoolGradesTest">
          <skipped />
    </testcase>
            <testcase name="overAllAcademicsTest" time="0.0" classname="com.ugapp.testcases.TC_12_MyHighSchoolGradesTest">
          <skipped />
    </testcase>
            <testcase name="overAllAcademicsTest" time="0.0" classname="com.ugapp.testcases.TC_12_MyHighSchoolGradesTest">
          <skipped />
    </testcase>
            <testcase name="overAllAcademicsTest" time="0.0" classname="com.ugapp.testcases.TC_12_MyHighSchoolGradesTest">
          <skipped />
    </testcase>
            <testcase name="overAllAcademicsTest" time="0.0" classname="com.ugapp.testcases.TC_12_MyHighSchoolGradesTest">
          <skipped />
    </testcase>
            <testcase name="overAllAcademicsTest" time="0.0" classname="com.ugapp.testcases.TC_12_MyHighSchoolGradesTest">
          <skipped />
    </testcase>
            <testcase name="overAllAcademicsTest" time="0.0" classname="com.ugapp.testcases.TC_12_MyHighSchoolGradesTest">
          <skipped />
    </testcase>
            <testcase name="overAllAcademicsTest" time="0.0" classname="com.ugapp.testcases.TC_12_MyHighSchoolGradesTest">
          <skipped />
    </testcase>
            <testcase name="overAllAcademicsTest" time="0.0" classname="com.ugapp.testcases.TC_12_MyHighSchoolGradesTest">
          <skipped />
    </testcase>
            <testcase name="overAllAcademicsTest" time="0.0" classname="com.ugapp.testcases.TC_12_MyHighSchoolGradesTest">
          <skipped />
    </testcase>
            <testcase name="overAllAcademicsTest" time="0.0" classname="com.ugapp.testcases.TC_12_MyHighSchoolGradesTest">
          <skipped />
    </testcase>
            <testcase name="overAllAcademicsTest" time="0.0" classname="com.ugapp.testcases.TC_12_MyHighSchoolGradesTest">
          <skipped />
    </testcase>
            <testcase name="overAllAcademicsTest" time="0.0" classname="com.ugapp.testcases.TC_12_MyHighSchoolGradesTest">
          <skipped />
    </testcase>
            <testcase name="overAllAcademicsTest" time="0.0" classname="com.ugapp.testcases.TC_12_MyHighSchoolGradesTest">
          <skipped />
    </testcase>
            <testcase name="overAllAcademicsTest" time="0.0" classname="com.ugapp.testcases.TC_12_MyHighSchoolGradesTest">
          <skipped />
    </testcase>
            <testcase name="overAllAcademicsTest" time="0.0" classname="com.ugapp.testcases.TC_12_MyHighSchoolGradesTest">
          <skipped />
    </testcase>
  
  
</testsuite>
