<?xml version="1.0" encoding="UTF-8"?>
<testsuite name="My high school grades page Test"
           tests="10"
           failures="0"
           errors="0"
           skipped="0"
           time="65.139">
  <properties />
  
  
            <testcase name="overAllAcademicsTest" time="5.623" classname="com.ugapp.testcases.TC_12_MyHighSchoolGradesTest" />
                <testcase name="MyHighSchoolGrade" time="9.152" classname="com.ugapp.testcases.TC_12_MyHighSchoolGradesTest" />
                <testcase name="overAllAcademicsTest" time="5.646" classname="com.ugapp.testcases.TC_12_MyHighSchoolGradesTest" />
                <testcase name="RequiredFields" time="0.141" classname="com.ugapp.testcases.TC_12_MyHighSchoolGradesTest" />
                <testcase name="card" time="4.661" classname="com.ugapp.testcases.TC_12_MyHighSchoolGradesTest" />
                <testcase name="gpaScaleGradingSystem" time="7.072" classname="com.ugapp.testcases.TC_12_MyHighSchoolGradesTest" />
                <testcase name="overAllAcademicsTest" time="5.284" classname="com.ugapp.testcases.TC_12_MyHighSchoolGradesTest" />
                <testcase name="overAllAcademicsTest" time="5.438" classname="com.ugapp.testcases.TC_12_MyHighSchoolGradesTest" />
                <testcase name="addCourse" time="16.898" classname="com.ugapp.testcases.TC_12_MyHighSchoolGradesTest" />
                <testcase name="overAllAcademicsTest" time="5.224" classname="com.ugapp.testcases.TC_12_MyHighSchoolGradesTest" />
      
</testsuite>
