<?xml version="1.0" encoding="UTF-8"?>
<testsuite name="F1_Greater24_US_Res_SpouseDependent_FutureGrad_InstateSchool_OOS"
           tests="11"
           failures="0"
           errors="0"
           skipped="11"
           time="0.000">
  <properties />
  
            <testcase name="gpaScaleGradingSystem" time="0.0" classname="com.ugapp.testcases.TC_12_MyHighSchoolGradesTest">
          <skipped />
    </testcase>
            <testcase name="overAllAcademicsTest" time="0.0" classname="com.ugapp.testcases.TC_12_MyHighSchoolGradesTest">
          <skipped />
    </testcase>
            <testcase name="MyHighSchoolGrade" time="0.0" classname="com.ugapp.testcases.TC_12_MyHighSchoolGradesTest">
          <skipped />
    </testcase>
            <testcase name="SaveThePageTest" time="0.0" classname="com.ugapp.testcases.TC_12_MyHighSchoolGradesTest">
          <skipped />
    </testcase>
            <testcase name="RequiredFields" time="0.0" classname="com.ugapp.testcases.TC_12_MyHighSchoolGradesTest">
          <skipped />
    </testcase>
            <testcase name="addCourse" time="0.0" classname="com.ugapp.testcases.TC_12_MyHighSchoolGradesTest">
          <skipped />
    </testcase>
            <testcase name="overAllAcademicsTest" time="0.0" classname="com.ugapp.testcases.TC_12_MyHighSchoolGradesTest">
          <skipped />
    </testcase>
            <testcase name="selectSelfReportCardTest" time="0.0" classname="com.ugapp.testcases.TC_12_MyHighSchoolGradesTest">
          <skipped />
    </testcase>
            <testcase name="overAllAcademicsTest" time="0.0" classname="com.ugapp.testcases.TC_12_MyHighSchoolGradesTest">
          <skipped />
    </testcase>
            <testcase name="overAllAcademicsTest" time="0.0" classname="com.ugapp.testcases.TC_12_MyHighSchoolGradesTest">
          <skipped />
    </testcase>
            <testcase name="overAllAcademicsTest" time="0.0" classname="com.ugapp.testcases.TC_12_MyHighSchoolGradesTest">
          <skipped />
    </testcase>
  
  
</testsuite>
