<?xml version="1.0" encoding="UTF-8"?>
<testsuite name="My high school grades page Test"
           tests="10"
           failures="0"
           errors="0"
           skipped="0"
           time="78.233">
  <properties />
  
  
            <testcase name="overAllAcademicsTest" time="5.494" classname="com.ugapp.testcases.TC_12_MyHighSchoolGradesTest" />
                <testcase name="overAllAcademicsTest" time="5.235" classname="com.ugapp.testcases.TC_12_MyHighSchoolGradesTest" />
                <testcase name="addCourse" time="16.708" classname="com.ugapp.testcases.TC_12_MyHighSchoolGradesTest" />
                <testcase name="RequiredFields" time="0.219" classname="com.ugapp.testcases.TC_12_MyHighSchoolGradesTest" />
                <testcase name="MyHighSchoolGrade" time="25.400" classname="com.ugapp.testcases.TC_12_MyHighSchoolGradesTest" />
                <testcase name="card" time="1.533" classname="com.ugapp.testcases.TC_12_MyHighSchoolGradesTest" />
                <testcase name="gpaScaleGradingSystem" time="7.103" classname="com.ugapp.testcases.TC_12_MyHighSchoolGradesTest" />
                <testcase name="overAllAcademicsTest" time="5.320" classname="com.ugapp.testcases.TC_12_MyHighSchoolGradesTest" />
                <testcase name="overAllAcademicsTest" time="5.666" classname="com.ugapp.testcases.TC_12_MyHighSchoolGradesTest" />
                <testcase name="overAllAcademicsTest" time="5.555" classname="com.ugapp.testcases.TC_12_MyHighSchoolGradesTest" />
      
</testsuite>
