<?xml version="1.0" encoding="UTF-8"?>
<testsuite name="Review page Test"
           tests="5"
           failures="0"
           errors="0"
           skipped="0"
           time="96.158">
  <properties />
  
  
            <testcase name="CompareTheData" time="0.126" classname="com.ugapp.testcases.TC_15_ReviewTest" />
                <testcase name="edit" time="34.453" classname="com.ugapp.testcases.TC_15_ReviewTest" />
                <testcase name="writeReview" time="46.205" classname="com.ugapp.testcases.TC_15_ReviewTest" />
                <testcase name="ApplicationAffidavitTest" time="7.809" classname="com.ugapp.testcases.TC_15_ReviewTest" />
                <testcase name="review" time="7.565" classname="com.ugapp.testcases.TC_15_ReviewTest" />
      
</testsuite>
