<?xml version="1.0" encoding="UTF-8"?>
<testsuite name="My high school grades page Test"
           tests="2"
           failures="0"
           errors="0"
           skipped="0"
           time="5.373">
  <properties />
  
  
            <testcase name="MyHighSchoolGrade" time="1.571" classname="com.ugapp.testcases.TC_12_MyHighSchoolGradesTest" />
                <testcase name="NonResidentflowTest" time="3.802" classname="com.ugapp.testcases.TC_12_MyHighSchoolGradesTest" />
      
</testsuite>
