<?xml version="1.0" encoding="UTF-8"?>
<testsuite name="My high school grades page Test"
           tests="9"
           failures="1"
           errors="0"
           skipped="0"
           time="38.737">
  <properties />
            <testcase name="addCourse" time="3.080" classname="com.ugapp.testcases.TC_12_MyHighSchoolGradesTest">
                <failure type="org.openqa.selenium.ElementClickInterceptedException"
                  message="element click intercepted: Element &lt;a role=&quot;tab&quot; tabindex=&quot;-1&quot; aria-selected=&quot;false&quot; aria-setsize=&quot;7&quot; aria-posinset=&quot;5&quot; href=&quot;#&quot; target=&quot;_self&quot; class=&quot;nav-link tab-title-link-class&quot; id=&quot;__BVID__928___BV_tab_button__&quot; aria-controls=&quot;__BVID__928&quot;&gt;...&lt;/a&gt; is not clickable at point (792, 863). Other element would receive the click: &lt;p data-v-711bcb8f=&quot;&quot; id=&quot;stepper-tooltip-target-5&quot; class=&quot;stepper-index text-center text-dark-1 font-weight-bold mb-0&quot;&gt;...&lt;/p&gt;
  (Session info: chrome=118.0.5993.118)
Build info: version: &apos;4.10.0&apos;, revision: &apos;c14d967899&apos;
System info: os.name: &apos;Windows 10&apos;, os.arch: &apos;amd64&apos;, os.version: &apos;10.0&apos;, java.version: &apos;20.0.1&apos;
Driver info: org.openqa.selenium.chrome.ChromeDriver
Command: [9e348201ad2bd2111f9fab3b5d762560, clickElement {id=7B6A86A70FBB4FFF930CC5765B9EE87D_element_402}]
Capabilities {acceptInsecureCerts: false, browserName: chrome, browserVersion: 118.0.5993.118, chrome: {chromedriverVersion: 118.0.5993.70 (e52f33f30b91...}, fedcm:accounts: true, goog:chromeOptions: {debuggerAddress: localhost:62279}, pageLoadStrategy: normal, platformName: any, proxy: Proxy(), se:cdp: ws://localhost:62279/devtoo..., se:cdpVersion: 118.0.5993.118, setWindowRect: false, strictFileInteractability: false, timeouts: {implicit: 0, pageLoad: 300000, script: 30000}, unhandledPromptBehavior: dismiss and notify, webauthn:extension:credBlob: true, webauthn:extension:largeBlob: true, webauthn:extension:minPinLength: true, webauthn:extension:prf: true, webauthn:virtualAuthenticators: true}
Element: [[ChromeDriver: chrome on any (9e348201ad2bd2111f9fab3b5d762560)] -&gt; xpath: (//ul[@role=&apos;tablist&apos;]//a)[5]]
Session ID: 9e348201ad2bd2111f9fab3b5d762560"
              >
<![CDATA[org.openqa.selenium.ElementClickInterceptedException: element click intercepted: Element <a role="tab" tabindex="-1" aria-selected="false" aria-setsize="7" aria-posinset="5" href="#" target="_self" class="nav-link tab-title-link-class" id="__BVID__928___BV_tab_button__" aria-controls="__BVID__928">...</a> is not clickable at point (792, 863). Other element would receive the click: <p data-v-711bcb8f="" id="stepper-tooltip-target-5" class="stepper-index text-center text-dark-1 font-weight-bold mb-0">...</p>
  (Session info: chrome=118.0.5993.118)
Build info: version: '4.10.0', revision: 'c14d967899'
System info: os.name: 'Windows 10', os.arch: 'amd64', os.version: '10.0', java.version: '20.0.1'
Driver info: org.openqa.selenium.chrome.ChromeDriver
Command: [9e348201ad2bd2111f9fab3b5d762560, clickElement {id=7B6A86A70FBB4FFF930CC5765B9EE87D_element_402}]
Capabilities {acceptInsecureCerts: false, browserName: chrome, browserVersion: 118.0.5993.118, chrome: {chromedriverVersion: 118.0.5993.70 (e52f33f30b91...}, fedcm:accounts: true, goog:chromeOptions: {debuggerAddress: localhost:62279}, pageLoadStrategy: normal, platformName: any, proxy: Proxy(), se:cdp: ws://localhost:62279/devtoo..., se:cdpVersion: 118.0.5993.118, setWindowRect: false, strictFileInteractability: false, timeouts: {implicit: 0, pageLoad: 300000, script: 30000}, unhandledPromptBehavior: dismiss and notify, webauthn:extension:credBlob: true, webauthn:extension:largeBlob: true, webauthn:extension:minPinLength: true, webauthn:extension:prf: true, webauthn:virtualAuthenticators: true}
Element: [[ChromeDriver: chrome on any (9e348201ad2bd2111f9fab3b5d762560)] -> xpath: (//ul[@role='tablist']//a)[5]]
Session ID: 9e348201ad2bd2111f9fab3b5d762560
  java.base/jdk.internal.reflect.DirectConstructorHandleAccessor.newInstance(DirectConstructorHandleAccessor.java:67)
  java.base/java.lang.reflect.Constructor.newInstanceWithCaller(Constructor.java:500)
  java.base/java.lang.reflect.Constructor.newInstance(Constructor.java:484)
  org.openqa.selenium.remote.codec.w3c.W3CHttpResponseCodec.createException(W3CHttpResponseCodec.java:199)
  org.openqa.selenium.remote.codec.w3c.W3CHttpResponseCodec.decode(W3CHttpResponseCodec.java:132)
  org.openqa.selenium.remote.codec.w3c.W3CHttpResponseCodec.decode(W3CHttpResponseCodec.java:51)
  org.openqa.selenium.remote.HttpCommandExecutor.execute(HttpCommandExecutor.java:191)
  org.openqa.selenium.remote.service.DriverCommandExecutor.invokeExecute(DriverCommandExecutor.java:196)
  org.openqa.selenium.remote.service.DriverCommandExecutor.execute(DriverCommandExecutor.java:171)
  org.openqa.selenium.remote.RemoteWebDriver.execute(RemoteWebDriver.java:531)
  org.openqa.selenium.remote.RemoteWebElement.execute(RemoteWebElement.java:242)
  org.openqa.selenium.remote.RemoteWebElement.click(RemoteWebElement.java:77)
  com.ugapp.pages.MyHighSchoolGradesPage.subjectTabs(MyHighSchoolGradesPage.java:359)
  com.ugapp.testcases.TC_12_MyHighSchoolGradesTest.addCourse(TC_12_MyHighSchoolGradesTest.java:73)
  java.base/jdk.internal.reflect.DirectMethodHandleAccessor.invoke(DirectMethodHandleAccessor.java:104)
  java.base/java.lang.reflect.Method.invoke(Method.java:578)
  org.testng.internal.MethodInvocationHelper.invokeMethod(MethodInvocationHelper.java:108)
  org.testng.internal.Invoker.invokeMethod(Invoker.java:661)
  org.testng.internal.Invoker.invokeTestMethod(Invoker.java:869)
  org.testng.internal.Invoker.invokeTestMethods(Invoker.java:1193)
  org.testng.internal.TestMethodWorker.invokeTestMethods(TestMethodWorker.java:126)
  org.testng.internal.TestMethodWorker.run(TestMethodWorker.java:109)
  org.testng.TestRunner.privateRun(TestRunner.java:744)
  org.testng.TestRunner.run(TestRunner.java:602)
  org.testng.SuiteRunner.runTest(SuiteRunner.java:380)
  org.testng.SuiteRunner.runSequentially(SuiteRunner.java:375)
  org.testng.SuiteRunner.privateRun(SuiteRunner.java:340)
  org.testng.SuiteRunner.run(SuiteRunner.java:289)
  org.testng.SuiteRunnerWorker.runSuite(SuiteRunnerWorker.java:52)
  org.testng.SuiteRunnerWorker.run(SuiteRunnerWorker.java:86)
  org.testng.TestNG.runSuitesSequentially(TestNG.java:1301)
  org.testng.TestNG.runSuitesLocally(TestNG.java:1226)
  org.testng.TestNG.runSuites(TestNG.java:1144)
  org.testng.TestNG.run(TestNG.java:1115)
  org.testng.remote.AbstractRemoteTestNG.run(AbstractRemoteTestNG.java:115)
  org.testng.remote.RemoteTestNG.initAndRun(RemoteTestNG.java:251)
  org.testng.remote.RemoteTestNG.main(RemoteTestNG.java:77)
]]>
      </failure>

          </testcase>
  
  
            <testcase name="overAllAcademicsTest" time="5.317" classname="com.ugapp.testcases.TC_12_MyHighSchoolGradesTest" />
                <testcase name="overAllAcademicsTest" time="5.204" classname="com.ugapp.testcases.TC_12_MyHighSchoolGradesTest" />
                <testcase name="overAllAcademicsTest" time="5.208" classname="com.ugapp.testcases.TC_12_MyHighSchoolGradesTest" />
                <testcase name="MyHighSchoolGrade" time="1.573" classname="com.ugapp.testcases.TC_12_MyHighSchoolGradesTest" />
                <testcase name="card" time="1.531" classname="com.ugapp.testcases.TC_12_MyHighSchoolGradesTest" />
                <testcase name="overAllAcademicsTest" time="5.270" classname="com.ugapp.testcases.TC_12_MyHighSchoolGradesTest" />
                <testcase name="overAllAcademicsTest" time="5.138" classname="com.ugapp.testcases.TC_12_MyHighSchoolGradesTest" />
                <testcase name="gpaScaleGradingSystem" time="6.416" classname="com.ugapp.testcases.TC_12_MyHighSchoolGradesTest" />
      
</testsuite>
