<?xml version="1.0" encoding="UTF-8"?>
<testsuite name="F1_Greater24_US_Res_SpouseDependent_FutureGrad_InstateSchool_OOS"
           tests="6"
           failures="0"
           errors="0"
           skipped="6"
           time="0.000">
  <properties />
  
            <testcase name="ApplicationAffidavitTest" time="0.0" classname="com.ugapp.testcases.TC_15_ReviewTest">
          <skipped />
    </testcase>
            <testcase name="review" time="0.0" classname="com.ugapp.testcases.TC_15_ReviewTest">
          <skipped />
    </testcase>
            <testcase name="ApplicationFee_VisaTest" time="0.0" classname="com.ugapp.testcases.TC_15_ReviewTest">
          <skipped />
    </testcase>
            <testcase name="CompareValidWithReview" time="0.0" classname="com.ugapp.testcases.TC_15_ReviewTest">
          <skipped />
    </testcase>
            <testcase name="writeReview" time="0.0" classname="com.ugapp.testcases.TC_15_ReviewTest">
          <skipped />
    </testcase>
            <testcase name="edit" time="0.0" classname="com.ugapp.testcases.TC_15_ReviewTest">
          <skipped />
    </testcase>
  
  
</testsuite>
