<?xml version="1.0" encoding="UTF-8"?>
<testsuite name="F1_Greater24_US_Res_SpouseDependent_FutureGrad_InstateSchool_OOS"
           tests="2"
           failures="0"
           errors="0"
           skipped="2"
           time="0.000">
  <properties />
  
            <testcase name="profile" time="0.0" classname="com.ugapp.testcases.TC_14_ProfileTest">
          <skipped />
    </testcase>
            <testcase name="dashboard" time="0.0" classname="com.ugapp.testcases.TC_14_ProfileTest">
          <skipped />
    </testcase>
  
  
</testsuite>
