<?xml version="1.0" encoding="UTF-8"?>
<testsuite name="Review page Test"
           tests="6"
           failures="0"
           errors="0"
           skipped="0"
           time="114.145">
  <properties />
  
  
            <testcase name="ApplicationFee_MasterCardTest" time="52.650" classname="com.ugapp.testcases.TC_15_ReviewTest" />
                <testcase name="ApplicationAffidavitTest" time="8.655" classname="com.ugapp.testcases.TC_15_ReviewTest" />
                <testcase name="review" time="7.563" classname="com.ugapp.testcases.TC_15_ReviewTest" />
                <testcase name="edit" time="21.575" classname="com.ugapp.testcases.TC_15_ReviewTest" />
                <testcase name="writeReview" time="23.645" classname="com.ugapp.testcases.TC_15_ReviewTest" />
                <testcase name="CompareTheData" time="0.057" classname="com.ugapp.testcases.TC_15_ReviewTest" />
      
</testsuite>
