<?xml version="1.0" encoding="UTF-8"?>
<!-- Generated by org.testng.reporters.JUnitXMLReporter -->
<testsuite ignored="6" hostname="Admins-MacBook-Pro.local" failures="2" tests="25" name="TC_11_MySchoolsPageTest" time="409.035" errors="0" timestamp="2024-05-23T14:30:46 IST">
  <testcase classname="com.ugapp.testcases.TC_11_MySchoolsPageTest" name="validateMySchoolsPage" time="3.156"/>
  <testcase classname="com.ugapp.testcases.TC_11_MySchoolsPageTest" name="RecentHighSchool_CountryTest" time="4.861"/>
  <testcase classname="com.ugapp.testcases.TC_11_MySchoolsPageTest" name="GraduatingSchoolTest" time="8.545"/>
  <testcase classname="com.ugapp.testcases.TC_11_MySchoolsPageTest" name="GraduatingSchoolTest" time="7.487"/>
  <testcase classname="com.ugapp.testcases.TC_11_MySchoolsPageTest" name="FutureGraduationDateTest" time="5.388"/>
  <testcase classname="com.ugapp.testcases.TC_11_MySchoolsPageTest" name="SelectNameOnTranscriptTest" time="6.849">
    <failure type="org.openqa.selenium.ElementClickInterceptedException" message="element click intercepted: Element &amp;lt;button data-v-2f8e0e01=&amp;quot;&amp;quot; class=&amp;quot;btn btn-dark-3 text-white&amp;quot;&amp;gt;...&amp;lt;/button&amp;gt; is not clickable at point (427, 495). Other element would receive the click: &amp;lt;li id=&amp;quot;vs4__option-1&amp;quot; role=&amp;quot;option&amp;quot; class=&amp;quot;vs__dropdown-option&amp;quot;&amp;gt;...&amp;lt;/li&amp;gt;
  (Session info: chrome=125.0.6422.76)
Build info: version: &amp;apos;4.21.0&amp;apos;, revision: &amp;apos;79ed462ef4&amp;apos;
System info: os.name: &amp;apos;Mac OS X&amp;apos;, os.arch: &amp;apos;x86_64&amp;apos;, os.version: &amp;apos;12.7.2&amp;apos;, java.version: &amp;apos;20.0.2&amp;apos;
Driver info: org.openqa.selenium.chrome.ChromeDriver
Command: [6692435cc8b6f1707db79982d321b51e, clickElement {id=f.BCDD11B579F3B7400F28F68EA0644554.d.AB30AEB11921D47550C98ED4136A53DB.e.633}]
Capabilities {acceptInsecureCerts: false, browserName: chrome, browserVersion: 125.0.6422.76, chrome: {chromedriverVersion: 125.0.6422.76 (67dcf7562b8f...}, fedcm:accounts: true, goog:chromeOptions: {debuggerAddress: localhost:62982}, pageLoadStrategy: normal, platformName: any, proxy: Proxy(), se:cdp: ws://localhost:62982/devtoo..., se:cdpVersion: 125.0.6422.76, setWindowRect: false, strictFileInteractability: false, timeouts: {implicit: 0, pageLoad: 300000, script: 30000}, unhandledPromptBehavior: dismiss and notify, webauthn:extension:credBlob: true, webauthn:extension:largeBlob: true, webauthn:extension:minPinLength: true, webauthn:extension:prf: true, webauthn:virtualAuthenticators: true}
Element: [[ChromeDriver: chrome on any (6692435cc8b6f1707db79982d321b51e)] -&amp;gt; xpath: //button[.=&amp;apos; Save school &amp;apos;]]
Session ID: 6692435cc8b6f1707db79982d321b51e">
      <![CDATA[org.openqa.selenium.ElementClickInterceptedException: element click intercepted: Element <button data-v-2f8e0e01="" class="btn btn-dark-3 text-white">...</button> is not clickable at point (427, 495). Other element would receive the click: <li id="vs4__option-1" role="option" class="vs__dropdown-option">...</li>
  (Session info: chrome=125.0.6422.76)
Build info: version: '4.21.0', revision: '79ed462ef4'
System info: os.name: 'Mac OS X', os.arch: 'x86_64', os.version: '12.7.2', java.version: '20.0.2'
Driver info: org.openqa.selenium.chrome.ChromeDriver
Command: [6692435cc8b6f1707db79982d321b51e, clickElement {id=f.BCDD11B579F3B7400F28F68EA0644554.d.AB30AEB11921D47550C98ED4136A53DB.e.633}]
Capabilities {acceptInsecureCerts: false, browserName: chrome, browserVersion: 125.0.6422.76, chrome: {chromedriverVersion: 125.0.6422.76 (67dcf7562b8f...}, fedcm:accounts: true, goog:chromeOptions: {debuggerAddress: localhost:62982}, pageLoadStrategy: normal, platformName: any, proxy: Proxy(), se:cdp: ws://localhost:62982/devtoo..., se:cdpVersion: 125.0.6422.76, setWindowRect: false, strictFileInteractability: false, timeouts: {implicit: 0, pageLoad: 300000, script: 30000}, unhandledPromptBehavior: dismiss and notify, webauthn:extension:credBlob: true, webauthn:extension:largeBlob: true, webauthn:extension:minPinLength: true, webauthn:extension:prf: true, webauthn:virtualAuthenticators: true}
Element: [[ChromeDriver: chrome on any (6692435cc8b6f1707db79982d321b51e)] -> xpath: //button[.=' Save school ']]
Session ID: 6692435cc8b6f1707db79982d321b51e
at org.openqa.selenium.remote.ErrorCodec.decode(ErrorCodec.java:167)
at org.openqa.selenium.remote.codec.w3c.W3CHttpResponseCodec.decode(W3CHttpResponseCodec.java:138)
at org.openqa.selenium.remote.codec.w3c.W3CHttpResponseCodec.decode(W3CHttpResponseCodec.java:50)
at org.openqa.selenium.remote.HttpCommandExecutor.execute(HttpCommandExecutor.java:190)
at org.openqa.selenium.remote.service.DriverCommandExecutor.invokeExecute(DriverCommandExecutor.java:216)
at org.openqa.selenium.remote.service.DriverCommandExecutor.execute(DriverCommandExecutor.java:174)
at org.openqa.selenium.remote.RemoteWebDriver.execute(RemoteWebDriver.java:518)
at org.openqa.selenium.remote.RemoteWebElement.execute(RemoteWebElement.java:223)
at org.openqa.selenium.remote.RemoteWebElement.click(RemoteWebElement.java:76)
at com.ugapp.base.Page.click(Page.java:161)
at com.ugapp.pages.MySchoolsPage.SelectNameOnTranscript(MySchoolsPage.java:465)
at com.ugapp.testcases.TC_11_MySchoolsPageTest.SelectNameOnTranscriptTest(TC_11_MySchoolsPageTest.java:85)
at java.base/java.util.ArrayList.forEach(ArrayList.java:1511)
... Removed 28 stack frames]]>
    </failure>
  </testcase> <!-- SelectNameOnTranscriptTest -->
  <testcase classname="com.ugapp.testcases.TC_11_MySchoolsPageTest" name="DeleteAddedSchoolTest" time="1.068">
    <failure type="java.lang.IllegalArgumentException" message="bound must be positive">
      <![CDATA[java.lang.IllegalArgumentException: bound must be positive
at java.base/java.util.Random.nextInt(Random.java:557)
at com.ugapp.pages.MySchoolsPage.DeleteAddedSchool(MySchoolsPage.java:477)
at com.ugapp.testcases.TC_11_MySchoolsPageTest.DeleteAddedSchoolTest(TC_11_MySchoolsPageTest.java:93)
at java.base/java.util.ArrayList.forEach(ArrayList.java:1511)
... Removed 25 stack frames]]>
    </failure>
  </testcase> <!-- DeleteAddedSchoolTest -->
  <testcase classname="com.ugapp.testcases.TC_11_MySchoolsPageTest" name="RecentSchoolAZTest" time="19.08"/>
  <testcase classname="com.ugapp.testcases.TC_11_MySchoolsPageTest" name="AddMaxHighSchoolTest" time="29.793"/>
  <testcase classname="com.ugapp.testcases.TC_11_MySchoolsPageTest" name="AddMaxHighSchoolTest" time="28.283"/>
  <testcase classname="com.ugapp.testcases.TC_11_MySchoolsPageTest" name="AddMaxHighSchoolTest" time="30.144"/>
  <testcase classname="com.ugapp.testcases.TC_11_MySchoolsPageTest" name="AddMaxHighSchoolTest" time="29.104"/>
  <testcase classname="com.ugapp.testcases.TC_11_MySchoolsPageTest" name="AddMaxHighSchoolTest" time="29.229"/>
  <testcase classname="com.ugapp.testcases.TC_11_MySchoolsPageTest" name="AddMaxHighSchoolTest" time="29.107"/>
  <testcase classname="com.ugapp.testcases.TC_11_MySchoolsPageTest" name="AddMaxHighSchoolTest" time="29.401"/>
  <testcase classname="com.ugapp.testcases.TC_11_MySchoolsPageTest" name="AddMaxHighSchoolTest" time="26.864"/>
  <testcase classname="com.ugapp.testcases.TC_11_MySchoolsPageTest" name="AddMaxHighSchoolTest" time="29.382"/>
  <testcase classname="com.ugapp.testcases.TC_11_MySchoolsPageTest" name="HaveAttendedOrAttendingCollegeAndUniversitiesYesTest" time="2.168"/>
  <testcase classname="com.ugapp.testcases.TC_11_MySchoolsPageTest" name="CollegeUniversitiesTest" time="26.443"/>
  <testcase classname="com.ugapp.testcases.TC_11_MySchoolsPageTest" name="CollegeUniversitiesTest" time="22.822"/>
  <testcase classname="com.ugapp.testcases.TC_11_MySchoolsPageTest" name="EnterFirstAndLastDateTest" time="13.061"/>
  <testcase classname="com.ugapp.testcases.TC_11_MySchoolsPageTest" name="saveInstitutionTest" time="1.165"/>
  <testcase classname="com.ugapp.testcases.TC_11_MySchoolsPageTest" name="PreviousCollegeEligibilityTest" time="12.512"/>
  <testcase classname="com.ugapp.testcases.TC_11_MySchoolsPageTest" name="TranscriptPolicyTest" time="4.947"/>
  <testcase classname="com.ugapp.testcases.TC_11_MySchoolsPageTest" name="SaveThePageTest" time="4.107"/>
  <testcase classname="com.ugapp.testcases.TC_11_MySchoolsPageTest" name="PastGraduationDateTest" time="0.0">
    <ignored/>
  </testcase> <!-- PastGraduationDateTest -->
  <testcase classname="com.ugapp.testcases.TC_11_MySchoolsPageTest" name="RandomGraduationDateTest" time="0.0">
    <ignored/>
  </testcase> <!-- RandomGraduationDateTest -->
  <testcase classname="com.ugapp.testcases.TC_11_MySchoolsPageTest" name="HaveAttendedOrAttendingCollegeAndUniversitiesNoTest" time="0.0">
    <ignored/>
  </testcase> <!-- HaveAttendedOrAttendingCollegeAndUniversitiesNoTest -->
  <testcase classname="com.ugapp.testcases.TC_11_MySchoolsPageTest" name="Random_RecentSchoolTest" time="0.0">
    <ignored/>
  </testcase> <!-- Random_RecentSchoolTest -->
  <testcase classname="com.ugapp.testcases.TC_11_MySchoolsPageTest" name="validateAddSchoolTest" time="0.0">
    <ignored/>
  </testcase> <!-- validateAddSchoolTest -->
  <testcase classname="com.ugapp.testcases.TC_11_MySchoolsPageTest" name="Random_CollegeUniversitiesTest" time="0.0">
    <ignored/>
  </testcase> <!-- Random_CollegeUniversitiesTest -->
</testsuite> <!-- TC_11_MySchoolsPageTest -->
