<?xml version="1.0" encoding="UTF-8"?>
<!-- Generated by org.testng.reporters.JUnitReportReporter -->
<testsuite hostname="Admins-MacBook-Pro.local" failures="0" tests="1005" name="com.ugapp.testcases.TC_12_MyHighSchoolGradesTest" time="7.133" errors="11" timestamp="01 Dec 2023 11:07:47 GMT" skipped="994">
  <testcase classname="com.ugapp.testcases.TC_12_MyHighSchoolGradesTest" name="MyHighSchoolGrade" time="0.500">
    <error message="Cannot invoke &quot;org.openqa.selenium.support.ui.WebDriverWait.until(java.util.function.Function)&quot; because &quot;com.ugapp.base.Page.wait&quot; is null" type="java.lang.NullPointerException">
      <![CDATA[java.lang.NullPointerException: Cannot invoke "org.openqa.selenium.support.ui.WebDriverWait.until(java.util.function.Function)" because "com.ugapp.base.Page.wait" is null
	at com.ugapp.base.Page.waitTillLoaderDisappears(Page.java:334)
	at com.ugapp.pages.MyHighSchoolGradesPage.validateMyHighSchoolGrade(MyHighSchoolGradesPage.java:75)
	at com.ugapp.testcases.TC_12_MyHighSchoolGradesTest.MyHighSchoolGrade(TC_12_MyHighSchoolGradesTest.java:27)
	at java.base/jdk.internal.reflect.DirectMethodHandleAccessor.invoke(DirectMethodHandleAccessor.java:104)
	at java.base/java.lang.reflect.Method.invoke(Method.java:578)
	at org.testng.internal.MethodInvocationHelper.invokeMethod(MethodInvocationHelper.java:108)
	at org.testng.internal.Invoker.invokeMethod(Invoker.java:661)
	at org.testng.internal.Invoker.invokeTestMethod(Invoker.java:869)
	at org.testng.internal.Invoker.invokeTestMethods(Invoker.java:1193)
	at org.testng.internal.TestMethodWorker.invokeTestMethods(TestMethodWorker.java:126)
	at org.testng.internal.TestMethodWorker.run(TestMethodWorker.java:109)
	at org.testng.TestRunner.privateRun(TestRunner.java:744)
	at org.testng.TestRunner.run(TestRunner.java:602)
	at org.testng.SuiteRunner.runTest(SuiteRunner.java:380)
	at org.testng.SuiteRunner.runSequentially(SuiteRunner.java:375)
	at org.testng.SuiteRunner.privateRun(SuiteRunner.java:340)
	at org.testng.SuiteRunner.run(SuiteRunner.java:289)
	at org.testng.SuiteRunnerWorker.runSuite(SuiteRunnerWorker.java:52)
	at org.testng.SuiteRunnerWorker.run(SuiteRunnerWorker.java:86)
	at org.testng.TestNG.runSuitesSequentially(TestNG.java:1301)
	at org.testng.TestNG.runSuitesSequentially(TestNG.java:1297)
	at org.testng.TestNG.runSuitesLocally(TestNG.java:1226)
	at org.testng.TestNG.runSuites(TestNG.java:1144)
	at org.testng.TestNG.run(TestNG.java:1115)
	at org.testng.remote.AbstractRemoteTestNG.run(AbstractRemoteTestNG.java:115)
	at org.testng.remote.RemoteTestNG.initAndRun(RemoteTestNG.java:251)
	at org.testng.remote.RemoteTestNG.main(RemoteTestNG.java:77)
]]>
    </error>
  </testcase> <!-- MyHighSchoolGrade -->
  <testcase classname="com.ugapp.testcases.TC_12_MyHighSchoolGradesTest" name="selectSelfReportCardTest" time="0.000">
    <error message="Cannot invoke &quot;org.openqa.selenium.support.ui.WebDriverWait.until(java.util.function.Function)&quot; because &quot;com.ugapp.base.Page.wait&quot; is null" type="java.lang.NullPointerException">
      <![CDATA[java.lang.NullPointerException: Cannot invoke "org.openqa.selenium.support.ui.WebDriverWait.until(java.util.function.Function)" because "com.ugapp.base.Page.wait" is null
	at com.ugapp.base.Page.waitTillLoaderDisappears(Page.java:334)
	at com.ugapp.pages.MyHighSchoolGradesPage.selectSelfReportCard(MyHighSchoolGradesPage.java:37)
	at com.ugapp.testcases.TC_12_MyHighSchoolGradesTest.selectSelfReportCardTest(TC_12_MyHighSchoolGradesTest.java:33)
	at java.base/jdk.internal.reflect.DirectMethodHandleAccessor.invoke(DirectMethodHandleAccessor.java:104)
	at java.base/java.lang.reflect.Method.invoke(Method.java:578)
	at org.testng.internal.MethodInvocationHelper.invokeMethod(MethodInvocationHelper.java:108)
	at org.testng.internal.Invoker.invokeMethod(Invoker.java:661)
	at org.testng.internal.Invoker.invokeTestMethod(Invoker.java:869)
	at org.testng.internal.Invoker.invokeTestMethods(Invoker.java:1193)
	at org.testng.internal.TestMethodWorker.invokeTestMethods(TestMethodWorker.java:126)
	at org.testng.internal.TestMethodWorker.run(TestMethodWorker.java:109)
	at org.testng.TestRunner.privateRun(TestRunner.java:744)
	at org.testng.TestRunner.run(TestRunner.java:602)
	at org.testng.SuiteRunner.runTest(SuiteRunner.java:380)
	at org.testng.SuiteRunner.runSequentially(SuiteRunner.java:375)
	at org.testng.SuiteRunner.privateRun(SuiteRunner.java:340)
	at org.testng.SuiteRunner.run(SuiteRunner.java:289)
	at org.testng.SuiteRunnerWorker.runSuite(SuiteRunnerWorker.java:52)
	at org.testng.SuiteRunnerWorker.run(SuiteRunnerWorker.java:86)
	at org.testng.TestNG.runSuitesSequentially(TestNG.java:1301)
	at org.testng.TestNG.runSuitesSequentially(TestNG.java:1297)
	at org.testng.TestNG.runSuitesLocally(TestNG.java:1226)
	at org.testng.TestNG.runSuites(TestNG.java:1144)
	at org.testng.TestNG.run(TestNG.java:1115)
	at org.testng.remote.AbstractRemoteTestNG.run(AbstractRemoteTestNG.java:115)
	at org.testng.remote.RemoteTestNG.initAndRun(RemoteTestNG.java:251)
	at org.testng.remote.RemoteTestNG.main(RemoteTestNG.java:77)
]]>
    </error>
  </testcase> <!-- selectSelfReportCardTest -->
  <testcase classname="com.ugapp.testcases.TC_12_MyHighSchoolGradesTest" name="RequiredFields" time="0.002">
    <error message="Cannot invoke &quot;org.openqa.selenium.WebDriver.findElement(org.openqa.selenium.By)&quot; because &quot;com.ugapp.pages.MyHighSchoolGradesPage.driver&quot; is null" type="java.lang.NullPointerException">
      <![CDATA[java.lang.NullPointerException: Cannot invoke "org.openqa.selenium.WebDriver.findElement(org.openqa.selenium.By)" because "com.ugapp.pages.MyHighSchoolGradesPage.driver" is null
	at com.ugapp.pages.MyHighSchoolGradesPage.scroll(MyHighSchoolGradesPage.java:96)
	at com.ugapp.testcases.TC_12_MyHighSchoolGradesTest.RequiredFields(TC_12_MyHighSchoolGradesTest.java:47)
	at java.base/jdk.internal.reflect.DirectMethodHandleAccessor.invoke(DirectMethodHandleAccessor.java:104)
	at java.base/java.lang.reflect.Method.invoke(Method.java:578)
	at org.testng.internal.MethodInvocationHelper.invokeMethod(MethodInvocationHelper.java:108)
	at org.testng.internal.Invoker.invokeMethod(Invoker.java:661)
	at org.testng.internal.Invoker.invokeTestMethod(Invoker.java:869)
	at org.testng.internal.Invoker.invokeTestMethods(Invoker.java:1193)
	at org.testng.internal.TestMethodWorker.invokeTestMethods(TestMethodWorker.java:126)
	at org.testng.internal.TestMethodWorker.run(TestMethodWorker.java:109)
	at org.testng.TestRunner.privateRun(TestRunner.java:744)
	at org.testng.TestRunner.run(TestRunner.java:602)
	at org.testng.SuiteRunner.runTest(SuiteRunner.java:380)
	at org.testng.SuiteRunner.runSequentially(SuiteRunner.java:375)
	at org.testng.SuiteRunner.privateRun(SuiteRunner.java:340)
	at org.testng.SuiteRunner.run(SuiteRunner.java:289)
	at org.testng.SuiteRunnerWorker.runSuite(SuiteRunnerWorker.java:52)
	at org.testng.SuiteRunnerWorker.run(SuiteRunnerWorker.java:86)
	at org.testng.TestNG.runSuitesSequentially(TestNG.java:1301)
	at org.testng.TestNG.runSuitesSequentially(TestNG.java:1297)
	at org.testng.TestNG.runSuitesLocally(TestNG.java:1226)
	at org.testng.TestNG.runSuites(TestNG.java:1144)
	at org.testng.TestNG.run(TestNG.java:1115)
	at org.testng.remote.AbstractRemoteTestNG.run(AbstractRemoteTestNG.java:115)
	at org.testng.remote.RemoteTestNG.initAndRun(RemoteTestNG.java:251)
	at org.testng.remote.RemoteTestNG.main(RemoteTestNG.java:77)
]]>
    </error>
  </testcase> <!-- RequiredFields -->
  <testcase classname="com.ugapp.testcases.TC_12_MyHighSchoolGradesTest" name="overAllAcademicsTest" time="0.001">
    <skipped/>
  </testcase> <!-- overAllAcademicsTest -->
  <testcase classname="com.ugapp.testcases.TC_12_MyHighSchoolGradesTest" name="overAllAcademicsTest" time="0.000">
    <skipped/>
  </testcase> <!-- overAllAcademicsTest -->
  <testcase classname="com.ugapp.testcases.TC_12_MyHighSchoolGradesTest" name="overAllAcademicsTest" time="0.000">
    <skipped/>
  </testcase> <!-- overAllAcademicsTest -->
  <testcase classname="com.ugapp.testcases.TC_12_MyHighSchoolGradesTest" name="overAllAcademicsTest" time="0.001">
    <skipped/>
  </testcase> <!-- overAllAcademicsTest -->
  <testcase classname="com.ugapp.testcases.TC_12_MyHighSchoolGradesTest" name="overAllAcademicsTest" time="0.001">
    <skipped/>
  </testcase> <!-- overAllAcademicsTest -->
  <testcase classname="com.ugapp.testcases.TC_12_MyHighSchoolGradesTest" name="overAllAcademicsTest" time="0.000">
    <skipped/>
  </testcase> <!-- overAllAcademicsTest -->
  <testcase classname="com.ugapp.testcases.TC_12_MyHighSchoolGradesTest" name="overAllAcademicsTest" time="0.001">
    <skipped/>
  </testcase> <!-- overAllAcademicsTest -->
  <testcase classname="com.ugapp.testcases.TC_12_MyHighSchoolGradesTest" name="overAllAcademicsTest" time="0.000">
    <skipped/>
  </testcase> <!-- overAllAcademicsTest -->
  <testcase classname="com.ugapp.testcases.TC_12_MyHighSchoolGradesTest" name="overAllAcademicsTest" time="0.001">
    <skipped/>
  </testcase> <!-- overAllAcademicsTest -->
  <testcase classname="com.ugapp.testcases.TC_12_MyHighSchoolGradesTest" name="overAllAcademicsTest" time="0.000">
    <skipped/>
  </testcase> <!-- overAllAcademicsTest -->
  <testcase classname="com.ugapp.testcases.TC_12_MyHighSchoolGradesTest" name="overAllAcademicsTest" time="0.000">
    <skipped/>
  </testcase> <!-- overAllAcademicsTest -->
  <testcase classname="com.ugapp.testcases.TC_12_MyHighSchoolGradesTest" name="overAllAcademicsTest" time="0.001">
    <skipped/>
  </testcase> <!-- overAllAcademicsTest -->
  <testcase classname="com.ugapp.testcases.TC_12_MyHighSchoolGradesTest" name="overAllAcademicsTest" time="0.000">
    <skipped/>
  </testcase> <!-- overAllAcademicsTest -->
  <testcase classname="com.ugapp.testcases.TC_12_MyHighSchoolGradesTest" name="overAllAcademicsTest" time="0.000">
    <skipped/>
  </testcase> <!-- overAllAcademicsTest -->
  <testcase classname="com.ugapp.testcases.TC_12_MyHighSchoolGradesTest" name="overAllAcademicsTest" time="0.000">
    <skipped/>
  </testcase> <!-- overAllAcademicsTest -->
  <testcase classname="com.ugapp.testcases.TC_12_MyHighSchoolGradesTest" name="overAllAcademicsTest" time="0.001">
    <skipped/>
  </testcase> <!-- overAllAcademicsTest -->
  <testcase classname="com.ugapp.testcases.TC_12_MyHighSchoolGradesTest" name="overAllAcademicsTest" time="0.000">
    <skipped/>
  </testcase> <!-- overAllAcademicsTest -->
  <testcase classname="com.ugapp.testcases.TC_12_MyHighSchoolGradesTest" name="overAllAcademicsTest" time="0.001">
    <skipped/>
  </testcase> <!-- overAllAcademicsTest -->
  <testcase classname="com.ugapp.testcases.TC_12_MyHighSchoolGradesTest" name="overAllAcademicsTest" time="0.000">
    <skipped/>
  </testcase> <!-- overAllAcademicsTest -->
  <testcase classname="com.ugapp.testcases.TC_12_MyHighSchoolGradesTest" name="overAllAcademicsTest" time="0.001">
    <skipped/>
  </testcase> <!-- overAllAcademicsTest -->
  <testcase classname="com.ugapp.testcases.TC_12_MyHighSchoolGradesTest" name="overAllAcademicsTest" time="0.000">
    <skipped/>
  </testcase> <!-- overAllAcademicsTest -->
  <testcase classname="com.ugapp.testcases.TC_12_MyHighSchoolGradesTest" name="overAllAcademicsTest" time="0.000">
    <skipped/>
  </testcase> <!-- overAllAcademicsTest -->
  <testcase classname="com.ugapp.testcases.TC_12_MyHighSchoolGradesTest" name="overAllAcademicsTest" time="0.001">
    <skipped/>
  </testcase> <!-- overAllAcademicsTest -->
  <testcase classname="com.ugapp.testcases.TC_12_MyHighSchoolGradesTest" name="overAllAcademicsTest" time="0.000">
    <skipped/>
  </testcase> <!-- overAllAcademicsTest -->
  <testcase classname="com.ugapp.testcases.TC_12_MyHighSchoolGradesTest" name="overAllAcademicsTest" time="0.000">
    <skipped/>
  </testcase> <!-- overAllAcademicsTest -->
  <testcase classname="com.ugapp.testcases.TC_12_MyHighSchoolGradesTest" name="overAllAcademicsTest" time="0.000">
    <skipped/>
  </testcase> <!-- overAllAcademicsTest -->
  <testcase classname="com.ugapp.testcases.TC_12_MyHighSchoolGradesTest" name="overAllAcademicsTest" time="0.000">
    <skipped/>
  </testcase> <!-- overAllAcademicsTest -->
  <testcase classname="com.ugapp.testcases.TC_12_MyHighSchoolGradesTest" name="overAllAcademicsTest" time="0.000">
    <skipped/>
  </testcase> <!-- overAllAcademicsTest -->
  <testcase classname="com.ugapp.testcases.TC_12_MyHighSchoolGradesTest" name="overAllAcademicsTest" time="0.001">
    <skipped/>
  </testcase> <!-- overAllAcademicsTest -->
  <testcase classname="com.ugapp.testcases.TC_12_MyHighSchoolGradesTest" name="overAllAcademicsTest" time="0.001">
    <skipped/>
  </testcase> <!-- overAllAcademicsTest -->
  <testcase classname="com.ugapp.testcases.TC_12_MyHighSchoolGradesTest" name="overAllAcademicsTest" time="0.000">
    <skipped/>
  </testcase> <!-- overAllAcademicsTest -->
  <testcase classname="com.ugapp.testcases.TC_12_MyHighSchoolGradesTest" name="overAllAcademicsTest" time="0.002">
    <skipped/>
  </testcase> <!-- overAllAcademicsTest -->
  <testcase classname="com.ugapp.testcases.TC_12_MyHighSchoolGradesTest" name="overAllAcademicsTest" time="0.001">
    <skipped/>
  </testcase> <!-- overAllAcademicsTest -->
  <testcase classname="com.ugapp.testcases.TC_12_MyHighSchoolGradesTest" name="overAllAcademicsTest" time="0.001">
    <skipped/>
  </testcase> <!-- overAllAcademicsTest -->
  <testcase classname="com.ugapp.testcases.TC_12_MyHighSchoolGradesTest" name="overAllAcademicsTest" time="0.001">
    <skipped/>
  </testcase> <!-- overAllAcademicsTest -->
  <testcase classname="com.ugapp.testcases.TC_12_MyHighSchoolGradesTest" name="overAllAcademicsTest" time="0.000">
    <skipped/>
  </testcase> <!-- overAllAcademicsTest -->
  <testcase classname="com.ugapp.testcases.TC_12_MyHighSchoolGradesTest" name="overAllAcademicsTest" time="0.001">
    <skipped/>
  </testcase> <!-- overAllAcademicsTest -->
  <testcase classname="com.ugapp.testcases.TC_12_MyHighSchoolGradesTest" name="overAllAcademicsTest" time="0.000">
    <skipped/>
  </testcase> <!-- overAllAcademicsTest -->
  <testcase classname="com.ugapp.testcases.TC_12_MyHighSchoolGradesTest" name="overAllAcademicsTest" time="0.000">
    <skipped/>
  </testcase> <!-- overAllAcademicsTest -->
  <testcase classname="com.ugapp.testcases.TC_12_MyHighSchoolGradesTest" name="overAllAcademicsTest" time="0.001">
    <skipped/>
  </testcase> <!-- overAllAcademicsTest -->
  <testcase classname="com.ugapp.testcases.TC_12_MyHighSchoolGradesTest" name="overAllAcademicsTest" time="0.002">
    <skipped/>
  </testcase> <!-- overAllAcademicsTest -->
  <testcase classname="com.ugapp.testcases.TC_12_MyHighSchoolGradesTest" name="overAllAcademicsTest" time="0.001">
    <skipped/>
  </testcase> <!-- overAllAcademicsTest -->
  <testcase classname="com.ugapp.testcases.TC_12_MyHighSchoolGradesTest" name="overAllAcademicsTest" time="0.000">
    <skipped/>
  </testcase> <!-- overAllAcademicsTest -->
  <testcase classname="com.ugapp.testcases.TC_12_MyHighSchoolGradesTest" name="overAllAcademicsTest" time="0.000">
    <skipped/>
  </testcase> <!-- overAllAcademicsTest -->
  <testcase classname="com.ugapp.testcases.TC_12_MyHighSchoolGradesTest" name="overAllAcademicsTest" time="0.001">
    <skipped/>
  </testcase> <!-- overAllAcademicsTest -->
  <testcase classname="com.ugapp.testcases.TC_12_MyHighSchoolGradesTest" name="overAllAcademicsTest" time="0.000">
    <skipped/>
  </testcase> <!-- overAllAcademicsTest -->
  <testcase classname="com.ugapp.testcases.TC_12_MyHighSchoolGradesTest" name="overAllAcademicsTest" time="0.000">
    <skipped/>
  </testcase> <!-- overAllAcademicsTest -->
  <testcase classname="com.ugapp.testcases.TC_12_MyHighSchoolGradesTest" name="overAllAcademicsTest" time="0.002">
    <skipped/>
  </testcase> <!-- overAllAcademicsTest -->
  <testcase classname="com.ugapp.testcases.TC_12_MyHighSchoolGradesTest" name="overAllAcademicsTest" time="0.000">
    <skipped/>
  </testcase> <!-- overAllAcademicsTest -->
  <testcase classname="com.ugapp.testcases.TC_12_MyHighSchoolGradesTest" name="overAllAcademicsTest" time="0.000">
    <skipped/>
  </testcase> <!-- overAllAcademicsTest -->
  <testcase classname="com.ugapp.testcases.TC_12_MyHighSchoolGradesTest" name="overAllAcademicsTest" time="0.000">
    <skipped/>
  </testcase> <!-- overAllAcademicsTest -->
  <testcase classname="com.ugapp.testcases.TC_12_MyHighSchoolGradesTest" name="overAllAcademicsTest" time="0.000">
    <skipped/>
  </testcase> <!-- overAllAcademicsTest -->
  <testcase classname="com.ugapp.testcases.TC_12_MyHighSchoolGradesTest" name="overAllAcademicsTest" time="0.001">
    <skipped/>
  </testcase> <!-- overAllAcademicsTest -->
  <testcase classname="com.ugapp.testcases.TC_12_MyHighSchoolGradesTest" name="overAllAcademicsTest" time="0.000">
    <skipped/>
  </testcase> <!-- overAllAcademicsTest -->
  <testcase classname="com.ugapp.testcases.TC_12_MyHighSchoolGradesTest" name="overAllAcademicsTest" time="0.000">
    <skipped/>
  </testcase> <!-- overAllAcademicsTest -->
  <testcase classname="com.ugapp.testcases.TC_12_MyHighSchoolGradesTest" name="overAllAcademicsTest" time="0.000">
    <skipped/>
  </testcase> <!-- overAllAcademicsTest -->
  <testcase classname="com.ugapp.testcases.TC_12_MyHighSchoolGradesTest" name="overAllAcademicsTest" time="0.001">
    <skipped/>
  </testcase> <!-- overAllAcademicsTest -->
  <testcase classname="com.ugapp.testcases.TC_12_MyHighSchoolGradesTest" name="overAllAcademicsTest" time="0.001">
    <skipped/>
  </testcase> <!-- overAllAcademicsTest -->
  <testcase classname="com.ugapp.testcases.TC_12_MyHighSchoolGradesTest" name="overAllAcademicsTest" time="0.001">
    <skipped/>
  </testcase> <!-- overAllAcademicsTest -->
  <testcase classname="com.ugapp.testcases.TC_12_MyHighSchoolGradesTest" name="overAllAcademicsTest" time="0.000">
    <skipped/>
  </testcase> <!-- overAllAcademicsTest -->
  <testcase classname="com.ugapp.testcases.TC_12_MyHighSchoolGradesTest" name="overAllAcademicsTest" time="0.000">
    <skipped/>
  </testcase> <!-- overAllAcademicsTest -->
  <testcase classname="com.ugapp.testcases.TC_12_MyHighSchoolGradesTest" name="overAllAcademicsTest" time="0.000">
    <skipped/>
  </testcase> <!-- overAllAcademicsTest -->
  <testcase classname="com.ugapp.testcases.TC_12_MyHighSchoolGradesTest" name="overAllAcademicsTest" time="0.000">
    <skipped/>
  </testcase> <!-- overAllAcademicsTest -->
  <testcase classname="com.ugapp.testcases.TC_12_MyHighSchoolGradesTest" name="overAllAcademicsTest" time="0.000">
    <skipped/>
  </testcase> <!-- overAllAcademicsTest -->
  <testcase classname="com.ugapp.testcases.TC_12_MyHighSchoolGradesTest" name="overAllAcademicsTest" time="0.006">
    <skipped/>
  </testcase> <!-- overAllAcademicsTest -->
  <testcase classname="com.ugapp.testcases.TC_12_MyHighSchoolGradesTest" name="overAllAcademicsTest" time="0.000">
    <skipped/>
  </testcase> <!-- overAllAcademicsTest -->
  <testcase classname="com.ugapp.testcases.TC_12_MyHighSchoolGradesTest" name="overAllAcademicsTest" time="0.001">
    <skipped/>
  </testcase> <!-- overAllAcademicsTest -->
  <testcase classname="com.ugapp.testcases.TC_12_MyHighSchoolGradesTest" name="overAllAcademicsTest" time="0.000">
    <skipped/>
  </testcase> <!-- overAllAcademicsTest -->
  <testcase classname="com.ugapp.testcases.TC_12_MyHighSchoolGradesTest" name="overAllAcademicsTest" time="0.000">
    <skipped/>
  </testcase> <!-- overAllAcademicsTest -->
  <testcase classname="com.ugapp.testcases.TC_12_MyHighSchoolGradesTest" name="overAllAcademicsTest" time="0.000">
    <skipped/>
  </testcase> <!-- overAllAcademicsTest -->
  <testcase classname="com.ugapp.testcases.TC_12_MyHighSchoolGradesTest" name="overAllAcademicsTest" time="0.001">
    <skipped/>
  </testcase> <!-- overAllAcademicsTest -->
  <testcase classname="com.ugapp.testcases.TC_12_MyHighSchoolGradesTest" name="overAllAcademicsTest" time="0.000">
    <skipped/>
  </testcase> <!-- overAllAcademicsTest -->
  <testcase classname="com.ugapp.testcases.TC_12_MyHighSchoolGradesTest" name="overAllAcademicsTest" time="0.001">
    <skipped/>
  </testcase> <!-- overAllAcademicsTest -->
  <testcase classname="com.ugapp.testcases.TC_12_MyHighSchoolGradesTest" name="overAllAcademicsTest" time="0.000">
    <skipped/>
  </testcase> <!-- overAllAcademicsTest -->
  <testcase classname="com.ugapp.testcases.TC_12_MyHighSchoolGradesTest" name="overAllAcademicsTest" time="0.000">
    <skipped/>
  </testcase> <!-- overAllAcademicsTest -->
  <testcase classname="com.ugapp.testcases.TC_12_MyHighSchoolGradesTest" name="overAllAcademicsTest" time="0.000">
    <skipped/>
  </testcase> <!-- overAllAcademicsTest -->
  <testcase classname="com.ugapp.testcases.TC_12_MyHighSchoolGradesTest" name="overAllAcademicsTest" time="0.000">
    <skipped/>
  </testcase> <!-- overAllAcademicsTest -->
  <testcase classname="com.ugapp.testcases.TC_12_MyHighSchoolGradesTest" name="overAllAcademicsTest" time="0.001">
    <skipped/>
  </testcase> <!-- overAllAcademicsTest -->
  <testcase classname="com.ugapp.testcases.TC_12_MyHighSchoolGradesTest" name="overAllAcademicsTest" time="0.000">
    <skipped/>
  </testcase> <!-- overAllAcademicsTest -->
  <testcase classname="com.ugapp.testcases.TC_12_MyHighSchoolGradesTest" name="overAllAcademicsTest" time="0.000">
    <skipped/>
  </testcase> <!-- overAllAcademicsTest -->
  <testcase classname="com.ugapp.testcases.TC_12_MyHighSchoolGradesTest" name="overAllAcademicsTest" time="0.000">
    <skipped/>
  </testcase> <!-- overAllAcademicsTest -->
  <testcase classname="com.ugapp.testcases.TC_12_MyHighSchoolGradesTest" name="overAllAcademicsTest" time="0.000">
    <skipped/>
  </testcase> <!-- overAllAcademicsTest -->
  <testcase classname="com.ugapp.testcases.TC_12_MyHighSchoolGradesTest" name="overAllAcademicsTest" time="0.001">
    <skipped/>
  </testcase> <!-- overAllAcademicsTest -->
  <testcase classname="com.ugapp.testcases.TC_12_MyHighSchoolGradesTest" name="overAllAcademicsTest" time="0.001">
    <skipped/>
  </testcase> <!-- overAllAcademicsTest -->
  <testcase classname="com.ugapp.testcases.TC_12_MyHighSchoolGradesTest" name="overAllAcademicsTest" time="0.000">
    <skipped/>
  </testcase> <!-- overAllAcademicsTest -->
  <testcase classname="com.ugapp.testcases.TC_12_MyHighSchoolGradesTest" name="overAllAcademicsTest" time="0.001">
    <skipped/>
  </testcase> <!-- overAllAcademicsTest -->
  <testcase classname="com.ugapp.testcases.TC_12_MyHighSchoolGradesTest" name="overAllAcademicsTest" time="0.001">
    <skipped/>
  </testcase> <!-- overAllAcademicsTest -->
  <testcase classname="com.ugapp.testcases.TC_12_MyHighSchoolGradesTest" name="overAllAcademicsTest" time="0.000">
    <skipped/>
  </testcase> <!-- overAllAcademicsTest -->
  <testcase classname="com.ugapp.testcases.TC_12_MyHighSchoolGradesTest" name="overAllAcademicsTest" time="0.001">
    <skipped/>
  </testcase> <!-- overAllAcademicsTest -->
  <testcase classname="com.ugapp.testcases.TC_12_MyHighSchoolGradesTest" name="overAllAcademicsTest" time="0.003">
    <skipped/>
  </testcase> <!-- overAllAcademicsTest -->
  <testcase classname="com.ugapp.testcases.TC_12_MyHighSchoolGradesTest" name="overAllAcademicsTest" time="0.000">
    <skipped/>
  </testcase> <!-- overAllAcademicsTest -->
  <testcase classname="com.ugapp.testcases.TC_12_MyHighSchoolGradesTest" name="overAllAcademicsTest" time="0.000">
    <skipped/>
  </testcase> <!-- overAllAcademicsTest -->
  <testcase classname="com.ugapp.testcases.TC_12_MyHighSchoolGradesTest" name="overAllAcademicsTest" time="0.001">
    <skipped/>
  </testcase> <!-- overAllAcademicsTest -->
  <testcase classname="com.ugapp.testcases.TC_12_MyHighSchoolGradesTest" name="overAllAcademicsTest" time="0.001">
    <skipped/>
  </testcase> <!-- overAllAcademicsTest -->
  <testcase classname="com.ugapp.testcases.TC_12_MyHighSchoolGradesTest" name="overAllAcademicsTest" time="0.000">
    <skipped/>
  </testcase> <!-- overAllAcademicsTest -->
  <testcase classname="com.ugapp.testcases.TC_12_MyHighSchoolGradesTest" name="overAllAcademicsTest" time="0.000">
    <skipped/>
  </testcase> <!-- overAllAcademicsTest -->
  <testcase classname="com.ugapp.testcases.TC_12_MyHighSchoolGradesTest" name="overAllAcademicsTest" time="0.000">
    <skipped/>
  </testcase> <!-- overAllAcademicsTest -->
  <testcase classname="com.ugapp.testcases.TC_12_MyHighSchoolGradesTest" name="overAllAcademicsTest" time="0.000">
    <skipped/>
  </testcase> <!-- overAllAcademicsTest -->
  <testcase classname="com.ugapp.testcases.TC_12_MyHighSchoolGradesTest" name="overAllAcademicsTest" time="0.000">
    <skipped/>
  </testcase> <!-- overAllAcademicsTest -->
  <testcase classname="com.ugapp.testcases.TC_12_MyHighSchoolGradesTest" name="overAllAcademicsTest" time="0.000">
    <skipped/>
  </testcase> <!-- overAllAcademicsTest -->
  <testcase classname="com.ugapp.testcases.TC_12_MyHighSchoolGradesTest" name="overAllAcademicsTest" time="0.000">
    <skipped/>
  </testcase> <!-- overAllAcademicsTest -->
  <testcase classname="com.ugapp.testcases.TC_12_MyHighSchoolGradesTest" name="overAllAcademicsTest" time="0.000">
    <skipped/>
  </testcase> <!-- overAllAcademicsTest -->
  <testcase classname="com.ugapp.testcases.TC_12_MyHighSchoolGradesTest" name="overAllAcademicsTest" time="0.000">
    <skipped/>
  </testcase> <!-- overAllAcademicsTest -->
  <testcase classname="com.ugapp.testcases.TC_12_MyHighSchoolGradesTest" name="overAllAcademicsTest" time="0.000">
    <skipped/>
  </testcase> <!-- overAllAcademicsTest -->
  <testcase classname="com.ugapp.testcases.TC_12_MyHighSchoolGradesTest" name="overAllAcademicsTest" time="0.001">
    <skipped/>
  </testcase> <!-- overAllAcademicsTest -->
  <testcase classname="com.ugapp.testcases.TC_12_MyHighSchoolGradesTest" name="overAllAcademicsTest" time="0.000">
    <skipped/>
  </testcase> <!-- overAllAcademicsTest -->
  <testcase classname="com.ugapp.testcases.TC_12_MyHighSchoolGradesTest" name="overAllAcademicsTest" time="0.000">
    <skipped/>
  </testcase> <!-- overAllAcademicsTest -->
  <testcase classname="com.ugapp.testcases.TC_12_MyHighSchoolGradesTest" name="overAllAcademicsTest" time="0.001">
    <skipped/>
  </testcase> <!-- overAllAcademicsTest -->
  <testcase classname="com.ugapp.testcases.TC_12_MyHighSchoolGradesTest" name="overAllAcademicsTest" time="0.000">
    <skipped/>
  </testcase> <!-- overAllAcademicsTest -->
  <testcase classname="com.ugapp.testcases.TC_12_MyHighSchoolGradesTest" name="overAllAcademicsTest" time="0.001">
    <skipped/>
  </testcase> <!-- overAllAcademicsTest -->
  <testcase classname="com.ugapp.testcases.TC_12_MyHighSchoolGradesTest" name="overAllAcademicsTest" time="0.001">
    <skipped/>
  </testcase> <!-- overAllAcademicsTest -->
  <testcase classname="com.ugapp.testcases.TC_12_MyHighSchoolGradesTest" name="overAllAcademicsTest" time="0.005">
    <skipped/>
  </testcase> <!-- overAllAcademicsTest -->
  <testcase classname="com.ugapp.testcases.TC_12_MyHighSchoolGradesTest" name="overAllAcademicsTest" time="0.001">
    <skipped/>
  </testcase> <!-- overAllAcademicsTest -->
  <testcase classname="com.ugapp.testcases.TC_12_MyHighSchoolGradesTest" name="overAllAcademicsTest" time="0.000">
    <skipped/>
  </testcase> <!-- overAllAcademicsTest -->
  <testcase classname="com.ugapp.testcases.TC_12_MyHighSchoolGradesTest" name="overAllAcademicsTest" time="0.001">
    <skipped/>
  </testcase> <!-- overAllAcademicsTest -->
  <testcase classname="com.ugapp.testcases.TC_12_MyHighSchoolGradesTest" name="overAllAcademicsTest" time="0.001">
    <skipped/>
  </testcase> <!-- overAllAcademicsTest -->
  <testcase classname="com.ugapp.testcases.TC_12_MyHighSchoolGradesTest" name="overAllAcademicsTest" time="0.000">
    <skipped/>
  </testcase> <!-- overAllAcademicsTest -->
  <testcase classname="com.ugapp.testcases.TC_12_MyHighSchoolGradesTest" name="overAllAcademicsTest" time="0.000">
    <skipped/>
  </testcase> <!-- overAllAcademicsTest -->
  <testcase classname="com.ugapp.testcases.TC_12_MyHighSchoolGradesTest" name="overAllAcademicsTest" time="0.001">
    <skipped/>
  </testcase> <!-- overAllAcademicsTest -->
  <testcase classname="com.ugapp.testcases.TC_12_MyHighSchoolGradesTest" name="overAllAcademicsTest" time="0.000">
    <skipped/>
  </testcase> <!-- overAllAcademicsTest -->
  <testcase classname="com.ugapp.testcases.TC_12_MyHighSchoolGradesTest" name="overAllAcademicsTest" time="0.001">
    <skipped/>
  </testcase> <!-- overAllAcademicsTest -->
  <testcase classname="com.ugapp.testcases.TC_12_MyHighSchoolGradesTest" name="overAllAcademicsTest" time="0.003">
    <skipped/>
  </testcase> <!-- overAllAcademicsTest -->
  <testcase classname="com.ugapp.testcases.TC_12_MyHighSchoolGradesTest" name="overAllAcademicsTest" time="0.000">
    <skipped/>
  </testcase> <!-- overAllAcademicsTest -->
  <testcase classname="com.ugapp.testcases.TC_12_MyHighSchoolGradesTest" name="overAllAcademicsTest" time="0.000">
    <skipped/>
  </testcase> <!-- overAllAcademicsTest -->
  <testcase classname="com.ugapp.testcases.TC_12_MyHighSchoolGradesTest" name="overAllAcademicsTest" time="0.000">
    <skipped/>
  </testcase> <!-- overAllAcademicsTest -->
  <testcase classname="com.ugapp.testcases.TC_12_MyHighSchoolGradesTest" name="overAllAcademicsTest" time="0.000">
    <skipped/>
  </testcase> <!-- overAllAcademicsTest -->
  <testcase classname="com.ugapp.testcases.TC_12_MyHighSchoolGradesTest" name="overAllAcademicsTest" time="0.001">
    <skipped/>
  </testcase> <!-- overAllAcademicsTest -->
  <testcase classname="com.ugapp.testcases.TC_12_MyHighSchoolGradesTest" name="overAllAcademicsTest" time="0.000">
    <skipped/>
  </testcase> <!-- overAllAcademicsTest -->
  <testcase classname="com.ugapp.testcases.TC_12_MyHighSchoolGradesTest" name="overAllAcademicsTest" time="0.000">
    <skipped/>
  </testcase> <!-- overAllAcademicsTest -->
  <testcase classname="com.ugapp.testcases.TC_12_MyHighSchoolGradesTest" name="overAllAcademicsTest" time="0.000">
    <skipped/>
  </testcase> <!-- overAllAcademicsTest -->
  <testcase classname="com.ugapp.testcases.TC_12_MyHighSchoolGradesTest" name="overAllAcademicsTest" time="0.000">
    <skipped/>
  </testcase> <!-- overAllAcademicsTest -->
  <testcase classname="com.ugapp.testcases.TC_12_MyHighSchoolGradesTest" name="overAllAcademicsTest" time="0.000">
    <skipped/>
  </testcase> <!-- overAllAcademicsTest -->
  <testcase classname="com.ugapp.testcases.TC_12_MyHighSchoolGradesTest" name="overAllAcademicsTest" time="0.000">
    <skipped/>
  </testcase> <!-- overAllAcademicsTest -->
  <testcase classname="com.ugapp.testcases.TC_12_MyHighSchoolGradesTest" name="overAllAcademicsTest" time="0.000">
    <skipped/>
  </testcase> <!-- overAllAcademicsTest -->
  <testcase classname="com.ugapp.testcases.TC_12_MyHighSchoolGradesTest" name="overAllAcademicsTest" time="0.000">
    <skipped/>
  </testcase> <!-- overAllAcademicsTest -->
  <testcase classname="com.ugapp.testcases.TC_12_MyHighSchoolGradesTest" name="overAllAcademicsTest" time="0.001">
    <skipped/>
  </testcase> <!-- overAllAcademicsTest -->
  <testcase classname="com.ugapp.testcases.TC_12_MyHighSchoolGradesTest" name="overAllAcademicsTest" time="0.000">
    <skipped/>
  </testcase> <!-- overAllAcademicsTest -->
  <testcase classname="com.ugapp.testcases.TC_12_MyHighSchoolGradesTest" name="overAllAcademicsTest" time="0.000">
    <skipped/>
  </testcase> <!-- overAllAcademicsTest -->
  <testcase classname="com.ugapp.testcases.TC_12_MyHighSchoolGradesTest" name="overAllAcademicsTest" time="0.000">
    <skipped/>
  </testcase> <!-- overAllAcademicsTest -->
  <testcase classname="com.ugapp.testcases.TC_12_MyHighSchoolGradesTest" name="overAllAcademicsTest" time="0.000">
    <skipped/>
  </testcase> <!-- overAllAcademicsTest -->
  <testcase classname="com.ugapp.testcases.TC_12_MyHighSchoolGradesTest" name="overAllAcademicsTest" time="0.001">
    <skipped/>
  </testcase> <!-- overAllAcademicsTest -->
  <testcase classname="com.ugapp.testcases.TC_12_MyHighSchoolGradesTest" name="overAllAcademicsTest" time="0.002">
    <skipped/>
  </testcase> <!-- overAllAcademicsTest -->
  <testcase classname="com.ugapp.testcases.TC_12_MyHighSchoolGradesTest" name="overAllAcademicsTest" time="0.001">
    <skipped/>
  </testcase> <!-- overAllAcademicsTest -->
  <testcase classname="com.ugapp.testcases.TC_12_MyHighSchoolGradesTest" name="overAllAcademicsTest" time="0.001">
    <skipped/>
  </testcase> <!-- overAllAcademicsTest -->
  <testcase classname="com.ugapp.testcases.TC_12_MyHighSchoolGradesTest" name="overAllAcademicsTest" time="0.001">
    <skipped/>
  </testcase> <!-- overAllAcademicsTest -->
  <testcase classname="com.ugapp.testcases.TC_12_MyHighSchoolGradesTest" name="overAllAcademicsTest" time="0.006">
    <skipped/>
  </testcase> <!-- overAllAcademicsTest -->
  <testcase classname="com.ugapp.testcases.TC_12_MyHighSchoolGradesTest" name="overAllAcademicsTest" time="0.000">
    <skipped/>
  </testcase> <!-- overAllAcademicsTest -->
  <testcase classname="com.ugapp.testcases.TC_12_MyHighSchoolGradesTest" name="overAllAcademicsTest" time="0.000">
    <skipped/>
  </testcase> <!-- overAllAcademicsTest -->
  <testcase classname="com.ugapp.testcases.TC_12_MyHighSchoolGradesTest" name="overAllAcademicsTest" time="0.000">
    <skipped/>
  </testcase> <!-- overAllAcademicsTest -->
  <testcase classname="com.ugapp.testcases.TC_12_MyHighSchoolGradesTest" name="overAllAcademicsTest" time="0.001">
    <skipped/>
  </testcase> <!-- overAllAcademicsTest -->
  <testcase classname="com.ugapp.testcases.TC_12_MyHighSchoolGradesTest" name="overAllAcademicsTest" time="0.000">
    <skipped/>
  </testcase> <!-- overAllAcademicsTest -->
  <testcase classname="com.ugapp.testcases.TC_12_MyHighSchoolGradesTest" name="overAllAcademicsTest" time="0.001">
    <skipped/>
  </testcase> <!-- overAllAcademicsTest -->
  <testcase classname="com.ugapp.testcases.TC_12_MyHighSchoolGradesTest" name="overAllAcademicsTest" time="0.000">
    <skipped/>
  </testcase> <!-- overAllAcademicsTest -->
  <testcase classname="com.ugapp.testcases.TC_12_MyHighSchoolGradesTest" name="overAllAcademicsTest" time="0.000">
    <skipped/>
  </testcase> <!-- overAllAcademicsTest -->
  <testcase classname="com.ugapp.testcases.TC_12_MyHighSchoolGradesTest" name="overAllAcademicsTest" time="0.000">
    <skipped/>
  </testcase> <!-- overAllAcademicsTest -->
  <testcase classname="com.ugapp.testcases.TC_12_MyHighSchoolGradesTest" name="overAllAcademicsTest" time="1.001">
    <error message="Cannot find elements when the XPath is null." type="java.lang.IllegalArgumentException">
      <![CDATA[java.lang.IllegalArgumentException: Cannot find elements when the XPath is null.
	at org.openqa.selenium.internal.Require$ArgumentChecker.nonNull(Require.java:207)
	at org.openqa.selenium.By$ByXPath.<init>(By.java:285)
	at org.openqa.selenium.By.xpath(By.java:88)
	at com.ugapp.base.Page.type(Page.java:192)
	at com.ugapp.pages.MyHighSchoolGradesPage.academicDetails(MyHighSchoolGradesPage.java:172)
	at com.ugapp.testcases.TC_12_MyHighSchoolGradesTest.overAllAcademicsTest(TC_12_MyHighSchoolGradesTest.java:59)
	at java.base/jdk.internal.reflect.DirectMethodHandleAccessor.invoke(DirectMethodHandleAccessor.java:104)
	at java.base/java.lang.reflect.Method.invoke(Method.java:578)
	at org.testng.internal.MethodInvocationHelper.invokeMethod(MethodInvocationHelper.java:108)
	at org.testng.internal.Invoker.invokeMethod(Invoker.java:661)
	at org.testng.internal.Invoker.invokeTestMethod(Invoker.java:869)
	at org.testng.internal.Invoker.invokeTestMethods(Invoker.java:1193)
	at org.testng.internal.TestMethodWorker.invokeTestMethods(TestMethodWorker.java:126)
	at org.testng.internal.TestMethodWorker.run(TestMethodWorker.java:109)
	at org.testng.TestRunner.privateRun(TestRunner.java:744)
	at org.testng.TestRunner.run(TestRunner.java:602)
	at org.testng.SuiteRunner.runTest(SuiteRunner.java:380)
	at org.testng.SuiteRunner.runSequentially(SuiteRunner.java:375)
	at org.testng.SuiteRunner.privateRun(SuiteRunner.java:340)
	at org.testng.SuiteRunner.run(SuiteRunner.java:289)
	at org.testng.SuiteRunnerWorker.runSuite(SuiteRunnerWorker.java:52)
	at org.testng.SuiteRunnerWorker.run(SuiteRunnerWorker.java:86)
	at org.testng.TestNG.runSuitesSequentially(TestNG.java:1301)
	at org.testng.TestNG.runSuitesSequentially(TestNG.java:1297)
	at org.testng.TestNG.runSuitesLocally(TestNG.java:1226)
	at org.testng.TestNG.runSuites(TestNG.java:1144)
	at org.testng.TestNG.run(TestNG.java:1115)
	at org.testng.remote.AbstractRemoteTestNG.run(AbstractRemoteTestNG.java:115)
	at org.testng.remote.RemoteTestNG.initAndRun(RemoteTestNG.java:251)
	at org.testng.remote.RemoteTestNG.main(RemoteTestNG.java:77)
]]>
    </error>
  </testcase> <!-- overAllAcademicsTest -->
  <testcase classname="com.ugapp.testcases.TC_12_MyHighSchoolGradesTest" name="overAllAcademicsTest" time="0.000">
    <skipped/>
  </testcase> <!-- overAllAcademicsTest -->
  <testcase classname="com.ugapp.testcases.TC_12_MyHighSchoolGradesTest" name="overAllAcademicsTest" time="0.000">
    <skipped/>
  </testcase> <!-- overAllAcademicsTest -->
  <testcase classname="com.ugapp.testcases.TC_12_MyHighSchoolGradesTest" name="overAllAcademicsTest" time="0.001">
    <skipped/>
  </testcase> <!-- overAllAcademicsTest -->
  <testcase classname="com.ugapp.testcases.TC_12_MyHighSchoolGradesTest" name="overAllAcademicsTest" time="0.000">
    <skipped/>
  </testcase> <!-- overAllAcademicsTest -->
  <testcase classname="com.ugapp.testcases.TC_12_MyHighSchoolGradesTest" name="overAllAcademicsTest" time="0.000">
    <skipped/>
  </testcase> <!-- overAllAcademicsTest -->
  <testcase classname="com.ugapp.testcases.TC_12_MyHighSchoolGradesTest" name="overAllAcademicsTest" time="0.001">
    <skipped/>
  </testcase> <!-- overAllAcademicsTest -->
  <testcase classname="com.ugapp.testcases.TC_12_MyHighSchoolGradesTest" name="overAllAcademicsTest" time="0.001">
    <skipped/>
  </testcase> <!-- overAllAcademicsTest -->
  <testcase classname="com.ugapp.testcases.TC_12_MyHighSchoolGradesTest" name="overAllAcademicsTest" time="0.000">
    <skipped/>
  </testcase> <!-- overAllAcademicsTest -->
  <testcase classname="com.ugapp.testcases.TC_12_MyHighSchoolGradesTest" name="overAllAcademicsTest" time="0.000">
    <skipped/>
  </testcase> <!-- overAllAcademicsTest -->
  <testcase classname="com.ugapp.testcases.TC_12_MyHighSchoolGradesTest" name="overAllAcademicsTest" time="0.000">
    <skipped/>
  </testcase> <!-- overAllAcademicsTest -->
  <testcase classname="com.ugapp.testcases.TC_12_MyHighSchoolGradesTest" name="overAllAcademicsTest" time="0.000">
    <skipped/>
  </testcase> <!-- overAllAcademicsTest -->
  <testcase classname="com.ugapp.testcases.TC_12_MyHighSchoolGradesTest" name="overAllAcademicsTest" time="0.001">
    <skipped/>
  </testcase> <!-- overAllAcademicsTest -->
  <testcase classname="com.ugapp.testcases.TC_12_MyHighSchoolGradesTest" name="overAllAcademicsTest" time="0.000">
    <skipped/>
  </testcase> <!-- overAllAcademicsTest -->
  <testcase classname="com.ugapp.testcases.TC_12_MyHighSchoolGradesTest" name="overAllAcademicsTest" time="0.000">
    <skipped/>
  </testcase> <!-- overAllAcademicsTest -->
  <testcase classname="com.ugapp.testcases.TC_12_MyHighSchoolGradesTest" name="overAllAcademicsTest" time="0.000">
    <skipped/>
  </testcase> <!-- overAllAcademicsTest -->
  <testcase classname="com.ugapp.testcases.TC_12_MyHighSchoolGradesTest" name="overAllAcademicsTest" time="0.001">
    <skipped/>
  </testcase> <!-- overAllAcademicsTest -->
  <testcase classname="com.ugapp.testcases.TC_12_MyHighSchoolGradesTest" name="overAllAcademicsTest" time="0.001">
    <skipped/>
  </testcase> <!-- overAllAcademicsTest -->
  <testcase classname="com.ugapp.testcases.TC_12_MyHighSchoolGradesTest" name="overAllAcademicsTest" time="0.000">
    <skipped/>
  </testcase> <!-- overAllAcademicsTest -->
  <testcase classname="com.ugapp.testcases.TC_12_MyHighSchoolGradesTest" name="overAllAcademicsTest" time="0.001">
    <skipped/>
  </testcase> <!-- overAllAcademicsTest -->
  <testcase classname="com.ugapp.testcases.TC_12_MyHighSchoolGradesTest" name="overAllAcademicsTest" time="0.001">
    <skipped/>
  </testcase> <!-- overAllAcademicsTest -->
  <testcase classname="com.ugapp.testcases.TC_12_MyHighSchoolGradesTest" name="overAllAcademicsTest" time="0.001">
    <skipped/>
  </testcase> <!-- overAllAcademicsTest -->
  <testcase classname="com.ugapp.testcases.TC_12_MyHighSchoolGradesTest" name="overAllAcademicsTest" time="0.001">
    <skipped/>
  </testcase> <!-- overAllAcademicsTest -->
  <testcase classname="com.ugapp.testcases.TC_12_MyHighSchoolGradesTest" name="overAllAcademicsTest" time="0.000">
    <skipped/>
  </testcase> <!-- overAllAcademicsTest -->
  <testcase classname="com.ugapp.testcases.TC_12_MyHighSchoolGradesTest" name="overAllAcademicsTest" time="0.001">
    <skipped/>
  </testcase> <!-- overAllAcademicsTest -->
  <testcase classname="com.ugapp.testcases.TC_12_MyHighSchoolGradesTest" name="overAllAcademicsTest" time="0.001">
    <skipped/>
  </testcase> <!-- overAllAcademicsTest -->
  <testcase classname="com.ugapp.testcases.TC_12_MyHighSchoolGradesTest" name="overAllAcademicsTest" time="0.000">
    <skipped/>
  </testcase> <!-- overAllAcademicsTest -->
  <testcase classname="com.ugapp.testcases.TC_12_MyHighSchoolGradesTest" name="overAllAcademicsTest" time="0.000">
    <skipped/>
  </testcase> <!-- overAllAcademicsTest -->
  <testcase classname="com.ugapp.testcases.TC_12_MyHighSchoolGradesTest" name="overAllAcademicsTest" time="0.000">
    <skipped/>
  </testcase> <!-- overAllAcademicsTest -->
  <testcase classname="com.ugapp.testcases.TC_12_MyHighSchoolGradesTest" name="overAllAcademicsTest" time="0.001">
    <skipped/>
  </testcase> <!-- overAllAcademicsTest -->
  <testcase classname="com.ugapp.testcases.TC_12_MyHighSchoolGradesTest" name="overAllAcademicsTest" time="0.000">
    <skipped/>
  </testcase> <!-- overAllAcademicsTest -->
  <testcase classname="com.ugapp.testcases.TC_12_MyHighSchoolGradesTest" name="overAllAcademicsTest" time="0.001">
    <skipped/>
  </testcase> <!-- overAllAcademicsTest -->
  <testcase classname="com.ugapp.testcases.TC_12_MyHighSchoolGradesTest" name="overAllAcademicsTest" time="0.001">
    <skipped/>
  </testcase> <!-- overAllAcademicsTest -->
  <testcase classname="com.ugapp.testcases.TC_12_MyHighSchoolGradesTest" name="overAllAcademicsTest" time="0.005">
    <skipped/>
  </testcase> <!-- overAllAcademicsTest -->
  <testcase classname="com.ugapp.testcases.TC_12_MyHighSchoolGradesTest" name="overAllAcademicsTest" time="0.000">
    <skipped/>
  </testcase> <!-- overAllAcademicsTest -->
  <testcase classname="com.ugapp.testcases.TC_12_MyHighSchoolGradesTest" name="overAllAcademicsTest" time="0.000">
    <skipped/>
  </testcase> <!-- overAllAcademicsTest -->
  <testcase classname="com.ugapp.testcases.TC_12_MyHighSchoolGradesTest" name="overAllAcademicsTest" time="0.002">
    <skipped/>
  </testcase> <!-- overAllAcademicsTest -->
  <testcase classname="com.ugapp.testcases.TC_12_MyHighSchoolGradesTest" name="overAllAcademicsTest" time="0.000">
    <skipped/>
  </testcase> <!-- overAllAcademicsTest -->
  <testcase classname="com.ugapp.testcases.TC_12_MyHighSchoolGradesTest" name="overAllAcademicsTest" time="0.000">
    <skipped/>
  </testcase> <!-- overAllAcademicsTest -->
  <testcase classname="com.ugapp.testcases.TC_12_MyHighSchoolGradesTest" name="overAllAcademicsTest" time="0.003">
    <skipped/>
  </testcase> <!-- overAllAcademicsTest -->
  <testcase classname="com.ugapp.testcases.TC_12_MyHighSchoolGradesTest" name="overAllAcademicsTest" time="0.000">
    <skipped/>
  </testcase> <!-- overAllAcademicsTest -->
  <testcase classname="com.ugapp.testcases.TC_12_MyHighSchoolGradesTest" name="overAllAcademicsTest" time="0.000">
    <skipped/>
  </testcase> <!-- overAllAcademicsTest -->
  <testcase classname="com.ugapp.testcases.TC_12_MyHighSchoolGradesTest" name="overAllAcademicsTest" time="0.005">
    <skipped/>
  </testcase> <!-- overAllAcademicsTest -->
  <testcase classname="com.ugapp.testcases.TC_12_MyHighSchoolGradesTest" name="overAllAcademicsTest" time="0.000">
    <skipped/>
  </testcase> <!-- overAllAcademicsTest -->
  <testcase classname="com.ugapp.testcases.TC_12_MyHighSchoolGradesTest" name="overAllAcademicsTest" time="0.001">
    <skipped/>
  </testcase> <!-- overAllAcademicsTest -->
  <testcase classname="com.ugapp.testcases.TC_12_MyHighSchoolGradesTest" name="overAllAcademicsTest" time="0.000">
    <skipped/>
  </testcase> <!-- overAllAcademicsTest -->
  <testcase classname="com.ugapp.testcases.TC_12_MyHighSchoolGradesTest" name="overAllAcademicsTest" time="0.000">
    <skipped/>
  </testcase> <!-- overAllAcademicsTest -->
  <testcase classname="com.ugapp.testcases.TC_12_MyHighSchoolGradesTest" name="overAllAcademicsTest" time="0.000">
    <skipped/>
  </testcase> <!-- overAllAcademicsTest -->
  <testcase classname="com.ugapp.testcases.TC_12_MyHighSchoolGradesTest" name="overAllAcademicsTest" time="0.001">
    <skipped/>
  </testcase> <!-- overAllAcademicsTest -->
  <testcase classname="com.ugapp.testcases.TC_12_MyHighSchoolGradesTest" name="overAllAcademicsTest" time="0.000">
    <skipped/>
  </testcase> <!-- overAllAcademicsTest -->
  <testcase classname="com.ugapp.testcases.TC_12_MyHighSchoolGradesTest" name="overAllAcademicsTest" time="0.001">
    <skipped/>
  </testcase> <!-- overAllAcademicsTest -->
  <testcase classname="com.ugapp.testcases.TC_12_MyHighSchoolGradesTest" name="overAllAcademicsTest" time="0.001">
    <skipped/>
  </testcase> <!-- overAllAcademicsTest -->
  <testcase classname="com.ugapp.testcases.TC_12_MyHighSchoolGradesTest" name="overAllAcademicsTest" time="0.001">
    <skipped/>
  </testcase> <!-- overAllAcademicsTest -->
  <testcase classname="com.ugapp.testcases.TC_12_MyHighSchoolGradesTest" name="overAllAcademicsTest" time="0.000">
    <skipped/>
  </testcase> <!-- overAllAcademicsTest -->
  <testcase classname="com.ugapp.testcases.TC_12_MyHighSchoolGradesTest" name="overAllAcademicsTest" time="0.001">
    <skipped/>
  </testcase> <!-- overAllAcademicsTest -->
  <testcase classname="com.ugapp.testcases.TC_12_MyHighSchoolGradesTest" name="overAllAcademicsTest" time="0.001">
    <skipped/>
  </testcase> <!-- overAllAcademicsTest -->
  <testcase classname="com.ugapp.testcases.TC_12_MyHighSchoolGradesTest" name="overAllAcademicsTest" time="0.000">
    <skipped/>
  </testcase> <!-- overAllAcademicsTest -->
  <testcase classname="com.ugapp.testcases.TC_12_MyHighSchoolGradesTest" name="overAllAcademicsTest" time="0.000">
    <skipped/>
  </testcase> <!-- overAllAcademicsTest -->
  <testcase classname="com.ugapp.testcases.TC_12_MyHighSchoolGradesTest" name="overAllAcademicsTest" time="0.000">
    <skipped/>
  </testcase> <!-- overAllAcademicsTest -->
  <testcase classname="com.ugapp.testcases.TC_12_MyHighSchoolGradesTest" name="overAllAcademicsTest" time="0.000">
    <skipped/>
  </testcase> <!-- overAllAcademicsTest -->
  <testcase classname="com.ugapp.testcases.TC_12_MyHighSchoolGradesTest" name="overAllAcademicsTest" time="0.000">
    <skipped/>
  </testcase> <!-- overAllAcademicsTest -->
  <testcase classname="com.ugapp.testcases.TC_12_MyHighSchoolGradesTest" name="overAllAcademicsTest" time="0.001">
    <skipped/>
  </testcase> <!-- overAllAcademicsTest -->
  <testcase classname="com.ugapp.testcases.TC_12_MyHighSchoolGradesTest" name="overAllAcademicsTest" time="0.001">
    <skipped/>
  </testcase> <!-- overAllAcademicsTest -->
  <testcase classname="com.ugapp.testcases.TC_12_MyHighSchoolGradesTest" name="overAllAcademicsTest" time="0.001">
    <skipped/>
  </testcase> <!-- overAllAcademicsTest -->
  <testcase classname="com.ugapp.testcases.TC_12_MyHighSchoolGradesTest" name="overAllAcademicsTest" time="0.000">
    <skipped/>
  </testcase> <!-- overAllAcademicsTest -->
  <testcase classname="com.ugapp.testcases.TC_12_MyHighSchoolGradesTest" name="overAllAcademicsTest" time="0.001">
    <skipped/>
  </testcase> <!-- overAllAcademicsTest -->
  <testcase classname="com.ugapp.testcases.TC_12_MyHighSchoolGradesTest" name="overAllAcademicsTest" time="0.000">
    <skipped/>
  </testcase> <!-- overAllAcademicsTest -->
  <testcase classname="com.ugapp.testcases.TC_12_MyHighSchoolGradesTest" name="overAllAcademicsTest" time="0.001">
    <skipped/>
  </testcase> <!-- overAllAcademicsTest -->
  <testcase classname="com.ugapp.testcases.TC_12_MyHighSchoolGradesTest" name="overAllAcademicsTest" time="0.000">
    <skipped/>
  </testcase> <!-- overAllAcademicsTest -->
  <testcase classname="com.ugapp.testcases.TC_12_MyHighSchoolGradesTest" name="overAllAcademicsTest" time="0.000">
    <skipped/>
  </testcase> <!-- overAllAcademicsTest -->
  <testcase classname="com.ugapp.testcases.TC_12_MyHighSchoolGradesTest" name="overAllAcademicsTest" time="0.000">
    <skipped/>
  </testcase> <!-- overAllAcademicsTest -->
  <testcase classname="com.ugapp.testcases.TC_12_MyHighSchoolGradesTest" name="overAllAcademicsTest" time="0.001">
    <skipped/>
  </testcase> <!-- overAllAcademicsTest -->
  <testcase classname="com.ugapp.testcases.TC_12_MyHighSchoolGradesTest" name="overAllAcademicsTest" time="0.000">
    <skipped/>
  </testcase> <!-- overAllAcademicsTest -->
  <testcase classname="com.ugapp.testcases.TC_12_MyHighSchoolGradesTest" name="overAllAcademicsTest" time="0.004">
    <skipped/>
  </testcase> <!-- overAllAcademicsTest -->
  <testcase classname="com.ugapp.testcases.TC_12_MyHighSchoolGradesTest" name="overAllAcademicsTest" time="0.001">
    <skipped/>
  </testcase> <!-- overAllAcademicsTest -->
  <testcase classname="com.ugapp.testcases.TC_12_MyHighSchoolGradesTest" name="overAllAcademicsTest" time="0.001">
    <skipped/>
  </testcase> <!-- overAllAcademicsTest -->
  <testcase classname="com.ugapp.testcases.TC_12_MyHighSchoolGradesTest" name="overAllAcademicsTest" time="0.001">
    <skipped/>
  </testcase> <!-- overAllAcademicsTest -->
  <testcase classname="com.ugapp.testcases.TC_12_MyHighSchoolGradesTest" name="overAllAcademicsTest" time="0.000">
    <skipped/>
  </testcase> <!-- overAllAcademicsTest -->
  <testcase classname="com.ugapp.testcases.TC_12_MyHighSchoolGradesTest" name="overAllAcademicsTest" time="0.001">
    <skipped/>
  </testcase> <!-- overAllAcademicsTest -->
  <testcase classname="com.ugapp.testcases.TC_12_MyHighSchoolGradesTest" name="overAllAcademicsTest" time="0.001">
    <skipped/>
  </testcase> <!-- overAllAcademicsTest -->
  <testcase classname="com.ugapp.testcases.TC_12_MyHighSchoolGradesTest" name="overAllAcademicsTest" time="0.000">
    <skipped/>
  </testcase> <!-- overAllAcademicsTest -->
  <testcase classname="com.ugapp.testcases.TC_12_MyHighSchoolGradesTest" name="overAllAcademicsTest" time="0.001">
    <skipped/>
  </testcase> <!-- overAllAcademicsTest -->
  <testcase classname="com.ugapp.testcases.TC_12_MyHighSchoolGradesTest" name="overAllAcademicsTest" time="0.000">
    <skipped/>
  </testcase> <!-- overAllAcademicsTest -->
  <testcase classname="com.ugapp.testcases.TC_12_MyHighSchoolGradesTest" name="overAllAcademicsTest" time="0.001">
    <skipped/>
  </testcase> <!-- overAllAcademicsTest -->
  <testcase classname="com.ugapp.testcases.TC_12_MyHighSchoolGradesTest" name="overAllAcademicsTest" time="0.000">
    <skipped/>
  </testcase> <!-- overAllAcademicsTest -->
  <testcase classname="com.ugapp.testcases.TC_12_MyHighSchoolGradesTest" name="overAllAcademicsTest" time="0.001">
    <skipped/>
  </testcase> <!-- overAllAcademicsTest -->
  <testcase classname="com.ugapp.testcases.TC_12_MyHighSchoolGradesTest" name="overAllAcademicsTest" time="0.001">
    <skipped/>
  </testcase> <!-- overAllAcademicsTest -->
  <testcase classname="com.ugapp.testcases.TC_12_MyHighSchoolGradesTest" name="overAllAcademicsTest" time="0.000">
    <skipped/>
  </testcase> <!-- overAllAcademicsTest -->
  <testcase classname="com.ugapp.testcases.TC_12_MyHighSchoolGradesTest" name="overAllAcademicsTest" time="0.000">
    <skipped/>
  </testcase> <!-- overAllAcademicsTest -->
  <testcase classname="com.ugapp.testcases.TC_12_MyHighSchoolGradesTest" name="overAllAcademicsTest" time="0.000">
    <skipped/>
  </testcase> <!-- overAllAcademicsTest -->
  <testcase classname="com.ugapp.testcases.TC_12_MyHighSchoolGradesTest" name="overAllAcademicsTest" time="0.000">
    <skipped/>
  </testcase> <!-- overAllAcademicsTest -->
  <testcase classname="com.ugapp.testcases.TC_12_MyHighSchoolGradesTest" name="overAllAcademicsTest" time="0.000">
    <skipped/>
  </testcase> <!-- overAllAcademicsTest -->
  <testcase classname="com.ugapp.testcases.TC_12_MyHighSchoolGradesTest" name="overAllAcademicsTest" time="0.001">
    <skipped/>
  </testcase> <!-- overAllAcademicsTest -->
  <testcase classname="com.ugapp.testcases.TC_12_MyHighSchoolGradesTest" name="overAllAcademicsTest" time="0.000">
    <skipped/>
  </testcase> <!-- overAllAcademicsTest -->
  <testcase classname="com.ugapp.testcases.TC_12_MyHighSchoolGradesTest" name="overAllAcademicsTest" time="0.000">
    <skipped/>
  </testcase> <!-- overAllAcademicsTest -->
  <testcase classname="com.ugapp.testcases.TC_12_MyHighSchoolGradesTest" name="overAllAcademicsTest" time="0.001">
    <skipped/>
  </testcase> <!-- overAllAcademicsTest -->
  <testcase classname="com.ugapp.testcases.TC_12_MyHighSchoolGradesTest" name="overAllAcademicsTest" time="0.000">
    <skipped/>
  </testcase> <!-- overAllAcademicsTest -->
  <testcase classname="com.ugapp.testcases.TC_12_MyHighSchoolGradesTest" name="overAllAcademicsTest" time="0.000">
    <skipped/>
  </testcase> <!-- overAllAcademicsTest -->
  <testcase classname="com.ugapp.testcases.TC_12_MyHighSchoolGradesTest" name="overAllAcademicsTest" time="0.001">
    <skipped/>
  </testcase> <!-- overAllAcademicsTest -->
  <testcase classname="com.ugapp.testcases.TC_12_MyHighSchoolGradesTest" name="overAllAcademicsTest" time="0.000">
    <skipped/>
  </testcase> <!-- overAllAcademicsTest -->
  <testcase classname="com.ugapp.testcases.TC_12_MyHighSchoolGradesTest" name="overAllAcademicsTest" time="0.000">
    <skipped/>
  </testcase> <!-- overAllAcademicsTest -->
  <testcase classname="com.ugapp.testcases.TC_12_MyHighSchoolGradesTest" name="overAllAcademicsTest" time="0.001">
    <skipped/>
  </testcase> <!-- overAllAcademicsTest -->
  <testcase classname="com.ugapp.testcases.TC_12_MyHighSchoolGradesTest" name="overAllAcademicsTest" time="0.001">
    <skipped/>
  </testcase> <!-- overAllAcademicsTest -->
  <testcase classname="com.ugapp.testcases.TC_12_MyHighSchoolGradesTest" name="overAllAcademicsTest" time="0.001">
    <skipped/>
  </testcase> <!-- overAllAcademicsTest -->
  <testcase classname="com.ugapp.testcases.TC_12_MyHighSchoolGradesTest" name="overAllAcademicsTest" time="0.007">
    <skipped/>
  </testcase> <!-- overAllAcademicsTest -->
  <testcase classname="com.ugapp.testcases.TC_12_MyHighSchoolGradesTest" name="overAllAcademicsTest" time="0.001">
    <skipped/>
  </testcase> <!-- overAllAcademicsTest -->
  <testcase classname="com.ugapp.testcases.TC_12_MyHighSchoolGradesTest" name="overAllAcademicsTest" time="0.000">
    <skipped/>
  </testcase> <!-- overAllAcademicsTest -->
  <testcase classname="com.ugapp.testcases.TC_12_MyHighSchoolGradesTest" name="overAllAcademicsTest" time="0.001">
    <skipped/>
  </testcase> <!-- overAllAcademicsTest -->
  <testcase classname="com.ugapp.testcases.TC_12_MyHighSchoolGradesTest" name="overAllAcademicsTest" time="0.000">
    <skipped/>
  </testcase> <!-- overAllAcademicsTest -->
  <testcase classname="com.ugapp.testcases.TC_12_MyHighSchoolGradesTest" name="overAllAcademicsTest" time="0.000">
    <skipped/>
  </testcase> <!-- overAllAcademicsTest -->
  <testcase classname="com.ugapp.testcases.TC_12_MyHighSchoolGradesTest" name="overAllAcademicsTest" time="0.000">
    <skipped/>
  </testcase> <!-- overAllAcademicsTest -->
  <testcase classname="com.ugapp.testcases.TC_12_MyHighSchoolGradesTest" name="overAllAcademicsTest" time="0.001">
    <skipped/>
  </testcase> <!-- overAllAcademicsTest -->
  <testcase classname="com.ugapp.testcases.TC_12_MyHighSchoolGradesTest" name="overAllAcademicsTest" time="0.001">
    <skipped/>
  </testcase> <!-- overAllAcademicsTest -->
  <testcase classname="com.ugapp.testcases.TC_12_MyHighSchoolGradesTest" name="overAllAcademicsTest" time="0.000">
    <skipped/>
  </testcase> <!-- overAllAcademicsTest -->
  <testcase classname="com.ugapp.testcases.TC_12_MyHighSchoolGradesTest" name="overAllAcademicsTest" time="1.003">
    <error message="Cannot find elements when the XPath is null." type="java.lang.IllegalArgumentException">
      <![CDATA[java.lang.IllegalArgumentException: Cannot find elements when the XPath is null.
	at org.openqa.selenium.internal.Require$ArgumentChecker.nonNull(Require.java:207)
	at org.openqa.selenium.By$ByXPath.<init>(By.java:285)
	at org.openqa.selenium.By.xpath(By.java:88)
	at com.ugapp.base.Page.type(Page.java:192)
	at com.ugapp.pages.MyHighSchoolGradesPage.academicDetails(MyHighSchoolGradesPage.java:172)
	at com.ugapp.testcases.TC_12_MyHighSchoolGradesTest.overAllAcademicsTest(TC_12_MyHighSchoolGradesTest.java:59)
	at java.base/jdk.internal.reflect.DirectMethodHandleAccessor.invoke(DirectMethodHandleAccessor.java:104)
	at java.base/java.lang.reflect.Method.invoke(Method.java:578)
	at org.testng.internal.MethodInvocationHelper.invokeMethod(MethodInvocationHelper.java:108)
	at org.testng.internal.Invoker.invokeMethod(Invoker.java:661)
	at org.testng.internal.Invoker.invokeTestMethod(Invoker.java:869)
	at org.testng.internal.Invoker.invokeTestMethods(Invoker.java:1193)
	at org.testng.internal.TestMethodWorker.invokeTestMethods(TestMethodWorker.java:126)
	at org.testng.internal.TestMethodWorker.run(TestMethodWorker.java:109)
	at org.testng.TestRunner.privateRun(TestRunner.java:744)
	at org.testng.TestRunner.run(TestRunner.java:602)
	at org.testng.SuiteRunner.runTest(SuiteRunner.java:380)
	at org.testng.SuiteRunner.runSequentially(SuiteRunner.java:375)
	at org.testng.SuiteRunner.privateRun(SuiteRunner.java:340)
	at org.testng.SuiteRunner.run(SuiteRunner.java:289)
	at org.testng.SuiteRunnerWorker.runSuite(SuiteRunnerWorker.java:52)
	at org.testng.SuiteRunnerWorker.run(SuiteRunnerWorker.java:86)
	at org.testng.TestNG.runSuitesSequentially(TestNG.java:1301)
	at org.testng.TestNG.runSuitesSequentially(TestNG.java:1297)
	at org.testng.TestNG.runSuitesLocally(TestNG.java:1226)
	at org.testng.TestNG.runSuites(TestNG.java:1144)
	at org.testng.TestNG.run(TestNG.java:1115)
	at org.testng.remote.AbstractRemoteTestNG.run(AbstractRemoteTestNG.java:115)
	at org.testng.remote.RemoteTestNG.initAndRun(RemoteTestNG.java:251)
	at org.testng.remote.RemoteTestNG.main(RemoteTestNG.java:77)
]]>
    </error>
  </testcase> <!-- overAllAcademicsTest -->
  <testcase classname="com.ugapp.testcases.TC_12_MyHighSchoolGradesTest" name="overAllAcademicsTest" time="0.000">
    <skipped/>
  </testcase> <!-- overAllAcademicsTest -->
  <testcase classname="com.ugapp.testcases.TC_12_MyHighSchoolGradesTest" name="overAllAcademicsTest" time="0.000">
    <skipped/>
  </testcase> <!-- overAllAcademicsTest -->
  <testcase classname="com.ugapp.testcases.TC_12_MyHighSchoolGradesTest" name="overAllAcademicsTest" time="0.000">
    <skipped/>
  </testcase> <!-- overAllAcademicsTest -->
  <testcase classname="com.ugapp.testcases.TC_12_MyHighSchoolGradesTest" name="overAllAcademicsTest" time="0.001">
    <skipped/>
  </testcase> <!-- overAllAcademicsTest -->
  <testcase classname="com.ugapp.testcases.TC_12_MyHighSchoolGradesTest" name="overAllAcademicsTest" time="0.001">
    <skipped/>
  </testcase> <!-- overAllAcademicsTest -->
  <testcase classname="com.ugapp.testcases.TC_12_MyHighSchoolGradesTest" name="overAllAcademicsTest" time="0.001">
    <skipped/>
  </testcase> <!-- overAllAcademicsTest -->
  <testcase classname="com.ugapp.testcases.TC_12_MyHighSchoolGradesTest" name="overAllAcademicsTest" time="0.001">
    <skipped/>
  </testcase> <!-- overAllAcademicsTest -->
  <testcase classname="com.ugapp.testcases.TC_12_MyHighSchoolGradesTest" name="overAllAcademicsTest" time="0.000">
    <skipped/>
  </testcase> <!-- overAllAcademicsTest -->
  <testcase classname="com.ugapp.testcases.TC_12_MyHighSchoolGradesTest" name="overAllAcademicsTest" time="0.001">
    <skipped/>
  </testcase> <!-- overAllAcademicsTest -->
  <testcase classname="com.ugapp.testcases.TC_12_MyHighSchoolGradesTest" name="overAllAcademicsTest" time="0.000">
    <skipped/>
  </testcase> <!-- overAllAcademicsTest -->
  <testcase classname="com.ugapp.testcases.TC_12_MyHighSchoolGradesTest" name="overAllAcademicsTest" time="0.000">
    <skipped/>
  </testcase> <!-- overAllAcademicsTest -->
  <testcase classname="com.ugapp.testcases.TC_12_MyHighSchoolGradesTest" name="overAllAcademicsTest" time="0.002">
    <skipped/>
  </testcase> <!-- overAllAcademicsTest -->
  <testcase classname="com.ugapp.testcases.TC_12_MyHighSchoolGradesTest" name="overAllAcademicsTest" time="0.000">
    <skipped/>
  </testcase> <!-- overAllAcademicsTest -->
  <testcase classname="com.ugapp.testcases.TC_12_MyHighSchoolGradesTest" name="overAllAcademicsTest" time="0.000">
    <skipped/>
  </testcase> <!-- overAllAcademicsTest -->
  <testcase classname="com.ugapp.testcases.TC_12_MyHighSchoolGradesTest" name="overAllAcademicsTest" time="0.001">
    <skipped/>
  </testcase> <!-- overAllAcademicsTest -->
  <testcase classname="com.ugapp.testcases.TC_12_MyHighSchoolGradesTest" name="overAllAcademicsTest" time="0.000">
    <skipped/>
  </testcase> <!-- overAllAcademicsTest -->
  <testcase classname="com.ugapp.testcases.TC_12_MyHighSchoolGradesTest" name="overAllAcademicsTest" time="0.000">
    <skipped/>
  </testcase> <!-- overAllAcademicsTest -->
  <testcase classname="com.ugapp.testcases.TC_12_MyHighSchoolGradesTest" name="overAllAcademicsTest" time="0.001">
    <skipped/>
  </testcase> <!-- overAllAcademicsTest -->
  <testcase classname="com.ugapp.testcases.TC_12_MyHighSchoolGradesTest" name="overAllAcademicsTest" time="0.000">
    <skipped/>
  </testcase> <!-- overAllAcademicsTest -->
  <testcase classname="com.ugapp.testcases.TC_12_MyHighSchoolGradesTest" name="overAllAcademicsTest" time="0.001">
    <skipped/>
  </testcase> <!-- overAllAcademicsTest -->
  <testcase classname="com.ugapp.testcases.TC_12_MyHighSchoolGradesTest" name="overAllAcademicsTest" time="0.000">
    <skipped/>
  </testcase> <!-- overAllAcademicsTest -->
  <testcase classname="com.ugapp.testcases.TC_12_MyHighSchoolGradesTest" name="overAllAcademicsTest" time="0.001">
    <skipped/>
  </testcase> <!-- overAllAcademicsTest -->
  <testcase classname="com.ugapp.testcases.TC_12_MyHighSchoolGradesTest" name="overAllAcademicsTest" time="0.000">
    <skipped/>
  </testcase> <!-- overAllAcademicsTest -->
  <testcase classname="com.ugapp.testcases.TC_12_MyHighSchoolGradesTest" name="overAllAcademicsTest" time="0.000">
    <skipped/>
  </testcase> <!-- overAllAcademicsTest -->
  <testcase classname="com.ugapp.testcases.TC_12_MyHighSchoolGradesTest" name="overAllAcademicsTest" time="0.001">
    <skipped/>
  </testcase> <!-- overAllAcademicsTest -->
  <testcase classname="com.ugapp.testcases.TC_12_MyHighSchoolGradesTest" name="overAllAcademicsTest" time="0.000">
    <skipped/>
  </testcase> <!-- overAllAcademicsTest -->
  <testcase classname="com.ugapp.testcases.TC_12_MyHighSchoolGradesTest" name="overAllAcademicsTest" time="0.012">
    <skipped/>
  </testcase> <!-- overAllAcademicsTest -->
  <testcase classname="com.ugapp.testcases.TC_12_MyHighSchoolGradesTest" name="overAllAcademicsTest" time="0.001">
    <skipped/>
  </testcase> <!-- overAllAcademicsTest -->
  <testcase classname="com.ugapp.testcases.TC_12_MyHighSchoolGradesTest" name="overAllAcademicsTest" time="0.000">
    <skipped/>
  </testcase> <!-- overAllAcademicsTest -->
  <testcase classname="com.ugapp.testcases.TC_12_MyHighSchoolGradesTest" name="overAllAcademicsTest" time="0.001">
    <skipped/>
  </testcase> <!-- overAllAcademicsTest -->
  <testcase classname="com.ugapp.testcases.TC_12_MyHighSchoolGradesTest" name="overAllAcademicsTest" time="0.001">
    <skipped/>
  </testcase> <!-- overAllAcademicsTest -->
  <testcase classname="com.ugapp.testcases.TC_12_MyHighSchoolGradesTest" name="overAllAcademicsTest" time="0.000">
    <skipped/>
  </testcase> <!-- overAllAcademicsTest -->
  <testcase classname="com.ugapp.testcases.TC_12_MyHighSchoolGradesTest" name="overAllAcademicsTest" time="0.001">
    <skipped/>
  </testcase> <!-- overAllAcademicsTest -->
  <testcase classname="com.ugapp.testcases.TC_12_MyHighSchoolGradesTest" name="overAllAcademicsTest" time="0.000">
    <skipped/>
  </testcase> <!-- overAllAcademicsTest -->
  <testcase classname="com.ugapp.testcases.TC_12_MyHighSchoolGradesTest" name="overAllAcademicsTest" time="0.000">
    <skipped/>
  </testcase> <!-- overAllAcademicsTest -->
  <testcase classname="com.ugapp.testcases.TC_12_MyHighSchoolGradesTest" name="overAllAcademicsTest" time="0.000">
    <skipped/>
  </testcase> <!-- overAllAcademicsTest -->
  <testcase classname="com.ugapp.testcases.TC_12_MyHighSchoolGradesTest" name="overAllAcademicsTest" time="0.001">
    <skipped/>
  </testcase> <!-- overAllAcademicsTest -->
  <testcase classname="com.ugapp.testcases.TC_12_MyHighSchoolGradesTest" name="overAllAcademicsTest" time="0.001">
    <skipped/>
  </testcase> <!-- overAllAcademicsTest -->
  <testcase classname="com.ugapp.testcases.TC_12_MyHighSchoolGradesTest" name="overAllAcademicsTest" time="0.002">
    <skipped/>
  </testcase> <!-- overAllAcademicsTest -->
  <testcase classname="com.ugapp.testcases.TC_12_MyHighSchoolGradesTest" name="overAllAcademicsTest" time="0.001">
    <skipped/>
  </testcase> <!-- overAllAcademicsTest -->
  <testcase classname="com.ugapp.testcases.TC_12_MyHighSchoolGradesTest" name="overAllAcademicsTest" time="0.000">
    <skipped/>
  </testcase> <!-- overAllAcademicsTest -->
  <testcase classname="com.ugapp.testcases.TC_12_MyHighSchoolGradesTest" name="overAllAcademicsTest" time="0.000">
    <skipped/>
  </testcase> <!-- overAllAcademicsTest -->
  <testcase classname="com.ugapp.testcases.TC_12_MyHighSchoolGradesTest" name="overAllAcademicsTest" time="0.001">
    <skipped/>
  </testcase> <!-- overAllAcademicsTest -->
  <testcase classname="com.ugapp.testcases.TC_12_MyHighSchoolGradesTest" name="overAllAcademicsTest" time="0.000">
    <skipped/>
  </testcase> <!-- overAllAcademicsTest -->
  <testcase classname="com.ugapp.testcases.TC_12_MyHighSchoolGradesTest" name="overAllAcademicsTest" time="0.000">
    <skipped/>
  </testcase> <!-- overAllAcademicsTest -->
  <testcase classname="com.ugapp.testcases.TC_12_MyHighSchoolGradesTest" name="overAllAcademicsTest" time="0.000">
    <skipped/>
  </testcase> <!-- overAllAcademicsTest -->
  <testcase classname="com.ugapp.testcases.TC_12_MyHighSchoolGradesTest" name="overAllAcademicsTest" time="0.000">
    <skipped/>
  </testcase> <!-- overAllAcademicsTest -->
  <testcase classname="com.ugapp.testcases.TC_12_MyHighSchoolGradesTest" name="overAllAcademicsTest" time="0.000">
    <skipped/>
  </testcase> <!-- overAllAcademicsTest -->
  <testcase classname="com.ugapp.testcases.TC_12_MyHighSchoolGradesTest" name="overAllAcademicsTest" time="0.000">
    <skipped/>
  </testcase> <!-- overAllAcademicsTest -->
  <testcase classname="com.ugapp.testcases.TC_12_MyHighSchoolGradesTest" name="overAllAcademicsTest" time="0.000">
    <skipped/>
  </testcase> <!-- overAllAcademicsTest -->
  <testcase classname="com.ugapp.testcases.TC_12_MyHighSchoolGradesTest" name="overAllAcademicsTest" time="0.001">
    <skipped/>
  </testcase> <!-- overAllAcademicsTest -->
  <testcase classname="com.ugapp.testcases.TC_12_MyHighSchoolGradesTest" name="overAllAcademicsTest" time="0.001">
    <skipped/>
  </testcase> <!-- overAllAcademicsTest -->
  <testcase classname="com.ugapp.testcases.TC_12_MyHighSchoolGradesTest" name="overAllAcademicsTest" time="0.001">
    <skipped/>
  </testcase> <!-- overAllAcademicsTest -->
  <testcase classname="com.ugapp.testcases.TC_12_MyHighSchoolGradesTest" name="overAllAcademicsTest" time="0.001">
    <skipped/>
  </testcase> <!-- overAllAcademicsTest -->
  <testcase classname="com.ugapp.testcases.TC_12_MyHighSchoolGradesTest" name="overAllAcademicsTest" time="0.000">
    <skipped/>
  </testcase> <!-- overAllAcademicsTest -->
  <testcase classname="com.ugapp.testcases.TC_12_MyHighSchoolGradesTest" name="overAllAcademicsTest" time="0.000">
    <skipped/>
  </testcase> <!-- overAllAcademicsTest -->
  <testcase classname="com.ugapp.testcases.TC_12_MyHighSchoolGradesTest" name="overAllAcademicsTest" time="0.000">
    <skipped/>
  </testcase> <!-- overAllAcademicsTest -->
  <testcase classname="com.ugapp.testcases.TC_12_MyHighSchoolGradesTest" name="overAllAcademicsTest" time="0.001">
    <skipped/>
  </testcase> <!-- overAllAcademicsTest -->
  <testcase classname="com.ugapp.testcases.TC_12_MyHighSchoolGradesTest" name="overAllAcademicsTest" time="0.001">
    <skipped/>
  </testcase> <!-- overAllAcademicsTest -->
  <testcase classname="com.ugapp.testcases.TC_12_MyHighSchoolGradesTest" name="overAllAcademicsTest" time="0.000">
    <skipped/>
  </testcase> <!-- overAllAcademicsTest -->
  <testcase classname="com.ugapp.testcases.TC_12_MyHighSchoolGradesTest" name="overAllAcademicsTest" time="0.000">
    <skipped/>
  </testcase> <!-- overAllAcademicsTest -->
  <testcase classname="com.ugapp.testcases.TC_12_MyHighSchoolGradesTest" name="overAllAcademicsTest" time="0.001">
    <skipped/>
  </testcase> <!-- overAllAcademicsTest -->
  <testcase classname="com.ugapp.testcases.TC_12_MyHighSchoolGradesTest" name="overAllAcademicsTest" time="0.001">
    <skipped/>
  </testcase> <!-- overAllAcademicsTest -->
  <testcase classname="com.ugapp.testcases.TC_12_MyHighSchoolGradesTest" name="overAllAcademicsTest" time="0.001">
    <skipped/>
  </testcase> <!-- overAllAcademicsTest -->
  <testcase classname="com.ugapp.testcases.TC_12_MyHighSchoolGradesTest" name="overAllAcademicsTest" time="0.000">
    <skipped/>
  </testcase> <!-- overAllAcademicsTest -->
  <testcase classname="com.ugapp.testcases.TC_12_MyHighSchoolGradesTest" name="overAllAcademicsTest" time="0.000">
    <skipped/>
  </testcase> <!-- overAllAcademicsTest -->
  <testcase classname="com.ugapp.testcases.TC_12_MyHighSchoolGradesTest" name="overAllAcademicsTest" time="0.000">
    <skipped/>
  </testcase> <!-- overAllAcademicsTest -->
  <testcase classname="com.ugapp.testcases.TC_12_MyHighSchoolGradesTest" name="overAllAcademicsTest" time="0.000">
    <skipped/>
  </testcase> <!-- overAllAcademicsTest -->
  <testcase classname="com.ugapp.testcases.TC_12_MyHighSchoolGradesTest" name="overAllAcademicsTest" time="0.001">
    <skipped/>
  </testcase> <!-- overAllAcademicsTest -->
  <testcase classname="com.ugapp.testcases.TC_12_MyHighSchoolGradesTest" name="overAllAcademicsTest" time="0.002">
    <skipped/>
  </testcase> <!-- overAllAcademicsTest -->
  <testcase classname="com.ugapp.testcases.TC_12_MyHighSchoolGradesTest" name="overAllAcademicsTest" time="0.001">
    <skipped/>
  </testcase> <!-- overAllAcademicsTest -->
  <testcase classname="com.ugapp.testcases.TC_12_MyHighSchoolGradesTest" name="overAllAcademicsTest" time="0.000">
    <skipped/>
  </testcase> <!-- overAllAcademicsTest -->
  <testcase classname="com.ugapp.testcases.TC_12_MyHighSchoolGradesTest" name="overAllAcademicsTest" time="0.001">
    <skipped/>
  </testcase> <!-- overAllAcademicsTest -->
  <testcase classname="com.ugapp.testcases.TC_12_MyHighSchoolGradesTest" name="overAllAcademicsTest" time="0.001">
    <skipped/>
  </testcase> <!-- overAllAcademicsTest -->
  <testcase classname="com.ugapp.testcases.TC_12_MyHighSchoolGradesTest" name="overAllAcademicsTest" time="0.001">
    <skipped/>
  </testcase> <!-- overAllAcademicsTest -->
  <testcase classname="com.ugapp.testcases.TC_12_MyHighSchoolGradesTest" name="overAllAcademicsTest" time="0.000">
    <skipped/>
  </testcase> <!-- overAllAcademicsTest -->
  <testcase classname="com.ugapp.testcases.TC_12_MyHighSchoolGradesTest" name="overAllAcademicsTest" time="0.000">
    <skipped/>
  </testcase> <!-- overAllAcademicsTest -->
  <testcase classname="com.ugapp.testcases.TC_12_MyHighSchoolGradesTest" name="overAllAcademicsTest" time="0.000">
    <skipped/>
  </testcase> <!-- overAllAcademicsTest -->
  <testcase classname="com.ugapp.testcases.TC_12_MyHighSchoolGradesTest" name="overAllAcademicsTest" time="0.001">
    <skipped/>
  </testcase> <!-- overAllAcademicsTest -->
  <testcase classname="com.ugapp.testcases.TC_12_MyHighSchoolGradesTest" name="overAllAcademicsTest" time="0.004">
    <skipped/>
  </testcase> <!-- overAllAcademicsTest -->
  <testcase classname="com.ugapp.testcases.TC_12_MyHighSchoolGradesTest" name="overAllAcademicsTest" time="0.001">
    <skipped/>
  </testcase> <!-- overAllAcademicsTest -->
  <testcase classname="com.ugapp.testcases.TC_12_MyHighSchoolGradesTest" name="overAllAcademicsTest" time="0.000">
    <skipped/>
  </testcase> <!-- overAllAcademicsTest -->
  <testcase classname="com.ugapp.testcases.TC_12_MyHighSchoolGradesTest" name="overAllAcademicsTest" time="0.000">
    <skipped/>
  </testcase> <!-- overAllAcademicsTest -->
  <testcase classname="com.ugapp.testcases.TC_12_MyHighSchoolGradesTest" name="overAllAcademicsTest" time="0.000">
    <skipped/>
  </testcase> <!-- overAllAcademicsTest -->
  <testcase classname="com.ugapp.testcases.TC_12_MyHighSchoolGradesTest" name="overAllAcademicsTest" time="0.000">
    <skipped/>
  </testcase> <!-- overAllAcademicsTest -->
  <testcase classname="com.ugapp.testcases.TC_12_MyHighSchoolGradesTest" name="overAllAcademicsTest" time="0.001">
    <skipped/>
  </testcase> <!-- overAllAcademicsTest -->
  <testcase classname="com.ugapp.testcases.TC_12_MyHighSchoolGradesTest" name="overAllAcademicsTest" time="0.000">
    <skipped/>
  </testcase> <!-- overAllAcademicsTest -->
  <testcase classname="com.ugapp.testcases.TC_12_MyHighSchoolGradesTest" name="overAllAcademicsTest" time="0.001">
    <skipped/>
  </testcase> <!-- overAllAcademicsTest -->
  <testcase classname="com.ugapp.testcases.TC_12_MyHighSchoolGradesTest" name="overAllAcademicsTest" time="0.001">
    <skipped/>
  </testcase> <!-- overAllAcademicsTest -->
  <testcase classname="com.ugapp.testcases.TC_12_MyHighSchoolGradesTest" name="overAllAcademicsTest" time="0.001">
    <skipped/>
  </testcase> <!-- overAllAcademicsTest -->
  <testcase classname="com.ugapp.testcases.TC_12_MyHighSchoolGradesTest" name="overAllAcademicsTest" time="0.001">
    <skipped/>
  </testcase> <!-- overAllAcademicsTest -->
  <testcase classname="com.ugapp.testcases.TC_12_MyHighSchoolGradesTest" name="overAllAcademicsTest" time="1.004">
    <error message="Cannot find elements when the XPath is null." type="java.lang.IllegalArgumentException">
      <![CDATA[java.lang.IllegalArgumentException: Cannot find elements when the XPath is null.
	at org.openqa.selenium.internal.Require$ArgumentChecker.nonNull(Require.java:207)
	at org.openqa.selenium.By$ByXPath.<init>(By.java:285)
	at org.openqa.selenium.By.xpath(By.java:88)
	at com.ugapp.base.Page.type(Page.java:192)
	at com.ugapp.pages.MyHighSchoolGradesPage.academicDetails(MyHighSchoolGradesPage.java:172)
	at com.ugapp.testcases.TC_12_MyHighSchoolGradesTest.overAllAcademicsTest(TC_12_MyHighSchoolGradesTest.java:59)
	at java.base/jdk.internal.reflect.DirectMethodHandleAccessor.invoke(DirectMethodHandleAccessor.java:104)
	at java.base/java.lang.reflect.Method.invoke(Method.java:578)
	at org.testng.internal.MethodInvocationHelper.invokeMethod(MethodInvocationHelper.java:108)
	at org.testng.internal.Invoker.invokeMethod(Invoker.java:661)
	at org.testng.internal.Invoker.invokeTestMethod(Invoker.java:869)
	at org.testng.internal.Invoker.invokeTestMethods(Invoker.java:1193)
	at org.testng.internal.TestMethodWorker.invokeTestMethods(TestMethodWorker.java:126)
	at org.testng.internal.TestMethodWorker.run(TestMethodWorker.java:109)
	at org.testng.TestRunner.privateRun(TestRunner.java:744)
	at org.testng.TestRunner.run(TestRunner.java:602)
	at org.testng.SuiteRunner.runTest(SuiteRunner.java:380)
	at org.testng.SuiteRunner.runSequentially(SuiteRunner.java:375)
	at org.testng.SuiteRunner.privateRun(SuiteRunner.java:340)
	at org.testng.SuiteRunner.run(SuiteRunner.java:289)
	at org.testng.SuiteRunnerWorker.runSuite(SuiteRunnerWorker.java:52)
	at org.testng.SuiteRunnerWorker.run(SuiteRunnerWorker.java:86)
	at org.testng.TestNG.runSuitesSequentially(TestNG.java:1301)
	at org.testng.TestNG.runSuitesSequentially(TestNG.java:1297)
	at org.testng.TestNG.runSuitesLocally(TestNG.java:1226)
	at org.testng.TestNG.runSuites(TestNG.java:1144)
	at org.testng.TestNG.run(TestNG.java:1115)
	at org.testng.remote.AbstractRemoteTestNG.run(AbstractRemoteTestNG.java:115)
	at org.testng.remote.RemoteTestNG.initAndRun(RemoteTestNG.java:251)
	at org.testng.remote.RemoteTestNG.main(RemoteTestNG.java:77)
]]>
    </error>
  </testcase> <!-- overAllAcademicsTest -->
  <testcase classname="com.ugapp.testcases.TC_12_MyHighSchoolGradesTest" name="overAllAcademicsTest" time="0.000">
    <skipped/>
  </testcase> <!-- overAllAcademicsTest -->
  <testcase classname="com.ugapp.testcases.TC_12_MyHighSchoolGradesTest" name="overAllAcademicsTest" time="0.000">
    <skipped/>
  </testcase> <!-- overAllAcademicsTest -->
  <testcase classname="com.ugapp.testcases.TC_12_MyHighSchoolGradesTest" name="overAllAcademicsTest" time="0.001">
    <skipped/>
  </testcase> <!-- overAllAcademicsTest -->
  <testcase classname="com.ugapp.testcases.TC_12_MyHighSchoolGradesTest" name="overAllAcademicsTest" time="0.001">
    <skipped/>
  </testcase> <!-- overAllAcademicsTest -->
  <testcase classname="com.ugapp.testcases.TC_12_MyHighSchoolGradesTest" name="overAllAcademicsTest" time="0.000">
    <skipped/>
  </testcase> <!-- overAllAcademicsTest -->
  <testcase classname="com.ugapp.testcases.TC_12_MyHighSchoolGradesTest" name="overAllAcademicsTest" time="0.000">
    <skipped/>
  </testcase> <!-- overAllAcademicsTest -->
  <testcase classname="com.ugapp.testcases.TC_12_MyHighSchoolGradesTest" name="overAllAcademicsTest" time="0.000">
    <skipped/>
  </testcase> <!-- overAllAcademicsTest -->
  <testcase classname="com.ugapp.testcases.TC_12_MyHighSchoolGradesTest" name="overAllAcademicsTest" time="0.001">
    <skipped/>
  </testcase> <!-- overAllAcademicsTest -->
  <testcase classname="com.ugapp.testcases.TC_12_MyHighSchoolGradesTest" name="overAllAcademicsTest" time="0.000">
    <skipped/>
  </testcase> <!-- overAllAcademicsTest -->
  <testcase classname="com.ugapp.testcases.TC_12_MyHighSchoolGradesTest" name="overAllAcademicsTest" time="0.001">
    <skipped/>
  </testcase> <!-- overAllAcademicsTest -->
  <testcase classname="com.ugapp.testcases.TC_12_MyHighSchoolGradesTest" name="overAllAcademicsTest" time="0.000">
    <skipped/>
  </testcase> <!-- overAllAcademicsTest -->
  <testcase classname="com.ugapp.testcases.TC_12_MyHighSchoolGradesTest" name="overAllAcademicsTest" time="0.000">
    <skipped/>
  </testcase> <!-- overAllAcademicsTest -->
  <testcase classname="com.ugapp.testcases.TC_12_MyHighSchoolGradesTest" name="overAllAcademicsTest" time="0.000">
    <skipped/>
  </testcase> <!-- overAllAcademicsTest -->
  <testcase classname="com.ugapp.testcases.TC_12_MyHighSchoolGradesTest" name="overAllAcademicsTest" time="0.001">
    <skipped/>
  </testcase> <!-- overAllAcademicsTest -->
  <testcase classname="com.ugapp.testcases.TC_12_MyHighSchoolGradesTest" name="overAllAcademicsTest" time="0.000">
    <skipped/>
  </testcase> <!-- overAllAcademicsTest -->
  <testcase classname="com.ugapp.testcases.TC_12_MyHighSchoolGradesTest" name="overAllAcademicsTest" time="0.000">
    <skipped/>
  </testcase> <!-- overAllAcademicsTest -->
[...]
    <skipped/>
  </testcase> <!-- overAllAcademicsTest -->
  <testcase classname="com.ugapp.testcases.TC_12_MyHighSchoolGradesTest" name="overAllAcademicsTest" time="0.004">
    <skipped/>
  </testcase> <!-- overAllAcademicsTest -->
  <testcase classname="com.ugapp.testcases.TC_12_MyHighSchoolGradesTest" name="overAllAcademicsTest" time="0.001">
    <skipped/>
  </testcase> <!-- overAllAcademicsTest -->
  <testcase classname="com.ugapp.testcases.TC_12_MyHighSchoolGradesTest" name="overAllAcademicsTest" time="0.000">
    <skipped/>
  </testcase> <!-- overAllAcademicsTest -->
  <testcase classname="com.ugapp.testcases.TC_12_MyHighSchoolGradesTest" name="overAllAcademicsTest" time="0.000">
    <skipped/>
  </testcase> <!-- overAllAcademicsTest -->
  <testcase classname="com.ugapp.testcases.TC_12_MyHighSchoolGradesTest" name="overAllAcademicsTest" time="0.001">
    <skipped/>
  </testcase> <!-- overAllAcademicsTest -->
  <testcase classname="com.ugapp.testcases.TC_12_MyHighSchoolGradesTest" name="overAllAcademicsTest" time="0.000">
    <skipped/>
  </testcase> <!-- overAllAcademicsTest -->
  <testcase classname="com.ugapp.testcases.TC_12_MyHighSchoolGradesTest" name="overAllAcademicsTest" time="0.000">
    <skipped/>
  </testcase> <!-- overAllAcademicsTest -->
  <testcase classname="com.ugapp.testcases.TC_12_MyHighSchoolGradesTest" name="overAllAcademicsTest" time="0.000">
    <skipped/>
  </testcase> <!-- overAllAcademicsTest -->
  <testcase classname="com.ugapp.testcases.TC_12_MyHighSchoolGradesTest" name="overAllAcademicsTest" time="0.000">
    <skipped/>
  </testcase> <!-- overAllAcademicsTest -->
  <testcase classname="com.ugapp.testcases.TC_12_MyHighSchoolGradesTest" name="overAllAcademicsTest" time="0.001">
    <skipped/>
  </testcase> <!-- overAllAcademicsTest -->
  <testcase classname="com.ugapp.testcases.TC_12_MyHighSchoolGradesTest" name="overAllAcademicsTest" time="0.000">
    <skipped/>
  </testcase> <!-- overAllAcademicsTest -->
  <testcase classname="com.ugapp.testcases.TC_12_MyHighSchoolGradesTest" name="overAllAcademicsTest" time="0.001">
    <skipped/>
  </testcase> <!-- overAllAcademicsTest -->
  <testcase classname="com.ugapp.testcases.TC_12_MyHighSchoolGradesTest" name="overAllAcademicsTest" time="0.000">
    <skipped/>
  </testcase> <!-- overAllAcademicsTest -->
  <testcase classname="com.ugapp.testcases.TC_12_MyHighSchoolGradesTest" name="overAllAcademicsTest" time="0.001">
    <skipped/>
  </testcase> <!-- overAllAcademicsTest -->
  <testcase classname="com.ugapp.testcases.TC_12_MyHighSchoolGradesTest" name="overAllAcademicsTest" time="0.000">
    <skipped/>
  </testcase> <!-- overAllAcademicsTest -->
  <testcase classname="com.ugapp.testcases.TC_12_MyHighSchoolGradesTest" name="overAllAcademicsTest" time="0.001">
    <skipped/>
  </testcase> <!-- overAllAcademicsTest -->
  <testcase classname="com.ugapp.testcases.TC_12_MyHighSchoolGradesTest" name="overAllAcademicsTest" time="0.001">
    <skipped/>
  </testcase> <!-- overAllAcademicsTest -->
  <testcase classname="com.ugapp.testcases.TC_12_MyHighSchoolGradesTest" name="overAllAcademicsTest" time="0.001">
    <skipped/>
  </testcase> <!-- overAllAcademicsTest -->
  <testcase classname="com.ugapp.testcases.TC_12_MyHighSchoolGradesTest" name="overAllAcademicsTest" time="0.000">
    <skipped/>
  </testcase> <!-- overAllAcademicsTest -->
  <testcase classname="com.ugapp.testcases.TC_12_MyHighSchoolGradesTest" name="overAllAcademicsTest" time="0.000">
    <skipped/>
  </testcase> <!-- overAllAcademicsTest -->
  <testcase classname="com.ugapp.testcases.TC_12_MyHighSchoolGradesTest" name="overAllAcademicsTest" time="0.000">
    <skipped/>
  </testcase> <!-- overAllAcademicsTest -->
  <testcase classname="com.ugapp.testcases.TC_12_MyHighSchoolGradesTest" name="overAllAcademicsTest" time="0.001">
    <skipped/>
  </testcase> <!-- overAllAcademicsTest -->
  <testcase classname="com.ugapp.testcases.TC_12_MyHighSchoolGradesTest" name="overAllAcademicsTest" time="0.001">
    <skipped/>
  </testcase> <!-- overAllAcademicsTest -->
  <testcase classname="com.ugapp.testcases.TC_12_MyHighSchoolGradesTest" name="overAllAcademicsTest" time="0.001">
    <skipped/>
  </testcase> <!-- overAllAcademicsTest -->
  <testcase classname="com.ugapp.testcases.TC_12_MyHighSchoolGradesTest" name="overAllAcademicsTest" time="0.001">
    <skipped/>
  </testcase> <!-- overAllAcademicsTest -->
  <testcase classname="com.ugapp.testcases.TC_12_MyHighSchoolGradesTest" name="overAllAcademicsTest" time="0.000">
    <skipped/>
  </testcase> <!-- overAllAcademicsTest -->
  <testcase classname="com.ugapp.testcases.TC_12_MyHighSchoolGradesTest" name="overAllAcademicsTest" time="0.001">
    <skipped/>
  </testcase> <!-- overAllAcademicsTest -->
  <testcase classname="com.ugapp.testcases.TC_12_MyHighSchoolGradesTest" name="overAllAcademicsTest" time="0.000">
    <skipped/>
  </testcase> <!-- overAllAcademicsTest -->
  <testcase classname="com.ugapp.testcases.TC_12_MyHighSchoolGradesTest" name="overAllAcademicsTest" time="0.000">
    <skipped/>
  </testcase> <!-- overAllAcademicsTest -->
  <testcase classname="com.ugapp.testcases.TC_12_MyHighSchoolGradesTest" name="overAllAcademicsTest" time="0.002">
    <skipped/>
  </testcase> <!-- overAllAcademicsTest -->
  <testcase classname="com.ugapp.testcases.TC_12_MyHighSchoolGradesTest" name="overAllAcademicsTest" time="0.000">
    <skipped/>
  </testcase> <!-- overAllAcademicsTest -->
  <testcase classname="com.ugapp.testcases.TC_12_MyHighSchoolGradesTest" name="overAllAcademicsTest" time="0.000">
    <skipped/>
  </testcase> <!-- overAllAcademicsTest -->
  <testcase classname="com.ugapp.testcases.TC_12_MyHighSchoolGradesTest" name="overAllAcademicsTest" time="0.000">
    <skipped/>
  </testcase> <!-- overAllAcademicsTest -->
  <testcase classname="com.ugapp.testcases.TC_12_MyHighSchoolGradesTest" name="overAllAcademicsTest" time="0.000">
    <skipped/>
  </testcase> <!-- overAllAcademicsTest -->
  <testcase classname="com.ugapp.testcases.TC_12_MyHighSchoolGradesTest" name="overAllAcademicsTest" time="0.000">
    <skipped/>
  </testcase> <!-- overAllAcademicsTest -->
  <testcase classname="com.ugapp.testcases.TC_12_MyHighSchoolGradesTest" name="overAllAcademicsTest" time="0.000">
    <skipped/>
  </testcase> <!-- overAllAcademicsTest -->
  <testcase classname="com.ugapp.testcases.TC_12_MyHighSchoolGradesTest" name="overAllAcademicsTest" time="0.004">
    <skipped/>
  </testcase> <!-- overAllAcademicsTest -->
  <testcase classname="com.ugapp.testcases.TC_12_MyHighSchoolGradesTest" name="overAllAcademicsTest" time="0.000">
    <skipped/>
  </testcase> <!-- overAllAcademicsTest -->
  <testcase classname="com.ugapp.testcases.TC_12_MyHighSchoolGradesTest" name="overAllAcademicsTest" time="0.000">
    <skipped/>
  </testcase> <!-- overAllAcademicsTest -->
  <testcase classname="com.ugapp.testcases.TC_12_MyHighSchoolGradesTest" name="overAllAcademicsTest" time="0.001">
    <skipped/>
  </testcase> <!-- overAllAcademicsTest -->
  <testcase classname="com.ugapp.testcases.TC_12_MyHighSchoolGradesTest" name="overAllAcademicsTest" time="0.000">
    <skipped/>
  </testcase> <!-- overAllAcademicsTest -->
  <testcase classname="com.ugapp.testcases.TC_12_MyHighSchoolGradesTest" name="overAllAcademicsTest" time="0.001">
    <skipped/>
  </testcase> <!-- overAllAcademicsTest -->
  <testcase classname="com.ugapp.testcases.TC_12_MyHighSchoolGradesTest" name="overAllAcademicsTest" time="0.001">
    <skipped/>
  </testcase> <!-- overAllAcademicsTest -->
  <testcase classname="com.ugapp.testcases.TC_12_MyHighSchoolGradesTest" name="overAllAcademicsTest" time="0.001">
    <skipped/>
  </testcase> <!-- overAllAcademicsTest -->
  <testcase classname="com.ugapp.testcases.TC_12_MyHighSchoolGradesTest" name="overAllAcademicsTest" time="0.000">
    <skipped/>
  </testcase> <!-- overAllAcademicsTest -->
  <testcase classname="com.ugapp.testcases.TC_12_MyHighSchoolGradesTest" name="overAllAcademicsTest" time="0.001">
    <skipped/>
  </testcase> <!-- overAllAcademicsTest -->
  <testcase classname="com.ugapp.testcases.TC_12_MyHighSchoolGradesTest" name="overAllAcademicsTest" time="0.000">
    <skipped/>
  </testcase> <!-- overAllAcademicsTest -->
  <testcase classname="com.ugapp.testcases.TC_12_MyHighSchoolGradesTest" name="overAllAcademicsTest" time="0.000">
    <skipped/>
  </testcase> <!-- overAllAcademicsTest -->
  <testcase classname="com.ugapp.testcases.TC_12_MyHighSchoolGradesTest" name="overAllAcademicsTest" time="0.002">
    <skipped/>
  </testcase> <!-- overAllAcademicsTest -->
  <testcase classname="com.ugapp.testcases.TC_12_MyHighSchoolGradesTest" name="overAllAcademicsTest" time="0.001">
    <skipped/>
  </testcase> <!-- overAllAcademicsTest -->
  <testcase classname="com.ugapp.testcases.TC_12_MyHighSchoolGradesTest" name="overAllAcademicsTest" time="0.001">
    <skipped/>
  </testcase> <!-- overAllAcademicsTest -->
  <testcase classname="com.ugapp.testcases.TC_12_MyHighSchoolGradesTest" name="overAllAcademicsTest" time="0.000">
    <skipped/>
  </testcase> <!-- overAllAcademicsTest -->
  <testcase classname="com.ugapp.testcases.TC_12_MyHighSchoolGradesTest" name="overAllAcademicsTest" time="0.000">
    <skipped/>
  </testcase> <!-- overAllAcademicsTest -->
  <testcase classname="com.ugapp.testcases.TC_12_MyHighSchoolGradesTest" name="overAllAcademicsTest" time="0.000">
    <skipped/>
  </testcase> <!-- overAllAcademicsTest -->
  <testcase classname="com.ugapp.testcases.TC_12_MyHighSchoolGradesTest" name="overAllAcademicsTest" time="0.000">
    <skipped/>
  </testcase> <!-- overAllAcademicsTest -->
  <testcase classname="com.ugapp.testcases.TC_12_MyHighSchoolGradesTest" name="overAllAcademicsTest" time="0.000">
    <skipped/>
  </testcase> <!-- overAllAcademicsTest -->
  <testcase classname="com.ugapp.testcases.TC_12_MyHighSchoolGradesTest" name="overAllAcademicsTest" time="0.001">
    <skipped/>
  </testcase> <!-- overAllAcademicsTest -->
  <testcase classname="com.ugapp.testcases.TC_12_MyHighSchoolGradesTest" name="overAllAcademicsTest" time="0.002">
    <skipped/>
  </testcase> <!-- overAllAcademicsTest -->
  <testcase classname="com.ugapp.testcases.TC_12_MyHighSchoolGradesTest" name="overAllAcademicsTest" time="0.000">
    <skipped/>
  </testcase> <!-- overAllAcademicsTest -->
  <testcase classname="com.ugapp.testcases.TC_12_MyHighSchoolGradesTest" name="overAllAcademicsTest" time="0.000">
    <skipped/>
  </testcase> <!-- overAllAcademicsTest -->
  <testcase classname="com.ugapp.testcases.TC_12_MyHighSchoolGradesTest" name="overAllAcademicsTest" time="0.000">
    <skipped/>
  </testcase> <!-- overAllAcademicsTest -->
  <testcase classname="com.ugapp.testcases.TC_12_MyHighSchoolGradesTest" name="overAllAcademicsTest" time="0.001">
    <skipped/>
  </testcase> <!-- overAllAcademicsTest -->
  <testcase classname="com.ugapp.testcases.TC_12_MyHighSchoolGradesTest" name="overAllAcademicsTest" time="0.001">
    <skipped/>
  </testcase> <!-- overAllAcademicsTest -->
  <testcase classname="com.ugapp.testcases.TC_12_MyHighSchoolGradesTest" name="overAllAcademicsTest" time="0.009">
    <skipped/>
  </testcase> <!-- overAllAcademicsTest -->
  <testcase classname="com.ugapp.testcases.TC_12_MyHighSchoolGradesTest" name="overAllAcademicsTest" time="0.001">
    <skipped/>
  </testcase> <!-- overAllAcademicsTest -->
  <testcase classname="com.ugapp.testcases.TC_12_MyHighSchoolGradesTest" name="overAllAcademicsTest" time="0.000">
    <skipped/>
  </testcase> <!-- overAllAcademicsTest -->
  <testcase classname="com.ugapp.testcases.TC_12_MyHighSchoolGradesTest" name="overAllAcademicsTest" time="0.001">
    <skipped/>
  </testcase> <!-- overAllAcademicsTest -->
  <testcase classname="com.ugapp.testcases.TC_12_MyHighSchoolGradesTest" name="overAllAcademicsTest" time="0.001">
    <skipped/>
  </testcase> <!-- overAllAcademicsTest -->
  <testcase classname="com.ugapp.testcases.TC_12_MyHighSchoolGradesTest" name="overAllAcademicsTest" time="0.001">
    <skipped/>
  </testcase> <!-- overAllAcademicsTest -->
  <testcase classname="com.ugapp.testcases.TC_12_MyHighSchoolGradesTest" name="overAllAcademicsTest" time="0.000">
    <skipped/>
  </testcase> <!-- overAllAcademicsTest -->
  <testcase classname="com.ugapp.testcases.TC_12_MyHighSchoolGradesTest" name="overAllAcademicsTest" time="0.000">
    <skipped/>
  </testcase> <!-- overAllAcademicsTest -->
  <testcase classname="com.ugapp.testcases.TC_12_MyHighSchoolGradesTest" name="overAllAcademicsTest" time="0.001">
    <skipped/>
  </testcase> <!-- overAllAcademicsTest -->
  <testcase classname="com.ugapp.testcases.TC_12_MyHighSchoolGradesTest" name="overAllAcademicsTest" time="0.001">
    <skipped/>
  </testcase> <!-- overAllAcademicsTest -->
  <testcase classname="com.ugapp.testcases.TC_12_MyHighSchoolGradesTest" name="gpaScaleGradingSystem" time="0.021">
    <error message="Cannot find elements when the XPath is null." type="java.lang.IllegalArgumentException">
      <![CDATA[java.lang.IllegalArgumentException: Cannot find elements when the XPath is null.
	at org.openqa.selenium.internal.Require$ArgumentChecker.nonNull(Require.java:207)
	at org.openqa.selenium.By$ByXPath.<init>(By.java:285)
	at org.openqa.selenium.By.xpath(By.java:88)
	at com.ugapp.base.Page.findElement(Page.java:169)
	at com.ugapp.pages.MyHighSchoolGradesPage.gpaScaleDropdown(MyHighSchoolGradesPage.java:351)
	at com.ugapp.testcases.TC_12_MyHighSchoolGradesTest.gpaScaleGradingSystem(TC_12_MyHighSchoolGradesTest.java:70)
	at java.base/jdk.internal.reflect.DirectMethodHandleAccessor.invoke(DirectMethodHandleAccessor.java:104)
	at java.base/java.lang.reflect.Method.invoke(Method.java:578)
	at org.testng.internal.MethodInvocationHelper.invokeMethod(MethodInvocationHelper.java:108)
	at org.testng.internal.Invoker.invokeMethod(Invoker.java:661)
	at org.testng.internal.Invoker.invokeTestMethod(Invoker.java:869)
	at org.testng.internal.Invoker.invokeTestMethods(Invoker.java:1193)
	at org.testng.internal.TestMethodWorker.invokeTestMethods(TestMethodWorker.java:126)
	at org.testng.internal.TestMethodWorker.run(TestMethodWorker.java:109)
	at org.testng.TestRunner.privateRun(TestRunner.java:744)
	at org.testng.TestRunner.run(TestRunner.java:602)
	at org.testng.SuiteRunner.runTest(SuiteRunner.java:380)
	at org.testng.SuiteRunner.runSequentially(SuiteRunner.java:375)
	at org.testng.SuiteRunner.privateRun(SuiteRunner.java:340)
	at org.testng.SuiteRunner.run(SuiteRunner.java:289)
	at org.testng.SuiteRunnerWorker.runSuite(SuiteRunnerWorker.java:52)
	at org.testng.SuiteRunnerWorker.run(SuiteRunnerWorker.java:86)
	at org.testng.TestNG.runSuitesSequentially(TestNG.java:1301)
	at org.testng.TestNG.runSuitesSequentially(TestNG.java:1297)
	at org.testng.TestNG.runSuitesLocally(TestNG.java:1226)
	at org.testng.TestNG.runSuites(TestNG.java:1144)
	at org.testng.TestNG.run(TestNG.java:1115)
	at org.testng.remote.AbstractRemoteTestNG.run(AbstractRemoteTestNG.java:115)
	at org.testng.remote.RemoteTestNG.initAndRun(RemoteTestNG.java:251)
	at org.testng.remote.RemoteTestNG.main(RemoteTestNG.java:77)
]]>
    </error>
  </testcase> <!-- gpaScaleGradingSystem -->
  <testcase classname="com.ugapp.testcases.TC_12_MyHighSchoolGradesTest" name="addCourse" time="0.008">
    <error message="Cannot invoke &quot;org.openqa.selenium.WebDriver.findElement(org.openqa.selenium.By)&quot; because &quot;com.ugapp.pages.MyHighSchoolGradesPage.driver&quot; is null" type="java.lang.NullPointerException">
      <![CDATA[java.lang.NullPointerException: Cannot invoke "org.openqa.selenium.WebDriver.findElement(org.openqa.selenium.By)" because "com.ugapp.pages.MyHighSchoolGradesPage.driver" is null
	at com.ugapp.pages.MyHighSchoolGradesPage.subjectTabs(MyHighSchoolGradesPage.java:463)
	at com.ugapp.testcases.TC_12_MyHighSchoolGradesTest.addCourse(TC_12_MyHighSchoolGradesTest.java:83)
	at java.base/jdk.internal.reflect.DirectMethodHandleAccessor.invoke(DirectMethodHandleAccessor.java:104)
	at java.base/java.lang.reflect.Method.invoke(Method.java:578)
	at org.testng.internal.MethodInvocationHelper.invokeMethod(MethodInvocationHelper.java:108)
	at org.testng.internal.Invoker.invokeMethod(Invoker.java:661)
	at org.testng.internal.Invoker.invokeTestMethod(Invoker.java:869)
	at org.testng.internal.Invoker.invokeTestMethods(Invoker.java:1193)
	at org.testng.internal.TestMethodWorker.invokeTestMethods(TestMethodWorker.java:126)
	at org.testng.internal.TestMethodWorker.run(TestMethodWorker.java:109)
	at org.testng.TestRunner.privateRun(TestRunner.java:744)
	at org.testng.TestRunner.run(TestRunner.java:602)
	at org.testng.SuiteRunner.runTest(SuiteRunner.java:380)
	at org.testng.SuiteRunner.runSequentially(SuiteRunner.java:375)
	at org.testng.SuiteRunner.privateRun(SuiteRunner.java:340)
	at org.testng.SuiteRunner.run(SuiteRunner.java:289)
	at org.testng.SuiteRunnerWorker.runSuite(SuiteRunnerWorker.java:52)
	at org.testng.SuiteRunnerWorker.run(SuiteRunnerWorker.java:86)
	at org.testng.TestNG.runSuitesSequentially(TestNG.java:1301)
	at org.testng.TestNG.runSuitesSequentially(TestNG.java:1297)
	at org.testng.TestNG.runSuitesLocally(TestNG.java:1226)
	at org.testng.TestNG.runSuites(TestNG.java:1144)
	at org.testng.TestNG.run(TestNG.java:1115)
	at org.testng.remote.AbstractRemoteTestNG.run(AbstractRemoteTestNG.java:115)
	at org.testng.remote.RemoteTestNG.initAndRun(RemoteTestNG.java:251)
	at org.testng.remote.RemoteTestNG.main(RemoteTestNG.java:77)
]]>
    </error>
  </testcase> <!-- addCourse -->
  <testcase classname="com.ugapp.testcases.TC_12_MyHighSchoolGradesTest" name="SaveThePageTest" time="1.013">
    <error message="Cannot invoke &quot;org.openqa.selenium.WebDriver.findElement(org.openqa.selenium.By)&quot; because &quot;com.ugapp.pages.MyHighSchoolGradesPage.driver&quot; is null" type="java.lang.NullPointerException">
      <![CDATA[java.lang.NullPointerException: Cannot invoke "org.openqa.selenium.WebDriver.findElement(org.openqa.selenium.By)" because "com.ugapp.pages.MyHighSchoolGradesPage.driver" is null
	at com.ugapp.pages.MyHighSchoolGradesPage.SaveThePage(MyHighSchoolGradesPage.java:905)
	at com.ugapp.testcases.TC_12_MyHighSchoolGradesTest.SaveThePageTest(TC_12_MyHighSchoolGradesTest.java:104)
	at java.base/jdk.internal.reflect.DirectMethodHandleAccessor.invoke(DirectMethodHandleAccessor.java:104)
	at java.base/java.lang.reflect.Method.invoke(Method.java:578)
	at org.testng.internal.MethodInvocationHelper.invokeMethod(MethodInvocationHelper.java:108)
	at org.testng.internal.Invoker.invokeMethod(Invoker.java:661)
	at org.testng.internal.Invoker.invokeTestMethod(Invoker.java:869)
	at org.testng.internal.Invoker.invokeTestMethods(Invoker.java:1193)
	at org.testng.internal.TestMethodWorker.invokeTestMethods(TestMethodWorker.java:126)
	at org.testng.internal.TestMethodWorker.run(TestMethodWorker.java:109)
	at org.testng.TestRunner.privateRun(TestRunner.java:744)
	at org.testng.TestRunner.run(TestRunner.java:602)
	at org.testng.SuiteRunner.runTest(SuiteRunner.java:380)
	at org.testng.SuiteRunner.runSequentially(SuiteRunner.java:375)
	at org.testng.SuiteRunner.privateRun(SuiteRunner.java:340)
	at org.testng.SuiteRunner.run(SuiteRunner.java:289)
	at org.testng.SuiteRunnerWorker.runSuite(SuiteRunnerWorker.java:52)
	at org.testng.SuiteRunnerWorker.run(SuiteRunnerWorker.java:86)
	at org.testng.TestNG.runSuitesSequentially(TestNG.java:1301)
	at org.testng.TestNG.runSuitesSequentially(TestNG.java:1297)
	at org.testng.TestNG.runSuitesLocally(TestNG.java:1226)
	at org.testng.TestNG.runSuites(TestNG.java:1144)
	at org.testng.TestNG.run(TestNG.java:1115)
	at org.testng.remote.AbstractRemoteTestNG.run(AbstractRemoteTestNG.java:115)
	at org.testng.remote.RemoteTestNG.initAndRun(RemoteTestNG.java:251)
	at org.testng.remote.RemoteTestNG.main(RemoteTestNG.java:77)
]]>
    </error>
  </testcase> <!-- SaveThePageTest -->
</testsuite> <!-- com.ugapp.testcases.TC_12_MyHighSchoolGradesTest -->
