<?xml version="1.0" encoding="UTF-8"?>
<!-- Generated by org.testng.reporters.JUnitXMLReporter -->
<testsuite ignored="10" hostname="DESKTOP-4IOJORV" failures="0" tests="5" name="Review page Test" time="52.202" errors="0" timestamp="2024-11-05T16:40:23 IST">
  <testcase classname="com.ugapp.testcases.TC_15_ReviewTest" name="review" time="4.586"/>
  <testcase classname="com.ugapp.testcases.TC_15_ReviewTest" name="writeReview" time="20.632"/>
  <testcase classname="com.ugapp.testcases.TC_15_ReviewTest" name="CompareValidWithReview" time="0.121"/>
  <testcase classname="com.ugapp.testcases.TC_15_ReviewTest" name="AcknowledgementTest" time="3.167"/>
  <testcase classname="com.ugapp.testcases.TC_15_ReviewTest" name="RandomPaymentMtd_Waiver_ABORTest" time="23.551"/>
  <testcase classname="com.ugapp.testcases.TC_15_ReviewTest" name="ApplicationFee_PayLaterTest" time="0.0">
    <ignored/>
  </testcase> <!-- ApplicationFee_PayLaterTest -->
  <testcase classname="com.ugapp.testcases.TC_15_ReviewTest" name="ABOR_RandomChoiceTest" time="0.0">
    <ignored/>
  </testcase> <!-- ABOR_RandomChoiceTest -->
  <testcase classname="com.ugapp.testcases.TC_15_ReviewTest" name="edit" time="0.0">
    <ignored/>
  </testcase> <!-- edit -->
  <testcase classname="com.ugapp.testcases.TC_15_ReviewTest" name="ApplicationFee_VisaTest" time="0.0">
    <ignored/>
  </testcase> <!-- ApplicationFee_VisaTest -->
  <testcase classname="com.ugapp.testcases.TC_15_ReviewTest" name="ApplicationAffidavitTest" time="0.0">
    <ignored/>
  </testcase> <!-- ApplicationAffidavitTest -->
  <testcase classname="com.ugapp.testcases.TC_15_ReviewTest" name="DupAppReviewCheckTest" time="0.0">
    <ignored/>
  </testcase> <!-- DupAppReviewCheckTest -->
  <testcase classname="com.ugapp.testcases.TC_15_ReviewTest" name="QTRcheckTest" time="0.0">
    <ignored/>
  </testcase> <!-- QTRcheckTest -->
  <testcase classname="com.ugapp.testcases.TC_15_ReviewTest" name="ApplicationFee_WaiverTest" time="0.0">
    <ignored/>
  </testcase> <!-- ApplicationFee_WaiverTest -->
  <testcase classname="com.ugapp.testcases.TC_15_ReviewTest" name="ApplicationFee_DiscoverTest" time="0.0">
    <ignored/>
  </testcase> <!-- ApplicationFee_DiscoverTest -->
  <testcase classname="com.ugapp.testcases.TC_15_ReviewTest" name="ApplicationFee_MasterCardTest" time="0.0">
    <ignored/>
  </testcase> <!-- ApplicationFee_MasterCardTest -->
</testsuite> <!-- Review page Test -->
